Clock: clk
Sources: clk 
Generated: no
Virtual: yes
Propagated: no
Period: 20.000000

===========================================================================
report_clock_properties
============================================================================
Clock                   Period          Waveform
----------------------------------------------------
clk                  20.000000    0.000000 10.000000

===========================================================================
report_clock_latency
============================================================================
Clock clk
rise -> rise
    min     max
0.000000 0.000000 source latency
0.275353         network latency _314_/CLK
        1.167030 network latency _304_/CLK
---------------
0.275353 1.167030 latency
        0.891677 skew

rise -> fall
    min     max
0.000000 0.000000 source latency
0.771518         network latency _293_/CLK
        1.236180 network latency _295_/CLK
---------------
0.771518 1.236180 latency
        0.464662 skew

fall -> fall
    min     max
0.000000 0.000000 source latency
0.280718         network latency _314_/CLK
        0.283824 network latency _272_/CLK
---------------
0.280718 0.283824 latency
        0.003106 skew



===========================================================================
report_clock_min_period
============================================================================
clk period_min = 2.36 fmax = 423.03
