
===========================================================================
report_checks -path_delay max (Setup)
============================================================================
======================= nom_tt_025C_1v80 Corner ===================================

Startpoint: rst (input port clocked by clk)
Endpoint: ready (output port clocked by clk)
Path Group: clk
Path Type: max

Fanout         Cap        Slew       Delay        Time   Description
---------------------------------------------------------------------------------------------
                                  0.000000    0.000000   clock clk (rise edge)
                                  0.000000    0.000000   clock network delay (propagated)
                                  4.000000    4.000000 ^ input external delay
     1    0.003436    0.022489    0.012557    4.012557 ^ rst (in)
                                                         rst (net)
                      0.022489    0.000000    4.012557 ^ input17/A (sky130_fd_sc_hd__buf_1)
     2    0.011254    0.138910    0.139569    4.152126 ^ input17/X (sky130_fd_sc_hd__buf_1)
                                                         net17 (net)
                      0.138911    0.000331    4.152457 ^ fanout40/A (sky130_fd_sc_hd__clkbuf_4)
    10    0.047589    0.149928    0.246548    4.399005 ^ fanout40/X (sky130_fd_sc_hd__clkbuf_4)
                                                         net40 (net)
                      0.149928    0.000565    4.399570 ^ _186_/A (sky130_fd_sc_hd__nor2_1)
     1    0.002043    0.040403    0.061480    4.461050 v _186_/Y (sky130_fd_sc_hd__nor2_1)
                                                         net27 (net)
                      0.040403    0.000043    4.461092 v output27/A (sky130_fd_sc_hd__buf_2)
     1    0.034647    0.090476    0.178618    4.639710 v output27/X (sky130_fd_sc_hd__buf_2)
                                                         ready (net)
                      0.090485    0.000920    4.640630 v ready (out)
                                              4.640630   data arrival time

                                 20.000000   20.000000   clock clk (rise edge)
                                  0.000000   20.000000   clock network delay (propagated)
                                 -0.250000   19.750002   clock uncertainty
                                  0.000000   19.750002   clock reconvergence pessimism
                                 -4.000000   15.750001   output external delay
                                             15.750001   data required time
---------------------------------------------------------------------------------------------
                                             15.750001   data required time
                                             -4.640630   data arrival time
---------------------------------------------------------------------------------------------
                                             11.109371   slack (MET)


Startpoint: _272_ (rising edge-triggered flip-flop clocked by clk)
Endpoint: i2c_scl (output port clocked by clk)
Path Group: clk
Path Type: max

Fanout         Cap        Slew       Delay        Time   Description
---------------------------------------------------------------------------------------------
                                  0.000000    0.000000   clock clk (rise edge)
                                  0.000000    0.000000   clock source latency
     1    0.011086    0.056310    0.037711    0.037711 ^ clk (in)
                                                         clk (net)
                      0.056318    0.000000    0.037711 ^ clkbuf_0_clk/A (sky130_fd_sc_hd__clkbuf_16)
     2    0.018355    0.040448    0.127862    0.165572 ^ clkbuf_0_clk/X (sky130_fd_sc_hd__clkbuf_16)
                                                         clknet_0_clk (net)
                      0.040449    0.000478    0.166050 ^ clkbuf_1_1__f_clk/A (sky130_fd_sc_hd__clkbuf_16)
     3    0.008476    0.032024    0.112736    0.278786 ^ clkbuf_1_1__f_clk/X (sky130_fd_sc_hd__clkbuf_16)
                                                         clknet_1_1__leaf_clk (net)
                      0.032024    0.000172    0.278958 ^ _272_/CLK (sky130_fd_sc_hd__dfstp_1)
     1    0.002912    0.045643    0.488149    0.767107 ^ _272_/Q (sky130_fd_sc_hd__dfstp_1)
                                                         i2c_clk (net)
                      0.045643    0.000065    0.767172 ^ fanout38/A (sky130_fd_sc_hd__clkbuf_2)
     7    0.024671    0.139072    0.171665    0.938837 ^ fanout38/X (sky130_fd_sc_hd__clkbuf_2)
                                                         net38 (net)
                      0.139080    0.000824    0.939661 ^ fanout34/A (sky130_fd_sc_hd__buf_2)
    10    0.032801    0.163857    0.225957    1.165618 ^ fanout34/X (sky130_fd_sc_hd__buf_2)
                                                         net34 (net)
                      0.163859    0.000936    1.166555 ^ _138_/A (sky130_fd_sc_hd__inv_2)
     2    0.011007    0.053131    0.069473    1.236028 v _138_/Y (sky130_fd_sc_hd__inv_2)
                                                         _025_ (net)
                      0.053131    0.000230    1.236258 v _187_/A (sky130_fd_sc_hd__nand2_4)
     1    0.035116    0.117129    0.112467    1.348724 ^ _187_/Y (sky130_fd_sc_hd__nand2_4)
                                                         i2c_scl (net)
     0    0.035116    0.117146    0.001130    1.349854 ^ i2c_scl (inout)
                                                         i2c_scl (net)
                                              1.349854   data arrival time

                                 20.000000   20.000000   clock clk (rise edge)
                                  0.000000   20.000000   clock network delay (propagated)
                                 -0.250000   19.750002   clock uncertainty
                                  0.000000   19.750002   clock reconvergence pessimism
                                 -4.000000   15.750001   output external delay
                                             15.750001   data required time
---------------------------------------------------------------------------------------------
                                             15.750001   data required time
                                             -1.349854   data arrival time
---------------------------------------------------------------------------------------------
                                             14.400146   slack (MET)


Startpoint: rst (input port clocked by clk)
Endpoint: _272_ (recovery check against rising-edge clock clk)
Path Group: asynchronous
Path Type: max

Fanout         Cap        Slew       Delay        Time   Description
---------------------------------------------------------------------------------------------
                                  0.000000    0.000000   clock clk (rise edge)
                                  0.000000    0.000000   clock network delay (propagated)
                                  4.000000    4.000000 v input external delay
     1    0.003260    0.009702    0.005221    4.005221 v rst (in)
                                                         rst (net)
                      0.009702    0.000000    4.005221 v input17/A (sky130_fd_sc_hd__buf_1)
     2    0.010644    0.068064    0.107855    4.113076 v input17/X (sky130_fd_sc_hd__buf_1)
                                                         net17 (net)
                      0.068065    0.000311    4.113387 v fanout40/A (sky130_fd_sc_hd__clkbuf_4)
    10    0.044498    0.098043    0.208234    4.321620 v fanout40/X (sky130_fd_sc_hd__clkbuf_4)
                                                         net40 (net)
                      0.098066    0.001450    4.323071 v _256_/A (sky130_fd_sc_hd__inv_2)
     1    0.004220    0.038210    0.065226    4.388296 ^ _256_/Y (sky130_fd_sc_hd__inv_2)
                                                         _013_ (net)
                      0.038210    0.000107    4.388403 ^ _272_/SET_B (sky130_fd_sc_hd__dfstp_1)
                                              4.388403   data arrival time

                                 20.000000   20.000000   clock clk (rise edge)
                                  0.000000   20.000000   clock source latency
     1    0.011086    0.056310    0.037710   20.037710 ^ clk (in)
                                                         clk (net)
                      0.056318    0.000000   20.037710 ^ clkbuf_0_clk/A (sky130_fd_sc_hd__clkbuf_16)
     2    0.018355    0.040448    0.127862   20.165573 ^ clkbuf_0_clk/X (sky130_fd_sc_hd__clkbuf_16)
                                                         clknet_0_clk (net)
                      0.040449    0.000478   20.166050 ^ clkbuf_1_1__f_clk/A (sky130_fd_sc_hd__clkbuf_16)
     3    0.008476    0.032024    0.112736   20.278788 ^ clkbuf_1_1__f_clk/X (sky130_fd_sc_hd__clkbuf_16)
                                                         clknet_1_1__leaf_clk (net)
                      0.032024    0.000172   20.278959 ^ _272_/CLK (sky130_fd_sc_hd__dfstp_1)
                                 -0.250000   20.028961   clock uncertainty
                                  0.000000   20.028961   clock reconvergence pessimism
                                  0.134517   20.163477   library recovery time
                                             20.163477   data required time
---------------------------------------------------------------------------------------------
                                             20.163477   data required time
                                             -4.388403   data arrival time
---------------------------------------------------------------------------------------------
                                             15.775074   slack (MET)


Startpoint: rst (input port clocked by clk)
Endpoint: _316_ (recovery check against rising-edge clock clk)
Path Group: asynchronous
Path Type: max

Fanout         Cap        Slew       Delay        Time   Description
---------------------------------------------------------------------------------------------
                                  0.000000    0.000000   clock clk (rise edge)
                                  0.000000    0.000000   clock network delay (propagated)
                                  4.000000    4.000000 v input external delay
     1    0.003260    0.009702    0.005221    4.005221 v rst (in)
                                                         rst (net)
                      0.009702    0.000000    4.005221 v input17/A (sky130_fd_sc_hd__buf_1)
     2    0.010644    0.068064    0.107855    4.113076 v input17/X (sky130_fd_sc_hd__buf_1)
                                                         net17 (net)
                      0.068065    0.000311    4.113387 v fanout40/A (sky130_fd_sc_hd__clkbuf_4)
    10    0.044498    0.098043    0.208234    4.321620 v fanout40/X (sky130_fd_sc_hd__clkbuf_4)
                                                         net40 (net)
                      0.098061    0.001280    4.322900 v _271_/A (sky130_fd_sc_hd__inv_2)
     1    0.005273    0.041685    0.069201    4.392101 ^ _271_/Y (sky130_fd_sc_hd__inv_2)
                                                         _032_ (net)
                      0.041686    0.000169    4.392270 ^ _316_/RESET_B (sky130_fd_sc_hd__dfrtp_1)
                                              4.392270   data arrival time

                                 20.000000   20.000000   clock clk (rise edge)
                                  0.000000   20.000000   clock source latency
     1    0.011086    0.056310    0.037710   20.037710 ^ clk (in)
                                                         clk (net)
                      0.056318    0.000000   20.037710 ^ clkbuf_0_clk/A (sky130_fd_sc_hd__clkbuf_16)
     2    0.018355    0.040448    0.127862   20.165573 ^ clkbuf_0_clk/X (sky130_fd_sc_hd__clkbuf_16)
                                                         clknet_0_clk (net)
                      0.040450    0.000545   20.166119 ^ clkbuf_1_0__f_clk/A (sky130_fd_sc_hd__clkbuf_16)
     2    0.005229    0.028975    0.109143   20.275261 ^ clkbuf_1_0__f_clk/X (sky130_fd_sc_hd__clkbuf_16)
                                                         clknet_1_0__leaf_clk (net)
                      0.028976    0.000131   20.275393 ^ _316_/CLK (sky130_fd_sc_hd__dfrtp_1)
                                 -0.250000   20.025393   clock uncertainty
                                  0.000000   20.025393   clock reconvergence pessimism
                                  0.226280   20.251673   library recovery time
                                             20.251673   data required time
---------------------------------------------------------------------------------------------
                                             20.251673   data required time
                                             -4.392270   data arrival time
---------------------------------------------------------------------------------------------
                                             15.859403   slack (MET)


Startpoint: rst (input port clocked by clk)
Endpoint: _314_ (recovery check against rising-edge clock clk)
Path Group: asynchronous
Path Type: max

Fanout         Cap        Slew       Delay        Time   Description
---------------------------------------------------------------------------------------------
                                  0.000000    0.000000   clock clk (rise edge)
                                  0.000000    0.000000   clock network delay (propagated)
                                  4.000000    4.000000 v input external delay
     1    0.003260    0.009702    0.005221    4.005221 v rst (in)
                                                         rst (net)
                      0.009702    0.000000    4.005221 v input17/A (sky130_fd_sc_hd__buf_1)
     2    0.010644    0.068064    0.107855    4.113076 v input17/X (sky130_fd_sc_hd__buf_1)
                                                         net17 (net)
                      0.068065    0.000311    4.113387 v fanout40/A (sky130_fd_sc_hd__clkbuf_4)
    10    0.044498    0.098043    0.208234    4.321620 v fanout40/X (sky130_fd_sc_hd__clkbuf_4)
                                                         net40 (net)
                      0.098063    0.001347    4.322968 v _269_/A (sky130_fd_sc_hd__inv_2)
     1    0.004649    0.039704    0.066988    4.389956 ^ _269_/Y (sky130_fd_sc_hd__inv_2)
                                                         _030_ (net)
                      0.039704    0.000125    4.390081 ^ _314_/RESET_B (sky130_fd_sc_hd__dfrtp_1)
                                              4.390081   data arrival time

                                 20.000000   20.000000   clock clk (rise edge)
                                  0.000000   20.000000   clock source latency
     1    0.011086    0.056310    0.037710   20.037710 ^ clk (in)
                                                         clk (net)
                      0.056318    0.000000   20.037710 ^ clkbuf_0_clk/A (sky130_fd_sc_hd__clkbuf_16)
     2    0.018355    0.040448    0.127862   20.165573 ^ clkbuf_0_clk/X (sky130_fd_sc_hd__clkbuf_16)
                                                         clknet_0_clk (net)
                      0.040450    0.000545   20.166119 ^ clkbuf_1_0__f_clk/A (sky130_fd_sc_hd__clkbuf_16)
     2    0.005229    0.028975    0.109143   20.275261 ^ clkbuf_1_0__f_clk/X (sky130_fd_sc_hd__clkbuf_16)
                                                         clknet_1_0__leaf_clk (net)
                      0.028976    0.000092   20.275354 ^ _314_/CLK (sky130_fd_sc_hd__dfrtp_1)
                                 -0.250000   20.025354   clock uncertainty
                                  0.000000   20.025354   clock reconvergence pessimism
                                  0.226794   20.252150   library recovery time
                                             20.252150   data required time
---------------------------------------------------------------------------------------------
                                             20.252150   data required time
                                             -4.390081   data arrival time
---------------------------------------------------------------------------------------------
                                             15.862067   slack (MET)


Startpoint: rst (input port clocked by clk)
Endpoint: _315_ (recovery check against rising-edge clock clk)
Path Group: asynchronous
Path Type: max

Fanout         Cap        Slew       Delay        Time   Description
---------------------------------------------------------------------------------------------
                                  0.000000    0.000000   clock clk (rise edge)
                                  0.000000    0.000000   clock network delay (propagated)
                                  4.000000    4.000000 v input external delay
     1    0.003260    0.009702    0.005221    4.005221 v rst (in)
                                                         rst (net)
                      0.009702    0.000000    4.005221 v input17/A (sky130_fd_sc_hd__buf_1)
     2    0.010644    0.068064    0.107855    4.113076 v input17/X (sky130_fd_sc_hd__buf_1)
                                                         net17 (net)
                      0.068065    0.000311    4.113387 v fanout40/A (sky130_fd_sc_hd__clkbuf_4)
    10    0.044498    0.098043    0.208234    4.321620 v fanout40/X (sky130_fd_sc_hd__clkbuf_4)
                                                         net40 (net)
                      0.098065    0.001422    4.323043 v _270_/A (sky130_fd_sc_hd__inv_2)
     1    0.005003    0.040829    0.068245    4.391287 ^ _270_/Y (sky130_fd_sc_hd__inv_2)
                                                         _031_ (net)
                      0.040829    0.000151    4.391438 ^ _315_/RESET_B (sky130_fd_sc_hd__dfrtp_1)
                                              4.391438   data arrival time

                                 20.000000   20.000000   clock clk (rise edge)
                                  0.000000   20.000000   clock source latency
     1    0.011086    0.056310    0.037710   20.037710 ^ clk (in)
                                                         clk (net)
                      0.056318    0.000000   20.037710 ^ clkbuf_0_clk/A (sky130_fd_sc_hd__clkbuf_16)
     2    0.018355    0.040448    0.127862   20.165573 ^ clkbuf_0_clk/X (sky130_fd_sc_hd__clkbuf_16)
                                                         clknet_0_clk (net)
                      0.040449    0.000478   20.166050 ^ clkbuf_1_1__f_clk/A (sky130_fd_sc_hd__clkbuf_16)
     3    0.008476    0.032024    0.112736   20.278788 ^ clkbuf_1_1__f_clk/X (sky130_fd_sc_hd__clkbuf_16)
                                                         clknet_1_1__leaf_clk (net)
                      0.032024    0.000169   20.278955 ^ _315_/CLK (sky130_fd_sc_hd__dfrtp_1)
                                 -0.250000   20.028957   clock uncertainty
                                  0.000000   20.028957   clock reconvergence pessimism
                                  0.227436   20.256393   library recovery time
                                             20.256393   data required time
---------------------------------------------------------------------------------------------
                                             20.256393   data required time
                                             -4.391438   data arrival time
---------------------------------------------------------------------------------------------
                                             15.864954   slack (MET)


Startpoint: _314_ (rising edge-triggered flip-flop clocked by clk)
Endpoint: _272_ (rising edge-triggered flip-flop clocked by clk)
Path Group: clk
Path Type: max

Fanout         Cap        Slew       Delay        Time   Description
---------------------------------------------------------------------------------------------
                                  0.000000    0.000000   clock clk (rise edge)
                                  0.000000    0.000000   clock source latency
     1    0.011086    0.056310    0.037711    0.037711 ^ clk (in)
                                                         clk (net)
                      0.056318    0.000000    0.037711 ^ clkbuf_0_clk/A (sky130_fd_sc_hd__clkbuf_16)
     2    0.018355    0.040448    0.127862    0.165572 ^ clkbuf_0_clk/X (sky130_fd_sc_hd__clkbuf_16)
                                                         clknet_0_clk (net)
                      0.040450    0.000546    0.166118 ^ clkbuf_1_0__f_clk/A (sky130_fd_sc_hd__clkbuf_16)
     2    0.005229    0.028975    0.109143    0.275261 ^ clkbuf_1_0__f_clk/X (sky130_fd_sc_hd__clkbuf_16)
                                                         clknet_1_0__leaf_clk (net)
                      0.028976    0.000092    0.275353 ^ _314_/CLK (sky130_fd_sc_hd__dfrtp_1)
     3    0.007697    0.082906    0.342044    0.617397 ^ _314_/Q (sky130_fd_sc_hd__dfrtp_1)
                                                         clk_counter[0] (net)
                      0.082906    0.000112    0.617508 ^ hold1/A (sky130_fd_sc_hd__dlygate4sd3_1)
     1    0.006620    0.086284    0.576372    1.193880 ^ hold1/X (sky130_fd_sc_hd__dlygate4sd3_1)
                                                         net41 (net)
                      0.086284    0.000279    1.194159 ^ _142_/A (sky130_fd_sc_hd__inv_2)
     3    0.009143    0.033901    0.049220    1.243379 v _142_/Y (sky130_fd_sc_hd__inv_2)
                                                         _000_ (net)
                      0.033904    0.000304    1.243683 v _174_/A (sky130_fd_sc_hd__or3_1)
     1    0.001987    0.059434    0.349488    1.593171 v _174_/X (sky130_fd_sc_hd__or3_1)
                                                         _097_ (net)
                      0.059434    0.000041    1.593212 v hold4/A (sky130_fd_sc_hd__dlygate4sd3_1)
     1    0.005805    0.067626    0.575264    2.168476 v hold4/X (sky130_fd_sc_hd__dlygate4sd3_1)
                                                         net44 (net)
                      0.067626    0.000168    2.168644 v _175_/B (sky130_fd_sc_hd__xnor2_1)
     1    0.003713    0.132999    0.148688    2.317332 ^ _175_/Y (sky130_fd_sc_hd__xnor2_1)
                                                         _033_ (net)
                      0.132999    0.000126    2.317459 ^ _272_/D (sky130_fd_sc_hd__dfstp_1)
                                              2.317459   data arrival time

                                 20.000000   20.000000   clock clk (rise edge)
                                  0.000000   20.000000   clock source latency
     1    0.011086    0.056310    0.037710   20.037710 ^ clk (in)
                                                         clk (net)
                      0.056318    0.000000   20.037710 ^ clkbuf_0_clk/A (sky130_fd_sc_hd__clkbuf_16)
     2    0.018355    0.040448    0.127862   20.165573 ^ clkbuf_0_clk/X (sky130_fd_sc_hd__clkbuf_16)
                                                         clknet_0_clk (net)
                      0.040449    0.000478   20.166050 ^ clkbuf_1_1__f_clk/A (sky130_fd_sc_hd__clkbuf_16)
     3    0.008476    0.032024    0.112736   20.278788 ^ clkbuf_1_1__f_clk/X (sky130_fd_sc_hd__clkbuf_16)
                                                         clknet_1_1__leaf_clk (net)
                      0.032024    0.000172   20.278959 ^ _272_/CLK (sky130_fd_sc_hd__dfstp_1)
                                 -0.250000   20.028961   clock uncertainty
                                  0.000000   20.028961   clock reconvergence pessimism
                                 -0.075411   19.953548   library setup time
                                             19.953548   data required time
---------------------------------------------------------------------------------------------
                                             19.953548   data required time
                                             -2.317459   data arrival time
---------------------------------------------------------------------------------------------
                                             17.636091   slack (MET)


Startpoint: _314_ (rising edge-triggered flip-flop clocked by clk)
Endpoint: _315_ (rising edge-triggered flip-flop clocked by clk)
Path Group: clk
Path Type: max

Fanout         Cap        Slew       Delay        Time   Description
---------------------------------------------------------------------------------------------
                                  0.000000    0.000000   clock clk (rise edge)
                                  0.000000    0.000000   clock source latency
     1    0.011086    0.056310    0.037711    0.037711 ^ clk (in)
                                                         clk (net)
                      0.056318    0.000000    0.037711 ^ clkbuf_0_clk/A (sky130_fd_sc_hd__clkbuf_16)
     2    0.018355    0.040448    0.127862    0.165572 ^ clkbuf_0_clk/X (sky130_fd_sc_hd__clkbuf_16)
                                                         clknet_0_clk (net)
                      0.040450    0.000546    0.166118 ^ clkbuf_1_0__f_clk/A (sky130_fd_sc_hd__clkbuf_16)
     2    0.005229    0.028975    0.109143    0.275261 ^ clkbuf_1_0__f_clk/X (sky130_fd_sc_hd__clkbuf_16)
                                                         clknet_1_0__leaf_clk (net)
                      0.028976    0.000092    0.275353 ^ _314_/CLK (sky130_fd_sc_hd__dfrtp_1)
     3    0.007697    0.082906    0.342044    0.617397 ^ _314_/Q (sky130_fd_sc_hd__dfrtp_1)
                                                         clk_counter[0] (net)
                      0.082906    0.000112    0.617508 ^ hold1/A (sky130_fd_sc_hd__dlygate4sd3_1)
     1    0.006620    0.086284    0.576372    1.193880 ^ hold1/X (sky130_fd_sc_hd__dlygate4sd3_1)
                                                         net41 (net)
                      0.086284    0.000279    1.194159 ^ _142_/A (sky130_fd_sc_hd__inv_2)
     3    0.009143    0.033901    0.049220    1.243379 v _142_/Y (sky130_fd_sc_hd__inv_2)
                                                         _000_ (net)
                      0.033905    0.000365    1.243744 v _190_/A1 (sky130_fd_sc_hd__o211a_1)
     1    0.003185    0.040425    0.213818    1.457562 v _190_/X (sky130_fd_sc_hd__o211a_1)
                                                         _001_ (net)
                      0.040425    0.000079    1.457641 v _315_/D (sky130_fd_sc_hd__dfrtp_1)
                                              1.457641   data arrival time

                                 20.000000   20.000000   clock clk (rise edge)
                                  0.000000   20.000000   clock source latency
     1    0.011086    0.056310    0.037710   20.037710 ^ clk (in)
                                                         clk (net)
                      0.056318    0.000000   20.037710 ^ clkbuf_0_clk/A (sky130_fd_sc_hd__clkbuf_16)
     2    0.018355    0.040448    0.127862   20.165573 ^ clkbuf_0_clk/X (sky130_fd_sc_hd__clkbuf_16)
                                                         clknet_0_clk (net)
                      0.040449    0.000478   20.166050 ^ clkbuf_1_1__f_clk/A (sky130_fd_sc_hd__clkbuf_16)
     3    0.008476    0.032024    0.112736   20.278788 ^ clkbuf_1_1__f_clk/X (sky130_fd_sc_hd__clkbuf_16)
                                                         clknet_1_1__leaf_clk (net)
                      0.032024    0.000169   20.278955 ^ _315_/CLK (sky130_fd_sc_hd__dfrtp_1)
                                 -0.250000   20.028957   clock uncertainty
                                  0.000000   20.028957   clock reconvergence pessimism
                                 -0.115245   19.913712   library setup time
                                             19.913712   data required time
---------------------------------------------------------------------------------------------
                                             19.913712   data required time
                                             -1.457641   data arrival time
---------------------------------------------------------------------------------------------
                                             18.456072   slack (MET)


Startpoint: _316_ (rising edge-triggered flip-flop clocked by clk)
Endpoint: _316_ (rising edge-triggered flip-flop clocked by clk)
Path Group: clk
Path Type: max

Fanout         Cap        Slew       Delay        Time   Description
---------------------------------------------------------------------------------------------
                                  0.000000    0.000000   clock clk (rise edge)
                                  0.000000    0.000000   clock source latency
     1    0.011086    0.056310    0.037711    0.037711 ^ clk (in)
                                                         clk (net)
                      0.056318    0.000000    0.037711 ^ clkbuf_0_clk/A (sky130_fd_sc_hd__clkbuf_16)
     2    0.018355    0.040448    0.127862    0.165572 ^ clkbuf_0_clk/X (sky130_fd_sc_hd__clkbuf_16)
                                                         clknet_0_clk (net)
                      0.040450    0.000546    0.166118 ^ clkbuf_1_0__f_clk/A (sky130_fd_sc_hd__clkbuf_16)
     2    0.005229    0.028975    0.109143    0.275261 ^ clkbuf_1_0__f_clk/X (sky130_fd_sc_hd__clkbuf_16)
                                                         clknet_1_0__leaf_clk (net)
                      0.028976    0.000132    0.275393 ^ _316_/CLK (sky130_fd_sc_hd__dfrtp_1)
     2    0.005317    0.050665    0.361418    0.636811 v _316_/Q (sky130_fd_sc_hd__dfrtp_1)
                                                         clk_counter[2] (net)
                      0.050665    0.000087    0.636898 v hold2/A (sky130_fd_sc_hd__dlygate4sd3_1)
     2    0.008898    0.081851    0.591504    1.228402 v hold2/X (sky130_fd_sc_hd__dlygate4sd3_1)
                                                         net42 (net)
                      0.081851    0.000180    1.228581 v _191_/A (sky130_fd_sc_hd__xnor2_1)
     1    0.002518    0.044439    0.133996    1.362577 v _191_/Y (sky130_fd_sc_hd__xnor2_1)
                                                         _002_ (net)
                      0.044439    0.000055    1.362632 v _316_/D (sky130_fd_sc_hd__dfrtp_1)
                                              1.362632   data arrival time

                                 20.000000   20.000000   clock clk (rise edge)
                                  0.000000   20.000000   clock source latency
     1    0.011086    0.056310    0.037710   20.037710 ^ clk (in)
                                                         clk (net)
                      0.056318    0.000000   20.037710 ^ clkbuf_0_clk/A (sky130_fd_sc_hd__clkbuf_16)
     2    0.018355    0.040448    0.127862   20.165573 ^ clkbuf_0_clk/X (sky130_fd_sc_hd__clkbuf_16)
                                                         clknet_0_clk (net)
                      0.040450    0.000545   20.166119 ^ clkbuf_1_0__f_clk/A (sky130_fd_sc_hd__clkbuf_16)
     2    0.005229    0.028975    0.109143   20.275261 ^ clkbuf_1_0__f_clk/X (sky130_fd_sc_hd__clkbuf_16)
                                                         clknet_1_0__leaf_clk (net)
                      0.028976    0.000131   20.275393 ^ _316_/CLK (sky130_fd_sc_hd__dfrtp_1)
                                 -0.250000   20.025393   clock uncertainty
                                  0.000000   20.025393   clock reconvergence pessimism
                                 -0.117695   19.907698   library setup time
                                             19.907698   data required time
---------------------------------------------------------------------------------------------
                                             19.907698   data required time
                                             -1.362632   data arrival time
---------------------------------------------------------------------------------------------
                                             18.545067   slack (MET)


Startpoint: _314_ (rising edge-triggered flip-flop clocked by clk)
Endpoint: _314_ (rising edge-triggered flip-flop clocked by clk)
Path Group: clk
Path Type: max

Fanout         Cap        Slew       Delay        Time   Description
---------------------------------------------------------------------------------------------
                                  0.000000    0.000000   clock clk (rise edge)
                                  0.000000    0.000000   clock source latency
     1    0.011086    0.056310    0.037711    0.037711 ^ clk (in)
                                                         clk (net)
                      0.056318    0.000000    0.037711 ^ clkbuf_0_clk/A (sky130_fd_sc_hd__clkbuf_16)
     2    0.018355    0.040448    0.127862    0.165572 ^ clkbuf_0_clk/X (sky130_fd_sc_hd__clkbuf_16)
                                                         clknet_0_clk (net)
                      0.040450    0.000546    0.166118 ^ clkbuf_1_0__f_clk/A (sky130_fd_sc_hd__clkbuf_16)
     2    0.005229    0.028975    0.109143    0.275261 ^ clkbuf_1_0__f_clk/X (sky130_fd_sc_hd__clkbuf_16)
                                                         clknet_1_0__leaf_clk (net)
                      0.028976    0.000092    0.275353 ^ _314_/CLK (sky130_fd_sc_hd__dfrtp_1)
     3    0.007267    0.060128    0.371907    0.647260 v _314_/Q (sky130_fd_sc_hd__dfrtp_1)
                                                         clk_counter[0] (net)
                      0.060128    0.000105    0.647364 v hold1/A (sky130_fd_sc_hd__dlygate4sd3_1)
     1    0.006254    0.069921    0.578460    1.225824 v hold1/X (sky130_fd_sc_hd__dlygate4sd3_1)
                                                         net41 (net)
                      0.069921    0.000261    1.226085 v _142_/A (sky130_fd_sc_hd__inv_2)
     3    0.009633    0.052770    0.072763    1.298848 ^ _142_/Y (sky130_fd_sc_hd__inv_2)
                                                         _000_ (net)
                      0.052771    0.000308    1.299156 ^ _314_/D (sky130_fd_sc_hd__dfrtp_1)
                                              1.299156   data arrival time

                                 20.000000   20.000000   clock clk (rise edge)
                                  0.000000   20.000000   clock source latency
     1    0.011086    0.056310    0.037710   20.037710 ^ clk (in)
                                                         clk (net)
                      0.056318    0.000000   20.037710 ^ clkbuf_0_clk/A (sky130_fd_sc_hd__clkbuf_16)
     2    0.018355    0.040448    0.127862   20.165573 ^ clkbuf_0_clk/X (sky130_fd_sc_hd__clkbuf_16)
                                                         clknet_0_clk (net)
                      0.040450    0.000545   20.166119 ^ clkbuf_1_0__f_clk/A (sky130_fd_sc_hd__clkbuf_16)
     2    0.005229    0.028975    0.109143   20.275261 ^ clkbuf_1_0__f_clk/X (sky130_fd_sc_hd__clkbuf_16)
                                                         clknet_1_0__leaf_clk (net)
                      0.028976    0.000092   20.275354 ^ _314_/CLK (sky130_fd_sc_hd__dfrtp_1)
                                 -0.250000   20.025354   clock uncertainty
                                  0.000000   20.025354   clock reconvergence pessimism
                                 -0.064036   19.961319   library setup time
                                             19.961319   data required time
---------------------------------------------------------------------------------------------
                                             19.961319   data required time
                                             -1.299156   data arrival time
---------------------------------------------------------------------------------------------
                                             18.662163   slack (MET)



