Reading OpenROAD database at '/home/davidsales/Documentos/Coding/Main_HDL/Synthesis/designs/i2c_master/runs/RUN_2026-02-24_21-34-25/41-openroad-repairantennas/1-openroad-diodeinsertion/i2c_master_controller.odb'…
Reading library file at '/home/davidsales/.ciel/ciel/sky130/versions/0fe599b2afb6708d281543108caf8310912f54af/sky130A/libs.ref/sky130_fd_sc_hd/lib/sky130_fd_sc_hd__tt_025C_1v80.lib'…
Reading design constraints file at '/nix/store/41c5n1rfapbw2k2daig2yag6mbsifckg-python3-3.11.9-env/lib/python3.11/site-packages/librelane/scripts/base.sdc'…
[INFO] Using clock clk…
[INFO] Setting output delay to: 4.0
[INFO] Setting input delay to: 4.0
[INFO] Setting load to: 0.033442
[INFO] Setting clock uncertainty to: 0.25
[INFO] Setting clock transition to: 0.1499999999999999944488848768742172978818416595458984375
[INFO] Setting timing derate to: 5%
[INFO] Setting RC values…
%OL_CREATE_REPORT min.rpt

===========================================================================
report_checks -path_delay min (Hold)
============================================================================
======================= nom_tt_025C_1v80 Corner ===================================

Startpoint: _314_ (rising edge-triggered flip-flop clocked by clk)
Endpoint: _316_ (rising edge-triggered flip-flop clocked by clk)
Path Group: clk
Path Type: min

Fanout         Cap        Slew       Delay        Time   Description
---------------------------------------------------------------------------------------------
                                  0.000000    0.000000   clock clk (rise edge)
                                  0.000000    0.000000   clock source latency
     1    0.011086    0.056310    0.037711    0.037711 ^ clk (in)
                                                         clk (net)
                      0.056318    0.000000    0.037711 ^ clkbuf_0_clk/A (sky130_fd_sc_hd__clkbuf_16)
     2    0.018355    0.040448    0.127862    0.165572 ^ clkbuf_0_clk/X (sky130_fd_sc_hd__clkbuf_16)
                                                         clknet_0_clk (net)
                      0.040450    0.000546    0.166118 ^ clkbuf_1_0__f_clk/A (sky130_fd_sc_hd__clkbuf_16)
     2    0.005229    0.028975    0.109143    0.275261 ^ clkbuf_1_0__f_clk/X (sky130_fd_sc_hd__clkbuf_16)
                                                         clknet_1_0__leaf_clk (net)
                      0.028976    0.000092    0.275353 ^ _314_/CLK (sky130_fd_sc_hd__dfrtp_1)
     3    0.007267    0.060128    0.371907    0.647260 v _314_/Q (sky130_fd_sc_hd__dfrtp_1)
                                                         clk_counter[0] (net)
                      0.060128    0.000184    0.647443 v _188_/A (sky130_fd_sc_hd__nand2_1)
     2    0.009776    0.096984    0.103988    0.751431 ^ _188_/Y (sky130_fd_sc_hd__nand2_1)
                                                         _103_ (net)
                      0.096986    0.000357    0.751788 ^ _191_/B (sky130_fd_sc_hd__xnor2_1)
     1    0.002518    0.035294    0.067474    0.819263 v _191_/Y (sky130_fd_sc_hd__xnor2_1)
                                                         _002_ (net)
                      0.035294    0.000055    0.819317 v _316_/D (sky130_fd_sc_hd__dfrtp_1)
                                              0.819317   data arrival time

                                  0.000000    0.000000   clock clk (rise edge)
                                  0.000000    0.000000   clock source latency
     1    0.011086    0.056310    0.037711    0.037711 ^ clk (in)
                                                         clk (net)
                      0.056318    0.000000    0.037711 ^ clkbuf_0_clk/A (sky130_fd_sc_hd__clkbuf_16)
     2    0.018355    0.040448    0.127862    0.165572 ^ clkbuf_0_clk/X (sky130_fd_sc_hd__clkbuf_16)
                                                         clknet_0_clk (net)
                      0.040450    0.000546    0.166118 ^ clkbuf_1_0__f_clk/A (sky130_fd_sc_hd__clkbuf_16)
     2    0.005229    0.028975    0.109143    0.275261 ^ clkbuf_1_0__f_clk/X (sky130_fd_sc_hd__clkbuf_16)
                                                         clknet_1_0__leaf_clk (net)
                      0.028976    0.000132    0.275393 ^ _316_/CLK (sky130_fd_sc_hd__dfrtp_1)
                                  0.250000    0.525393   clock uncertainty
                                  0.000000    0.525393   clock reconvergence pessimism
                                 -0.045478    0.479914   library hold time
                                              0.479914   data required time
---------------------------------------------------------------------------------------------
                                              0.479914   data required time
                                             -0.819317   data arrival time
---------------------------------------------------------------------------------------------
                                              0.339403   slack (MET)


Startpoint: _314_ (rising edge-triggered flip-flop clocked by clk)
Endpoint: _315_ (rising edge-triggered flip-flop clocked by clk)
Path Group: clk
Path Type: min

Fanout         Cap        Slew       Delay        Time   Description
---------------------------------------------------------------------------------------------
                                  0.000000    0.000000   clock clk (rise edge)
                                  0.000000    0.000000   clock source latency
     1    0.011086    0.056310    0.037711    0.037711 ^ clk (in)
                                                         clk (net)
                      0.056318    0.000000    0.037711 ^ clkbuf_0_clk/A (sky130_fd_sc_hd__clkbuf_16)
     2    0.018355    0.040448    0.127862    0.165572 ^ clkbuf_0_clk/X (sky130_fd_sc_hd__clkbuf_16)
                                                         clknet_0_clk (net)
                      0.040450    0.000546    0.166118 ^ clkbuf_1_0__f_clk/A (sky130_fd_sc_hd__clkbuf_16)
     2    0.005229    0.028975    0.109143    0.275261 ^ clkbuf_1_0__f_clk/X (sky130_fd_sc_hd__clkbuf_16)
                                                         clknet_1_0__leaf_clk (net)
                      0.028976    0.000092    0.275353 ^ _314_/CLK (sky130_fd_sc_hd__dfrtp_1)
     3    0.007697    0.082906    0.342044    0.617397 ^ _314_/Q (sky130_fd_sc_hd__dfrtp_1)
                                                         clk_counter[0] (net)
                      0.082906    0.000193    0.617590 ^ _188_/A (sky130_fd_sc_hd__nand2_1)
     2    0.009428    0.075341    0.091441    0.709031 v _188_/Y (sky130_fd_sc_hd__nand2_1)
                                                         _103_ (net)
                      0.075341    0.000299    0.709330 v _190_/B1 (sky130_fd_sc_hd__o211a_1)
     1    0.003185    0.031495    0.135305    0.844634 v _190_/X (sky130_fd_sc_hd__o211a_1)
                                                         _001_ (net)
                      0.031495    0.000079    0.844713 v _315_/D (sky130_fd_sc_hd__dfrtp_1)
                                              0.844713   data arrival time

                                  0.000000    0.000000   clock clk (rise edge)
                                  0.000000    0.000000   clock source latency
     1    0.011086    0.056310    0.037711    0.037711 ^ clk (in)
                                                         clk (net)
                      0.056318    0.000000    0.037711 ^ clkbuf_0_clk/A (sky130_fd_sc_hd__clkbuf_16)
     2    0.018355    0.040448    0.127862    0.165572 ^ clkbuf_0_clk/X (sky130_fd_sc_hd__clkbuf_16)
                                                         clknet_0_clk (net)
                      0.040449    0.000478    0.166050 ^ clkbuf_1_1__f_clk/A (sky130_fd_sc_hd__clkbuf_16)
     3    0.008476    0.032024    0.112736    0.278786 ^ clkbuf_1_1__f_clk/X (sky130_fd_sc_hd__clkbuf_16)
                                                         clknet_1_1__leaf_clk (net)
                      0.032024    0.000170    0.278956 ^ _315_/CLK (sky130_fd_sc_hd__dfrtp_1)
                                  0.250000    0.528956   clock uncertainty
                                  0.000000    0.528956   clock reconvergence pessimism
                                 -0.043237    0.485720   library hold time
                                              0.485720   data required time
---------------------------------------------------------------------------------------------
                                              0.485720   data required time
                                             -0.844713   data arrival time
---------------------------------------------------------------------------------------------
                                              0.358994   slack (MET)


Startpoint: _272_ (rising edge-triggered flip-flop clocked by clk)
Endpoint: _272_ (rising edge-triggered flip-flop clocked by clk)
Path Group: clk
Path Type: min

Fanout         Cap        Slew       Delay        Time   Description
---------------------------------------------------------------------------------------------
                                  0.000000    0.000000   clock clk (rise edge)
                                  0.000000    0.000000   clock source latency
     1    0.011086    0.056310    0.037711    0.037711 ^ clk (in)
                                                         clk (net)
                      0.056318    0.000000    0.037711 ^ clkbuf_0_clk/A (sky130_fd_sc_hd__clkbuf_16)
     2    0.018355    0.040448    0.127862    0.165572 ^ clkbuf_0_clk/X (sky130_fd_sc_hd__clkbuf_16)
                                                         clknet_0_clk (net)
                      0.040449    0.000478    0.166050 ^ clkbuf_1_1__f_clk/A (sky130_fd_sc_hd__clkbuf_16)
     3    0.008476    0.032024    0.112736    0.278786 ^ clkbuf_1_1__f_clk/X (sky130_fd_sc_hd__clkbuf_16)
                                                         clknet_1_1__leaf_clk (net)
                      0.032024    0.000172    0.278958 ^ _272_/CLK (sky130_fd_sc_hd__dfstp_1)
     1    0.002682    0.026682    0.341142    0.620101 v _272_/Q (sky130_fd_sc_hd__dfstp_1)
                                                         i2c_clk (net)
                      0.026682    0.000059    0.620160 v fanout38/A (sky130_fd_sc_hd__clkbuf_2)
     7    0.023412    0.094159    0.150119    0.770279 v fanout38/X (sky130_fd_sc_hd__clkbuf_2)
                                                         net38 (net)
                      0.094162    0.000654    0.770934 v fanout35/A (sky130_fd_sc_hd__buf_2)
    10    0.030305    0.080990    0.194901    0.965834 v fanout35/X (sky130_fd_sc_hd__buf_2)
                                                         net35 (net)
                      0.080994    0.000629    0.966463 v _175_/A (sky130_fd_sc_hd__xnor2_1)
     1    0.003458    0.039857    0.139195    1.105658 v _175_/Y (sky130_fd_sc_hd__xnor2_1)
                                                         _033_ (net)
                      0.039857    0.000116    1.105774 v _272_/D (sky130_fd_sc_hd__dfstp_1)
                                              1.105774   data arrival time

                                  0.000000    0.000000   clock clk (rise edge)
                                  0.000000    0.000000   clock source latency
     1    0.011086    0.056310    0.037711    0.037711 ^ clk (in)
                                                         clk (net)
                      0.056318    0.000000    0.037711 ^ clkbuf_0_clk/A (sky130_fd_sc_hd__clkbuf_16)
     2    0.018355    0.040448    0.127862    0.165572 ^ clkbuf_0_clk/X (sky130_fd_sc_hd__clkbuf_16)
                                                         clknet_0_clk (net)
                      0.040449    0.000478    0.166050 ^ clkbuf_1_1__f_clk/A (sky130_fd_sc_hd__clkbuf_16)
     3    0.008476    0.032024    0.112736    0.278786 ^ clkbuf_1_1__f_clk/X (sky130_fd_sc_hd__clkbuf_16)
                                                         clknet_1_1__leaf_clk (net)
                      0.032024    0.000172    0.278958 ^ _272_/CLK (sky130_fd_sc_hd__dfstp_1)
                                  0.250000    0.528958   clock uncertainty
                                  0.000000    0.528958   clock reconvergence pessimism
                                 -0.014883    0.514076   library hold time
                                              0.514076   data required time
---------------------------------------------------------------------------------------------
                                              0.514076   data required time
                                             -1.105774   data arrival time
---------------------------------------------------------------------------------------------
                                              0.591698   slack (MET)


Startpoint: _314_ (rising edge-triggered flip-flop clocked by clk)
Endpoint: _314_ (rising edge-triggered flip-flop clocked by clk)
Path Group: clk
Path Type: min

Fanout         Cap        Slew       Delay        Time   Description
---------------------------------------------------------------------------------------------
                                  0.000000    0.000000   clock clk (rise edge)
                                  0.000000    0.000000   clock source latency
     1    0.011086    0.056310    0.037711    0.037711 ^ clk (in)
                                                         clk (net)
                      0.056318    0.000000    0.037711 ^ clkbuf_0_clk/A (sky130_fd_sc_hd__clkbuf_16)
     2    0.018355    0.040448    0.127862    0.165572 ^ clkbuf_0_clk/X (sky130_fd_sc_hd__clkbuf_16)
                                                         clknet_0_clk (net)
                      0.040450    0.000546    0.166118 ^ clkbuf_1_0__f_clk/A (sky130_fd_sc_hd__clkbuf_16)
     2    0.005229    0.028975    0.109143    0.275261 ^ clkbuf_1_0__f_clk/X (sky130_fd_sc_hd__clkbuf_16)
                                                         clknet_1_0__leaf_clk (net)
                      0.028976    0.000092    0.275353 ^ _314_/CLK (sky130_fd_sc_hd__dfrtp_1)
     3    0.007697    0.082906    0.342044    0.617397 ^ _314_/Q (sky130_fd_sc_hd__dfrtp_1)
                                                         clk_counter[0] (net)
                      0.082906    0.000112    0.617508 ^ hold1/A (sky130_fd_sc_hd__dlygate4sd3_1)
     1    0.006620    0.086284    0.576372    1.193880 ^ hold1/X (sky130_fd_sc_hd__dlygate4sd3_1)
                                                         net41 (net)
                      0.086284    0.000279    1.194159 ^ _142_/A (sky130_fd_sc_hd__inv_2)
     3    0.009143    0.033901    0.049220    1.243379 v _142_/Y (sky130_fd_sc_hd__inv_2)
                                                         _000_ (net)
                      0.033903    0.000293    1.243672 v _314_/D (sky130_fd_sc_hd__dfrtp_1)
                                              1.243672   data arrival time

                                  0.000000    0.000000   clock clk (rise edge)
                                  0.000000    0.000000   clock source latency
     1    0.011086    0.056310    0.037711    0.037711 ^ clk (in)
                                                         clk (net)
                      0.056318    0.000000    0.037711 ^ clkbuf_0_clk/A (sky130_fd_sc_hd__clkbuf_16)
     2    0.018355    0.040448    0.127862    0.165572 ^ clkbuf_0_clk/X (sky130_fd_sc_hd__clkbuf_16)
                                                         clknet_0_clk (net)
                      0.040450    0.000546    0.166118 ^ clkbuf_1_0__f_clk/A (sky130_fd_sc_hd__clkbuf_16)
     2    0.005229    0.028975    0.109143    0.275261 ^ clkbuf_1_0__f_clk/X (sky130_fd_sc_hd__clkbuf_16)
                                                         clknet_1_0__leaf_clk (net)
                      0.028976    0.000092    0.275353 ^ _314_/CLK (sky130_fd_sc_hd__dfrtp_1)
                                  0.250000    0.525353   clock uncertainty
                                  0.000000    0.525353   clock reconvergence pessimism
                                 -0.044912    0.480441   library hold time
                                              0.480441   data required time
---------------------------------------------------------------------------------------------
                                              0.480441   data required time
                                             -1.243672   data arrival time
---------------------------------------------------------------------------------------------
                                              0.763232   slack (MET)


Startpoint: rst (input port clocked by clk)
Endpoint: _315_ (removal check against rising-edge clock clk)
Path Group: asynchronous
Path Type: min

Fanout         Cap        Slew       Delay        Time   Description
---------------------------------------------------------------------------------------------
                                  0.000000    0.000000   clock clk (rise edge)
                                  0.000000    0.000000   clock network delay (propagated)
                                  4.000000    4.000000 v input external delay
     1    0.003260    0.009702    0.005221    4.005221 v rst (in)
                                                         rst (net)
                      0.009702    0.000000    4.005221 v input17/A (sky130_fd_sc_hd__buf_1)
     2    0.010644    0.068064    0.107855    4.113076 v input17/X (sky130_fd_sc_hd__buf_1)
                                                         net17 (net)
                      0.068065    0.000311    4.113387 v fanout40/A (sky130_fd_sc_hd__clkbuf_4)
    10    0.044498    0.098043    0.208234    4.321620 v fanout40/X (sky130_fd_sc_hd__clkbuf_4)
                                                         net40 (net)
                      0.098065    0.001422    4.323043 v _270_/A (sky130_fd_sc_hd__inv_2)
     1    0.005003    0.040829    0.068245    4.391287 ^ _270_/Y (sky130_fd_sc_hd__inv_2)
                                                         _031_ (net)
                      0.040829    0.000151    4.391438 ^ _315_/RESET_B (sky130_fd_sc_hd__dfrtp_1)
                                              4.391438   data arrival time

                                  0.000000    0.000000   clock clk (rise edge)
                                  0.000000    0.000000   clock source latency
     1    0.011086    0.056310    0.037711    0.037711 ^ clk (in)
                                                         clk (net)
                      0.056318    0.000000    0.037711 ^ clkbuf_0_clk/A (sky130_fd_sc_hd__clkbuf_16)
     2    0.018355    0.040448    0.127862    0.165572 ^ clkbuf_0_clk/X (sky130_fd_sc_hd__clkbuf_16)
                                                         clknet_0_clk (net)
                      0.040449    0.000478    0.166050 ^ clkbuf_1_1__f_clk/A (sky130_fd_sc_hd__clkbuf_16)
     3    0.008476    0.032024    0.112736    0.278786 ^ clkbuf_1_1__f_clk/X (sky130_fd_sc_hd__clkbuf_16)
                                                         clknet_1_1__leaf_clk (net)
                      0.032024    0.000170    0.278956 ^ _315_/CLK (sky130_fd_sc_hd__dfrtp_1)
                                  0.250000    0.528956   clock uncertainty
                                  0.000000    0.528956   clock reconvergence pessimism
                                  0.315564    0.844520   library removal time
                                              0.844520   data required time
---------------------------------------------------------------------------------------------
                                              0.844520   data required time
                                             -4.391438   data arrival time
---------------------------------------------------------------------------------------------
                                              3.546918   slack (MET)


Startpoint: rst (input port clocked by clk)
Endpoint: _314_ (removal check against rising-edge clock clk)
Path Group: asynchronous
Path Type: min

Fanout         Cap        Slew       Delay        Time   Description
---------------------------------------------------------------------------------------------
                                  0.000000    0.000000   clock clk (rise edge)
                                  0.000000    0.000000   clock network delay (propagated)
                                  4.000000    4.000000 v input external delay
     1    0.003260    0.009702    0.005221    4.005221 v rst (in)
                                                         rst (net)
                      0.009702    0.000000    4.005221 v input17/A (sky130_fd_sc_hd__buf_1)
     2    0.010644    0.068064    0.107855    4.113076 v input17/X (sky130_fd_sc_hd__buf_1)
                                                         net17 (net)
                      0.068065    0.000311    4.113387 v fanout40/A (sky130_fd_sc_hd__clkbuf_4)
    10    0.044498    0.098043    0.208234    4.321620 v fanout40/X (sky130_fd_sc_hd__clkbuf_4)
                                                         net40 (net)
                      0.098063    0.001347    4.322968 v _269_/A (sky130_fd_sc_hd__inv_2)
     1    0.004649    0.039704    0.066988    4.389956 ^ _269_/Y (sky130_fd_sc_hd__inv_2)
                                                         _030_ (net)
                      0.039704    0.000125    4.390081 ^ _314_/RESET_B (sky130_fd_sc_hd__dfrtp_1)
                                              4.390081   data arrival time

                                  0.000000    0.000000   clock clk (rise edge)
                                  0.000000    0.000000   clock source latency
     1    0.011086    0.056310    0.037711    0.037711 ^ clk (in)
                                                         clk (net)
                      0.056318    0.000000    0.037711 ^ clkbuf_0_clk/A (sky130_fd_sc_hd__clkbuf_16)
     2    0.018355    0.040448    0.127862    0.165572 ^ clkbuf_0_clk/X (sky130_fd_sc_hd__clkbuf_16)
                                                         clknet_0_clk (net)
                      0.040450    0.000546    0.166118 ^ clkbuf_1_0__f_clk/A (sky130_fd_sc_hd__clkbuf_16)
     2    0.005229    0.028975    0.109143    0.275261 ^ clkbuf_1_0__f_clk/X (sky130_fd_sc_hd__clkbuf_16)
                                                         clknet_1_0__leaf_clk (net)
                      0.028976    0.000092    0.275353 ^ _314_/CLK (sky130_fd_sc_hd__dfrtp_1)
                                  0.250000    0.525353   clock uncertainty
                                  0.000000    0.525353   clock reconvergence pessimism
                                  0.314423    0.839776   library removal time
                                              0.839776   data required time
---------------------------------------------------------------------------------------------
                                              0.839776   data required time
                                             -4.390081   data arrival time
---------------------------------------------------------------------------------------------
                                              3.550305   slack (MET)


Startpoint: rst (input port clocked by clk)
Endpoint: _316_ (removal check against rising-edge clock clk)
Path Group: asynchronous
Path Type: min

Fanout         Cap        Slew       Delay        Time   Description
---------------------------------------------------------------------------------------------
                                  0.000000    0.000000   clock clk (rise edge)
                                  0.000000    0.000000   clock network delay (propagated)
                                  4.000000    4.000000 v input external delay
     1    0.003260    0.009702    0.005221    4.005221 v rst (in)
                                                         rst (net)
                      0.009702    0.000000    4.005221 v input17/A (sky130_fd_sc_hd__buf_1)
     2    0.010644    0.068064    0.107855    4.113076 v input17/X (sky130_fd_sc_hd__buf_1)
                                                         net17 (net)
                      0.068065    0.000311    4.113387 v fanout40/A (sky130_fd_sc_hd__clkbuf_4)
    10    0.044498    0.098043    0.208234    4.321620 v fanout40/X (sky130_fd_sc_hd__clkbuf_4)
                                                         net40 (net)
                      0.098061    0.001280    4.322900 v _271_/A (sky130_fd_sc_hd__inv_2)
     1    0.005273    0.041685    0.069201    4.392101 ^ _271_/Y (sky130_fd_sc_hd__inv_2)
                                                         _032_ (net)
                      0.041686    0.000169    4.392270 ^ _316_/RESET_B (sky130_fd_sc_hd__dfrtp_1)
                                              4.392270   data arrival time

                                  0.000000    0.000000   clock clk (rise edge)
                                  0.000000    0.000000   clock source latency
     1    0.011086    0.056310    0.037711    0.037711 ^ clk (in)
                                                         clk (net)
                      0.056318    0.000000    0.037711 ^ clkbuf_0_clk/A (sky130_fd_sc_hd__clkbuf_16)
     2    0.018355    0.040448    0.127862    0.165572 ^ clkbuf_0_clk/X (sky130_fd_sc_hd__clkbuf_16)
                                                         clknet_0_clk (net)
                      0.040450    0.000546    0.166118 ^ clkbuf_1_0__f_clk/A (sky130_fd_sc_hd__clkbuf_16)
     2    0.005229    0.028975    0.109143    0.275261 ^ clkbuf_1_0__f_clk/X (sky130_fd_sc_hd__clkbuf_16)
                                                         clknet_1_0__leaf_clk (net)
                      0.028976    0.000132    0.275393 ^ _316_/CLK (sky130_fd_sc_hd__dfrtp_1)
                                  0.250000    0.525393   clock uncertainty
                                  0.000000    0.525393   clock reconvergence pessimism
                                  0.314968    0.840361   library removal time
                                              0.840361   data required time
---------------------------------------------------------------------------------------------
                                              0.840361   data required time
                                             -4.392270   data arrival time
---------------------------------------------------------------------------------------------
                                              3.551909   slack (MET)


Startpoint: rst (input port clocked by clk)
Endpoint: _272_ (removal check against rising-edge clock clk)
Path Group: asynchronous
Path Type: min

Fanout         Cap        Slew       Delay        Time   Description
---------------------------------------------------------------------------------------------
                                  0.000000    0.000000   clock clk (rise edge)
                                  0.000000    0.000000   clock network delay (propagated)
                                  4.000000    4.000000 v input external delay
     1    0.003260    0.009702    0.005221    4.005221 v rst (in)
                                                         rst (net)
                      0.009702    0.000000    4.005221 v input17/A (sky130_fd_sc_hd__buf_1)
     2    0.010644    0.068064    0.107855    4.113076 v input17/X (sky130_fd_sc_hd__buf_1)
                                                         net17 (net)
                      0.068065    0.000311    4.113387 v fanout40/A (sky130_fd_sc_hd__clkbuf_4)
    10    0.044498    0.098043    0.208234    4.321620 v fanout40/X (sky130_fd_sc_hd__clkbuf_4)
                                                         net40 (net)
                      0.098066    0.001450    4.323071 v _256_/A (sky130_fd_sc_hd__inv_2)
     1    0.004220    0.038210    0.065226    4.388296 ^ _256_/Y (sky130_fd_sc_hd__inv_2)
                                                         _013_ (net)
                      0.038210    0.000107    4.388403 ^ _272_/SET_B (sky130_fd_sc_hd__dfstp_1)
                                              4.388403   data arrival time

                                  0.000000    0.000000   clock clk (rise edge)
                                  0.000000    0.000000   clock source latency
     1    0.011086    0.056310    0.037711    0.037711 ^ clk (in)
                                                         clk (net)
                      0.056318    0.000000    0.037711 ^ clkbuf_0_clk/A (sky130_fd_sc_hd__clkbuf_16)
     2    0.018355    0.040448    0.127862    0.165572 ^ clkbuf_0_clk/X (sky130_fd_sc_hd__clkbuf_16)
                                                         clknet_0_clk (net)
                      0.040449    0.000478    0.166050 ^ clkbuf_1_1__f_clk/A (sky130_fd_sc_hd__clkbuf_16)
     3    0.008476    0.032024    0.112736    0.278786 ^ clkbuf_1_1__f_clk/X (sky130_fd_sc_hd__clkbuf_16)
                                                         clknet_1_1__leaf_clk (net)
                      0.032024    0.000172    0.278958 ^ _272_/CLK (sky130_fd_sc_hd__dfstp_1)
                                  0.250000    0.528958   clock uncertainty
                                  0.000000    0.528958   clock reconvergence pessimism
                                  0.152046    0.681005   library removal time
                                              0.681005   data required time
---------------------------------------------------------------------------------------------
                                              0.681005   data required time
                                             -4.388403   data arrival time
---------------------------------------------------------------------------------------------
                                              3.707398   slack (MET)


Startpoint: _272_ (rising edge-triggered flip-flop clocked by clk)
Endpoint: i2c_scl (output port clocked by clk)
Path Group: clk
Path Type: min

Fanout         Cap        Slew       Delay        Time   Description
---------------------------------------------------------------------------------------------
                                  0.000000    0.000000   clock clk (rise edge)
                                  0.000000    0.000000   clock source latency
     1    0.011086    0.056310    0.037711    0.037711 ^ clk (in)
                                                         clk (net)
                      0.056318    0.000000    0.037711 ^ clkbuf_0_clk/A (sky130_fd_sc_hd__clkbuf_16)
     2    0.018355    0.040448    0.127862    0.165572 ^ clkbuf_0_clk/X (sky130_fd_sc_hd__clkbuf_16)
                                                         clknet_0_clk (net)
                      0.040449    0.000478    0.166050 ^ clkbuf_1_1__f_clk/A (sky130_fd_sc_hd__clkbuf_16)
     3    0.008476    0.032024    0.112736    0.278786 ^ clkbuf_1_1__f_clk/X (sky130_fd_sc_hd__clkbuf_16)
                                                         clknet_1_1__leaf_clk (net)
                      0.032024    0.000172    0.278958 ^ _272_/CLK (sky130_fd_sc_hd__dfstp_1)
     1    0.002682    0.026682    0.341142    0.620101 v _272_/Q (sky130_fd_sc_hd__dfstp_1)
                                                         i2c_clk (net)
                      0.026682    0.000059    0.620160 v fanout38/A (sky130_fd_sc_hd__clkbuf_2)
     7    0.023412    0.094159    0.150119    0.770279 v fanout38/X (sky130_fd_sc_hd__clkbuf_2)
                                                         net38 (net)
                      0.094164    0.000780    0.771059 v fanout34/A (sky130_fd_sc_hd__buf_2)
    10    0.030749    0.082104    0.195417    0.966476 v fanout34/X (sky130_fd_sc_hd__buf_2)
                                                         net34 (net)
                      0.082113    0.000876    0.967352 v _138_/A (sky130_fd_sc_hd__inv_2)
     2    0.011687    0.062465    0.084989    1.052341 ^ _138_/Y (sky130_fd_sc_hd__inv_2)
                                                         _025_ (net)
                      0.062465    0.000244    1.052585 ^ _187_/A (sky130_fd_sc_hd__nand2_4)
     1    0.035116    0.082887    0.087778    1.140363 v _187_/Y (sky130_fd_sc_hd__nand2_4)
                                                         i2c_scl (net)
     0    0.035116    0.082910    0.001130    1.141493 v i2c_scl (inout)
                                                         i2c_scl (net)
                                              1.141493   data arrival time

                                  0.000000    0.000000   clock clk (rise edge)
                                  0.000000    0.000000   clock network delay (propagated)
                                  0.250000    0.250000   clock uncertainty
                                  0.000000    0.250000   clock reconvergence pessimism
                                 -4.000000   -3.750000   output external delay
                                             -3.750000   data required time
---------------------------------------------------------------------------------------------
                                             -3.750000   data required time
                                             -1.141493   data arrival time
---------------------------------------------------------------------------------------------
                                              4.891493   slack (MET)


Startpoint: rst (input port clocked by clk)
Endpoint: ready (output port clocked by clk)
Path Group: clk
Path Type: min

Fanout         Cap        Slew       Delay        Time   Description
---------------------------------------------------------------------------------------------
                                  0.000000    0.000000   clock clk (rise edge)
                                  0.000000    0.000000   clock network delay (propagated)
                                  4.000000    4.000000 ^ input external delay
     1    0.003436    0.022489    0.012557    4.012557 ^ rst (in)
                                                         rst (net)
                      0.022489    0.000000    4.012557 ^ input17/A (sky130_fd_sc_hd__buf_1)
     2    0.011254    0.138910    0.139569    4.152126 ^ input17/X (sky130_fd_sc_hd__buf_1)
                                                         net17 (net)
                      0.138911    0.000331    4.152457 ^ fanout40/A (sky130_fd_sc_hd__clkbuf_4)
    10    0.047589    0.149928    0.246548    4.399005 ^ fanout40/X (sky130_fd_sc_hd__clkbuf_4)
                                                         net40 (net)
                      0.149928    0.000565    4.399570 ^ _186_/A (sky130_fd_sc_hd__nor2_1)
     1    0.002043    0.025587    0.061480    4.461050 v _186_/Y (sky130_fd_sc_hd__nor2_1)
                                                         net27 (net)
                      0.025587    0.000043    4.461092 v output27/A (sky130_fd_sc_hd__buf_2)
     1    0.034647    0.090582    0.172236    4.633328 v output27/X (sky130_fd_sc_hd__buf_2)
                                                         ready (net)
                      0.090592    0.000920    4.634248 v ready (out)
                                              4.634248   data arrival time

                                  0.000000    0.000000   clock clk (rise edge)
                                  0.000000    0.000000   clock network delay (propagated)
                                  0.250000    0.250000   clock uncertainty
                                  0.000000    0.250000   clock reconvergence pessimism
                                 -4.000000   -3.750000   output external delay
                                             -3.750000   data required time
---------------------------------------------------------------------------------------------
                                             -3.750000   data required time
                                             -4.634248   data arrival time
---------------------------------------------------------------------------------------------
                                              8.384248   slack (MET)



%OL_END_REPORT
%OL_CREATE_REPORT max.rpt

===========================================================================
report_checks -path_delay max (Setup)
============================================================================
======================= nom_tt_025C_1v80 Corner ===================================

Startpoint: rst (input port clocked by clk)
Endpoint: ready (output port clocked by clk)
Path Group: clk
Path Type: max

Fanout         Cap        Slew       Delay        Time   Description
---------------------------------------------------------------------------------------------
                                  0.000000    0.000000   clock clk (rise edge)
                                  0.000000    0.000000   clock network delay (propagated)
                                  4.000000    4.000000 ^ input external delay
     1    0.003436    0.022489    0.012557    4.012557 ^ rst (in)
                                                         rst (net)
                      0.022489    0.000000    4.012557 ^ input17/A (sky130_fd_sc_hd__buf_1)
     2    0.011254    0.138910    0.139569    4.152126 ^ input17/X (sky130_fd_sc_hd__buf_1)
                                                         net17 (net)
                      0.138911    0.000331    4.152457 ^ fanout40/A (sky130_fd_sc_hd__clkbuf_4)
    10    0.047589    0.149928    0.246548    4.399005 ^ fanout40/X (sky130_fd_sc_hd__clkbuf_4)
                                                         net40 (net)
                      0.149928    0.000565    4.399570 ^ _186_/A (sky130_fd_sc_hd__nor2_1)
     1    0.002043    0.040403    0.061480    4.461050 v _186_/Y (sky130_fd_sc_hd__nor2_1)
                                                         net27 (net)
                      0.040403    0.000043    4.461092 v output27/A (sky130_fd_sc_hd__buf_2)
     1    0.034647    0.090476    0.178618    4.639710 v output27/X (sky130_fd_sc_hd__buf_2)
                                                         ready (net)
                      0.090485    0.000920    4.640630 v ready (out)
                                              4.640630   data arrival time

                                 20.000000   20.000000   clock clk (rise edge)
                                  0.000000   20.000000   clock network delay (propagated)
                                 -0.250000   19.750002   clock uncertainty
                                  0.000000   19.750002   clock reconvergence pessimism
                                 -4.000000   15.750001   output external delay
                                             15.750001   data required time
---------------------------------------------------------------------------------------------
                                             15.750001   data required time
                                             -4.640630   data arrival time
---------------------------------------------------------------------------------------------
                                             11.109371   slack (MET)


Startpoint: _272_ (rising edge-triggered flip-flop clocked by clk)
Endpoint: i2c_scl (output port clocked by clk)
Path Group: clk
Path Type: max

Fanout         Cap        Slew       Delay        Time   Description
---------------------------------------------------------------------------------------------
                                  0.000000    0.000000   clock clk (rise edge)
                                  0.000000    0.000000   clock source latency
     1    0.011086    0.056310    0.037711    0.037711 ^ clk (in)
                                                         clk (net)
                      0.056318    0.000000    0.037711 ^ clkbuf_0_clk/A (sky130_fd_sc_hd__clkbuf_16)
     2    0.018355    0.040448    0.127862    0.165572 ^ clkbuf_0_clk/X (sky130_fd_sc_hd__clkbuf_16)
                                                         clknet_0_clk (net)
                      0.040449    0.000478    0.166050 ^ clkbuf_1_1__f_clk/A (sky130_fd_sc_hd__clkbuf_16)
     3    0.008476    0.032024    0.112736    0.278786 ^ clkbuf_1_1__f_clk/X (sky130_fd_sc_hd__clkbuf_16)
                                                         clknet_1_1__leaf_clk (net)
                      0.032024    0.000172    0.278958 ^ _272_/CLK (sky130_fd_sc_hd__dfstp_1)
     1    0.002912    0.045643    0.488149    0.767107 ^ _272_/Q (sky130_fd_sc_hd__dfstp_1)
                                                         i2c_clk (net)
                      0.045643    0.000065    0.767172 ^ fanout38/A (sky130_fd_sc_hd__clkbuf_2)
     7    0.024671    0.139072    0.171665    0.938837 ^ fanout38/X (sky130_fd_sc_hd__clkbuf_2)
                                                         net38 (net)
                      0.139080    0.000824    0.939661 ^ fanout34/A (sky130_fd_sc_hd__buf_2)
    10    0.032801    0.163857    0.225957    1.165618 ^ fanout34/X (sky130_fd_sc_hd__buf_2)
                                                         net34 (net)
                      0.163859    0.000936    1.166555 ^ _138_/A (sky130_fd_sc_hd__inv_2)
     2    0.011007    0.053131    0.069473    1.236028 v _138_/Y (sky130_fd_sc_hd__inv_2)
                                                         _025_ (net)
                      0.053131    0.000230    1.236258 v _187_/A (sky130_fd_sc_hd__nand2_4)
     1    0.035116    0.117129    0.112467    1.348724 ^ _187_/Y (sky130_fd_sc_hd__nand2_4)
                                                         i2c_scl (net)
     0    0.035116    0.117146    0.001130    1.349854 ^ i2c_scl (inout)
                                                         i2c_scl (net)
                                              1.349854   data arrival time

                                 20.000000   20.000000   clock clk (rise edge)
                                  0.000000   20.000000   clock network delay (propagated)
                                 -0.250000   19.750002   clock uncertainty
                                  0.000000   19.750002   clock reconvergence pessimism
                                 -4.000000   15.750001   output external delay
                                             15.750001   data required time
---------------------------------------------------------------------------------------------
                                             15.750001   data required time
                                             -1.349854   data arrival time
---------------------------------------------------------------------------------------------
                                             14.400146   slack (MET)


Startpoint: rst (input port clocked by clk)
Endpoint: _272_ (recovery check against rising-edge clock clk)
Path Group: asynchronous
Path Type: max

Fanout         Cap        Slew       Delay        Time   Description
---------------------------------------------------------------------------------------------
                                  0.000000    0.000000   clock clk (rise edge)
                                  0.000000    0.000000   clock network delay (propagated)
                                  4.000000    4.000000 v input external delay
     1    0.003260    0.009702    0.005221    4.005221 v rst (in)
                                                         rst (net)
                      0.009702    0.000000    4.005221 v input17/A (sky130_fd_sc_hd__buf_1)
     2    0.010644    0.068064    0.107855    4.113076 v input17/X (sky130_fd_sc_hd__buf_1)
                                                         net17 (net)
                      0.068065    0.000311    4.113387 v fanout40/A (sky130_fd_sc_hd__clkbuf_4)
    10    0.044498    0.098043    0.208234    4.321620 v fanout40/X (sky130_fd_sc_hd__clkbuf_4)
                                                         net40 (net)
                      0.098066    0.001450    4.323071 v _256_/A (sky130_fd_sc_hd__inv_2)
     1    0.004220    0.038210    0.065226    4.388296 ^ _256_/Y (sky130_fd_sc_hd__inv_2)
                                                         _013_ (net)
                      0.038210    0.000107    4.388403 ^ _272_/SET_B (sky130_fd_sc_hd__dfstp_1)
                                              4.388403   data arrival time

                                 20.000000   20.000000   clock clk (rise edge)
                                  0.000000   20.000000   clock source latency
     1    0.011086    0.056310    0.037710   20.037710 ^ clk (in)
                                                         clk (net)
                      0.056318    0.000000   20.037710 ^ clkbuf_0_clk/A (sky130_fd_sc_hd__clkbuf_16)
     2    0.018355    0.040448    0.127862   20.165573 ^ clkbuf_0_clk/X (sky130_fd_sc_hd__clkbuf_16)
                                                         clknet_0_clk (net)
                      0.040449    0.000478   20.166050 ^ clkbuf_1_1__f_clk/A (sky130_fd_sc_hd__clkbuf_16)
     3    0.008476    0.032024    0.112736   20.278788 ^ clkbuf_1_1__f_clk/X (sky130_fd_sc_hd__clkbuf_16)
                                                         clknet_1_1__leaf_clk (net)
                      0.032024    0.000172   20.278959 ^ _272_/CLK (sky130_fd_sc_hd__dfstp_1)
                                 -0.250000   20.028961   clock uncertainty
                                  0.000000   20.028961   clock reconvergence pessimism
                                  0.134517   20.163477   library recovery time
                                             20.163477   data required time
---------------------------------------------------------------------------------------------
                                             20.163477   data required time
                                             -4.388403   data arrival time
---------------------------------------------------------------------------------------------
                                             15.775074   slack (MET)


Startpoint: rst (input port clocked by clk)
Endpoint: _316_ (recovery check against rising-edge clock clk)
Path Group: asynchronous
Path Type: max

Fanout         Cap        Slew       Delay        Time   Description
---------------------------------------------------------------------------------------------
                                  0.000000    0.000000   clock clk (rise edge)
                                  0.000000    0.000000   clock network delay (propagated)
                                  4.000000    4.000000 v input external delay
     1    0.003260    0.009702    0.005221    4.005221 v rst (in)
                                                         rst (net)
                      0.009702    0.000000    4.005221 v input17/A (sky130_fd_sc_hd__buf_1)
     2    0.010644    0.068064    0.107855    4.113076 v input17/X (sky130_fd_sc_hd__buf_1)
                                                         net17 (net)
                      0.068065    0.000311    4.113387 v fanout40/A (sky130_fd_sc_hd__clkbuf_4)
    10    0.044498    0.098043    0.208234    4.321620 v fanout40/X (sky130_fd_sc_hd__clkbuf_4)
                                                         net40 (net)
                      0.098061    0.001280    4.322900 v _271_/A (sky130_fd_sc_hd__inv_2)
     1    0.005273    0.041685    0.069201    4.392101 ^ _271_/Y (sky130_fd_sc_hd__inv_2)
                                                         _032_ (net)
                      0.041686    0.000169    4.392270 ^ _316_/RESET_B (sky130_fd_sc_hd__dfrtp_1)
                                              4.392270   data arrival time

                                 20.000000   20.000000   clock clk (rise edge)
                                  0.000000   20.000000   clock source latency
     1    0.011086    0.056310    0.037710   20.037710 ^ clk (in)
                                                         clk (net)
                      0.056318    0.000000   20.037710 ^ clkbuf_0_clk/A (sky130_fd_sc_hd__clkbuf_16)
     2    0.018355    0.040448    0.127862   20.165573 ^ clkbuf_0_clk/X (sky130_fd_sc_hd__clkbuf_16)
                                                         clknet_0_clk (net)
                      0.040450    0.000545   20.166119 ^ clkbuf_1_0__f_clk/A (sky130_fd_sc_hd__clkbuf_16)
     2    0.005229    0.028975    0.109143   20.275261 ^ clkbuf_1_0__f_clk/X (sky130_fd_sc_hd__clkbuf_16)
                                                         clknet_1_0__leaf_clk (net)
                      0.028976    0.000131   20.275393 ^ _316_/CLK (sky130_fd_sc_hd__dfrtp_1)
                                 -0.250000   20.025393   clock uncertainty
                                  0.000000   20.025393   clock reconvergence pessimism
                                  0.226280   20.251673   library recovery time
                                             20.251673   data required time
---------------------------------------------------------------------------------------------
                                             20.251673   data required time
                                             -4.392270   data arrival time
---------------------------------------------------------------------------------------------
                                             15.859403   slack (MET)


Startpoint: rst (input port clocked by clk)
Endpoint: _314_ (recovery check against rising-edge clock clk)
Path Group: asynchronous
Path Type: max

Fanout         Cap        Slew       Delay        Time   Description
---------------------------------------------------------------------------------------------
                                  0.000000    0.000000   clock clk (rise edge)
                                  0.000000    0.000000   clock network delay (propagated)
                                  4.000000    4.000000 v input external delay
     1    0.003260    0.009702    0.005221    4.005221 v rst (in)
                                                         rst (net)
                      0.009702    0.000000    4.005221 v input17/A (sky130_fd_sc_hd__buf_1)
     2    0.010644    0.068064    0.107855    4.113076 v input17/X (sky130_fd_sc_hd__buf_1)
                                                         net17 (net)
                      0.068065    0.000311    4.113387 v fanout40/A (sky130_fd_sc_hd__clkbuf_4)
    10    0.044498    0.098043    0.208234    4.321620 v fanout40/X (sky130_fd_sc_hd__clkbuf_4)
                                                         net40 (net)
                      0.098063    0.001347    4.322968 v _269_/A (sky130_fd_sc_hd__inv_2)
     1    0.004649    0.039704    0.066988    4.389956 ^ _269_/Y (sky130_fd_sc_hd__inv_2)
                                                         _030_ (net)
                      0.039704    0.000125    4.390081 ^ _314_/RESET_B (sky130_fd_sc_hd__dfrtp_1)
                                              4.390081   data arrival time

                                 20.000000   20.000000   clock clk (rise edge)
                                  0.000000   20.000000   clock source latency
     1    0.011086    0.056310    0.037710   20.037710 ^ clk (in)
                                                         clk (net)
                      0.056318    0.000000   20.037710 ^ clkbuf_0_clk/A (sky130_fd_sc_hd__clkbuf_16)
     2    0.018355    0.040448    0.127862   20.165573 ^ clkbuf_0_clk/X (sky130_fd_sc_hd__clkbuf_16)
                                                         clknet_0_clk (net)
                      0.040450    0.000545   20.166119 ^ clkbuf_1_0__f_clk/A (sky130_fd_sc_hd__clkbuf_16)
     2    0.005229    0.028975    0.109143   20.275261 ^ clkbuf_1_0__f_clk/X (sky130_fd_sc_hd__clkbuf_16)
                                                         clknet_1_0__leaf_clk (net)
                      0.028976    0.000092   20.275354 ^ _314_/CLK (sky130_fd_sc_hd__dfrtp_1)
                                 -0.250000   20.025354   clock uncertainty
                                  0.000000   20.025354   clock reconvergence pessimism
                                  0.226794   20.252150   library recovery time
                                             20.252150   data required time
---------------------------------------------------------------------------------------------
                                             20.252150   data required time
                                             -4.390081   data arrival time
---------------------------------------------------------------------------------------------
                                             15.862067   slack (MET)


Startpoint: rst (input port clocked by clk)
Endpoint: _315_ (recovery check against rising-edge clock clk)
Path Group: asynchronous
Path Type: max

Fanout         Cap        Slew       Delay        Time   Description
---------------------------------------------------------------------------------------------
                                  0.000000    0.000000   clock clk (rise edge)
                                  0.000000    0.000000   clock network delay (propagated)
                                  4.000000    4.000000 v input external delay
     1    0.003260    0.009702    0.005221    4.005221 v rst (in)
                                                         rst (net)
                      0.009702    0.000000    4.005221 v input17/A (sky130_fd_sc_hd__buf_1)
     2    0.010644    0.068064    0.107855    4.113076 v input17/X (sky130_fd_sc_hd__buf_1)
                                                         net17 (net)
                      0.068065    0.000311    4.113387 v fanout40/A (sky130_fd_sc_hd__clkbuf_4)
    10    0.044498    0.098043    0.208234    4.321620 v fanout40/X (sky130_fd_sc_hd__clkbuf_4)
                                                         net40 (net)
                      0.098065    0.001422    4.323043 v _270_/A (sky130_fd_sc_hd__inv_2)
     1    0.005003    0.040829    0.068245    4.391287 ^ _270_/Y (sky130_fd_sc_hd__inv_2)
                                                         _031_ (net)
                      0.040829    0.000151    4.391438 ^ _315_/RESET_B (sky130_fd_sc_hd__dfrtp_1)
                                              4.391438   data arrival time

                                 20.000000   20.000000   clock clk (rise edge)
                                  0.000000   20.000000   clock source latency
     1    0.011086    0.056310    0.037710   20.037710 ^ clk (in)
                                                         clk (net)
                      0.056318    0.000000   20.037710 ^ clkbuf_0_clk/A (sky130_fd_sc_hd__clkbuf_16)
     2    0.018355    0.040448    0.127862   20.165573 ^ clkbuf_0_clk/X (sky130_fd_sc_hd__clkbuf_16)
                                                         clknet_0_clk (net)
                      0.040449    0.000478   20.166050 ^ clkbuf_1_1__f_clk/A (sky130_fd_sc_hd__clkbuf_16)
     3    0.008476    0.032024    0.112736   20.278788 ^ clkbuf_1_1__f_clk/X (sky130_fd_sc_hd__clkbuf_16)
                                                         clknet_1_1__leaf_clk (net)
                      0.032024    0.000169   20.278955 ^ _315_/CLK (sky130_fd_sc_hd__dfrtp_1)
                                 -0.250000   20.028957   clock uncertainty
                                  0.000000   20.028957   clock reconvergence pessimism
                                  0.227436   20.256393   library recovery time
                                             20.256393   data required time
---------------------------------------------------------------------------------------------
                                             20.256393   data required time
                                             -4.391438   data arrival time
---------------------------------------------------------------------------------------------
                                             15.864954   slack (MET)


Startpoint: _314_ (rising edge-triggered flip-flop clocked by clk)
Endpoint: _272_ (rising edge-triggered flip-flop clocked by clk)
Path Group: clk
Path Type: max

Fanout         Cap        Slew       Delay        Time   Description
---------------------------------------------------------------------------------------------
                                  0.000000    0.000000   clock clk (rise edge)
                                  0.000000    0.000000   clock source latency
     1    0.011086    0.056310    0.037711    0.037711 ^ clk (in)
                                                         clk (net)
                      0.056318    0.000000    0.037711 ^ clkbuf_0_clk/A (sky130_fd_sc_hd__clkbuf_16)
     2    0.018355    0.040448    0.127862    0.165572 ^ clkbuf_0_clk/X (sky130_fd_sc_hd__clkbuf_16)
                                                         clknet_0_clk (net)
                      0.040450    0.000546    0.166118 ^ clkbuf_1_0__f_clk/A (sky130_fd_sc_hd__clkbuf_16)
     2    0.005229    0.028975    0.109143    0.275261 ^ clkbuf_1_0__f_clk/X (sky130_fd_sc_hd__clkbuf_16)
                                                         clknet_1_0__leaf_clk (net)
                      0.028976    0.000092    0.275353 ^ _314_/CLK (sky130_fd_sc_hd__dfrtp_1)
     3    0.007697    0.082906    0.342044    0.617397 ^ _314_/Q (sky130_fd_sc_hd__dfrtp_1)
                                                         clk_counter[0] (net)
                      0.082906    0.000112    0.617508 ^ hold1/A (sky130_fd_sc_hd__dlygate4sd3_1)
     1    0.006620    0.086284    0.576372    1.193880 ^ hold1/X (sky130_fd_sc_hd__dlygate4sd3_1)
                                                         net41 (net)
                      0.086284    0.000279    1.194159 ^ _142_/A (sky130_fd_sc_hd__inv_2)
     3    0.009143    0.033901    0.049220    1.243379 v _142_/Y (sky130_fd_sc_hd__inv_2)
                                                         _000_ (net)
                      0.033904    0.000304    1.243683 v _174_/A (sky130_fd_sc_hd__or3_1)
     1    0.001987    0.059434    0.349488    1.593171 v _174_/X (sky130_fd_sc_hd__or3_1)
                                                         _097_ (net)
                      0.059434    0.000041    1.593212 v hold4/A (sky130_fd_sc_hd__dlygate4sd3_1)
     1    0.005805    0.067626    0.575264    2.168476 v hold4/X (sky130_fd_sc_hd__dlygate4sd3_1)
                                                         net44 (net)
                      0.067626    0.000168    2.168644 v _175_/B (sky130_fd_sc_hd__xnor2_1)
     1    0.003713    0.132999    0.148688    2.317332 ^ _175_/Y (sky130_fd_sc_hd__xnor2_1)
                                                         _033_ (net)
                      0.132999    0.000126    2.317459 ^ _272_/D (sky130_fd_sc_hd__dfstp_1)
                                              2.317459   data arrival time

                                 20.000000   20.000000   clock clk (rise edge)
                                  0.000000   20.000000   clock source latency
     1    0.011086    0.056310    0.037710   20.037710 ^ clk (in)
                                                         clk (net)
                      0.056318    0.000000   20.037710 ^ clkbuf_0_clk/A (sky130_fd_sc_hd__clkbuf_16)
     2    0.018355    0.040448    0.127862   20.165573 ^ clkbuf_0_clk/X (sky130_fd_sc_hd__clkbuf_16)
                                                         clknet_0_clk (net)
                      0.040449    0.000478   20.166050 ^ clkbuf_1_1__f_clk/A (sky130_fd_sc_hd__clkbuf_16)
     3    0.008476    0.032024    0.112736   20.278788 ^ clkbuf_1_1__f_clk/X (sky130_fd_sc_hd__clkbuf_16)
                                                         clknet_1_1__leaf_clk (net)
                      0.032024    0.000172   20.278959 ^ _272_/CLK (sky130_fd_sc_hd__dfstp_1)
                                 -0.250000   20.028961   clock uncertainty
                                  0.000000   20.028961   clock reconvergence pessimism
                                 -0.075411   19.953548   library setup time
                                             19.953548   data required time
---------------------------------------------------------------------------------------------
                                             19.953548   data required time
                                             -2.317459   data arrival time
---------------------------------------------------------------------------------------------
                                             17.636091   slack (MET)


Startpoint: _314_ (rising edge-triggered flip-flop clocked by clk)
Endpoint: _315_ (rising edge-triggered flip-flop clocked by clk)
Path Group: clk
Path Type: max

Fanout         Cap        Slew       Delay        Time   Description
---------------------------------------------------------------------------------------------
                                  0.000000    0.000000   clock clk (rise edge)
                                  0.000000    0.000000   clock source latency
     1    0.011086    0.056310    0.037711    0.037711 ^ clk (in)
                                                         clk (net)
                      0.056318    0.000000    0.037711 ^ clkbuf_0_clk/A (sky130_fd_sc_hd__clkbuf_16)
     2    0.018355    0.040448    0.127862    0.165572 ^ clkbuf_0_clk/X (sky130_fd_sc_hd__clkbuf_16)
                                                         clknet_0_clk (net)
                      0.040450    0.000546    0.166118 ^ clkbuf_1_0__f_clk/A (sky130_fd_sc_hd__clkbuf_16)
     2    0.005229    0.028975    0.109143    0.275261 ^ clkbuf_1_0__f_clk/X (sky130_fd_sc_hd__clkbuf_16)
                                                         clknet_1_0__leaf_clk (net)
                      0.028976    0.000092    0.275353 ^ _314_/CLK (sky130_fd_sc_hd__dfrtp_1)
     3    0.007697    0.082906    0.342044    0.617397 ^ _314_/Q (sky130_fd_sc_hd__dfrtp_1)
                                                         clk_counter[0] (net)
                      0.082906    0.000112    0.617508 ^ hold1/A (sky130_fd_sc_hd__dlygate4sd3_1)
     1    0.006620    0.086284    0.576372    1.193880 ^ hold1/X (sky130_fd_sc_hd__dlygate4sd3_1)
                                                         net41 (net)
                      0.086284    0.000279    1.194159 ^ _142_/A (sky130_fd_sc_hd__inv_2)
     3    0.009143    0.033901    0.049220    1.243379 v _142_/Y (sky130_fd_sc_hd__inv_2)
                                                         _000_ (net)
                      0.033905    0.000365    1.243744 v _190_/A1 (sky130_fd_sc_hd__o211a_1)
     1    0.003185    0.040425    0.213818    1.457562 v _190_/X (sky130_fd_sc_hd__o211a_1)
                                                         _001_ (net)
                      0.040425    0.000079    1.457641 v _315_/D (sky130_fd_sc_hd__dfrtp_1)
                                              1.457641   data arrival time

                                 20.000000   20.000000   clock clk (rise edge)
                                  0.000000   20.000000   clock source latency
     1    0.011086    0.056310    0.037710   20.037710 ^ clk (in)
                                                         clk (net)
                      0.056318    0.000000   20.037710 ^ clkbuf_0_clk/A (sky130_fd_sc_hd__clkbuf_16)
     2    0.018355    0.040448    0.127862   20.165573 ^ clkbuf_0_clk/X (sky130_fd_sc_hd__clkbuf_16)
                                                         clknet_0_clk (net)
                      0.040449    0.000478   20.166050 ^ clkbuf_1_1__f_clk/A (sky130_fd_sc_hd__clkbuf_16)
     3    0.008476    0.032024    0.112736   20.278788 ^ clkbuf_1_1__f_clk/X (sky130_fd_sc_hd__clkbuf_16)
                                                         clknet_1_1__leaf_clk (net)
                      0.032024    0.000169   20.278955 ^ _315_/CLK (sky130_fd_sc_hd__dfrtp_1)
                                 -0.250000   20.028957   clock uncertainty
                                  0.000000   20.028957   clock reconvergence pessimism
                                 -0.115245   19.913712   library setup time
                                             19.913712   data required time
---------------------------------------------------------------------------------------------
                                             19.913712   data required time
                                             -1.457641   data arrival time
---------------------------------------------------------------------------------------------
                                             18.456072   slack (MET)


Startpoint: _316_ (rising edge-triggered flip-flop clocked by clk)
Endpoint: _316_ (rising edge-triggered flip-flop clocked by clk)
Path Group: clk
Path Type: max

Fanout         Cap        Slew       Delay        Time   Description
---------------------------------------------------------------------------------------------
                                  0.000000    0.000000   clock clk (rise edge)
                                  0.000000    0.000000   clock source latency
     1    0.011086    0.056310    0.037711    0.037711 ^ clk (in)
                                                         clk (net)
                      0.056318    0.000000    0.037711 ^ clkbuf_0_clk/A (sky130_fd_sc_hd__clkbuf_16)
     2    0.018355    0.040448    0.127862    0.165572 ^ clkbuf_0_clk/X (sky130_fd_sc_hd__clkbuf_16)
                                                         clknet_0_clk (net)
                      0.040450    0.000546    0.166118 ^ clkbuf_1_0__f_clk/A (sky130_fd_sc_hd__clkbuf_16)
     2    0.005229    0.028975    0.109143    0.275261 ^ clkbuf_1_0__f_clk/X (sky130_fd_sc_hd__clkbuf_16)
                                                         clknet_1_0__leaf_clk (net)
                      0.028976    0.000132    0.275393 ^ _316_/CLK (sky130_fd_sc_hd__dfrtp_1)
     2    0.005317    0.050665    0.361418    0.636811 v _316_/Q (sky130_fd_sc_hd__dfrtp_1)
                                                         clk_counter[2] (net)
                      0.050665    0.000087    0.636898 v hold2/A (sky130_fd_sc_hd__dlygate4sd3_1)
     2    0.008898    0.081851    0.591504    1.228402 v hold2/X (sky130_fd_sc_hd__dlygate4sd3_1)
                                                         net42 (net)
                      0.081851    0.000180    1.228581 v _191_/A (sky130_fd_sc_hd__xnor2_1)
     1    0.002518    0.044439    0.133996    1.362577 v _191_/Y (sky130_fd_sc_hd__xnor2_1)
                                                         _002_ (net)
                      0.044439    0.000055    1.362632 v _316_/D (sky130_fd_sc_hd__dfrtp_1)
                                              1.362632   data arrival time

                                 20.000000   20.000000   clock clk (rise edge)
                                  0.000000   20.000000   clock source latency
     1    0.011086    0.056310    0.037710   20.037710 ^ clk (in)
                                                         clk (net)
                      0.056318    0.000000   20.037710 ^ clkbuf_0_clk/A (sky130_fd_sc_hd__clkbuf_16)
     2    0.018355    0.040448    0.127862   20.165573 ^ clkbuf_0_clk/X (sky130_fd_sc_hd__clkbuf_16)
                                                         clknet_0_clk (net)
                      0.040450    0.000545   20.166119 ^ clkbuf_1_0__f_clk/A (sky130_fd_sc_hd__clkbuf_16)
     2    0.005229    0.028975    0.109143   20.275261 ^ clkbuf_1_0__f_clk/X (sky130_fd_sc_hd__clkbuf_16)
                                                         clknet_1_0__leaf_clk (net)
                      0.028976    0.000131   20.275393 ^ _316_/CLK (sky130_fd_sc_hd__dfrtp_1)
                                 -0.250000   20.025393   clock uncertainty
                                  0.000000   20.025393   clock reconvergence pessimism
                                 -0.117695   19.907698   library setup time
                                             19.907698   data required time
---------------------------------------------------------------------------------------------
                                             19.907698   data required time
                                             -1.362632   data arrival time
---------------------------------------------------------------------------------------------
                                             18.545067   slack (MET)


Startpoint: _314_ (rising edge-triggered flip-flop clocked by clk)
Endpoint: _314_ (rising edge-triggered flip-flop clocked by clk)
Path Group: clk
Path Type: max

Fanout         Cap        Slew       Delay        Time   Description
---------------------------------------------------------------------------------------------
                                  0.000000    0.000000   clock clk (rise edge)
                                  0.000000    0.000000   clock source latency
     1    0.011086    0.056310    0.037711    0.037711 ^ clk (in)
                                                         clk (net)
                      0.056318    0.000000    0.037711 ^ clkbuf_0_clk/A (sky130_fd_sc_hd__clkbuf_16)
     2    0.018355    0.040448    0.127862    0.165572 ^ clkbuf_0_clk/X (sky130_fd_sc_hd__clkbuf_16)
                                                         clknet_0_clk (net)
                      0.040450    0.000546    0.166118 ^ clkbuf_1_0__f_clk/A (sky130_fd_sc_hd__clkbuf_16)
     2    0.005229    0.028975    0.109143    0.275261 ^ clkbuf_1_0__f_clk/X (sky130_fd_sc_hd__clkbuf_16)
                                                         clknet_1_0__leaf_clk (net)
                      0.028976    0.000092    0.275353 ^ _314_/CLK (sky130_fd_sc_hd__dfrtp_1)
     3    0.007267    0.060128    0.371907    0.647260 v _314_/Q (sky130_fd_sc_hd__dfrtp_1)
                                                         clk_counter[0] (net)
                      0.060128    0.000105    0.647364 v hold1/A (sky130_fd_sc_hd__dlygate4sd3_1)
     1    0.006254    0.069921    0.578460    1.225824 v hold1/X (sky130_fd_sc_hd__dlygate4sd3_1)
                                                         net41 (net)
                      0.069921    0.000261    1.226085 v _142_/A (sky130_fd_sc_hd__inv_2)
     3    0.009633    0.052770    0.072763    1.298848 ^ _142_/Y (sky130_fd_sc_hd__inv_2)
                                                         _000_ (net)
                      0.052771    0.000308    1.299156 ^ _314_/D (sky130_fd_sc_hd__dfrtp_1)
                                              1.299156   data arrival time

                                 20.000000   20.000000   clock clk (rise edge)
                                  0.000000   20.000000   clock source latency
     1    0.011086    0.056310    0.037710   20.037710 ^ clk (in)
                                                         clk (net)
                      0.056318    0.000000   20.037710 ^ clkbuf_0_clk/A (sky130_fd_sc_hd__clkbuf_16)
     2    0.018355    0.040448    0.127862   20.165573 ^ clkbuf_0_clk/X (sky130_fd_sc_hd__clkbuf_16)
                                                         clknet_0_clk (net)
                      0.040450    0.000545   20.166119 ^ clkbuf_1_0__f_clk/A (sky130_fd_sc_hd__clkbuf_16)
     2    0.005229    0.028975    0.109143   20.275261 ^ clkbuf_1_0__f_clk/X (sky130_fd_sc_hd__clkbuf_16)
                                                         clknet_1_0__leaf_clk (net)
                      0.028976    0.000092   20.275354 ^ _314_/CLK (sky130_fd_sc_hd__dfrtp_1)
                                 -0.250000   20.025354   clock uncertainty
                                  0.000000   20.025354   clock reconvergence pessimism
                                 -0.064036   19.961319   library setup time
                                             19.961319   data required time
---------------------------------------------------------------------------------------------
                                             19.961319   data required time
                                             -1.299156   data arrival time
---------------------------------------------------------------------------------------------
                                             18.662163   slack (MET)



%OL_END_REPORT
%OL_CREATE_REPORT checks.rpt

===========================================================================
report_checks -unconstrained
===========================================================================
======================= nom_tt_025C_1v80 Corner ===================================

Startpoint: rst (input port clocked by clk)
Endpoint: _272_ (recovery check against rising-edge clock clk)
Path Group: asynchronous
Path Type: max

Fanout         Cap        Slew       Delay        Time   Description
---------------------------------------------------------------------------------------------
                                  0.000000    0.000000   clock clk (rise edge)
                                  0.000000    0.000000   clock network delay (propagated)
                                  4.000000    4.000000 v input external delay
     1    0.003260    0.009702    0.005221    4.005221 v rst (in)
                                                         rst (net)
                      0.009702    0.000000    4.005221 v input17/A (sky130_fd_sc_hd__buf_1)
     2    0.010644    0.068064    0.107855    4.113076 v input17/X (sky130_fd_sc_hd__buf_1)
                                                         net17 (net)
                      0.068065    0.000311    4.113387 v fanout40/A (sky130_fd_sc_hd__clkbuf_4)
    10    0.044498    0.098043    0.208234    4.321620 v fanout40/X (sky130_fd_sc_hd__clkbuf_4)
                                                         net40 (net)
                      0.098066    0.001450    4.323071 v _256_/A (sky130_fd_sc_hd__inv_2)
     1    0.004220    0.038210    0.065226    4.388296 ^ _256_/Y (sky130_fd_sc_hd__inv_2)
                                                         _013_ (net)
                      0.038210    0.000107    4.388403 ^ _272_/SET_B (sky130_fd_sc_hd__dfstp_1)
                                              4.388403   data arrival time

                                 20.000000   20.000000   clock clk (rise edge)
                                  0.000000   20.000000   clock source latency
     1    0.011086    0.056310    0.037710   20.037710 ^ clk (in)
                                                         clk (net)
                      0.056318    0.000000   20.037710 ^ clkbuf_0_clk/A (sky130_fd_sc_hd__clkbuf_16)
     2    0.018355    0.040448    0.127862   20.165573 ^ clkbuf_0_clk/X (sky130_fd_sc_hd__clkbuf_16)
                                                         clknet_0_clk (net)
                      0.040449    0.000478   20.166050 ^ clkbuf_1_1__f_clk/A (sky130_fd_sc_hd__clkbuf_16)
     3    0.008476    0.032024    0.112736   20.278788 ^ clkbuf_1_1__f_clk/X (sky130_fd_sc_hd__clkbuf_16)
                                                         clknet_1_1__leaf_clk (net)
                      0.032024    0.000172   20.278959 ^ _272_/CLK (sky130_fd_sc_hd__dfstp_1)
                                 -0.250000   20.028961   clock uncertainty
                                  0.000000   20.028961   clock reconvergence pessimism
                                  0.134517   20.163477   library recovery time
                                             20.163477   data required time
---------------------------------------------------------------------------------------------
                                             20.163477   data required time
                                             -4.388403   data arrival time
---------------------------------------------------------------------------------------------
                                             15.775074   slack (MET)


Startpoint: rst (input port clocked by clk)
Endpoint: ready (output port clocked by clk)
Path Group: clk
Path Type: max

Fanout         Cap        Slew       Delay        Time   Description
---------------------------------------------------------------------------------------------
                                  0.000000    0.000000   clock clk (rise edge)
                                  0.000000    0.000000   clock network delay (propagated)
                                  4.000000    4.000000 ^ input external delay
     1    0.003436    0.022489    0.012557    4.012557 ^ rst (in)
                                                         rst (net)
                      0.022489    0.000000    4.012557 ^ input17/A (sky130_fd_sc_hd__buf_1)
     2    0.011254    0.138910    0.139569    4.152126 ^ input17/X (sky130_fd_sc_hd__buf_1)
                                                         net17 (net)
                      0.138911    0.000331    4.152457 ^ fanout40/A (sky130_fd_sc_hd__clkbuf_4)
    10    0.047589    0.149928    0.246548    4.399005 ^ fanout40/X (sky130_fd_sc_hd__clkbuf_4)
                                                         net40 (net)
                      0.149928    0.000565    4.399570 ^ _186_/A (sky130_fd_sc_hd__nor2_1)
     1    0.002043    0.040403    0.061480    4.461050 v _186_/Y (sky130_fd_sc_hd__nor2_1)
                                                         net27 (net)
                      0.040403    0.000043    4.461092 v output27/A (sky130_fd_sc_hd__buf_2)
     1    0.034647    0.090476    0.178618    4.639710 v output27/X (sky130_fd_sc_hd__buf_2)
                                                         ready (net)
                      0.090485    0.000920    4.640630 v ready (out)
                                              4.640630   data arrival time

                                 20.000000   20.000000   clock clk (rise edge)
                                  0.000000   20.000000   clock network delay (propagated)
                                 -0.250000   19.750002   clock uncertainty
                                  0.000000   19.750002   clock reconvergence pessimism
                                 -4.000000   15.750001   output external delay
                                             15.750001   data required time
---------------------------------------------------------------------------------------------
                                             15.750001   data required time
                                             -4.640630   data arrival time
---------------------------------------------------------------------------------------------
                                             11.109371   slack (MET)




===========================================================================
report_checks --slack_max -0.01
============================================================================
======================= nom_tt_025C_1v80 Corner ===================================

No paths found.


===========================================================================
 report_check_types -max_slew -max_cap -max_fanout -violators
============================================================================
======================= nom_tt_025C_1v80 Corner ===================================



===========================================================================
report_parasitic_annotation -report_unannotated
============================================================================
Found 1 unannotated drivers.
 clkload0/X
Found 2 partially unannotated drivers.
 i2c_scl
 i2c_sda

===========================================================================
max slew violation count 0
Writing metric design__max_slew_violation__count__corner:nom_tt_025C_1v80: 0
max fanout violation count 0
Writing metric design__max_fanout_violation__count__corner:nom_tt_025C_1v80: 0
max cap violation count 0
Writing metric design__max_cap_violation__count__corner:nom_tt_025C_1v80: 0
============================================================================

===========================================================================
check_setup -verbose -unconstrained_endpoints -multiple_clock -no_clock -no_input_delay -loops -generated_clocks
===========================================================================
Warning: There are 41 unclocked register/latch pins.
  _273_/CLK
  _274_/CLK
  _275_/CLK
  _276_/CLK
  _277_/CLK
  _278_/CLK
  _279_/CLK
  _280_/CLK
  _281_/CLK
  _282_/CLK
  _283_/CLK
  _284_/CLK
  _285_/CLK
  _286_/CLK
  _287_/CLK
  _288_/CLK
  _289_/CLK
  _290_/CLK
  _291_/CLK
  _292_/CLK
  _293_/CLK
  _294_/CLK
  _295_/CLK
  _296_/CLK
  _297_/CLK
  _298_/CLK
  _299_/CLK
  _300_/CLK
  _301_/CLK
  _302_/CLK
  _303_/CLK
  _304_/CLK
  _305_/CLK
  _306_/CLK
  _307_/CLK
  _308_/CLK
  _309_/CLK
  _310_/CLK
  _311_/CLK
  _312_/CLK
  _313_/CLK
Warning: There are 50 unconstrained endpoints.
  data_out[0]
  data_out[1]
  data_out[2]
  data_out[3]
  data_out[4]
  data_out[5]
  data_out[6]
  data_out[7]
  i2c_sda
  _273_/D
  _274_/D
  _275_/D
  _276_/D
  _277_/D
  _278_/D
  _279_/D
  _280_/D
  _281_/D
  _282_/D
  _283_/D
  _284_/D
  _285_/D
  _286_/D
  _287_/D
  _288_/D
  _289_/D
  _290_/D
  _291_/D
  _292_/D
  _293_/D
  _294_/D
  _295_/D
  _296_/D
  _297_/D
  _298_/D
  _299_/D
  _300_/D
  _301_/D
  _302_/D
  _303_/D
  _304_/D
  _305_/D
  _306_/D
  _307_/D
  _308_/D
  _309_/D
  _310_/D
  _311_/D
  _312_/D
  _313_/D
%OL_END_REPORT
%OL_CREATE_REPORT power.rpt

===========================================================================
 report_power
============================================================================
======================= nom_tt_025C_1v80 Corner ===================================

Group                    Internal    Switching      Leakage        Total
                            Power        Power        Power        Power (Watts)
------------------------------------------------------------------------
Sequential           1.633979e-05 2.315314e-05 4.428313e-10 3.949337e-05  35.6%
Combinational        2.268997e-05 1.602451e-05 6.231062e-10 3.871510e-05  34.9%
Clock                2.754270e-05 5.193792e-06 2.035719e-10 3.273670e-05  29.5%
Macro                0.000000e+00 0.000000e+00 0.000000e+00 0.000000e+00   0.0%
Pad                  0.000000e+00 0.000000e+00 0.000000e+00 0.000000e+00   0.0%
------------------------------------------------------------------------
Total                6.657247e-05 4.437143e-05 1.269513e-09 1.109452e-04 100.0%
                            60.0%        40.0%         0.0%
Writing metric power__internal__total: 6.6572472860571e-5
Writing metric power__switching__total: 4.437143434188329e-5
Writing metric power__leakage__total: 1.2695129392170657e-9
Writing metric power__total: 0.00011094516958110034

%OL_END_REPORT
%OL_CREATE_REPORT skew.min.rpt

===========================================================================
Clock Skew (Hold)
============================================================================
Writing metric clock__skew__worst_hold__corner:nom_tt_025C_1v80: -0.2536054493744393
======================= nom_tt_025C_1v80 Corner ===================================

Clock clk
0.275353 source latency _314_/CLK ^
-0.278958 target latency _272_/CLK ^
-0.250000 clock uncertainty
0.000000 CRPR
--------------
-0.253605 hold skew

%OL_END_REPORT
%OL_CREATE_REPORT skew.max.rpt

===========================================================================
Clock Skew (Setup)
============================================================================
Writing metric clock__skew__worst_setup__corner:nom_tt_025C_1v80: 0.25356373274310917
======================= nom_tt_025C_1v80 Corner ===================================

Clock clk
0.278956 source latency _315_/CLK ^
-0.275393 target latency _316_/CLK ^
0.250000 clock uncertainty
0.000000 CRPR
--------------
0.253564 setup skew

%OL_END_REPORT
%OL_CREATE_REPORT ws.min.rpt

===========================================================================
Worst Slack (Hold)
============================================================================
Writing metric timing__hold__ws__corner:nom_tt_025C_1v80: 0.3394029042769012
nom_tt_025C_1v80: 0.3394029042769012
%OL_END_REPORT
%OL_CREATE_REPORT ws.max.rpt

===========================================================================
Worst Slack (Setup)
============================================================================
Writing metric timing__setup__ws__corner:nom_tt_025C_1v80: 11.109371514940438
nom_tt_025C_1v80: 11.109371514940438
%OL_END_REPORT
%OL_CREATE_REPORT tns.min.rpt

===========================================================================
Total Negative Slack (Hold)
============================================================================
Writing metric timing__hold__tns__corner:nom_tt_025C_1v80: 0.0
nom_tt_025C_1v80: 0.0
%OL_END_REPORT
%OL_CREATE_REPORT tns.max.rpt

===========================================================================
Total Negative Slack (Setup)
============================================================================
Writing metric timing__setup__tns__corner:nom_tt_025C_1v80: 0.0
nom_tt_025C_1v80: 0.0
%OL_END_REPORT
%OL_CREATE_REPORT wns.min.rpt

===========================================================================
Worst Negative Slack (Hold)
============================================================================
Writing metric timing__hold__wns__corner:nom_tt_025C_1v80: 0
nom_tt_025C_1v80: 0
%OL_END_REPORT
%OL_CREATE_REPORT wns.max.rpt

===========================================================================
Worst Negative Slack (Setup)
============================================================================
Writing metric timing__setup__wns__corner:nom_tt_025C_1v80: 0.0
nom_tt_025C_1v80: 0.0
%OL_END_REPORT
%OL_CREATE_REPORT violator_list.rpt

===========================================================================
Violator List
============================================================================
Writing metric timing__hold_vio__count__corner:nom_tt_025C_1v80: 0
Writing metric timing__hold_r2r__ws__corner:nom_tt_025C_1v80: 0.339403
Writing metric timing__hold_r2r_vio__count__corner:nom_tt_025C_1v80: 0
Writing metric timing__setup_vio__count__corner:nom_tt_025C_1v80: 0
Writing metric timing__setup_r2r__ws__corner:nom_tt_025C_1v80: 17.636091
Writing metric timing__setup_r2r_vio__count__corner:nom_tt_025C_1v80: 0
%OL_END_REPORT
%OL_CREATE_REPORT unpropagated.rpt
%OL_END_REPORT
%OL_CREATE_REPORT clock.rpt
Clock: clk
Sources: clk 
Generated: no
Virtual: yes
Propagated: no
Period: 20.000000

===========================================================================
report_clock_properties
============================================================================
Clock                   Period          Waveform
----------------------------------------------------
clk                  20.000000    0.000000 10.000000

===========================================================================
report_clock_latency
============================================================================
Clock clk
rise -> rise
    min     max
0.000000 0.000000 source latency
0.275353         network latency _314_/CLK
        1.167030 network latency _304_/CLK
---------------
0.275353 1.167030 latency
        0.891677 skew

rise -> fall
    min     max
0.000000 0.000000 source latency
0.771518         network latency _293_/CLK
        1.236180 network latency _295_/CLK
---------------
0.771518 1.236180 latency
        0.464662 skew

fall -> fall
    min     max
0.000000 0.000000 source latency
0.280718         network latency _314_/CLK
        0.283824 network latency _272_/CLK
---------------
0.280718 0.283824 latency
        0.003106 skew



===========================================================================
report_clock_min_period
============================================================================
clk period_min = 2.36 fmax = 423.03
%OL_END_REPORT
