Clock: clk
Sources: clk 
Generated: no
Virtual: yes
Propagated: no
Period: 20.000000

===========================================================================
report_clock_properties
============================================================================
Clock                   Period          Waveform
----------------------------------------------------
clk                  20.000000    0.000000 10.000000

===========================================================================
report_clock_latency
============================================================================
Clock clk
rise -> rise
    min     max
0.000000 0.000000 source latency
0.272608         network latency _314_/CLK
        1.198604 network latency _294_/CLK
---------------
0.272608 1.198604 latency
        0.925995 skew

rise -> fall
    min     max
0.000000 0.000000 source latency
0.785362         network latency _293_/CLK
        1.260276 network latency _295_/CLK
---------------
0.785362 1.260276 latency
        0.474913 skew

fall -> fall
    min     max
0.000000 0.000000 source latency
0.279258         network latency _314_/CLK
        0.283268 network latency _315_/CLK
---------------
0.279258 0.283268 latency
        0.004010 skew



===========================================================================
report_clock_min_period
============================================================================
clk period_min = 2.36 fmax = 423.49
