
===========================================================================
report_checks -path_delay max (Setup)
============================================================================
======================= nom_tt_025C_1v80 Corner ===================================

Startpoint: rst (input port clocked by clk)
Endpoint: ready (output port clocked by clk)
Path Group: clk
Path Type: max

Fanout         Cap        Slew       Delay        Time   Description
---------------------------------------------------------------------------------------------
                                  0.000000    0.000000   clock clk (rise edge)
                                  0.000000    0.000000   clock network delay (propagated)
                                  4.000000    4.000000 ^ input external delay
     1    0.002816    0.019801    0.010375    4.010375 ^ rst (in)
                                                         rst (net)
                      0.019801    0.000000    4.010375 ^ input17/A (sky130_fd_sc_hd__buf_1)
     2    0.014564    0.176494    0.164663    4.175038 ^ input17/X (sky130_fd_sc_hd__buf_1)
                                                         net17 (net)
                      0.176495    0.000352    4.175390 ^ fanout40/A (sky130_fd_sc_hd__clkbuf_4)
    10    0.051907    0.161037    0.267963    4.443353 ^ fanout40/X (sky130_fd_sc_hd__clkbuf_4)
                                                         net40 (net)
                      0.161040    0.001043    4.444396 ^ _186_/A (sky130_fd_sc_hd__nor2_1)
     1    0.002162    0.042600    0.063763    4.508160 v _186_/Y (sky130_fd_sc_hd__nor2_1)
                                                         net27 (net)
                      0.042601    0.000060    4.508220 v output27/A (sky130_fd_sc_hd__buf_2)
     1    0.034164    0.089331    0.178833    4.687054 v output27/X (sky130_fd_sc_hd__buf_2)
                                                         ready (net)
                      0.089336    0.000706    4.687759 v ready (out)
                                              4.687759   data arrival time

                                 20.000000   20.000000   clock clk (rise edge)
                                  0.000000   20.000000   clock network delay (propagated)
                                 -0.250000   19.750002   clock uncertainty
                                  0.000000   19.750002   clock reconvergence pessimism
                                 -4.000000   15.750001   output external delay
                                             15.750001   data required time
---------------------------------------------------------------------------------------------
                                             15.750001   data required time
                                             -4.687759   data arrival time
---------------------------------------------------------------------------------------------
                                             11.062242   slack (MET)


Startpoint: _272_ (rising edge-triggered flip-flop clocked by clk)
Endpoint: i2c_scl (output port clocked by clk)
Path Group: clk
Path Type: max

Fanout         Cap        Slew       Delay        Time   Description
---------------------------------------------------------------------------------------------
                                  0.000000    0.000000   clock clk (rise edge)
                                  0.000000    0.000000   clock source latency
     1    0.010495    0.053652    0.035689    0.035689 ^ clk (in)
                                                         clk (net)
                      0.053655    0.000000    0.035689 ^ clkbuf_0_clk/A (sky130_fd_sc_hd__clkbuf_16)
     2    0.019016    0.041005    0.127534    0.163223 ^ clkbuf_0_clk/X (sky130_fd_sc_hd__clkbuf_16)
                                                         clknet_0_clk (net)
                      0.041006    0.000405    0.163628 ^ clkbuf_1_1__f_clk/A (sky130_fd_sc_hd__clkbuf_16)
     3    0.008958    0.032442    0.113392    0.277020 ^ clkbuf_1_1__f_clk/X (sky130_fd_sc_hd__clkbuf_16)
                                                         clknet_1_1__leaf_clk (net)
                      0.032442    0.000219    0.277238 ^ _272_/CLK (sky130_fd_sc_hd__dfstp_1)
     1    0.003437    0.049207    0.492397    0.769635 ^ _272_/Q (sky130_fd_sc_hd__dfstp_1)
                                                         i2c_clk (net)
                      0.049207    0.000102    0.769737 ^ fanout38/A (sky130_fd_sc_hd__clkbuf_2)
     7    0.028902    0.161071    0.188075    0.957813 ^ fanout38/X (sky130_fd_sc_hd__clkbuf_2)
                                                         net38 (net)
                      0.161079    0.000904    0.958717 ^ fanout34/A (sky130_fd_sc_hd__buf_2)
    10    0.033023    0.164927    0.232675    1.191392 ^ fanout34/X (sky130_fd_sc_hd__buf_2)
                                                         net34 (net)
                      0.164929    0.000855    1.192247 ^ _138_/A (sky130_fd_sc_hd__inv_2)
     2    0.010484    0.051825    0.067875    1.260122 v _138_/Y (sky130_fd_sc_hd__inv_2)
                                                         _025_ (net)
                      0.051825    0.000192    1.260314 v _187_/A (sky130_fd_sc_hd__nand2_4)
     1    0.034914    0.116599    0.111647    1.371961 ^ _187_/Y (sky130_fd_sc_hd__nand2_4)
                                                         i2c_scl (net)
     0    0.034914    0.116611    0.000933    1.372893 ^ i2c_scl (inout)
                                                         i2c_scl (net)
                                              1.372893   data arrival time

                                 20.000000   20.000000   clock clk (rise edge)
                                  0.000000   20.000000   clock network delay (propagated)
                                 -0.250000   19.750002   clock uncertainty
                                  0.000000   19.750002   clock reconvergence pessimism
                                 -4.000000   15.750001   output external delay
                                             15.750001   data required time
---------------------------------------------------------------------------------------------
                                             15.750001   data required time
                                             -1.372893   data arrival time
---------------------------------------------------------------------------------------------
                                             14.377107   slack (MET)


Startpoint: rst (input port clocked by clk)
Endpoint: _272_ (recovery check against rising-edge clock clk)
Path Group: asynchronous
Path Type: max

Fanout         Cap        Slew       Delay        Time   Description
---------------------------------------------------------------------------------------------
                                  0.000000    0.000000   clock clk (rise edge)
                                  0.000000    0.000000   clock network delay (propagated)
                                  4.000000    4.000000 v input external delay
     1    0.002640    0.008254    0.004166    4.004166 v rst (in)
                                                         rst (net)
                      0.008254    0.000000    4.004166 v input17/A (sky130_fd_sc_hd__buf_1)
     2    0.013954    0.086443    0.121220    4.125386 v input17/X (sky130_fd_sc_hd__buf_1)
                                                         net17 (net)
                      0.086443    0.000334    4.125720 v fanout40/A (sky130_fd_sc_hd__clkbuf_4)
    10    0.048816    0.105901    0.222902    4.348621 v fanout40/X (sky130_fd_sc_hd__clkbuf_4)
                                                         net40 (net)
                      0.105942    0.001925    4.350546 v _256_/A (sky130_fd_sc_hd__inv_2)
     1    0.004121    0.039509    0.067584    4.418130 ^ _256_/Y (sky130_fd_sc_hd__inv_2)
                                                         _013_ (net)
                      0.039509    0.000089    4.418219 ^ _272_/SET_B (sky130_fd_sc_hd__dfstp_1)
                                              4.418219   data arrival time

                                 20.000000   20.000000   clock clk (rise edge)
                                  0.000000   20.000000   clock source latency
     1    0.010495    0.053652    0.035689   20.035688 ^ clk (in)
                                                         clk (net)
                      0.053655    0.000000   20.035688 ^ clkbuf_0_clk/A (sky130_fd_sc_hd__clkbuf_16)
     2    0.019016    0.041005    0.127535   20.163225 ^ clkbuf_0_clk/X (sky130_fd_sc_hd__clkbuf_16)
                                                         clknet_0_clk (net)
                      0.041006    0.000403   20.163628 ^ clkbuf_1_1__f_clk/A (sky130_fd_sc_hd__clkbuf_16)
     3    0.008958    0.032442    0.113392   20.277020 ^ clkbuf_1_1__f_clk/X (sky130_fd_sc_hd__clkbuf_16)
                                                         clknet_1_1__leaf_clk (net)
                      0.032442    0.000218   20.277239 ^ _272_/CLK (sky130_fd_sc_hd__dfstp_1)
                                 -0.250000   20.027239   clock uncertainty
                                  0.000000   20.027239   clock reconvergence pessimism
                                  0.134509   20.161749   library recovery time
                                             20.161749   data required time
---------------------------------------------------------------------------------------------
                                             20.161749   data required time
                                             -4.418219   data arrival time
---------------------------------------------------------------------------------------------
                                             15.743529   slack (MET)


Startpoint: rst (input port clocked by clk)
Endpoint: _316_ (recovery check against rising-edge clock clk)
Path Group: asynchronous
Path Type: max

Fanout         Cap        Slew       Delay        Time   Description
---------------------------------------------------------------------------------------------
                                  0.000000    0.000000   clock clk (rise edge)
                                  0.000000    0.000000   clock network delay (propagated)
                                  4.000000    4.000000 v input external delay
     1    0.002640    0.008254    0.004166    4.004166 v rst (in)
                                                         rst (net)
                      0.008254    0.000000    4.004166 v input17/A (sky130_fd_sc_hd__buf_1)
     2    0.013954    0.086443    0.121220    4.125386 v input17/X (sky130_fd_sc_hd__buf_1)
                                                         net17 (net)
                      0.086443    0.000334    4.125720 v fanout40/A (sky130_fd_sc_hd__clkbuf_4)
    10    0.048816    0.105901    0.222902    4.348621 v fanout40/X (sky130_fd_sc_hd__clkbuf_4)
                                                         net40 (net)
                      0.105929    0.001630    4.350251 v _271_/A (sky130_fd_sc_hd__inv_2)
     1    0.006186    0.046140    0.075521    4.425773 ^ _271_/Y (sky130_fd_sc_hd__inv_2)
                                                         _032_ (net)
                      0.046140    0.000178    4.425951 ^ _316_/RESET_B (sky130_fd_sc_hd__dfrtp_1)
                                              4.425951   data arrival time

                                 20.000000   20.000000   clock clk (rise edge)
                                  0.000000   20.000000   clock source latency
     1    0.010495    0.053652    0.035689   20.035688 ^ clk (in)
                                                         clk (net)
                      0.053655    0.000000   20.035688 ^ clkbuf_0_clk/A (sky130_fd_sc_hd__clkbuf_16)
     2    0.019016    0.041005    0.127535   20.163225 ^ clkbuf_0_clk/X (sky130_fd_sc_hd__clkbuf_16)
                                                         clknet_0_clk (net)
                      0.041006    0.000462   20.163687 ^ clkbuf_1_0__f_clk/A (sky130_fd_sc_hd__clkbuf_16)
     2    0.004795    0.028577    0.108823   20.272511 ^ clkbuf_1_0__f_clk/X (sky130_fd_sc_hd__clkbuf_16)
                                                         clknet_1_0__leaf_clk (net)
                      0.028577    0.000124   20.272635 ^ _316_/CLK (sky130_fd_sc_hd__dfrtp_1)
                                 -0.250000   20.022635   clock uncertainty
                                  0.000000   20.022635   clock reconvergence pessimism
                                  0.225001   20.247635   library recovery time
                                             20.247635   data required time
---------------------------------------------------------------------------------------------
                                             20.247635   data required time
                                             -4.425951   data arrival time
---------------------------------------------------------------------------------------------
                                             15.821684   slack (MET)


Startpoint: rst (input port clocked by clk)
Endpoint: _314_ (recovery check against rising-edge clock clk)
Path Group: asynchronous
Path Type: max

Fanout         Cap        Slew       Delay        Time   Description
---------------------------------------------------------------------------------------------
                                  0.000000    0.000000   clock clk (rise edge)
                                  0.000000    0.000000   clock network delay (propagated)
                                  4.000000    4.000000 v input external delay
     1    0.002640    0.008254    0.004166    4.004166 v rst (in)
                                                         rst (net)
                      0.008254    0.000000    4.004166 v input17/A (sky130_fd_sc_hd__buf_1)
     2    0.013954    0.086443    0.121220    4.125386 v input17/X (sky130_fd_sc_hd__buf_1)
                                                         net17 (net)
                      0.086443    0.000334    4.125720 v fanout40/A (sky130_fd_sc_hd__clkbuf_4)
    10    0.048816    0.105901    0.222902    4.348621 v fanout40/X (sky130_fd_sc_hd__clkbuf_4)
                                                         net40 (net)
                      0.105938    0.001852    4.350474 v _269_/A (sky130_fd_sc_hd__inv_2)
     1    0.004976    0.042411    0.071127    4.421600 ^ _269_/Y (sky130_fd_sc_hd__inv_2)
                                                         _030_ (net)
                      0.042411    0.000124    4.421725 ^ _314_/RESET_B (sky130_fd_sc_hd__dfrtp_1)
                                              4.421725   data arrival time

                                 20.000000   20.000000   clock clk (rise edge)
                                  0.000000   20.000000   clock source latency
     1    0.010495    0.053652    0.035689   20.035688 ^ clk (in)
                                                         clk (net)
                      0.053655    0.000000   20.035688 ^ clkbuf_0_clk/A (sky130_fd_sc_hd__clkbuf_16)
     2    0.019016    0.041005    0.127535   20.163225 ^ clkbuf_0_clk/X (sky130_fd_sc_hd__clkbuf_16)
                                                         clknet_0_clk (net)
                      0.041006    0.000462   20.163687 ^ clkbuf_1_0__f_clk/A (sky130_fd_sc_hd__clkbuf_16)
     2    0.004795    0.028577    0.108823   20.272511 ^ clkbuf_1_0__f_clk/X (sky130_fd_sc_hd__clkbuf_16)
                                                         clknet_1_0__leaf_clk (net)
                      0.028577    0.000099   20.272610 ^ _314_/CLK (sky130_fd_sc_hd__dfrtp_1)
                                 -0.250000   20.022610   clock uncertainty
                                  0.000000   20.022610   clock reconvergence pessimism
                                  0.225969   20.248579   library recovery time
                                             20.248579   data required time
---------------------------------------------------------------------------------------------
                                             20.248579   data required time
                                             -4.421725   data arrival time
---------------------------------------------------------------------------------------------
                                             15.826853   slack (MET)


Startpoint: rst (input port clocked by clk)
Endpoint: _315_ (recovery check against rising-edge clock clk)
Path Group: asynchronous
Path Type: max

Fanout         Cap        Slew       Delay        Time   Description
---------------------------------------------------------------------------------------------
                                  0.000000    0.000000   clock clk (rise edge)
                                  0.000000    0.000000   clock network delay (propagated)
                                  4.000000    4.000000 v input external delay
     1    0.002640    0.008254    0.004166    4.004166 v rst (in)
                                                         rst (net)
                      0.008254    0.000000    4.004166 v input17/A (sky130_fd_sc_hd__buf_1)
     2    0.013954    0.086443    0.121220    4.125386 v input17/X (sky130_fd_sc_hd__buf_1)
                                                         net17 (net)
                      0.086443    0.000334    4.125720 v fanout40/A (sky130_fd_sc_hd__clkbuf_4)
    10    0.048816    0.105901    0.222902    4.348621 v fanout40/X (sky130_fd_sc_hd__clkbuf_4)
                                                         net40 (net)
                      0.105942    0.001918    4.350540 v _270_/A (sky130_fd_sc_hd__inv_2)
     1    0.004539    0.041080    0.069542    4.420082 ^ _270_/Y (sky130_fd_sc_hd__inv_2)
                                                         _031_ (net)
                      0.041080    0.000102    4.420184 ^ _315_/RESET_B (sky130_fd_sc_hd__dfrtp_1)
                                              4.420184   data arrival time

                                 20.000000   20.000000   clock clk (rise edge)
                                  0.000000   20.000000   clock source latency
     1    0.010495    0.053652    0.035689   20.035688 ^ clk (in)
                                                         clk (net)
                      0.053655    0.000000   20.035688 ^ clkbuf_0_clk/A (sky130_fd_sc_hd__clkbuf_16)
     2    0.019016    0.041005    0.127535   20.163225 ^ clkbuf_0_clk/X (sky130_fd_sc_hd__clkbuf_16)
                                                         clknet_0_clk (net)
                      0.041006    0.000403   20.163628 ^ clkbuf_1_1__f_clk/A (sky130_fd_sc_hd__clkbuf_16)
     3    0.008958    0.032442    0.113392   20.277020 ^ clkbuf_1_1__f_clk/X (sky130_fd_sc_hd__clkbuf_16)
                                                         clknet_1_1__leaf_clk (net)
                      0.032442    0.000222   20.277243 ^ _315_/CLK (sky130_fd_sc_hd__dfrtp_1)
                                 -0.250000   20.027243   clock uncertainty
                                  0.000000   20.027243   clock reconvergence pessimism
                                  0.227499   20.254742   library recovery time
                                             20.254742   data required time
---------------------------------------------------------------------------------------------
                                             20.254742   data required time
                                             -4.420184   data arrival time
---------------------------------------------------------------------------------------------
                                             15.834559   slack (MET)


Startpoint: _314_ (rising edge-triggered flip-flop clocked by clk)
Endpoint: _272_ (rising edge-triggered flip-flop clocked by clk)
Path Group: clk
Path Type: max

Fanout         Cap        Slew       Delay        Time   Description
---------------------------------------------------------------------------------------------
                                  0.000000    0.000000   clock clk (rise edge)
                                  0.000000    0.000000   clock source latency
     1    0.010495    0.053652    0.035689    0.035689 ^ clk (in)
                                                         clk (net)
                      0.053655    0.000000    0.035689 ^ clkbuf_0_clk/A (sky130_fd_sc_hd__clkbuf_16)
     2    0.019016    0.041005    0.127534    0.163223 ^ clkbuf_0_clk/X (sky130_fd_sc_hd__clkbuf_16)
                                                         clknet_0_clk (net)
                      0.041006    0.000462    0.163685 ^ clkbuf_1_0__f_clk/A (sky130_fd_sc_hd__clkbuf_16)
     2    0.004795    0.028577    0.108825    0.272510 ^ clkbuf_1_0__f_clk/X (sky130_fd_sc_hd__clkbuf_16)
                                                         clknet_1_0__leaf_clk (net)
                      0.028577    0.000098    0.272608 ^ _314_/CLK (sky130_fd_sc_hd__dfrtp_1)
     3    0.008689    0.090433    0.348561    0.621169 ^ _314_/Q (sky130_fd_sc_hd__dfrtp_1)
                                                         clk_counter[0] (net)
                      0.090433    0.000158    0.621327 ^ hold1/A (sky130_fd_sc_hd__dlygate4sd3_1)
     1    0.005140    0.073300    0.567206    1.188533 ^ hold1/X (sky130_fd_sc_hd__dlygate4sd3_1)
                                                         net41 (net)
                      0.073300    0.000154    1.188687 ^ _142_/A (sky130_fd_sc_hd__inv_2)
     3    0.009785    0.032472    0.047601    1.236288 v _142_/Y (sky130_fd_sc_hd__inv_2)
                                                         _000_ (net)
                      0.032473    0.000226    1.236514 v _174_/A (sky130_fd_sc_hd__or3_1)
     1    0.002152    0.060398    0.350862    1.587376 v _174_/X (sky130_fd_sc_hd__or3_1)
                                                         _097_ (net)
                      0.060398    0.000063    1.587439 v hold4/A (sky130_fd_sc_hd__dlygate4sd3_1)
     1    0.004794    0.062823    0.569139    2.156578 v hold4/X (sky130_fd_sc_hd__dlygate4sd3_1)
                                                         net44 (net)
                      0.062823    0.000096    2.156674 v _175_/B (sky130_fd_sc_hd__xnor2_1)
     1    0.004210    0.142420    0.154361    2.311035 ^ _175_/Y (sky130_fd_sc_hd__xnor2_1)
                                                         _033_ (net)
                      0.142420    0.000169    2.311204 ^ _272_/D (sky130_fd_sc_hd__dfstp_1)
                                              2.311204   data arrival time

                                 20.000000   20.000000   clock clk (rise edge)
                                  0.000000   20.000000   clock source latency
     1    0.010495    0.053652    0.035689   20.035688 ^ clk (in)
                                                         clk (net)
                      0.053655    0.000000   20.035688 ^ clkbuf_0_clk/A (sky130_fd_sc_hd__clkbuf_16)
     2    0.019016    0.041005    0.127535   20.163225 ^ clkbuf_0_clk/X (sky130_fd_sc_hd__clkbuf_16)
                                                         clknet_0_clk (net)
                      0.041006    0.000403   20.163628 ^ clkbuf_1_1__f_clk/A (sky130_fd_sc_hd__clkbuf_16)
     3    0.008958    0.032442    0.113392   20.277020 ^ clkbuf_1_1__f_clk/X (sky130_fd_sc_hd__clkbuf_16)
                                                         clknet_1_1__leaf_clk (net)
                      0.032442    0.000218   20.277239 ^ _272_/CLK (sky130_fd_sc_hd__dfstp_1)
                                 -0.250000   20.027239   clock uncertainty
                                  0.000000   20.027239   clock reconvergence pessimism
                                 -0.077374   19.949867   library setup time
                                             19.949867   data required time
---------------------------------------------------------------------------------------------
                                             19.949867   data required time
                                             -2.311204   data arrival time
---------------------------------------------------------------------------------------------
                                             17.638662   slack (MET)


Startpoint: _316_ (rising edge-triggered flip-flop clocked by clk)
Endpoint: _315_ (rising edge-triggered flip-flop clocked by clk)
Path Group: clk
Path Type: max

Fanout         Cap        Slew       Delay        Time   Description
---------------------------------------------------------------------------------------------
                                  0.000000    0.000000   clock clk (rise edge)
                                  0.000000    0.000000   clock source latency
     1    0.010495    0.053652    0.035689    0.035689 ^ clk (in)
                                                         clk (net)
                      0.053655    0.000000    0.035689 ^ clkbuf_0_clk/A (sky130_fd_sc_hd__clkbuf_16)
     2    0.019016    0.041005    0.127534    0.163223 ^ clkbuf_0_clk/X (sky130_fd_sc_hd__clkbuf_16)
                                                         clknet_0_clk (net)
                      0.041006    0.000462    0.163685 ^ clkbuf_1_0__f_clk/A (sky130_fd_sc_hd__clkbuf_16)
     2    0.004795    0.028577    0.108825    0.272510 ^ clkbuf_1_0__f_clk/X (sky130_fd_sc_hd__clkbuf_16)
                                                         clknet_1_0__leaf_clk (net)
                      0.028577    0.000123    0.272633 ^ _316_/CLK (sky130_fd_sc_hd__dfrtp_1)
     2    0.006436    0.055981    0.367252    0.639885 v _316_/Q (sky130_fd_sc_hd__dfrtp_1)
                                                         clk_counter[2] (net)
                      0.055981    0.000170    0.640055 v hold2/A (sky130_fd_sc_hd__dlygate4sd3_1)
     2    0.009429    0.084085    0.596199    1.236254 v hold2/X (sky130_fd_sc_hd__dlygate4sd3_1)
                                                         net42 (net)
                      0.084085    0.000184    1.236438 v _190_/A2 (sky130_fd_sc_hd__o211a_1)
     1    0.004350    0.045593    0.223315    1.459753 v _190_/X (sky130_fd_sc_hd__o211a_1)
                                                         _001_ (net)
                      0.045593    0.000139    1.459892 v _315_/D (sky130_fd_sc_hd__dfrtp_1)
                                              1.459892   data arrival time

                                 20.000000   20.000000   clock clk (rise edge)
                                  0.000000   20.000000   clock source latency
     1    0.010495    0.053652    0.035689   20.035688 ^ clk (in)
                                                         clk (net)
                      0.053655    0.000000   20.035688 ^ clkbuf_0_clk/A (sky130_fd_sc_hd__clkbuf_16)
     2    0.019016    0.041005    0.127535   20.163225 ^ clkbuf_0_clk/X (sky130_fd_sc_hd__clkbuf_16)
                                                         clknet_0_clk (net)
                      0.041006    0.000403   20.163628 ^ clkbuf_1_1__f_clk/A (sky130_fd_sc_hd__clkbuf_16)
     3    0.008958    0.032442    0.113392   20.277020 ^ clkbuf_1_1__f_clk/X (sky130_fd_sc_hd__clkbuf_16)
                                                         clknet_1_1__leaf_clk (net)
                      0.032442    0.000222   20.277243 ^ _315_/CLK (sky130_fd_sc_hd__dfrtp_1)
                                 -0.250000   20.027243   clock uncertainty
                                  0.000000   20.027243   clock reconvergence pessimism
                                 -0.117406   19.909836   library setup time
                                             19.909836   data required time
---------------------------------------------------------------------------------------------
                                             19.909836   data required time
                                             -1.459892   data arrival time
---------------------------------------------------------------------------------------------
                                             18.449944   slack (MET)


Startpoint: _316_ (rising edge-triggered flip-flop clocked by clk)
Endpoint: _316_ (rising edge-triggered flip-flop clocked by clk)
Path Group: clk
Path Type: max

Fanout         Cap        Slew       Delay        Time   Description
---------------------------------------------------------------------------------------------
                                  0.000000    0.000000   clock clk (rise edge)
                                  0.000000    0.000000   clock source latency
     1    0.010495    0.053652    0.035689    0.035689 ^ clk (in)
                                                         clk (net)
                      0.053655    0.000000    0.035689 ^ clkbuf_0_clk/A (sky130_fd_sc_hd__clkbuf_16)
     2    0.019016    0.041005    0.127534    0.163223 ^ clkbuf_0_clk/X (sky130_fd_sc_hd__clkbuf_16)
                                                         clknet_0_clk (net)
                      0.041006    0.000462    0.163685 ^ clkbuf_1_0__f_clk/A (sky130_fd_sc_hd__clkbuf_16)
     2    0.004795    0.028577    0.108825    0.272510 ^ clkbuf_1_0__f_clk/X (sky130_fd_sc_hd__clkbuf_16)
                                                         clknet_1_0__leaf_clk (net)
                      0.028577    0.000123    0.272633 ^ _316_/CLK (sky130_fd_sc_hd__dfrtp_1)
     2    0.006436    0.055981    0.367252    0.639885 v _316_/Q (sky130_fd_sc_hd__dfrtp_1)
                                                         clk_counter[2] (net)
                      0.055981    0.000170    0.640055 v hold2/A (sky130_fd_sc_hd__dlygate4sd3_1)
     2    0.009429    0.084085    0.596199    1.236254 v hold2/X (sky130_fd_sc_hd__dlygate4sd3_1)
                                                         net42 (net)
                      0.084085    0.000144    1.236398 v _191_/A (sky130_fd_sc_hd__xnor2_1)
     1    0.002578    0.045210    0.135421    1.371819 v _191_/Y (sky130_fd_sc_hd__xnor2_1)
                                                         _002_ (net)
                      0.045210    0.000075    1.371894 v _316_/D (sky130_fd_sc_hd__dfrtp_1)
                                              1.371894   data arrival time

                                 20.000000   20.000000   clock clk (rise edge)
                                  0.000000   20.000000   clock source latency
     1    0.010495    0.053652    0.035689   20.035688 ^ clk (in)
                                                         clk (net)
                      0.053655    0.000000   20.035688 ^ clkbuf_0_clk/A (sky130_fd_sc_hd__clkbuf_16)
     2    0.019016    0.041005    0.127535   20.163225 ^ clkbuf_0_clk/X (sky130_fd_sc_hd__clkbuf_16)
                                                         clknet_0_clk (net)
                      0.041006    0.000462   20.163687 ^ clkbuf_1_0__f_clk/A (sky130_fd_sc_hd__clkbuf_16)
     2    0.004795    0.028577    0.108823   20.272511 ^ clkbuf_1_0__f_clk/X (sky130_fd_sc_hd__clkbuf_16)
                                                         clknet_1_0__leaf_clk (net)
                      0.028577    0.000124   20.272635 ^ _316_/CLK (sky130_fd_sc_hd__dfrtp_1)
                                 -0.250000   20.022635   clock uncertainty
                                  0.000000   20.022635   clock reconvergence pessimism
                                 -0.118123   19.904512   library setup time
                                             19.904512   data required time
---------------------------------------------------------------------------------------------
                                             19.904512   data required time
                                             -1.371894   data arrival time
---------------------------------------------------------------------------------------------
                                             18.532618   slack (MET)


Startpoint: _314_ (rising edge-triggered flip-flop clocked by clk)
Endpoint: _314_ (rising edge-triggered flip-flop clocked by clk)
Path Group: clk
Path Type: max

Fanout         Cap        Slew       Delay        Time   Description
---------------------------------------------------------------------------------------------
                                  0.000000    0.000000   clock clk (rise edge)
                                  0.000000    0.000000   clock source latency
     1    0.010495    0.053652    0.035689    0.035689 ^ clk (in)
                                                         clk (net)
                      0.053655    0.000000    0.035689 ^ clkbuf_0_clk/A (sky130_fd_sc_hd__clkbuf_16)
     2    0.019016    0.041005    0.127534    0.163223 ^ clkbuf_0_clk/X (sky130_fd_sc_hd__clkbuf_16)
                                                         clknet_0_clk (net)
                      0.041006    0.000462    0.163685 ^ clkbuf_1_0__f_clk/A (sky130_fd_sc_hd__clkbuf_16)
     2    0.004795    0.028577    0.108825    0.272510 ^ clkbuf_1_0__f_clk/X (sky130_fd_sc_hd__clkbuf_16)
                                                         clknet_1_0__leaf_clk (net)
                      0.028577    0.000098    0.272608 ^ _314_/CLK (sky130_fd_sc_hd__dfrtp_1)
     3    0.008259    0.065181    0.377081    0.649689 v _314_/Q (sky130_fd_sc_hd__dfrtp_1)
                                                         clk_counter[0] (net)
                      0.065181    0.000148    0.649837 v hold1/A (sky130_fd_sc_hd__dlygate4sd3_1)
     1    0.004774    0.062765    0.571156    1.220993 v hold1/X (sky130_fd_sc_hd__dlygate4sd3_1)
                                                         net41 (net)
                      0.062765    0.000143    1.221136 v _142_/A (sky130_fd_sc_hd__inv_2)
     3    0.010275    0.054326    0.071845    1.292981 ^ _142_/Y (sky130_fd_sc_hd__inv_2)
                                                         _000_ (net)
                      0.054326    0.000233    1.293214 ^ _314_/D (sky130_fd_sc_hd__dfrtp_1)
                                              1.293214   data arrival time

                                 20.000000   20.000000   clock clk (rise edge)
                                  0.000000   20.000000   clock source latency
     1    0.010495    0.053652    0.035689   20.035688 ^ clk (in)
                                                         clk (net)
                      0.053655    0.000000   20.035688 ^ clkbuf_0_clk/A (sky130_fd_sc_hd__clkbuf_16)
     2    0.019016    0.041005    0.127535   20.163225 ^ clkbuf_0_clk/X (sky130_fd_sc_hd__clkbuf_16)
                                                         clknet_0_clk (net)
                      0.041006    0.000462   20.163687 ^ clkbuf_1_0__f_clk/A (sky130_fd_sc_hd__clkbuf_16)
     2    0.004795    0.028577    0.108823   20.272511 ^ clkbuf_1_0__f_clk/X (sky130_fd_sc_hd__clkbuf_16)
                                                         clknet_1_0__leaf_clk (net)
                      0.028577    0.000099   20.272610 ^ _314_/CLK (sky130_fd_sc_hd__dfrtp_1)
                                 -0.250000   20.022610   clock uncertainty
                                  0.000000   20.022610   clock reconvergence pessimism
                                 -0.064456   19.958153   library setup time
                                             19.958153   data required time
---------------------------------------------------------------------------------------------
                                             19.958153   data required time
                                             -1.293214   data arrival time
---------------------------------------------------------------------------------------------
                                             18.664938   slack (MET)



