
===========================================================================
report_checks -path_delay min (Hold)
============================================================================
======================= nom_tt_025C_1v80 Corner ===================================

Startpoint: _314_ (rising edge-triggered flip-flop clocked by clk)
Endpoint: _316_ (rising edge-triggered flip-flop clocked by clk)
Path Group: clk
Path Type: min

Fanout         Cap        Slew       Delay        Time   Description
---------------------------------------------------------------------------------------------
                                  0.000000    0.000000   clock clk (rise edge)
                                  0.000000    0.000000   clock source latency
     1    0.010495    0.053652    0.035689    0.035689 ^ clk (in)
                                                         clk (net)
                      0.053655    0.000000    0.035689 ^ clkbuf_0_clk/A (sky130_fd_sc_hd__clkbuf_16)
     2    0.019016    0.041005    0.127534    0.163223 ^ clkbuf_0_clk/X (sky130_fd_sc_hd__clkbuf_16)
                                                         clknet_0_clk (net)
                      0.041006    0.000462    0.163685 ^ clkbuf_1_0__f_clk/A (sky130_fd_sc_hd__clkbuf_16)
     2    0.004795    0.028577    0.108825    0.272510 ^ clkbuf_1_0__f_clk/X (sky130_fd_sc_hd__clkbuf_16)
                                                         clknet_1_0__leaf_clk (net)
                      0.028577    0.000098    0.272608 ^ _314_/CLK (sky130_fd_sc_hd__dfrtp_1)
     3    0.008259    0.065181    0.377081    0.649689 v _314_/Q (sky130_fd_sc_hd__dfrtp_1)
                                                         clk_counter[0] (net)
                      0.065181    0.000200    0.649889 v _188_/A (sky130_fd_sc_hd__nand2_1)
     2    0.011106    0.108735    0.114413    0.764302 ^ _188_/Y (sky130_fd_sc_hd__nand2_1)
                                                         _103_ (net)
                      0.108737    0.000352    0.764654 ^ _191_/B (sky130_fd_sc_hd__xnor2_1)
     1    0.002578    0.035679    0.070943    0.835597 v _191_/Y (sky130_fd_sc_hd__xnor2_1)
                                                         _002_ (net)
                      0.035679    0.000075    0.835673 v _316_/D (sky130_fd_sc_hd__dfrtp_1)
                                              0.835673   data arrival time

                                  0.000000    0.000000   clock clk (rise edge)
                                  0.000000    0.000000   clock source latency
     1    0.010495    0.053652    0.035689    0.035689 ^ clk (in)
                                                         clk (net)
                      0.053655    0.000000    0.035689 ^ clkbuf_0_clk/A (sky130_fd_sc_hd__clkbuf_16)
     2    0.019016    0.041005    0.127534    0.163223 ^ clkbuf_0_clk/X (sky130_fd_sc_hd__clkbuf_16)
                                                         clknet_0_clk (net)
                      0.041006    0.000462    0.163685 ^ clkbuf_1_0__f_clk/A (sky130_fd_sc_hd__clkbuf_16)
     2    0.004795    0.028577    0.108825    0.272510 ^ clkbuf_1_0__f_clk/X (sky130_fd_sc_hd__clkbuf_16)
                                                         clknet_1_0__leaf_clk (net)
                      0.028577    0.000123    0.272633 ^ _316_/CLK (sky130_fd_sc_hd__dfrtp_1)
                                  0.250000    0.522633   clock uncertainty
                                  0.000000    0.522633   clock reconvergence pessimism
                                 -0.045726    0.476907   library hold time
                                              0.476907   data required time
---------------------------------------------------------------------------------------------
                                              0.476907   data required time
                                             -0.835673   data arrival time
---------------------------------------------------------------------------------------------
                                              0.358766   slack (MET)


Startpoint: _314_ (rising edge-triggered flip-flop clocked by clk)
Endpoint: _315_ (rising edge-triggered flip-flop clocked by clk)
Path Group: clk
Path Type: min

Fanout         Cap        Slew       Delay        Time   Description
---------------------------------------------------------------------------------------------
                                  0.000000    0.000000   clock clk (rise edge)
                                  0.000000    0.000000   clock source latency
     1    0.010495    0.053652    0.035689    0.035689 ^ clk (in)
                                                         clk (net)
                      0.053655    0.000000    0.035689 ^ clkbuf_0_clk/A (sky130_fd_sc_hd__clkbuf_16)
     2    0.019016    0.041005    0.127534    0.163223 ^ clkbuf_0_clk/X (sky130_fd_sc_hd__clkbuf_16)
                                                         clknet_0_clk (net)
                      0.041006    0.000462    0.163685 ^ clkbuf_1_0__f_clk/A (sky130_fd_sc_hd__clkbuf_16)
     2    0.004795    0.028577    0.108825    0.272510 ^ clkbuf_1_0__f_clk/X (sky130_fd_sc_hd__clkbuf_16)
                                                         clknet_1_0__leaf_clk (net)
                      0.028577    0.000098    0.272608 ^ _314_/CLK (sky130_fd_sc_hd__dfrtp_1)
     3    0.008689    0.090433    0.348561    0.621169 ^ _314_/Q (sky130_fd_sc_hd__dfrtp_1)
                                                         clk_counter[0] (net)
                      0.090433    0.000208    0.621377 ^ _188_/A (sky130_fd_sc_hd__nand2_1)
     2    0.010758    0.084864    0.100783    0.722161 v _188_/Y (sky130_fd_sc_hd__nand2_1)
                                                         _103_ (net)
                      0.084864    0.000318    0.722478 v _190_/B1 (sky130_fd_sc_hd__o211a_1)
     1    0.004350    0.036894    0.145771    0.868250 v _190_/X (sky130_fd_sc_hd__o211a_1)
                                                         _001_ (net)
                      0.036894    0.000139    0.868389 v _315_/D (sky130_fd_sc_hd__dfrtp_1)
                                              0.868389   data arrival time

                                  0.000000    0.000000   clock clk (rise edge)
                                  0.000000    0.000000   clock source latency
     1    0.010495    0.053652    0.035689    0.035689 ^ clk (in)
                                                         clk (net)
                      0.053655    0.000000    0.035689 ^ clkbuf_0_clk/A (sky130_fd_sc_hd__clkbuf_16)
     2    0.019016    0.041005    0.127534    0.163223 ^ clkbuf_0_clk/X (sky130_fd_sc_hd__clkbuf_16)
                                                         clknet_0_clk (net)
                      0.041006    0.000405    0.163628 ^ clkbuf_1_1__f_clk/A (sky130_fd_sc_hd__clkbuf_16)
     3    0.008958    0.032442    0.113392    0.277020 ^ clkbuf_1_1__f_clk/X (sky130_fd_sc_hd__clkbuf_16)
                                                         clknet_1_1__leaf_clk (net)
                      0.032442    0.000221    0.277241 ^ _315_/CLK (sky130_fd_sc_hd__dfrtp_1)
                                  0.250000    0.527241   clock uncertainty
                                  0.000000    0.527241   clock reconvergence pessimism
                                 -0.045339    0.481901   library hold time
                                              0.481901   data required time
---------------------------------------------------------------------------------------------
                                              0.481901   data required time
                                             -0.868389   data arrival time
---------------------------------------------------------------------------------------------
                                              0.386488   slack (MET)


Startpoint: _272_ (rising edge-triggered flip-flop clocked by clk)
Endpoint: _272_ (rising edge-triggered flip-flop clocked by clk)
Path Group: clk
Path Type: min

Fanout         Cap        Slew       Delay        Time   Description
---------------------------------------------------------------------------------------------
                                  0.000000    0.000000   clock clk (rise edge)
                                  0.000000    0.000000   clock source latency
     1    0.010495    0.053652    0.035689    0.035689 ^ clk (in)
                                                         clk (net)
                      0.053655    0.000000    0.035689 ^ clkbuf_0_clk/A (sky130_fd_sc_hd__clkbuf_16)
     2    0.019016    0.041005    0.127534    0.163223 ^ clkbuf_0_clk/X (sky130_fd_sc_hd__clkbuf_16)
                                                         clknet_0_clk (net)
                      0.041006    0.000405    0.163628 ^ clkbuf_1_1__f_clk/A (sky130_fd_sc_hd__clkbuf_16)
     3    0.008958    0.032442    0.113392    0.277020 ^ clkbuf_1_1__f_clk/X (sky130_fd_sc_hd__clkbuf_16)
                                                         clknet_1_1__leaf_clk (net)
                      0.032442    0.000219    0.277238 ^ _272_/CLK (sky130_fd_sc_hd__dfstp_1)
     1    0.003207    0.028934    0.344047    0.621285 v _272_/Q (sky130_fd_sc_hd__dfstp_1)
                                                         i2c_clk (net)
                      0.028934    0.000094    0.621380 v fanout38/A (sky130_fd_sc_hd__clkbuf_2)
     7    0.027643    0.109227    0.162595    0.783975 v fanout38/X (sky130_fd_sc_hd__clkbuf_2)
                                                         net38 (net)
                      0.109229    0.000576    0.784551 v fanout35/A (sky130_fd_sc_hd__buf_2)
    10    0.032870    0.086594    0.206359    0.990910 v fanout35/X (sky130_fd_sc_hd__buf_2)
                                                         net35 (net)
                      0.086603    0.000890    0.991800 v _175_/A (sky130_fd_sc_hd__xnor2_1)
     1    0.003955    0.042284    0.144695    1.136495 v _175_/Y (sky130_fd_sc_hd__xnor2_1)
                                                         _033_ (net)
                      0.042284    0.000157    1.136652 v _272_/D (sky130_fd_sc_hd__dfstp_1)
                                              1.136652   data arrival time

                                  0.000000    0.000000   clock clk (rise edge)
                                  0.000000    0.000000   clock source latency
     1    0.010495    0.053652    0.035689    0.035689 ^ clk (in)
                                                         clk (net)
                      0.053655    0.000000    0.035689 ^ clkbuf_0_clk/A (sky130_fd_sc_hd__clkbuf_16)
     2    0.019016    0.041005    0.127534    0.163223 ^ clkbuf_0_clk/X (sky130_fd_sc_hd__clkbuf_16)
                                                         clknet_0_clk (net)
                      0.041006    0.000405    0.163628 ^ clkbuf_1_1__f_clk/A (sky130_fd_sc_hd__clkbuf_16)
     3    0.008958    0.032442    0.113392    0.277020 ^ clkbuf_1_1__f_clk/X (sky130_fd_sc_hd__clkbuf_16)
                                                         clknet_1_1__leaf_clk (net)
                      0.032442    0.000219    0.277238 ^ _272_/CLK (sky130_fd_sc_hd__dfstp_1)
                                  0.250000    0.527238   clock uncertainty
                                  0.000000    0.527238   clock reconvergence pessimism
                                 -0.015562    0.511676   library hold time
                                              0.511676   data required time
---------------------------------------------------------------------------------------------
                                              0.511676   data required time
                                             -1.136652   data arrival time
---------------------------------------------------------------------------------------------
                                              0.624975   slack (MET)


Startpoint: _314_ (rising edge-triggered flip-flop clocked by clk)
Endpoint: _314_ (rising edge-triggered flip-flop clocked by clk)
Path Group: clk
Path Type: min

Fanout         Cap        Slew       Delay        Time   Description
---------------------------------------------------------------------------------------------
                                  0.000000    0.000000   clock clk (rise edge)
                                  0.000000    0.000000   clock source latency
     1    0.010495    0.053652    0.035689    0.035689 ^ clk (in)
                                                         clk (net)
                      0.053655    0.000000    0.035689 ^ clkbuf_0_clk/A (sky130_fd_sc_hd__clkbuf_16)
     2    0.019016    0.041005    0.127534    0.163223 ^ clkbuf_0_clk/X (sky130_fd_sc_hd__clkbuf_16)
                                                         clknet_0_clk (net)
                      0.041006    0.000462    0.163685 ^ clkbuf_1_0__f_clk/A (sky130_fd_sc_hd__clkbuf_16)
     2    0.004795    0.028577    0.108825    0.272510 ^ clkbuf_1_0__f_clk/X (sky130_fd_sc_hd__clkbuf_16)
                                                         clknet_1_0__leaf_clk (net)
                      0.028577    0.000098    0.272608 ^ _314_/CLK (sky130_fd_sc_hd__dfrtp_1)
     3    0.008689    0.090433    0.348561    0.621169 ^ _314_/Q (sky130_fd_sc_hd__dfrtp_1)
                                                         clk_counter[0] (net)
                      0.090433    0.000158    0.621327 ^ hold1/A (sky130_fd_sc_hd__dlygate4sd3_1)
     1    0.005140    0.073300    0.567206    1.188533 ^ hold1/X (sky130_fd_sc_hd__dlygate4sd3_1)
                                                         net41 (net)
                      0.073300    0.000154    1.188687 ^ _142_/A (sky130_fd_sc_hd__inv_2)
     3    0.009785    0.032472    0.047601    1.236288 v _142_/Y (sky130_fd_sc_hd__inv_2)
                                                         _000_ (net)
                      0.032473    0.000223    1.236512 v _314_/D (sky130_fd_sc_hd__dfrtp_1)
                                              1.236512   data arrival time

                                  0.000000    0.000000   clock clk (rise edge)
                                  0.000000    0.000000   clock source latency
     1    0.010495    0.053652    0.035689    0.035689 ^ clk (in)
                                                         clk (net)
                      0.053655    0.000000    0.035689 ^ clkbuf_0_clk/A (sky130_fd_sc_hd__clkbuf_16)
     2    0.019016    0.041005    0.127534    0.163223 ^ clkbuf_0_clk/X (sky130_fd_sc_hd__clkbuf_16)
                                                         clknet_0_clk (net)
                      0.041006    0.000462    0.163685 ^ clkbuf_1_0__f_clk/A (sky130_fd_sc_hd__clkbuf_16)
     2    0.004795    0.028577    0.108825    0.272510 ^ clkbuf_1_0__f_clk/X (sky130_fd_sc_hd__clkbuf_16)
                                                         clknet_1_0__leaf_clk (net)
                      0.028577    0.000098    0.272608 ^ _314_/CLK (sky130_fd_sc_hd__dfrtp_1)
                                  0.250000    0.522608   clock uncertainty
                                  0.000000    0.522608   clock reconvergence pessimism
                                 -0.044421    0.478188   library hold time
                                              0.478188   data required time
---------------------------------------------------------------------------------------------
                                              0.478188   data required time
                                             -1.236512   data arrival time
---------------------------------------------------------------------------------------------
                                              0.758324   slack (MET)


Startpoint: rst (input port clocked by clk)
Endpoint: _315_ (removal check against rising-edge clock clk)
Path Group: asynchronous
Path Type: min

Fanout         Cap        Slew       Delay        Time   Description
---------------------------------------------------------------------------------------------
                                  0.000000    0.000000   clock clk (rise edge)
                                  0.000000    0.000000   clock network delay (propagated)
                                  4.000000    4.000000 v input external delay
     1    0.002640    0.008254    0.004166    4.004166 v rst (in)
                                                         rst (net)
                      0.008254    0.000000    4.004166 v input17/A (sky130_fd_sc_hd__buf_1)
     2    0.013954    0.086443    0.121220    4.125386 v input17/X (sky130_fd_sc_hd__buf_1)
                                                         net17 (net)
                      0.086443    0.000334    4.125720 v fanout40/A (sky130_fd_sc_hd__clkbuf_4)
    10    0.048816    0.105901    0.222902    4.348621 v fanout40/X (sky130_fd_sc_hd__clkbuf_4)
                                                         net40 (net)
                      0.105942    0.001918    4.350540 v _270_/A (sky130_fd_sc_hd__inv_2)
     1    0.004539    0.041080    0.069542    4.420082 ^ _270_/Y (sky130_fd_sc_hd__inv_2)
                                                         _031_ (net)
                      0.041080    0.000102    4.420184 ^ _315_/RESET_B (sky130_fd_sc_hd__dfrtp_1)
                                              4.420184   data arrival time

                                  0.000000    0.000000   clock clk (rise edge)
                                  0.000000    0.000000   clock source latency
     1    0.010495    0.053652    0.035689    0.035689 ^ clk (in)
                                                         clk (net)
                      0.053655    0.000000    0.035689 ^ clkbuf_0_clk/A (sky130_fd_sc_hd__clkbuf_16)
     2    0.019016    0.041005    0.127534    0.163223 ^ clkbuf_0_clk/X (sky130_fd_sc_hd__clkbuf_16)
                                                         clknet_0_clk (net)
                      0.041006    0.000405    0.163628 ^ clkbuf_1_1__f_clk/A (sky130_fd_sc_hd__clkbuf_16)
     3    0.008958    0.032442    0.113392    0.277020 ^ clkbuf_1_1__f_clk/X (sky130_fd_sc_hd__clkbuf_16)
                                                         clknet_1_1__leaf_clk (net)
                      0.032442    0.000221    0.277241 ^ _315_/CLK (sky130_fd_sc_hd__dfrtp_1)
                                  0.250000    0.527241   clock uncertainty
                                  0.000000    0.527241   clock reconvergence pessimism
                                  0.315747    0.842988   library removal time
                                              0.842988   data required time
---------------------------------------------------------------------------------------------
                                              0.842988   data required time
                                             -4.420184   data arrival time
---------------------------------------------------------------------------------------------
                                              3.577196   slack (MET)


Startpoint: rst (input port clocked by clk)
Endpoint: _314_ (removal check against rising-edge clock clk)
Path Group: asynchronous
Path Type: min

Fanout         Cap        Slew       Delay        Time   Description
---------------------------------------------------------------------------------------------
                                  0.000000    0.000000   clock clk (rise edge)
                                  0.000000    0.000000   clock network delay (propagated)
                                  4.000000    4.000000 v input external delay
     1    0.002640    0.008254    0.004166    4.004166 v rst (in)
                                                         rst (net)
                      0.008254    0.000000    4.004166 v input17/A (sky130_fd_sc_hd__buf_1)
     2    0.013954    0.086443    0.121220    4.125386 v input17/X (sky130_fd_sc_hd__buf_1)
                                                         net17 (net)
                      0.086443    0.000334    4.125720 v fanout40/A (sky130_fd_sc_hd__clkbuf_4)
    10    0.048816    0.105901    0.222902    4.348621 v fanout40/X (sky130_fd_sc_hd__clkbuf_4)
                                                         net40 (net)
                      0.105938    0.001852    4.350474 v _269_/A (sky130_fd_sc_hd__inv_2)
     1    0.004976    0.042411    0.071127    4.421600 ^ _269_/Y (sky130_fd_sc_hd__inv_2)
                                                         _030_ (net)
                      0.042411    0.000124    4.421725 ^ _314_/RESET_B (sky130_fd_sc_hd__dfrtp_1)
                                              4.421725   data arrival time

                                  0.000000    0.000000   clock clk (rise edge)
                                  0.000000    0.000000   clock source latency
     1    0.010495    0.053652    0.035689    0.035689 ^ clk (in)
                                                         clk (net)
                      0.053655    0.000000    0.035689 ^ clkbuf_0_clk/A (sky130_fd_sc_hd__clkbuf_16)
     2    0.019016    0.041005    0.127534    0.163223 ^ clkbuf_0_clk/X (sky130_fd_sc_hd__clkbuf_16)
                                                         clknet_0_clk (net)
                      0.041006    0.000462    0.163685 ^ clkbuf_1_0__f_clk/A (sky130_fd_sc_hd__clkbuf_16)
     2    0.004795    0.028577    0.108825    0.272510 ^ clkbuf_1_0__f_clk/X (sky130_fd_sc_hd__clkbuf_16)
                                                         clknet_1_0__leaf_clk (net)
                      0.028577    0.000098    0.272608 ^ _314_/CLK (sky130_fd_sc_hd__dfrtp_1)
                                  0.250000    0.522608   clock uncertainty
                                  0.000000    0.522608   clock reconvergence pessimism
                                  0.315059    0.837668   library removal time
                                              0.837668   data required time
---------------------------------------------------------------------------------------------
                                              0.837668   data required time
                                             -4.421725   data arrival time
---------------------------------------------------------------------------------------------
                                              3.584057   slack (MET)


Startpoint: rst (input port clocked by clk)
Endpoint: _316_ (removal check against rising-edge clock clk)
Path Group: asynchronous
Path Type: min

Fanout         Cap        Slew       Delay        Time   Description
---------------------------------------------------------------------------------------------
                                  0.000000    0.000000   clock clk (rise edge)
                                  0.000000    0.000000   clock network delay (propagated)
                                  4.000000    4.000000 v input external delay
     1    0.002640    0.008254    0.004166    4.004166 v rst (in)
                                                         rst (net)
                      0.008254    0.000000    4.004166 v input17/A (sky130_fd_sc_hd__buf_1)
     2    0.013954    0.086443    0.121220    4.125386 v input17/X (sky130_fd_sc_hd__buf_1)
                                                         net17 (net)
                      0.086443    0.000334    4.125720 v fanout40/A (sky130_fd_sc_hd__clkbuf_4)
    10    0.048816    0.105901    0.222902    4.348621 v fanout40/X (sky130_fd_sc_hd__clkbuf_4)
                                                         net40 (net)
                      0.105929    0.001630    4.350251 v _271_/A (sky130_fd_sc_hd__inv_2)
     1    0.006186    0.046140    0.075521    4.425773 ^ _271_/Y (sky130_fd_sc_hd__inv_2)
                                                         _032_ (net)
                      0.046140    0.000178    4.425951 ^ _316_/RESET_B (sky130_fd_sc_hd__dfrtp_1)
                                              4.425951   data arrival time

                                  0.000000    0.000000   clock clk (rise edge)
                                  0.000000    0.000000   clock source latency
     1    0.010495    0.053652    0.035689    0.035689 ^ clk (in)
                                                         clk (net)
                      0.053655    0.000000    0.035689 ^ clkbuf_0_clk/A (sky130_fd_sc_hd__clkbuf_16)
     2    0.019016    0.041005    0.127534    0.163223 ^ clkbuf_0_clk/X (sky130_fd_sc_hd__clkbuf_16)
                                                         clknet_0_clk (net)
                      0.041006    0.000462    0.163685 ^ clkbuf_1_0__f_clk/A (sky130_fd_sc_hd__clkbuf_16)
     2    0.004795    0.028577    0.108825    0.272510 ^ clkbuf_1_0__f_clk/X (sky130_fd_sc_hd__clkbuf_16)
                                                         clknet_1_0__leaf_clk (net)
                      0.028577    0.000123    0.272633 ^ _316_/CLK (sky130_fd_sc_hd__dfrtp_1)
                                  0.250000    0.522633   clock uncertainty
                                  0.000000    0.522633   clock reconvergence pessimism
                                  0.316086    0.838718   library removal time
                                              0.838718   data required time
---------------------------------------------------------------------------------------------
                                              0.838718   data required time
                                             -4.425951   data arrival time
---------------------------------------------------------------------------------------------
                                              3.587232   slack (MET)


Startpoint: rst (input port clocked by clk)
Endpoint: _272_ (removal check against rising-edge clock clk)
Path Group: asynchronous
Path Type: min

Fanout         Cap        Slew       Delay        Time   Description
---------------------------------------------------------------------------------------------
                                  0.000000    0.000000   clock clk (rise edge)
                                  0.000000    0.000000   clock network delay (propagated)
                                  4.000000    4.000000 v input external delay
     1    0.002640    0.008254    0.004166    4.004166 v rst (in)
                                                         rst (net)
                      0.008254    0.000000    4.004166 v input17/A (sky130_fd_sc_hd__buf_1)
     2    0.013954    0.086443    0.121220    4.125386 v input17/X (sky130_fd_sc_hd__buf_1)
                                                         net17 (net)
                      0.086443    0.000334    4.125720 v fanout40/A (sky130_fd_sc_hd__clkbuf_4)
    10    0.048816    0.105901    0.222902    4.348621 v fanout40/X (sky130_fd_sc_hd__clkbuf_4)
                                                         net40 (net)
                      0.105942    0.001925    4.350546 v _256_/A (sky130_fd_sc_hd__inv_2)
     1    0.004121    0.039509    0.067584    4.418130 ^ _256_/Y (sky130_fd_sc_hd__inv_2)
                                                         _013_ (net)
                      0.039509    0.000089    4.418219 ^ _272_/SET_B (sky130_fd_sc_hd__dfstp_1)
                                              4.418219   data arrival time

                                  0.000000    0.000000   clock clk (rise edge)
                                  0.000000    0.000000   clock source latency
     1    0.010495    0.053652    0.035689    0.035689 ^ clk (in)
                                                         clk (net)
                      0.053655    0.000000    0.035689 ^ clkbuf_0_clk/A (sky130_fd_sc_hd__clkbuf_16)
     2    0.019016    0.041005    0.127534    0.163223 ^ clkbuf_0_clk/X (sky130_fd_sc_hd__clkbuf_16)
                                                         clknet_0_clk (net)
                      0.041006    0.000405    0.163628 ^ clkbuf_1_1__f_clk/A (sky130_fd_sc_hd__clkbuf_16)
     3    0.008958    0.032442    0.113392    0.277020 ^ clkbuf_1_1__f_clk/X (sky130_fd_sc_hd__clkbuf_16)
                                                         clknet_1_1__leaf_clk (net)
                      0.032442    0.000219    0.277238 ^ _272_/CLK (sky130_fd_sc_hd__dfstp_1)
                                  0.250000    0.527238   clock uncertainty
                                  0.000000    0.527238   clock reconvergence pessimism
                                  0.152046    0.679284   library removal time
                                              0.679284   data required time
---------------------------------------------------------------------------------------------
                                              0.679284   data required time
                                             -4.418219   data arrival time
---------------------------------------------------------------------------------------------
                                              3.738935   slack (MET)


Startpoint: _272_ (rising edge-triggered flip-flop clocked by clk)
Endpoint: i2c_scl (output port clocked by clk)
Path Group: clk
Path Type: min

Fanout         Cap        Slew       Delay        Time   Description
---------------------------------------------------------------------------------------------
                                  0.000000    0.000000   clock clk (rise edge)
                                  0.000000    0.000000   clock source latency
     1    0.010495    0.053652    0.035689    0.035689 ^ clk (in)
                                                         clk (net)
                      0.053655    0.000000    0.035689 ^ clkbuf_0_clk/A (sky130_fd_sc_hd__clkbuf_16)
     2    0.019016    0.041005    0.127534    0.163223 ^ clkbuf_0_clk/X (sky130_fd_sc_hd__clkbuf_16)
                                                         clknet_0_clk (net)
                      0.041006    0.000405    0.163628 ^ clkbuf_1_1__f_clk/A (sky130_fd_sc_hd__clkbuf_16)
     3    0.008958    0.032442    0.113392    0.277020 ^ clkbuf_1_1__f_clk/X (sky130_fd_sc_hd__clkbuf_16)
                                                         clknet_1_1__leaf_clk (net)
                      0.032442    0.000219    0.277238 ^ _272_/CLK (sky130_fd_sc_hd__dfstp_1)
     1    0.003207    0.028934    0.344047    0.621285 v _272_/Q (sky130_fd_sc_hd__dfstp_1)
                                                         i2c_clk (net)
                      0.028934    0.000094    0.621380 v fanout38/A (sky130_fd_sc_hd__clkbuf_2)
     7    0.027643    0.109227    0.162595    0.783975 v fanout38/X (sky130_fd_sc_hd__clkbuf_2)
                                                         net38 (net)
                      0.109232    0.000864    0.784838 v fanout34/A (sky130_fd_sc_hd__buf_2)
    10    0.030971    0.082575    0.202711    0.987549 v fanout34/X (sky130_fd_sc_hd__buf_2)
                                                         net34 (net)
                      0.082582    0.000800    0.988349 v _138_/A (sky130_fd_sc_hd__inv_2)
     2    0.011164    0.060477    0.083426    1.071776 ^ _138_/Y (sky130_fd_sc_hd__inv_2)
                                                         _025_ (net)
                      0.060477    0.000204    1.071980 ^ _187_/A (sky130_fd_sc_hd__nand2_4)
     1    0.034914    0.082249    0.086972    1.158952 v _187_/Y (sky130_fd_sc_hd__nand2_4)
                                                         i2c_scl (net)
     0    0.034914    0.082265    0.000932    1.159884 v i2c_scl (inout)
                                                         i2c_scl (net)
                                              1.159884   data arrival time

                                  0.000000    0.000000   clock clk (rise edge)
                                  0.000000    0.000000   clock network delay (propagated)
                                  0.250000    0.250000   clock uncertainty
                                  0.000000    0.250000   clock reconvergence pessimism
                                 -4.000000   -3.750000   output external delay
                                             -3.750000   data required time
---------------------------------------------------------------------------------------------
                                             -3.750000   data required time
                                             -1.159884   data arrival time
---------------------------------------------------------------------------------------------
                                              4.909884   slack (MET)


Startpoint: rst (input port clocked by clk)
Endpoint: ready (output port clocked by clk)
Path Group: clk
Path Type: min

Fanout         Cap        Slew       Delay        Time   Description
---------------------------------------------------------------------------------------------
                                  0.000000    0.000000   clock clk (rise edge)
                                  0.000000    0.000000   clock network delay (propagated)
                                  4.000000    4.000000 v input external delay
     1    0.002640    0.008254    0.004166    4.004166 v rst (in)
                                                         rst (net)
                      0.008254    0.000000    4.004166 v input17/A (sky130_fd_sc_hd__buf_1)
     2    0.013954    0.086443    0.121220    4.125386 v input17/X (sky130_fd_sc_hd__buf_1)
                                                         net17 (net)
                      0.086443    0.000334    4.125720 v fanout40/A (sky130_fd_sc_hd__clkbuf_4)
    10    0.048816    0.105901    0.222902    4.348621 v fanout40/X (sky130_fd_sc_hd__clkbuf_4)
                                                         net40 (net)
                      0.105909    0.000980    4.349602 v _186_/A (sky130_fd_sc_hd__nor2_1)
     1    0.002322    0.068697    0.112903    4.462504 ^ _186_/Y (sky130_fd_sc_hd__nor2_1)
                                                         net27 (net)
                      0.068697    0.000066    4.462570 ^ output27/A (sky130_fd_sc_hd__buf_2)
     1    0.034164    0.169812    0.206439    4.669009 ^ output27/X (sky130_fd_sc_hd__buf_2)
                                                         ready (net)
                      0.169812    0.000706    4.669715 ^ ready (out)
                                              4.669715   data arrival time

                                  0.000000    0.000000   clock clk (rise edge)
                                  0.000000    0.000000   clock network delay (propagated)
                                  0.250000    0.250000   clock uncertainty
                                  0.000000    0.250000   clock reconvergence pessimism
                                 -4.000000   -3.750000   output external delay
                                             -3.750000   data required time
---------------------------------------------------------------------------------------------
                                             -3.750000   data required time
                                             -4.669715   data arrival time
---------------------------------------------------------------------------------------------
                                              8.419715   slack (MET)



