Clock: clk
Sources: clk 
Generated: no
Virtual: no
Propagated: no
Period: 20.000000

===========================================================================
report_clock_properties
============================================================================
Clock                   Period          Waveform
----------------------------------------------------
clk                  20.000000    0.000000 10.000000

===========================================================================
report_clock_latency
============================================================================
Clock clk
rise -> rise
    min     max
0.000000 0.000000 source latency
0.038102         network latency _272_/CLK
        1.642557 network latency _273_/CLK
---------------
0.038102 1.642557 latency
        1.604455 skew

rise -> fall
    min     max
0.000000 0.000000 source latency
0.997270         network latency _273_/CLK
        1.864818 network latency _295_/CLK
---------------
0.997270 1.864818 latency
        0.867548 skew

fall -> fall
    min     max
0.000000 0.000000 source latency
0.020678         network latency _272_/CLK
        0.020678 network latency _272_/CLK
---------------
0.020678 0.020678 latency
        0.000000 skew



===========================================================================
report_clock_min_period
============================================================================
clk period_min = 2.69 fmax = 372.39
