
===========================================================================
report_checks -path_delay max (Setup)
============================================================================
======================= nom_ss_100C_1v60 Corner ===================================

Startpoint: rst (input port clocked by clk)
Endpoint: ready (output port clocked by clk)
Path Group: clk
Path Type: max

Fanout         Cap        Slew       Delay        Time   Description
---------------------------------------------------------------------------------------------
                      0.150000    0.000000    0.000000   clock clk (rise edge)
                                  0.000000    0.000000   clock network delay (ideal)
                                  4.000000    4.000000 v input external delay
    20    0.082679    0.351495    0.252556    4.252556 v rst (in)
                                                         rst (net)
                      0.351495    0.000000    4.252556 v _186_/A (sky130_fd_sc_hd__nor2_2)
     1    0.033442    0.609612    0.649276    4.901832 ^ _186_/Y (sky130_fd_sc_hd__nor2_2)
                                                         ready (net)
                      0.609612    0.000000    4.901832 ^ ready (out)
                                              4.901832   data arrival time

                      0.150000   20.000000   20.000000   clock clk (rise edge)
                                  0.000000   20.000000   clock network delay (ideal)
                                 -0.250000   19.750002   clock uncertainty
                                  0.000000   19.750002   clock reconvergence pessimism
                                 -4.000000   15.750001   output external delay
                                             15.750001   data required time
---------------------------------------------------------------------------------------------
                                             15.750001   data required time
                                             -4.901832   data arrival time
---------------------------------------------------------------------------------------------
                                             10.848169   slack (MET)


Startpoint: _272_ (rising edge-triggered flip-flop clocked by clk)
Endpoint: i2c_scl (output port clocked by clk)
Path Group: clk
Path Type: max

Fanout         Cap        Slew       Delay        Time   Description
---------------------------------------------------------------------------------------------
                      0.150000    0.000000    0.000000   clock clk (rise edge)
                                  0.000000    0.000000   clock network delay (ideal)
                      0.150000    0.000000    0.000000 ^ _272_/CLK (sky130_fd_sc_hd__dfstp_2)
    42    0.088766    0.693082    1.642557    1.642557 ^ _272_/Q (sky130_fd_sc_hd__dfstp_2)
                                                         i2c_clk (net)
                      0.693082    0.000000    1.642557 ^ _138_/A (sky130_fd_sc_hd__inv_2)
     2    0.005957    0.132736    0.222260    1.864818 v _138_/Y (sky130_fd_sc_hd__inv_2)
                                                         _025_ (net)
                      0.132736    0.000000    1.864818 v _187_/A (sky130_fd_sc_hd__nand2_2)
     1    0.033442    0.294194    0.280503    2.145321 ^ _187_/Y (sky130_fd_sc_hd__nand2_2)
                                                         i2c_scl (net)
     0    0.033442    0.294194    0.000000    2.145321 ^ i2c_scl (inout)
                                                         i2c_scl (net)
                                              2.145321   data arrival time

                      0.150000   20.000000   20.000000   clock clk (rise edge)
                                  0.000000   20.000000   clock network delay (ideal)
                                 -0.250000   19.750002   clock uncertainty
                                  0.000000   19.750002   clock reconvergence pessimism
                                 -4.000000   15.750001   output external delay
                                             15.750001   data required time
---------------------------------------------------------------------------------------------
                                             15.750001   data required time
                                             -2.145321   data arrival time
---------------------------------------------------------------------------------------------
                                             13.604680   slack (MET)


Startpoint: rst (input port clocked by clk)
Endpoint: _272_ (recovery check against rising-edge clock clk)
Path Group: asynchronous
Path Type: max

Fanout         Cap        Slew       Delay        Time   Description
---------------------------------------------------------------------------------------------
                      0.150000    0.000000    0.000000   clock clk (rise edge)
                                  0.000000    0.000000   clock network delay (ideal)
                                  4.000000    4.000000 v input external delay
    20    0.082679    0.351495    0.252556    4.252556 v rst (in)
                                                         rst (net)
                      0.351495    0.000000    4.252556 v _256_/A (sky130_fd_sc_hd__inv_2)
     1    0.003271    0.091392    0.150857    4.403413 ^ _256_/Y (sky130_fd_sc_hd__inv_2)
                                                         _013_ (net)
                      0.091392    0.000000    4.403413 ^ _272_/SET_B (sky130_fd_sc_hd__dfstp_2)
                                              4.403413   data arrival time

                      0.150000   20.000000   20.000000   clock clk (rise edge)
                                  0.000000   20.000000   clock network delay (ideal)
                                 -0.250000   19.750002   clock uncertainty
                                  0.000000   19.750002   clock reconvergence pessimism
                                             19.750002 ^ _272_/CLK (sky130_fd_sc_hd__dfstp_2)
                                  0.286097   20.036098   library recovery time
                                             20.036098   data required time
---------------------------------------------------------------------------------------------
                                             20.036098   data required time
                                             -4.403413   data arrival time
---------------------------------------------------------------------------------------------
                                             15.632685   slack (MET)


Startpoint: rst (input port clocked by clk)
Endpoint: _314_ (recovery check against rising-edge clock clk)
Path Group: asynchronous
Path Type: max

Fanout         Cap        Slew       Delay        Time   Description
---------------------------------------------------------------------------------------------
                      0.150000    0.000000    0.000000   clock clk (rise edge)
                                  0.000000    0.000000   clock network delay (ideal)
                                  4.000000    4.000000 v input external delay
    20    0.082679    0.351495    0.252556    4.252556 v rst (in)
                                                         rst (net)
                      0.351495    0.000000    4.252556 v _269_/A (sky130_fd_sc_hd__inv_2)
     1    0.003263    0.091331    0.150759    4.403314 ^ _269_/Y (sky130_fd_sc_hd__inv_2)
                                                         _030_ (net)
                      0.091331    0.000000    4.403314 ^ _314_/RESET_B (sky130_fd_sc_hd__dfrtp_2)
                                              4.403314   data arrival time

                      0.150000   20.000000   20.000000   clock clk (rise edge)
                                  0.000000   20.000000   clock network delay (ideal)
                                 -0.250000   19.750002   clock uncertainty
                                  0.000000   19.750002   clock reconvergence pessimism
                                             19.750002 ^ _314_/CLK (sky130_fd_sc_hd__dfrtp_2)
                                  0.462216   20.212217   library recovery time
                                             20.212217   data required time
---------------------------------------------------------------------------------------------
                                             20.212217   data required time
                                             -4.403314   data arrival time
---------------------------------------------------------------------------------------------
                                             15.808905   slack (MET)


Startpoint: rst (input port clocked by clk)
Endpoint: _315_ (recovery check against rising-edge clock clk)
Path Group: asynchronous
Path Type: max

Fanout         Cap        Slew       Delay        Time   Description
---------------------------------------------------------------------------------------------
                      0.150000    0.000000    0.000000   clock clk (rise edge)
                                  0.000000    0.000000   clock network delay (ideal)
                                  4.000000    4.000000 v input external delay
    20    0.082679    0.351495    0.252556    4.252556 v rst (in)
                                                         rst (net)
                      0.351495    0.000000    4.252556 v _270_/A (sky130_fd_sc_hd__inv_2)
     1    0.003263    0.091331    0.150759    4.403314 ^ _270_/Y (sky130_fd_sc_hd__inv_2)
                                                         _031_ (net)
                      0.091331    0.000000    4.403314 ^ _315_/RESET_B (sky130_fd_sc_hd__dfrtp_2)
                                              4.403314   data arrival time

                      0.150000   20.000000   20.000000   clock clk (rise edge)
                                  0.000000   20.000000   clock network delay (ideal)
                                 -0.250000   19.750002   clock uncertainty
                                  0.000000   19.750002   clock reconvergence pessimism
                                             19.750002 ^ _315_/CLK (sky130_fd_sc_hd__dfrtp_2)
                                  0.462216   20.212217   library recovery time
                                             20.212217   data required time
---------------------------------------------------------------------------------------------
                                             20.212217   data required time
                                             -4.403314   data arrival time
---------------------------------------------------------------------------------------------
                                             15.808905   slack (MET)


Startpoint: rst (input port clocked by clk)
Endpoint: _316_ (recovery check against rising-edge clock clk)
Path Group: asynchronous
Path Type: max

Fanout         Cap        Slew       Delay        Time   Description
---------------------------------------------------------------------------------------------
                      0.150000    0.000000    0.000000   clock clk (rise edge)
                                  0.000000    0.000000   clock network delay (ideal)
                                  4.000000    4.000000 v input external delay
    20    0.082679    0.351495    0.252556    4.252556 v rst (in)
                                                         rst (net)
                      0.351495    0.000000    4.252556 v _271_/A (sky130_fd_sc_hd__inv_2)
     1    0.003263    0.091331    0.150759    4.403314 ^ _271_/Y (sky130_fd_sc_hd__inv_2)
                                                         _032_ (net)
                      0.091331    0.000000    4.403314 ^ _316_/RESET_B (sky130_fd_sc_hd__dfrtp_2)
                                              4.403314   data arrival time

                      0.150000   20.000000   20.000000   clock clk (rise edge)
                                  0.000000   20.000000   clock network delay (ideal)
                                 -0.250000   19.750002   clock uncertainty
                                  0.000000   19.750002   clock reconvergence pessimism
                                             19.750002 ^ _316_/CLK (sky130_fd_sc_hd__dfrtp_2)
                                  0.462216   20.212217   library recovery time
                                             20.212217   data required time
---------------------------------------------------------------------------------------------
                                             20.212217   data required time
                                             -4.403314   data arrival time
---------------------------------------------------------------------------------------------
                                             15.808905   slack (MET)


Startpoint: _314_ (rising edge-triggered flip-flop clocked by clk)
Endpoint: _272_ (rising edge-triggered flip-flop clocked by clk)
Path Group: clk
Path Type: max

Fanout         Cap        Slew       Delay        Time   Description
---------------------------------------------------------------------------------------------
                      0.150000    0.000000    0.000000   clock clk (rise edge)
                                  0.000000    0.000000   clock network delay (ideal)
                      0.150000    0.000000    0.000000 ^ _314_/CLK (sky130_fd_sc_hd__dfrtp_2)
     3    0.010643    0.126574    0.772384    0.772384 ^ _314_/Q (sky130_fd_sc_hd__dfrtp_2)
                                                         clk_counter[0] (net)
                      0.126574    0.000000    0.772384 ^ _142_/A (sky130_fd_sc_hd__inv_2)
     3    0.005576    0.042842    0.085028    0.857413 v _142_/Y (sky130_fd_sc_hd__inv_2)
                                                         _000_ (net)
                      0.042842    0.000000    0.857413 v _174_/A (sky130_fd_sc_hd__or3_2)
     1    0.008219    0.203854    1.152193    2.009605 v _174_/X (sky130_fd_sc_hd__or3_2)
                                                         _097_ (net)
                      0.203854    0.000000    2.009605 v _175_/B (sky130_fd_sc_hd__xnor2_2)
     1    0.002189    0.117909    0.275715    2.285321 v _175_/Y (sky130_fd_sc_hd__xnor2_2)
                                                         _033_ (net)
                      0.117909    0.000000    2.285321 v _272_/D (sky130_fd_sc_hd__dfstp_2)
                                              2.285321   data arrival time

                      0.150000   20.000000   20.000000   clock clk (rise edge)
                                  0.000000   20.000000   clock network delay (ideal)
                                 -0.250000   19.750002   clock uncertainty
                                  0.000000   19.750002   clock reconvergence pessimism
                                             19.750002 ^ _272_/CLK (sky130_fd_sc_hd__dfstp_2)
                                 -0.150003   19.599998   library setup time
                                             19.599998   data required time
---------------------------------------------------------------------------------------------
                                             19.599998   data required time
                                             -2.285321   data arrival time
---------------------------------------------------------------------------------------------
                                             17.314678   slack (MET)


Startpoint: _314_ (rising edge-triggered flip-flop clocked by clk)
Endpoint: _315_ (rising edge-triggered flip-flop clocked by clk)
Path Group: clk
Path Type: max

Fanout         Cap        Slew       Delay        Time   Description
---------------------------------------------------------------------------------------------
                      0.150000    0.000000    0.000000   clock clk (rise edge)
                                  0.000000    0.000000   clock network delay (ideal)
                      0.150000    0.000000    0.000000 ^ _314_/CLK (sky130_fd_sc_hd__dfrtp_2)
     3    0.009999    0.112216    0.882352    0.882352 v _314_/Q (sky130_fd_sc_hd__dfrtp_2)
                                                         clk_counter[0] (net)
                      0.112216    0.000000    0.882352 v _189_/A (sky130_fd_sc_hd__or2_2)
     1    0.002352    0.108801    0.665827    1.548179 v _189_/X (sky130_fd_sc_hd__or2_2)
                                                         _104_ (net)
                      0.108801    0.000000    1.548179 v _190_/C1 (sky130_fd_sc_hd__o211a_2)
     1    0.001838    0.064949    0.217872    1.766051 v _190_/X (sky130_fd_sc_hd__o211a_2)
                                                         _001_ (net)
                      0.064949    0.000000    1.766051 v _315_/D (sky130_fd_sc_hd__dfrtp_2)
                                              1.766051   data arrival time

                      0.150000   20.000000   20.000000   clock clk (rise edge)
                                  0.000000   20.000000   clock network delay (ideal)
                                 -0.250000   19.750002   clock uncertainty
                                  0.000000   19.750002   clock reconvergence pessimism
                                             19.750002 ^ _315_/CLK (sky130_fd_sc_hd__dfrtp_2)
                                 -0.253182   19.496819   library setup time
                                             19.496819   data required time
---------------------------------------------------------------------------------------------
                                             19.496819   data required time
                                             -1.766051   data arrival time
---------------------------------------------------------------------------------------------
                                             17.730768   slack (MET)


Startpoint: _314_ (rising edge-triggered flip-flop clocked by clk)
Endpoint: _316_ (rising edge-triggered flip-flop clocked by clk)
Path Group: clk
Path Type: max

Fanout         Cap        Slew       Delay        Time   Description
---------------------------------------------------------------------------------------------
                      0.150000    0.000000    0.000000   clock clk (rise edge)
                                  0.000000    0.000000   clock network delay (ideal)
                      0.150000    0.000000    0.000000 ^ _314_/CLK (sky130_fd_sc_hd__dfrtp_2)
     3    0.010643    0.126574    0.772384    0.772384 ^ _314_/Q (sky130_fd_sc_hd__dfrtp_2)
                                                         clk_counter[0] (net)
                      0.126574    0.000000    0.772384 ^ _188_/A (sky130_fd_sc_hd__nand2_2)
     2    0.010507    0.113425    0.146814    0.919198 v _188_/Y (sky130_fd_sc_hd__nand2_2)
                                                         _103_ (net)
                      0.113425    0.000000    0.919198 v _191_/B (sky130_fd_sc_hd__xnor2_2)
     1    0.001838    0.075354    0.232856    1.152054 v _191_/Y (sky130_fd_sc_hd__xnor2_2)
                                                         _002_ (net)
                      0.075354    0.000000    1.152054 v _316_/D (sky130_fd_sc_hd__dfrtp_2)
                                              1.152054   data arrival time

                      0.150000   20.000000   20.000000   clock clk (rise edge)
                                  0.000000   20.000000   clock network delay (ideal)
                                 -0.250000   19.750002   clock uncertainty
                                  0.000000   19.750002   clock reconvergence pessimism
                                             19.750002 ^ _316_/CLK (sky130_fd_sc_hd__dfrtp_2)
                                 -0.257523   19.492479   library setup time
                                             19.492479   data required time
---------------------------------------------------------------------------------------------
                                             19.492479   data required time
                                             -1.152054   data arrival time
---------------------------------------------------------------------------------------------
                                             18.340427   slack (MET)


Startpoint: _314_ (rising edge-triggered flip-flop clocked by clk)
Endpoint: _314_ (rising edge-triggered flip-flop clocked by clk)
Path Group: clk
Path Type: max

Fanout         Cap        Slew       Delay        Time   Description
---------------------------------------------------------------------------------------------
                      0.150000    0.000000    0.000000   clock clk (rise edge)
                                  0.000000    0.000000   clock network delay (ideal)
                      0.150000    0.000000    0.000000 ^ _314_/CLK (sky130_fd_sc_hd__dfrtp_2)
     3    0.009999    0.112216    0.882352    0.882352 v _314_/Q (sky130_fd_sc_hd__dfrtp_2)
                                                         clk_counter[0] (net)
                      0.112216    0.000000    0.882352 v _142_/A (sky130_fd_sc_hd__inv_2)
     3    0.005946    0.063228    0.101078    0.983429 ^ _142_/Y (sky130_fd_sc_hd__inv_2)
                                                         _000_ (net)
                      0.063228    0.000000    0.983429 ^ _314_/D (sky130_fd_sc_hd__dfrtp_2)
                                              0.983429   data arrival time

                      0.150000   20.000000   20.000000   clock clk (rise edge)
                                  0.000000   20.000000   clock network delay (ideal)
                                 -0.250000   19.750002   clock uncertainty
                                  0.000000   19.750002   clock reconvergence pessimism
                                             19.750002 ^ _314_/CLK (sky130_fd_sc_hd__dfrtp_2)
                                 -0.122567   19.627434   library setup time
                                             19.627434   data required time
---------------------------------------------------------------------------------------------
                                             19.627434   data required time
                                             -0.983429   data arrival time
---------------------------------------------------------------------------------------------
                                             18.644005   slack (MET)



