Reading OpenROAD database at '/home/davidsales/Documentos/Coding/Main_HDL/Synthesis/designs/i2c_master/runs/RUN_2026-02-24_21-34-25/24-openroad-ioplacement/i2c_master_controller.odb'…
Reading library file at '/home/davidsales/.ciel/ciel/sky130/versions/0fe599b2afb6708d281543108caf8310912f54af/sky130A/libs.ref/sky130_fd_sc_hd/lib/sky130_fd_sc_hd__tt_025C_1v80.lib'…
Reading design constraints file at '/nix/store/41c5n1rfapbw2k2daig2yag6mbsifckg-python3-3.11.9-env/lib/python3.11/site-packages/librelane/scripts/base.sdc'…
[INFO] Using clock clk…
[INFO] Setting output delay to: 4.0
[INFO] Setting input delay to: 4.0
[INFO] Setting load to: 0.033442
[INFO] Setting clock uncertainty to: 0.25
[INFO] Setting clock transition to: 0.1499999999999999944488848768742172978818416595458984375
[INFO] Setting timing derate to: 5%
[INFO] Setting RC values…
[INFO] Setting signal min routing layer to: met1 and clock min routing layer to met1. 
[INFO] Setting signal max routing layer to: met5 and clock max routing layer to met5. 
+ global_placement -density 0.5 -timing_driven -routability_driven -pad_right 0 -pad_left 0 -init_wirelength_coef 0.25
[INFO GPL-0002] DBU: 1000
[INFO GPL-0003] SiteSize: (  0.460  2.720 ) um
[INFO GPL-0004] CoreBBox: (  5.520 10.880 ) ( 74.980 78.880 ) um
[INFO GPL-0006] NumInstances:               300
[INFO GPL-0007] NumPlaceInstances:          183
[INFO GPL-0008] NumFixedInstances:          117
[INFO GPL-0009] NumDummyInstances:            0
[INFO GPL-0010] NumNets:                    202
[INFO GPL-0011] NumPins:                    688
[INFO GPL-0012] DieBBox:  (  0.000  0.000 ) ( 80.675 91.395 ) um
[INFO GPL-0013] CoreBBox: (  5.520 10.880 ) ( 74.980 78.880 ) um
[INFO GPL-0016] CoreArea:              4723.280 um^2
[INFO GPL-0017] NonPlaceInstsArea:      271.510 um^2
[INFO GPL-0018] PlaceInstsArea:        2182.093 um^2
[INFO GPL-0019] Util:                    49.016 %
[INFO GPL-0020] StdInstsArea:          2182.093 um^2
[INFO GPL-0021] MacroInstsArea:           0.000 um^2
[InitialPlace]  Iter: 1 CG residual: 0.00000009 HPWL: 4274760
[InitialPlace]  Iter: 2 CG residual: 0.00000007 HPWL: 3491485
[InitialPlace]  Iter: 3 CG residual: 0.00000007 HPWL: 3470347
[InitialPlace]  Iter: 4 CG residual: 0.00000012 HPWL: 3468982
[InitialPlace]  Iter: 5 CG residual: 0.00000009 HPWL: 3461971
[INFO GPL-0031] FillerInit:NumGCells:       186
[INFO GPL-0032] FillerInit:NumGNets:        202
[INFO GPL-0033] FillerInit:NumGPins:        688
[INFO GPL-0023] TargetDensity:            0.500
[INFO GPL-0024] AvrgPlaceInstArea:       11.924 um^2
[INFO GPL-0025] IdealBinArea:            23.848 um^2
[INFO GPL-0026] IdealBinCnt:                198
[INFO GPL-0027] TotalBinArea:          4723.280 um^2
[INFO GPL-0028] BinCnt:         8      8
[INFO GPL-0029] BinSize: (  8.683  8.500 )
[INFO GPL-0030] NumBins: 64
[NesterovSolve] Iter:    1 overflow: 0.724 HPWL: 2189836
[INFO GPL-0100] Timing-driven: executing resizer for reweighting nets.
[INFO GPL-0101] Timing-driven: worst slack 1.13e-08
[INFO GPL-0103] Timing-driven: weighted 18 nets.
[INFO GPL-0100] Timing-driven: executing resizer for reweighting nets.
[INFO GPL-0101] Timing-driven: worst slack 1.15e-08
[INFO GPL-0103] Timing-driven: weighted 18 nets.
[NesterovSolve] Snapshot saved at iter = 3
[NesterovSolve] Iter:   10 overflow: 0.509 HPWL: 2338576
[INFO GPL-0100] Timing-driven: executing resizer for reweighting nets.
[INFO GPL-0101] Timing-driven: worst slack 1.15e-08
[INFO GPL-0103] Timing-driven: weighted 18 nets.
[NesterovSolve] Iter:   20 overflow: 0.483 HPWL: 2352585
[NesterovSolve] Iter:   30 overflow: 0.469 HPWL: 2349387
[NesterovSolve] Iter:   40 overflow: 0.474 HPWL: 2345232
[NesterovSolve] Iter:   50 overflow: 0.478 HPWL: 2345870
[NesterovSolve] Iter:   60 overflow: 0.475 HPWL: 2344857
[NesterovSolve] Iter:   70 overflow: 0.473 HPWL: 2342983
[NesterovSolve] Iter:   80 overflow: 0.473 HPWL: 2343703
[NesterovSolve] Iter:   90 overflow: 0.474 HPWL: 2344010
[NesterovSolve] Iter:  100 overflow: 0.474 HPWL: 2344327
[NesterovSolve] Iter:  110 overflow: 0.473 HPWL: 2344728
[NesterovSolve] Iter:  120 overflow: 0.471 HPWL: 2344769
[NesterovSolve] Iter:  130 overflow: 0.470 HPWL: 2345086
[NesterovSolve] Iter:  140 overflow: 0.468 HPWL: 2346514
[NesterovSolve] Iter:  150 overflow: 0.464 HPWL: 2348612
[NesterovSolve] Iter:  160 overflow: 0.458 HPWL: 2350957
[NesterovSolve] Iter:  170 overflow: 0.450 HPWL: 2354564
[NesterovSolve] Iter:  180 overflow: 0.440 HPWL: 2360555
[NesterovSolve] Iter:  190 overflow: 0.430 HPWL: 2370278
[NesterovSolve] Iter:  200 overflow: 0.417 HPWL: 2384934
[NesterovSolve] Iter:  210 overflow: 0.397 HPWL: 2399725
[NesterovSolve] Iter:  220 overflow: 0.369 HPWL: 2414658
[NesterovSolve] Iter:  230 overflow: 0.338 HPWL: 2430234
[NesterovSolve] Iter:  240 overflow: 0.313 HPWL: 2445794
[INFO GPL-0075] Routability numCall: 1 inflationIterCnt: 1 bloatIterCnt: 0
[INFO GPL-0036] TileBBox: (    0    0 ) ( 6900 6900 ) DBU
[INFO GPL-0038] TileCnt:      11   13
[INFO GPL-0040] NumTiles: 143
[INFO GPL-0081] TotalRouteOverflow: 0
[INFO GPL-0082] OverflowTileCnt: 0
[INFO GPL-0083] 0.5%RC: 0.8295211791992188
[INFO GPL-0084] 1.0%RC: 0.8207802474498749
[INFO GPL-0085] 2.0%RC: 0.8173772096633911
[INFO GPL-0086] 5.0%RC: 0.7360827326774597
[INFO GPL-0087] FinalRC: 0.8251507
[INFO GPL-0077] FinalRC lower than targetRC(1.01), routability not needed.
[NesterovSolve] Iter:  250 overflow: 0.286 HPWL: 2462167
[INFO GPL-0100] Timing-driven: executing resizer for reweighting nets.
[INFO GPL-0101] Timing-driven: worst slack 1.13e-08
[INFO GPL-0103] Timing-driven: weighted 18 nets.
[NesterovSolve] Iter:  260 overflow: 0.260 HPWL: 2487180
[NesterovSolve] Iter:  270 overflow: 0.233 HPWL: 2507349
[NesterovSolve] Iter:  280 overflow: 0.207 HPWL: 2522838
[INFO GPL-0100] Timing-driven: executing resizer for reweighting nets.
[INFO GPL-0101] Timing-driven: worst slack 1.13e-08
[INFO GPL-0103] Timing-driven: weighted 18 nets.
[NesterovSolve] Iter:  290 overflow: 0.179 HPWL: 2545604
[NesterovSolve] Iter:  300 overflow: 0.152 HPWL: 2566903
[INFO GPL-0100] Timing-driven: executing resizer for reweighting nets.
[INFO GPL-0101] Timing-driven: worst slack 1.13e-08
[INFO GPL-0103] Timing-driven: weighted 18 nets.
[NesterovSolve] Iter:  310 overflow: 0.129 HPWL: 2587235
[NesterovSolve] Iter:  320 overflow: 0.104 HPWL: 2615740
[NesterovSolve] Finished with Overflow: 0.097162
[INFO] Setting RC values…
Setting global connections for newly added cells…
[INFO] Setting global connections...
Updating metrics…
Cell type report:                       Count       Area
  Fill cell                                50     187.68
  Tap cell                                 67      83.83
  Inverter                                 30     112.61
  Sequential cell                          45    1042.25
  Multi-Input combinational cell          108    1027.24
  Total                                   300    2453.60
Writing OpenROAD database to '/home/davidsales/Documentos/Coding/Main_HDL/Synthesis/designs/i2c_master/runs/RUN_2026-02-24_21-34-25/27-openroad-globalplacement/i2c_master_controller.odb'…
Writing netlist to '/home/davidsales/Documentos/Coding/Main_HDL/Synthesis/designs/i2c_master/runs/RUN_2026-02-24_21-34-25/27-openroad-globalplacement/i2c_master_controller.nl.v'…
Writing powered netlist to '/home/davidsales/Documentos/Coding/Main_HDL/Synthesis/designs/i2c_master/runs/RUN_2026-02-24_21-34-25/27-openroad-globalplacement/i2c_master_controller.pnl.v'…
Writing layout to '/home/davidsales/Documentos/Coding/Main_HDL/Synthesis/designs/i2c_master/runs/RUN_2026-02-24_21-34-25/27-openroad-globalplacement/i2c_master_controller.def'…
Writing timing constraints to '/home/davidsales/Documentos/Coding/Main_HDL/Synthesis/designs/i2c_master/runs/RUN_2026-02-24_21-34-25/27-openroad-globalplacement/i2c_master_controller.sdc'…
