Clock: clk
Sources: clk 
Generated: no
Virtual: yes
Propagated: no
Period: 20.000000

===========================================================================
report_clock_properties
============================================================================
Clock                   Period          Waveform
----------------------------------------------------
clk                  20.000000    0.000000 10.000000

===========================================================================
report_clock_latency
============================================================================
Clock clk
rise -> rise
    min     max
0.000000 0.000000 source latency
0.185789         network latency _314_/CLK
        0.778742 network latency _277_/CLK
---------------
0.185789 0.778742 latency
        0.592953 skew

rise -> fall
    min     max
0.000000 0.000000 source latency
0.512304         network latency _293_/CLK
        0.808271 network latency _295_/CLK
---------------
0.512304 0.808271 latency
        0.295967 skew

fall -> fall
    min     max
0.000000 0.000000 source latency
0.186740         network latency _314_/CLK
        0.189614 network latency _315_/CLK
---------------
0.186740 0.189614 latency
        0.002873 skew



===========================================================================
report_clock_min_period
============================================================================
clk period_min = 1.61 fmax = 622.77
