
===========================================================================
report_checks -path_delay min (Hold)
============================================================================
======================= min_ff_n40C_1v95 Corner ===================================

Startpoint: _314_ (rising edge-triggered flip-flop clocked by clk)
Endpoint: _315_ (rising edge-triggered flip-flop clocked by clk)
Path Group: clk
Path Type: min

Fanout         Cap        Slew       Delay        Time   Description
---------------------------------------------------------------------------------------------
                                  0.000000    0.000000   clock clk (rise edge)
                                  0.000000    0.000000   clock source latency
     1    0.010342    0.039678    0.025933    0.025933 ^ clk (in)
                                                         clk (net)
                      0.039679    0.000000    0.025933 ^ clkbuf_0_clk/A (sky130_fd_sc_hd__clkbuf_16)
     2    0.018789    0.030383    0.086200    0.112133 ^ clkbuf_0_clk/X (sky130_fd_sc_hd__clkbuf_16)
                                                         clknet_0_clk (net)
                      0.030383    0.000175    0.112309 ^ clkbuf_1_0__f_clk/A (sky130_fd_sc_hd__clkbuf_16)
     2    0.004869    0.020894    0.073450    0.185758 ^ clkbuf_1_0__f_clk/X (sky130_fd_sc_hd__clkbuf_16)
                                                         clknet_1_0__leaf_clk (net)
                      0.020894    0.000031    0.185789 ^ _314_/CLK (sky130_fd_sc_hd__dfrtp_1)
     3    0.008607    0.065973    0.222424    0.408213 ^ _314_/Q (sky130_fd_sc_hd__dfrtp_1)
                                                         clk_counter[0] (net)
                      0.065973    0.000051    0.408265 ^ _189_/A (sky130_fd_sc_hd__or2_1)
     1    0.004082    0.037342    0.074013    0.482278 ^ _189_/X (sky130_fd_sc_hd__or2_1)
                                                         _104_ (net)
                      0.037342    0.000057    0.482335 ^ _190_/C1 (sky130_fd_sc_hd__o211a_1)
     1    0.004202    0.034909    0.070438    0.552772 ^ _190_/X (sky130_fd_sc_hd__o211a_1)
                                                         _001_ (net)
                      0.034909    0.000059    0.552831 ^ _315_/D (sky130_fd_sc_hd__dfrtp_1)
                                              0.552831   data arrival time

                                  0.000000    0.000000   clock clk (rise edge)
                                  0.000000    0.000000   clock source latency
     1    0.010342    0.039678    0.025933    0.025933 ^ clk (in)
                                                         clk (net)
                      0.039679    0.000000    0.025933 ^ clkbuf_0_clk/A (sky130_fd_sc_hd__clkbuf_16)
     2    0.018789    0.030383    0.086200    0.112133 ^ clkbuf_0_clk/X (sky130_fd_sc_hd__clkbuf_16)
                                                         clknet_0_clk (net)
                      0.030383    0.000136    0.112270 ^ clkbuf_1_1__f_clk/A (sky130_fd_sc_hd__clkbuf_16)
     3    0.008881    0.023770    0.076714    0.188984 ^ clkbuf_1_1__f_clk/X (sky130_fd_sc_hd__clkbuf_16)
                                                         clknet_1_1__leaf_clk (net)
                      0.023770    0.000096    0.189080 ^ _315_/CLK (sky130_fd_sc_hd__dfrtp_1)
                                  0.250000    0.439080   clock uncertainty
                                  0.000000    0.439080   clock reconvergence pessimism
                                 -0.020279    0.418801   library hold time
                                              0.418801   data required time
---------------------------------------------------------------------------------------------
                                              0.418801   data required time
                                             -0.552831   data arrival time
---------------------------------------------------------------------------------------------
                                              0.134031   slack (MET)


Startpoint: _314_ (rising edge-triggered flip-flop clocked by clk)
Endpoint: _316_ (rising edge-triggered flip-flop clocked by clk)
Path Group: clk
Path Type: min

Fanout         Cap        Slew       Delay        Time   Description
---------------------------------------------------------------------------------------------
                                  0.000000    0.000000   clock clk (rise edge)
                                  0.000000    0.000000   clock source latency
     1    0.010342    0.039678    0.025933    0.025933 ^ clk (in)
                                                         clk (net)
                      0.039679    0.000000    0.025933 ^ clkbuf_0_clk/A (sky130_fd_sc_hd__clkbuf_16)
     2    0.018789    0.030383    0.086200    0.112133 ^ clkbuf_0_clk/X (sky130_fd_sc_hd__clkbuf_16)
                                                         clknet_0_clk (net)
                      0.030383    0.000175    0.112309 ^ clkbuf_1_0__f_clk/A (sky130_fd_sc_hd__clkbuf_16)
     2    0.004869    0.020894    0.073450    0.185758 ^ clkbuf_1_0__f_clk/X (sky130_fd_sc_hd__clkbuf_16)
                                                         clknet_1_0__leaf_clk (net)
                      0.020894    0.000031    0.185789 ^ _314_/CLK (sky130_fd_sc_hd__dfrtp_1)
     3    0.008160    0.045303    0.238279    0.424068 v _314_/Q (sky130_fd_sc_hd__dfrtp_1)
                                                         clk_counter[0] (net)
                      0.045303    0.000076    0.424144 v _188_/A (sky130_fd_sc_hd__nand2_1)
     2    0.010787    0.078863    0.080519    0.504663 ^ _188_/Y (sky130_fd_sc_hd__nand2_1)
                                                         _103_ (net)
                      0.078863    0.000129    0.504792 ^ _191_/B (sky130_fd_sc_hd__xnor2_1)
     1    0.002631    0.023146    0.038702    0.543495 v _191_/Y (sky130_fd_sc_hd__xnor2_1)
                                                         _002_ (net)
                      0.023146    0.000027    0.543522 v _316_/D (sky130_fd_sc_hd__dfrtp_1)
                                              0.543522   data arrival time

                                  0.000000    0.000000   clock clk (rise edge)
                                  0.000000    0.000000   clock source latency
     1    0.010342    0.039678    0.025933    0.025933 ^ clk (in)
                                                         clk (net)
                      0.039679    0.000000    0.025933 ^ clkbuf_0_clk/A (sky130_fd_sc_hd__clkbuf_16)
     2    0.018789    0.030383    0.086200    0.112133 ^ clkbuf_0_clk/X (sky130_fd_sc_hd__clkbuf_16)
                                                         clknet_0_clk (net)
                      0.030383    0.000175    0.112309 ^ clkbuf_1_0__f_clk/A (sky130_fd_sc_hd__clkbuf_16)
     2    0.004869    0.020894    0.073450    0.185758 ^ clkbuf_1_0__f_clk/X (sky130_fd_sc_hd__clkbuf_16)
                                                         clknet_1_0__leaf_clk (net)
                      0.020894    0.000048    0.185806 ^ _316_/CLK (sky130_fd_sc_hd__dfrtp_1)
                                  0.250000    0.435806   clock uncertainty
                                  0.000000    0.435806   clock reconvergence pessimism
                                 -0.030499    0.405307   library hold time
                                              0.405307   data required time
---------------------------------------------------------------------------------------------
                                              0.405307   data required time
                                             -0.543522   data arrival time
---------------------------------------------------------------------------------------------
                                              0.138215   slack (MET)


Startpoint: _272_ (rising edge-triggered flip-flop clocked by clk)
Endpoint: _272_ (rising edge-triggered flip-flop clocked by clk)
Path Group: clk
Path Type: min

Fanout         Cap        Slew       Delay        Time   Description
---------------------------------------------------------------------------------------------
                                  0.000000    0.000000   clock clk (rise edge)
                                  0.000000    0.000000   clock source latency
     1    0.010342    0.039678    0.025933    0.025933 ^ clk (in)
                                                         clk (net)
                      0.039679    0.000000    0.025933 ^ clkbuf_0_clk/A (sky130_fd_sc_hd__clkbuf_16)
     2    0.018789    0.030383    0.086200    0.112133 ^ clkbuf_0_clk/X (sky130_fd_sc_hd__clkbuf_16)
                                                         clknet_0_clk (net)
                      0.030383    0.000136    0.112270 ^ clkbuf_1_1__f_clk/A (sky130_fd_sc_hd__clkbuf_16)
     3    0.008881    0.023770    0.076714    0.188984 ^ clkbuf_1_1__f_clk/X (sky130_fd_sc_hd__clkbuf_16)
                                                         clknet_1_1__leaf_clk (net)
                      0.023770    0.000094    0.189078 ^ _272_/CLK (sky130_fd_sc_hd__dfstp_1)
     1    0.003106    0.019775    0.214053    0.403130 v _272_/Q (sky130_fd_sc_hd__dfstp_1)
                                                         i2c_clk (net)
                      0.020054    0.000033    0.403163 v fanout38/A (sky130_fd_sc_hd__clkbuf_2)
     7    0.026682    0.073051    0.108338    0.511502 v fanout38/X (sky130_fd_sc_hd__clkbuf_2)
                                                         net38 (net)
                      0.073051    0.000242    0.511744 v fanout35/A (sky130_fd_sc_hd__buf_2)
    10    0.032544    0.060189    0.132572    0.644316 v fanout35/X (sky130_fd_sc_hd__buf_2)
                                                         net35 (net)
                      0.060191    0.000420    0.644736 v _175_/A (sky130_fd_sc_hd__xnor2_1)
     1    0.003792    0.026445    0.092596    0.737332 v _175_/Y (sky130_fd_sc_hd__xnor2_1)
                                                         _033_ (net)
                      0.026445    0.000063    0.737394 v _272_/D (sky130_fd_sc_hd__dfstp_1)
                                              0.737394   data arrival time

                                  0.000000    0.000000   clock clk (rise edge)
                                  0.000000    0.000000   clock source latency
     1    0.010342    0.039678    0.025933    0.025933 ^ clk (in)
                                                         clk (net)
                      0.039679    0.000000    0.025933 ^ clkbuf_0_clk/A (sky130_fd_sc_hd__clkbuf_16)
     2    0.018789    0.030383    0.086200    0.112133 ^ clkbuf_0_clk/X (sky130_fd_sc_hd__clkbuf_16)
                                                         clknet_0_clk (net)
                      0.030383    0.000136    0.112270 ^ clkbuf_1_1__f_clk/A (sky130_fd_sc_hd__clkbuf_16)
     3    0.008881    0.023770    0.076714    0.188984 ^ clkbuf_1_1__f_clk/X (sky130_fd_sc_hd__clkbuf_16)
                                                         clknet_1_1__leaf_clk (net)
                      0.023770    0.000094    0.189078 ^ _272_/CLK (sky130_fd_sc_hd__dfstp_1)
                                  0.250000    0.439078   clock uncertainty
                                  0.000000    0.439078   clock reconvergence pessimism
                                 -0.013432    0.425646   library hold time
                                              0.425646   data required time
---------------------------------------------------------------------------------------------
                                              0.425646   data required time
                                             -0.737394   data arrival time
---------------------------------------------------------------------------------------------
                                              0.311748   slack (MET)


Startpoint: _314_ (rising edge-triggered flip-flop clocked by clk)
Endpoint: _314_ (rising edge-triggered flip-flop clocked by clk)
Path Group: clk
Path Type: min

Fanout         Cap        Slew       Delay        Time   Description
---------------------------------------------------------------------------------------------
                                  0.000000    0.000000   clock clk (rise edge)
                                  0.000000    0.000000   clock source latency
     1    0.010342    0.039678    0.025933    0.025933 ^ clk (in)
                                                         clk (net)
                      0.039679    0.000000    0.025933 ^ clkbuf_0_clk/A (sky130_fd_sc_hd__clkbuf_16)
     2    0.018789    0.030383    0.086200    0.112133 ^ clkbuf_0_clk/X (sky130_fd_sc_hd__clkbuf_16)
                                                         clknet_0_clk (net)
                      0.030383    0.000175    0.112309 ^ clkbuf_1_0__f_clk/A (sky130_fd_sc_hd__clkbuf_16)
     2    0.004869    0.020894    0.073450    0.185758 ^ clkbuf_1_0__f_clk/X (sky130_fd_sc_hd__clkbuf_16)
                                                         clknet_1_0__leaf_clk (net)
                      0.020894    0.000031    0.185789 ^ _314_/CLK (sky130_fd_sc_hd__dfrtp_1)
     3    0.008607    0.065973    0.222424    0.408213 ^ _314_/Q (sky130_fd_sc_hd__dfrtp_1)
                                                         clk_counter[0] (net)
                      0.065973    0.000054    0.408267 ^ hold1/A (sky130_fd_sc_hd__dlygate4sd3_1)
     1    0.005102    0.052834    0.390957    0.799225 ^ hold1/X (sky130_fd_sc_hd__dlygate4sd3_1)
                                                         net41 (net)
                      0.052834    0.000050    0.799275 ^ _142_/A (sky130_fd_sc_hd__inv_2)
     3    0.009573    0.023894    0.027856    0.827131 v _142_/Y (sky130_fd_sc_hd__inv_2)
                                                         _000_ (net)
                      0.023902    0.000086    0.827217 v _314_/D (sky130_fd_sc_hd__dfrtp_1)
                                              0.827217   data arrival time

                                  0.000000    0.000000   clock clk (rise edge)
                                  0.000000    0.000000   clock source latency
     1    0.010342    0.039678    0.025933    0.025933 ^ clk (in)
                                                         clk (net)
                      0.039679    0.000000    0.025933 ^ clkbuf_0_clk/A (sky130_fd_sc_hd__clkbuf_16)
     2    0.018789    0.030383    0.086200    0.112133 ^ clkbuf_0_clk/X (sky130_fd_sc_hd__clkbuf_16)
                                                         clknet_0_clk (net)
                      0.030383    0.000175    0.112309 ^ clkbuf_1_0__f_clk/A (sky130_fd_sc_hd__clkbuf_16)
     2    0.004869    0.020894    0.073450    0.185758 ^ clkbuf_1_0__f_clk/X (sky130_fd_sc_hd__clkbuf_16)
                                                         clknet_1_0__leaf_clk (net)
                      0.020894    0.000031    0.185789 ^ _314_/CLK (sky130_fd_sc_hd__dfrtp_1)
                                  0.250000    0.435789   clock uncertainty
                                  0.000000    0.435789   clock reconvergence pessimism
                                 -0.030744    0.405045   library hold time
                                              0.405045   data required time
---------------------------------------------------------------------------------------------
                                              0.405045   data required time
                                             -0.827217   data arrival time
---------------------------------------------------------------------------------------------
                                              0.422172   slack (MET)


Startpoint: rst (input port clocked by clk)
Endpoint: _315_ (removal check against rising-edge clock clk)
Path Group: asynchronous
Path Type: min

Fanout         Cap        Slew       Delay        Time   Description
---------------------------------------------------------------------------------------------
                                  0.000000    0.000000   clock clk (rise edge)
                                  0.000000    0.000000   clock network delay (propagated)
                                  4.000000    4.000000 v input external delay
     1    0.002648    0.004509    0.002126    4.002126 v rst (in)
                                                         rst (net)
                      0.004509    0.000000    4.002126 v input17/A (sky130_fd_sc_hd__buf_1)
     2    0.013256    0.055819    0.078511    4.080637 v input17/X (sky130_fd_sc_hd__buf_1)
                                                         net17 (net)
                      0.055819    0.000151    4.080787 v fanout40/A (sky130_fd_sc_hd__clkbuf_4)
    10    0.047651    0.073056    0.147407    4.228194 v fanout40/X (sky130_fd_sc_hd__clkbuf_4)
                                                         net40 (net)
                      0.073071    0.001007    4.229201 v _270_/A (sky130_fd_sc_hd__inv_2)
     1    0.004444    0.029063    0.046326    4.275527 ^ _270_/Y (sky130_fd_sc_hd__inv_2)
                                                         _031_ (net)
                      0.029063    0.000043    4.275570 ^ _315_/RESET_B (sky130_fd_sc_hd__dfrtp_1)
                                              4.275570   data arrival time

                                  0.000000    0.000000   clock clk (rise edge)
                                  0.000000    0.000000   clock source latency
     1    0.010342    0.039678    0.025933    0.025933 ^ clk (in)
                                                         clk (net)
                      0.039679    0.000000    0.025933 ^ clkbuf_0_clk/A (sky130_fd_sc_hd__clkbuf_16)
     2    0.018789    0.030383    0.086200    0.112133 ^ clkbuf_0_clk/X (sky130_fd_sc_hd__clkbuf_16)
                                                         clknet_0_clk (net)
                      0.030383    0.000136    0.112270 ^ clkbuf_1_1__f_clk/A (sky130_fd_sc_hd__clkbuf_16)
     3    0.008881    0.023770    0.076714    0.188984 ^ clkbuf_1_1__f_clk/X (sky130_fd_sc_hd__clkbuf_16)
                                                         clknet_1_1__leaf_clk (net)
                      0.023770    0.000096    0.189080 ^ _315_/CLK (sky130_fd_sc_hd__dfrtp_1)
                                  0.250000    0.439080   clock uncertainty
                                  0.000000    0.439080   clock reconvergence pessimism
                                  0.195630    0.634710   library removal time
                                              0.634710   data required time
---------------------------------------------------------------------------------------------
                                              0.634710   data required time
                                             -4.275570   data arrival time
---------------------------------------------------------------------------------------------
                                              3.640860   slack (MET)


Startpoint: rst (input port clocked by clk)
Endpoint: _314_ (removal check against rising-edge clock clk)
Path Group: asynchronous
Path Type: min

Fanout         Cap        Slew       Delay        Time   Description
---------------------------------------------------------------------------------------------
                                  0.000000    0.000000   clock clk (rise edge)
                                  0.000000    0.000000   clock network delay (propagated)
                                  4.000000    4.000000 v input external delay
     1    0.002648    0.004509    0.002126    4.002126 v rst (in)
                                                         rst (net)
                      0.004509    0.000000    4.002126 v input17/A (sky130_fd_sc_hd__buf_1)
     2    0.013256    0.055819    0.078511    4.080637 v input17/X (sky130_fd_sc_hd__buf_1)
                                                         net17 (net)
                      0.055819    0.000151    4.080787 v fanout40/A (sky130_fd_sc_hd__clkbuf_4)
    10    0.047651    0.073056    0.147407    4.228194 v fanout40/X (sky130_fd_sc_hd__clkbuf_4)
                                                         net40 (net)
                      0.073069    0.000962    4.229156 v _269_/A (sky130_fd_sc_hd__inv_2)
     1    0.004831    0.030258    0.047712    4.276868 ^ _269_/Y (sky130_fd_sc_hd__inv_2)
                                                         _030_ (net)
                      0.030258    0.000057    4.276926 ^ _314_/RESET_B (sky130_fd_sc_hd__dfrtp_1)
                                              4.276926   data arrival time

                                  0.000000    0.000000   clock clk (rise edge)
                                  0.000000    0.000000   clock source latency
     1    0.010342    0.039678    0.025933    0.025933 ^ clk (in)
                                                         clk (net)
                      0.039679    0.000000    0.025933 ^ clkbuf_0_clk/A (sky130_fd_sc_hd__clkbuf_16)
     2    0.018789    0.030383    0.086200    0.112133 ^ clkbuf_0_clk/X (sky130_fd_sc_hd__clkbuf_16)
                                                         clknet_0_clk (net)
                      0.030383    0.000175    0.112309 ^ clkbuf_1_0__f_clk/A (sky130_fd_sc_hd__clkbuf_16)
     2    0.004869    0.020894    0.073450    0.185758 ^ clkbuf_1_0__f_clk/X (sky130_fd_sc_hd__clkbuf_16)
                                                         clknet_1_0__leaf_clk (net)
                      0.020894    0.000031    0.185789 ^ _314_/CLK (sky130_fd_sc_hd__dfrtp_1)
                                  0.250000    0.435789   clock uncertainty
                                  0.000000    0.435789   clock reconvergence pessimism
                                  0.195545    0.631334   library removal time
                                              0.631334   data required time
---------------------------------------------------------------------------------------------
                                              0.631334   data required time
                                             -4.276926   data arrival time
---------------------------------------------------------------------------------------------
                                              3.645592   slack (MET)


Startpoint: rst (input port clocked by clk)
Endpoint: _316_ (removal check against rising-edge clock clk)
Path Group: asynchronous
Path Type: min

Fanout         Cap        Slew       Delay        Time   Description
---------------------------------------------------------------------------------------------
                                  0.000000    0.000000   clock clk (rise edge)
                                  0.000000    0.000000   clock network delay (propagated)
                                  4.000000    4.000000 v input external delay
     1    0.002648    0.004509    0.002126    4.002126 v rst (in)
                                                         rst (net)
                      0.004509    0.000000    4.002126 v input17/A (sky130_fd_sc_hd__buf_1)
     2    0.013256    0.055819    0.078511    4.080637 v input17/X (sky130_fd_sc_hd__buf_1)
                                                         net17 (net)
                      0.055819    0.000151    4.080787 v fanout40/A (sky130_fd_sc_hd__clkbuf_4)
    10    0.047651    0.073056    0.147407    4.228194 v fanout40/X (sky130_fd_sc_hd__clkbuf_4)
                                                         net40 (net)
                      0.073065    0.000809    4.229002 v _271_/A (sky130_fd_sc_hd__inv_2)
     1    0.005906    0.033002    0.050506    4.279509 ^ _271_/Y (sky130_fd_sc_hd__inv_2)
                                                         _032_ (net)
                      0.033002    0.000095    4.279603 ^ _316_/RESET_B (sky130_fd_sc_hd__dfrtp_1)
                                              4.279603   data arrival time

                                  0.000000    0.000000   clock clk (rise edge)
                                  0.000000    0.000000   clock source latency
     1    0.010342    0.039678    0.025933    0.025933 ^ clk (in)
                                                         clk (net)
                      0.039679    0.000000    0.025933 ^ clkbuf_0_clk/A (sky130_fd_sc_hd__clkbuf_16)
     2    0.018789    0.030383    0.086200    0.112133 ^ clkbuf_0_clk/X (sky130_fd_sc_hd__clkbuf_16)
                                                         clknet_0_clk (net)
                      0.030383    0.000175    0.112309 ^ clkbuf_1_0__f_clk/A (sky130_fd_sc_hd__clkbuf_16)
     2    0.004869    0.020894    0.073450    0.185758 ^ clkbuf_1_0__f_clk/X (sky130_fd_sc_hd__clkbuf_16)
                                                         clknet_1_0__leaf_clk (net)
                      0.020894    0.000048    0.185806 ^ _316_/CLK (sky130_fd_sc_hd__dfrtp_1)
                                  0.250000    0.435806   clock uncertainty
                                  0.000000    0.435806   clock reconvergence pessimism
                                  0.196258    0.632064   library removal time
                                              0.632064   data required time
---------------------------------------------------------------------------------------------
                                              0.632064   data required time
                                             -4.279603   data arrival time
---------------------------------------------------------------------------------------------
                                              3.647539   slack (MET)


Startpoint: rst (input port clocked by clk)
Endpoint: _272_ (removal check against rising-edge clock clk)
Path Group: asynchronous
Path Type: min

Fanout         Cap        Slew       Delay        Time   Description
---------------------------------------------------------------------------------------------
                                  0.000000    0.000000   clock clk (rise edge)
                                  0.000000    0.000000   clock network delay (propagated)
                                  4.000000    4.000000 v input external delay
     1    0.002648    0.004509    0.002126    4.002126 v rst (in)
                                                         rst (net)
                      0.004509    0.000000    4.002126 v input17/A (sky130_fd_sc_hd__buf_1)
     2    0.013256    0.055819    0.078511    4.080637 v input17/X (sky130_fd_sc_hd__buf_1)
                                                         net17 (net)
                      0.055819    0.000151    4.080787 v fanout40/A (sky130_fd_sc_hd__clkbuf_4)
    10    0.047651    0.073056    0.147407    4.228194 v fanout40/X (sky130_fd_sc_hd__clkbuf_4)
                                                         net40 (net)
                      0.073071    0.001012    4.229206 v _256_/A (sky130_fd_sc_hd__inv_2)
     1    0.004139    0.028139    0.045186    4.274392 ^ _256_/Y (sky130_fd_sc_hd__inv_2)
                                                         _013_ (net)
                      0.028139    0.000037    4.274429 ^ _272_/SET_B (sky130_fd_sc_hd__dfstp_1)
                                              4.274429   data arrival time

                                  0.000000    0.000000   clock clk (rise edge)
                                  0.000000    0.000000   clock source latency
     1    0.010342    0.039678    0.025933    0.025933 ^ clk (in)
                                                         clk (net)
                      0.039679    0.000000    0.025933 ^ clkbuf_0_clk/A (sky130_fd_sc_hd__clkbuf_16)
     2    0.018789    0.030383    0.086200    0.112133 ^ clkbuf_0_clk/X (sky130_fd_sc_hd__clkbuf_16)
                                                         clknet_0_clk (net)
                      0.030383    0.000136    0.112270 ^ clkbuf_1_1__f_clk/A (sky130_fd_sc_hd__clkbuf_16)
     3    0.008881    0.023770    0.076714    0.188984 ^ clkbuf_1_1__f_clk/X (sky130_fd_sc_hd__clkbuf_16)
                                                         clknet_1_1__leaf_clk (net)
                      0.023770    0.000094    0.189078 ^ _272_/CLK (sky130_fd_sc_hd__dfstp_1)
                                  0.250000    0.439078   clock uncertainty
                                  0.000000    0.439078   clock reconvergence pessimism
                                  0.098188    0.537265   library removal time
                                              0.537265   data required time
---------------------------------------------------------------------------------------------
                                              0.537265   data required time
                                             -4.274429   data arrival time
---------------------------------------------------------------------------------------------
                                              3.737164   slack (MET)


Startpoint: _272_ (rising edge-triggered flip-flop clocked by clk)
Endpoint: i2c_scl (output port clocked by clk)
Path Group: clk
Path Type: min

Fanout         Cap        Slew       Delay        Time   Description
---------------------------------------------------------------------------------------------
                                  0.000000    0.000000   clock clk (rise edge)
                                  0.000000    0.000000   clock source latency
     1    0.010342    0.039678    0.025933    0.025933 ^ clk (in)
                                                         clk (net)
                      0.039679    0.000000    0.025933 ^ clkbuf_0_clk/A (sky130_fd_sc_hd__clkbuf_16)
     2    0.018789    0.030383    0.086200    0.112133 ^ clkbuf_0_clk/X (sky130_fd_sc_hd__clkbuf_16)
                                                         clknet_0_clk (net)
                      0.030383    0.000136    0.112270 ^ clkbuf_1_1__f_clk/A (sky130_fd_sc_hd__clkbuf_16)
     3    0.008881    0.023770    0.076714    0.188984 ^ clkbuf_1_1__f_clk/X (sky130_fd_sc_hd__clkbuf_16)
                                                         clknet_1_1__leaf_clk (net)
                      0.023770    0.000094    0.189078 ^ _272_/CLK (sky130_fd_sc_hd__dfstp_1)
     1    0.003106    0.019775    0.214053    0.403130 v _272_/Q (sky130_fd_sc_hd__dfstp_1)
                                                         i2c_clk (net)
                      0.020054    0.000033    0.403163 v fanout38/A (sky130_fd_sc_hd__clkbuf_2)
     7    0.026682    0.073051    0.108338    0.511502 v fanout38/X (sky130_fd_sc_hd__clkbuf_2)
                                                         net38 (net)
                      0.073052    0.000438    0.511940 v fanout34/A (sky130_fd_sc_hd__buf_2)
    10    0.030722    0.057551    0.130162    0.642102 v fanout34/X (sky130_fd_sc_hd__buf_2)
                                                         net34 (net)
                      0.057552    0.000354    0.642456 v _138_/A (sky130_fd_sc_hd__inv_2)
     2    0.011222    0.044957    0.058516    0.700972 ^ _138_/Y (sky130_fd_sc_hd__inv_2)
                                                         _025_ (net)
                      0.044957    0.000048    0.701020 ^ _187_/A (sky130_fd_sc_hd__nand2_4)
     1    0.034805    0.054948    0.055208    0.756228 v _187_/Y (sky130_fd_sc_hd__nand2_4)
                                                         i2c_scl (net)
     0    0.034805    0.054956    0.000509    0.756737 v i2c_scl (inout)
                                                         i2c_scl (net)
                                              0.756737   data arrival time

                                  0.000000    0.000000   clock clk (rise edge)
                                  0.000000    0.000000   clock network delay (propagated)
                                  0.250000    0.250000   clock uncertainty
                                  0.000000    0.250000   clock reconvergence pessimism
                                 -4.000000   -3.750000   output external delay
                                             -3.750000   data required time
---------------------------------------------------------------------------------------------
                                             -3.750000   data required time
                                             -0.756737   data arrival time
---------------------------------------------------------------------------------------------
                                              4.506737   slack (MET)


Startpoint: rst (input port clocked by clk)
Endpoint: ready (output port clocked by clk)
Path Group: clk
Path Type: min

Fanout         Cap        Slew       Delay        Time   Description
---------------------------------------------------------------------------------------------
                                  0.000000    0.000000   clock clk (rise edge)
                                  0.000000    0.000000   clock network delay (propagated)
                                  4.000000    4.000000 ^ input external delay
     1    0.002836    0.014046    0.007316    4.007316 ^ rst (in)
                                                         rst (net)
                      0.014046    0.000000    4.007316 ^ input17/A (sky130_fd_sc_hd__buf_1)
     2    0.013867    0.125451    0.112466    4.119781 ^ input17/X (sky130_fd_sc_hd__buf_1)
                                                         net17 (net)
                      0.125451    0.000158    4.119940 ^ fanout40/A (sky130_fd_sc_hd__clkbuf_4)
    10    0.050775    0.119882    0.177336    4.297276 ^ fanout40/X (sky130_fd_sc_hd__clkbuf_4)
                                                         net40 (net)
                      0.119882    0.000401    4.297677 ^ _186_/A (sky130_fd_sc_hd__nor2_1)
     1    0.002192    0.020816    0.030541    4.328218 v _186_/Y (sky130_fd_sc_hd__nor2_1)
                                                         net27 (net)
                      0.020816    0.000021    4.328239 v output27/A (sky130_fd_sc_hd__buf_2)
     1    0.034099    0.062346    0.113740    4.441978 v output27/X (sky130_fd_sc_hd__buf_2)
                                                         ready (net)
                      0.062346    0.000242    4.442221 v ready (out)
                                              4.442221   data arrival time

                                  0.000000    0.000000   clock clk (rise edge)
                                  0.000000    0.000000   clock network delay (propagated)
                                  0.250000    0.250000   clock uncertainty
                                  0.000000    0.250000   clock reconvergence pessimism
                                 -4.000000   -3.750000   output external delay
                                             -3.750000   data required time
---------------------------------------------------------------------------------------------
                                             -3.750000   data required time
                                             -4.442221   data arrival time
---------------------------------------------------------------------------------------------
                                              8.192221   slack (MET)



