Reading timing models for corner min_ff_n40C_1v95…
Reading cell library for the 'min_ff_n40C_1v95' corner at '/home/davidsales/.ciel/ciel/sky130/versions/0fe599b2afb6708d281543108caf8310912f54af/sky130A/libs.ref/sky130_fd_sc_hd/lib/sky130_fd_sc_hd__ff_n40C_1v95.lib'…
Reading top-level netlist at '/home/davidsales/Documentos/Coding/Main_HDL/Synthesis/designs/i2c_master/runs/RUN_2026-02-24_21-34-25/51-openroad-fillinsertion/i2c_master_controller.nl.v'…
Linking design 'i2c_master_controller' from netlist…
Warning: /home/davidsales/Documentos/Coding/Main_HDL/Synthesis/designs/i2c_master/runs/RUN_2026-02-24_21-34-25/51-openroad-fillinsertion/i2c_master_controller.nl.v line 950, module sky130_fd_sc_hd__tapvpwrvgnd_1 not found. Creating black box for TAP_TAPCELL_ROW_0_50.
Warning: /home/davidsales/Documentos/Coding/Main_HDL/Synthesis/designs/i2c_master/runs/RUN_2026-02-24_21-34-25/51-openroad-fillinsertion/i2c_master_controller.nl.v line 1112, module sky130_ef_sc_hd__decap_12 not found. Creating black box for FILLER_0_3.
Warning: /home/davidsales/Documentos/Coding/Main_HDL/Synthesis/designs/i2c_master/runs/RUN_2026-02-24_21-34-25/51-openroad-fillinsertion/i2c_master_controller.nl.v line 1118, module sky130_fd_sc_hd__fill_2 not found. Creating black box for FILLER_0_54.
Warning: /home/davidsales/Documentos/Coding/Main_HDL/Synthesis/designs/i2c_master/runs/RUN_2026-02-24_21-34-25/51-openroad-fillinsertion/i2c_master_controller.nl.v line 1125, module sky130_fd_sc_hd__fill_1 not found. Creating black box for FILLER_0_111.
Reading design constraints file at '/nix/store/41c5n1rfapbw2k2daig2yag6mbsifckg-python3-3.11.9-env/lib/python3.11/site-packages/librelane/scripts/base.sdc'…
[INFO] Using clock clk…
[INFO] Setting output delay to: 4.0
[INFO] Setting input delay to: 4.0
[INFO] Setting load to: 0.033442
[INFO] Setting clock uncertainty to: 0.25
[INFO] Setting clock transition to: 0.1499999999999999944488848768742172978818416595458984375
[INFO] Setting timing derate to: 5%
Reading top-level design parasitics for the 'min_ff_n40C_1v95' corner at '/home/davidsales/Documentos/Coding/Main_HDL/Synthesis/designs/i2c_master/runs/RUN_2026-02-24_21-34-25/53-openroad-rcx/min/i2c_master_controller.min.spef'…
%OL_CREATE_REPORT min.rpt

===========================================================================
report_checks -path_delay min (Hold)
============================================================================
======================= min_ff_n40C_1v95 Corner ===================================

Startpoint: _314_ (rising edge-triggered flip-flop clocked by clk)
Endpoint: _315_ (rising edge-triggered flip-flop clocked by clk)
Path Group: clk
Path Type: min

Fanout         Cap        Slew       Delay        Time   Description
---------------------------------------------------------------------------------------------
                                  0.000000    0.000000   clock clk (rise edge)
                                  0.000000    0.000000   clock source latency
     1    0.010342    0.039678    0.025933    0.025933 ^ clk (in)
                                                         clk (net)
                      0.039679    0.000000    0.025933 ^ clkbuf_0_clk/A (sky130_fd_sc_hd__clkbuf_16)
     2    0.018789    0.030383    0.086200    0.112133 ^ clkbuf_0_clk/X (sky130_fd_sc_hd__clkbuf_16)
                                                         clknet_0_clk (net)
                      0.030383    0.000175    0.112309 ^ clkbuf_1_0__f_clk/A (sky130_fd_sc_hd__clkbuf_16)
     2    0.004869    0.020894    0.073450    0.185758 ^ clkbuf_1_0__f_clk/X (sky130_fd_sc_hd__clkbuf_16)
                                                         clknet_1_0__leaf_clk (net)
                      0.020894    0.000031    0.185789 ^ _314_/CLK (sky130_fd_sc_hd__dfrtp_1)
     3    0.008607    0.065973    0.222424    0.408213 ^ _314_/Q (sky130_fd_sc_hd__dfrtp_1)
                                                         clk_counter[0] (net)
                      0.065973    0.000051    0.408265 ^ _189_/A (sky130_fd_sc_hd__or2_1)
     1    0.004082    0.037342    0.074013    0.482278 ^ _189_/X (sky130_fd_sc_hd__or2_1)
                                                         _104_ (net)
                      0.037342    0.000057    0.482335 ^ _190_/C1 (sky130_fd_sc_hd__o211a_1)
     1    0.004202    0.034909    0.070438    0.552772 ^ _190_/X (sky130_fd_sc_hd__o211a_1)
                                                         _001_ (net)
                      0.034909    0.000059    0.552831 ^ _315_/D (sky130_fd_sc_hd__dfrtp_1)
                                              0.552831   data arrival time

                                  0.000000    0.000000   clock clk (rise edge)
                                  0.000000    0.000000   clock source latency
     1    0.010342    0.039678    0.025933    0.025933 ^ clk (in)
                                                         clk (net)
                      0.039679    0.000000    0.025933 ^ clkbuf_0_clk/A (sky130_fd_sc_hd__clkbuf_16)
     2    0.018789    0.030383    0.086200    0.112133 ^ clkbuf_0_clk/X (sky130_fd_sc_hd__clkbuf_16)
                                                         clknet_0_clk (net)
                      0.030383    0.000136    0.112270 ^ clkbuf_1_1__f_clk/A (sky130_fd_sc_hd__clkbuf_16)
     3    0.008881    0.023770    0.076714    0.188984 ^ clkbuf_1_1__f_clk/X (sky130_fd_sc_hd__clkbuf_16)
                                                         clknet_1_1__leaf_clk (net)
                      0.023770    0.000096    0.189080 ^ _315_/CLK (sky130_fd_sc_hd__dfrtp_1)
                                  0.250000    0.439080   clock uncertainty
                                  0.000000    0.439080   clock reconvergence pessimism
                                 -0.020279    0.418801   library hold time
                                              0.418801   data required time
---------------------------------------------------------------------------------------------
                                              0.418801   data required time
                                             -0.552831   data arrival time
---------------------------------------------------------------------------------------------
                                              0.134031   slack (MET)


Startpoint: _314_ (rising edge-triggered flip-flop clocked by clk)
Endpoint: _316_ (rising edge-triggered flip-flop clocked by clk)
Path Group: clk
Path Type: min

Fanout         Cap        Slew       Delay        Time   Description
---------------------------------------------------------------------------------------------
                                  0.000000    0.000000   clock clk (rise edge)
                                  0.000000    0.000000   clock source latency
     1    0.010342    0.039678    0.025933    0.025933 ^ clk (in)
                                                         clk (net)
                      0.039679    0.000000    0.025933 ^ clkbuf_0_clk/A (sky130_fd_sc_hd__clkbuf_16)
     2    0.018789    0.030383    0.086200    0.112133 ^ clkbuf_0_clk/X (sky130_fd_sc_hd__clkbuf_16)
                                                         clknet_0_clk (net)
                      0.030383    0.000175    0.112309 ^ clkbuf_1_0__f_clk/A (sky130_fd_sc_hd__clkbuf_16)
     2    0.004869    0.020894    0.073450    0.185758 ^ clkbuf_1_0__f_clk/X (sky130_fd_sc_hd__clkbuf_16)
                                                         clknet_1_0__leaf_clk (net)
                      0.020894    0.000031    0.185789 ^ _314_/CLK (sky130_fd_sc_hd__dfrtp_1)
     3    0.008160    0.045303    0.238279    0.424068 v _314_/Q (sky130_fd_sc_hd__dfrtp_1)
                                                         clk_counter[0] (net)
                      0.045303    0.000076    0.424144 v _188_/A (sky130_fd_sc_hd__nand2_1)
     2    0.010787    0.078863    0.080519    0.504663 ^ _188_/Y (sky130_fd_sc_hd__nand2_1)
                                                         _103_ (net)
                      0.078863    0.000129    0.504792 ^ _191_/B (sky130_fd_sc_hd__xnor2_1)
     1    0.002631    0.023146    0.038702    0.543495 v _191_/Y (sky130_fd_sc_hd__xnor2_1)
                                                         _002_ (net)
                      0.023146    0.000027    0.543522 v _316_/D (sky130_fd_sc_hd__dfrtp_1)
                                              0.543522   data arrival time

                                  0.000000    0.000000   clock clk (rise edge)
                                  0.000000    0.000000   clock source latency
     1    0.010342    0.039678    0.025933    0.025933 ^ clk (in)
                                                         clk (net)
                      0.039679    0.000000    0.025933 ^ clkbuf_0_clk/A (sky130_fd_sc_hd__clkbuf_16)
     2    0.018789    0.030383    0.086200    0.112133 ^ clkbuf_0_clk/X (sky130_fd_sc_hd__clkbuf_16)
                                                         clknet_0_clk (net)
                      0.030383    0.000175    0.112309 ^ clkbuf_1_0__f_clk/A (sky130_fd_sc_hd__clkbuf_16)
     2    0.004869    0.020894    0.073450    0.185758 ^ clkbuf_1_0__f_clk/X (sky130_fd_sc_hd__clkbuf_16)
                                                         clknet_1_0__leaf_clk (net)
                      0.020894    0.000048    0.185806 ^ _316_/CLK (sky130_fd_sc_hd__dfrtp_1)
                                  0.250000    0.435806   clock uncertainty
                                  0.000000    0.435806   clock reconvergence pessimism
                                 -0.030499    0.405307   library hold time
                                              0.405307   data required time
---------------------------------------------------------------------------------------------
                                              0.405307   data required time
                                             -0.543522   data arrival time
---------------------------------------------------------------------------------------------
                                              0.138215   slack (MET)


Startpoint: _272_ (rising edge-triggered flip-flop clocked by clk)
Endpoint: _272_ (rising edge-triggered flip-flop clocked by clk)
Path Group: clk
Path Type: min

Fanout         Cap        Slew       Delay        Time   Description
---------------------------------------------------------------------------------------------
                                  0.000000    0.000000   clock clk (rise edge)
                                  0.000000    0.000000   clock source latency
     1    0.010342    0.039678    0.025933    0.025933 ^ clk (in)
                                                         clk (net)
                      0.039679    0.000000    0.025933 ^ clkbuf_0_clk/A (sky130_fd_sc_hd__clkbuf_16)
     2    0.018789    0.030383    0.086200    0.112133 ^ clkbuf_0_clk/X (sky130_fd_sc_hd__clkbuf_16)
                                                         clknet_0_clk (net)
                      0.030383    0.000136    0.112270 ^ clkbuf_1_1__f_clk/A (sky130_fd_sc_hd__clkbuf_16)
     3    0.008881    0.023770    0.076714    0.188984 ^ clkbuf_1_1__f_clk/X (sky130_fd_sc_hd__clkbuf_16)
                                                         clknet_1_1__leaf_clk (net)
                      0.023770    0.000094    0.189078 ^ _272_/CLK (sky130_fd_sc_hd__dfstp_1)
     1    0.003106    0.019775    0.214053    0.403130 v _272_/Q (sky130_fd_sc_hd__dfstp_1)
                                                         i2c_clk (net)
                      0.020054    0.000033    0.403163 v fanout38/A (sky130_fd_sc_hd__clkbuf_2)
     7    0.026682    0.073051    0.108338    0.511502 v fanout38/X (sky130_fd_sc_hd__clkbuf_2)
                                                         net38 (net)
                      0.073051    0.000242    0.511744 v fanout35/A (sky130_fd_sc_hd__buf_2)
    10    0.032544    0.060189    0.132572    0.644316 v fanout35/X (sky130_fd_sc_hd__buf_2)
                                                         net35 (net)
                      0.060191    0.000420    0.644736 v _175_/A (sky130_fd_sc_hd__xnor2_1)
     1    0.003792    0.026445    0.092596    0.737332 v _175_/Y (sky130_fd_sc_hd__xnor2_1)
                                                         _033_ (net)
                      0.026445    0.000063    0.737394 v _272_/D (sky130_fd_sc_hd__dfstp_1)
                                              0.737394   data arrival time

                                  0.000000    0.000000   clock clk (rise edge)
                                  0.000000    0.000000   clock source latency
     1    0.010342    0.039678    0.025933    0.025933 ^ clk (in)
                                                         clk (net)
                      0.039679    0.000000    0.025933 ^ clkbuf_0_clk/A (sky130_fd_sc_hd__clkbuf_16)
     2    0.018789    0.030383    0.086200    0.112133 ^ clkbuf_0_clk/X (sky130_fd_sc_hd__clkbuf_16)
                                                         clknet_0_clk (net)
                      0.030383    0.000136    0.112270 ^ clkbuf_1_1__f_clk/A (sky130_fd_sc_hd__clkbuf_16)
     3    0.008881    0.023770    0.076714    0.188984 ^ clkbuf_1_1__f_clk/X (sky130_fd_sc_hd__clkbuf_16)
                                                         clknet_1_1__leaf_clk (net)
                      0.023770    0.000094    0.189078 ^ _272_/CLK (sky130_fd_sc_hd__dfstp_1)
                                  0.250000    0.439078   clock uncertainty
                                  0.000000    0.439078   clock reconvergence pessimism
                                 -0.013432    0.425646   library hold time
                                              0.425646   data required time
---------------------------------------------------------------------------------------------
                                              0.425646   data required time
                                             -0.737394   data arrival time
---------------------------------------------------------------------------------------------
                                              0.311748   slack (MET)


Startpoint: _314_ (rising edge-triggered flip-flop clocked by clk)
Endpoint: _314_ (rising edge-triggered flip-flop clocked by clk)
Path Group: clk
Path Type: min

Fanout         Cap        Slew       Delay        Time   Description
---------------------------------------------------------------------------------------------
                                  0.000000    0.000000   clock clk (rise edge)
                                  0.000000    0.000000   clock source latency
     1    0.010342    0.039678    0.025933    0.025933 ^ clk (in)
                                                         clk (net)
                      0.039679    0.000000    0.025933 ^ clkbuf_0_clk/A (sky130_fd_sc_hd__clkbuf_16)
     2    0.018789    0.030383    0.086200    0.112133 ^ clkbuf_0_clk/X (sky130_fd_sc_hd__clkbuf_16)
                                                         clknet_0_clk (net)
                      0.030383    0.000175    0.112309 ^ clkbuf_1_0__f_clk/A (sky130_fd_sc_hd__clkbuf_16)
     2    0.004869    0.020894    0.073450    0.185758 ^ clkbuf_1_0__f_clk/X (sky130_fd_sc_hd__clkbuf_16)
                                                         clknet_1_0__leaf_clk (net)
                      0.020894    0.000031    0.185789 ^ _314_/CLK (sky130_fd_sc_hd__dfrtp_1)
     3    0.008607    0.065973    0.222424    0.408213 ^ _314_/Q (sky130_fd_sc_hd__dfrtp_1)
                                                         clk_counter[0] (net)
                      0.065973    0.000054    0.408267 ^ hold1/A (sky130_fd_sc_hd__dlygate4sd3_1)
     1    0.005102    0.052834    0.390957    0.799225 ^ hold1/X (sky130_fd_sc_hd__dlygate4sd3_1)
                                                         net41 (net)
                      0.052834    0.000050    0.799275 ^ _142_/A (sky130_fd_sc_hd__inv_2)
     3    0.009573    0.023894    0.027856    0.827131 v _142_/Y (sky130_fd_sc_hd__inv_2)
                                                         _000_ (net)
                      0.023902    0.000086    0.827217 v _314_/D (sky130_fd_sc_hd__dfrtp_1)
                                              0.827217   data arrival time

                                  0.000000    0.000000   clock clk (rise edge)
                                  0.000000    0.000000   clock source latency
     1    0.010342    0.039678    0.025933    0.025933 ^ clk (in)
                                                         clk (net)
                      0.039679    0.000000    0.025933 ^ clkbuf_0_clk/A (sky130_fd_sc_hd__clkbuf_16)
     2    0.018789    0.030383    0.086200    0.112133 ^ clkbuf_0_clk/X (sky130_fd_sc_hd__clkbuf_16)
                                                         clknet_0_clk (net)
                      0.030383    0.000175    0.112309 ^ clkbuf_1_0__f_clk/A (sky130_fd_sc_hd__clkbuf_16)
     2    0.004869    0.020894    0.073450    0.185758 ^ clkbuf_1_0__f_clk/X (sky130_fd_sc_hd__clkbuf_16)
                                                         clknet_1_0__leaf_clk (net)
                      0.020894    0.000031    0.185789 ^ _314_/CLK (sky130_fd_sc_hd__dfrtp_1)
                                  0.250000    0.435789   clock uncertainty
                                  0.000000    0.435789   clock reconvergence pessimism
                                 -0.030744    0.405045   library hold time
                                              0.405045   data required time
---------------------------------------------------------------------------------------------
                                              0.405045   data required time
                                             -0.827217   data arrival time
---------------------------------------------------------------------------------------------
                                              0.422172   slack (MET)


Startpoint: rst (input port clocked by clk)
Endpoint: _315_ (removal check against rising-edge clock clk)
Path Group: asynchronous
Path Type: min

Fanout         Cap        Slew       Delay        Time   Description
---------------------------------------------------------------------------------------------
                                  0.000000    0.000000   clock clk (rise edge)
                                  0.000000    0.000000   clock network delay (propagated)
                                  4.000000    4.000000 v input external delay
     1    0.002648    0.004509    0.002126    4.002126 v rst (in)
                                                         rst (net)
                      0.004509    0.000000    4.002126 v input17/A (sky130_fd_sc_hd__buf_1)
     2    0.013256    0.055819    0.078511    4.080637 v input17/X (sky130_fd_sc_hd__buf_1)
                                                         net17 (net)
                      0.055819    0.000151    4.080787 v fanout40/A (sky130_fd_sc_hd__clkbuf_4)
    10    0.047651    0.073056    0.147407    4.228194 v fanout40/X (sky130_fd_sc_hd__clkbuf_4)
                                                         net40 (net)
                      0.073071    0.001007    4.229201 v _270_/A (sky130_fd_sc_hd__inv_2)
     1    0.004444    0.029063    0.046326    4.275527 ^ _270_/Y (sky130_fd_sc_hd__inv_2)
                                                         _031_ (net)
                      0.029063    0.000043    4.275570 ^ _315_/RESET_B (sky130_fd_sc_hd__dfrtp_1)
                                              4.275570   data arrival time

                                  0.000000    0.000000   clock clk (rise edge)
                                  0.000000    0.000000   clock source latency
     1    0.010342    0.039678    0.025933    0.025933 ^ clk (in)
                                                         clk (net)
                      0.039679    0.000000    0.025933 ^ clkbuf_0_clk/A (sky130_fd_sc_hd__clkbuf_16)
     2    0.018789    0.030383    0.086200    0.112133 ^ clkbuf_0_clk/X (sky130_fd_sc_hd__clkbuf_16)
                                                         clknet_0_clk (net)
                      0.030383    0.000136    0.112270 ^ clkbuf_1_1__f_clk/A (sky130_fd_sc_hd__clkbuf_16)
     3    0.008881    0.023770    0.076714    0.188984 ^ clkbuf_1_1__f_clk/X (sky130_fd_sc_hd__clkbuf_16)
                                                         clknet_1_1__leaf_clk (net)
                      0.023770    0.000096    0.189080 ^ _315_/CLK (sky130_fd_sc_hd__dfrtp_1)
                                  0.250000    0.439080   clock uncertainty
                                  0.000000    0.439080   clock reconvergence pessimism
                                  0.195630    0.634710   library removal time
                                              0.634710   data required time
---------------------------------------------------------------------------------------------
                                              0.634710   data required time
                                             -4.275570   data arrival time
---------------------------------------------------------------------------------------------
                                              3.640860   slack (MET)


Startpoint: rst (input port clocked by clk)
Endpoint: _314_ (removal check against rising-edge clock clk)
Path Group: asynchronous
Path Type: min

Fanout         Cap        Slew       Delay        Time   Description
---------------------------------------------------------------------------------------------
                                  0.000000    0.000000   clock clk (rise edge)
                                  0.000000    0.000000   clock network delay (propagated)
                                  4.000000    4.000000 v input external delay
     1    0.002648    0.004509    0.002126    4.002126 v rst (in)
                                                         rst (net)
                      0.004509    0.000000    4.002126 v input17/A (sky130_fd_sc_hd__buf_1)
     2    0.013256    0.055819    0.078511    4.080637 v input17/X (sky130_fd_sc_hd__buf_1)
                                                         net17 (net)
                      0.055819    0.000151    4.080787 v fanout40/A (sky130_fd_sc_hd__clkbuf_4)
    10    0.047651    0.073056    0.147407    4.228194 v fanout40/X (sky130_fd_sc_hd__clkbuf_4)
                                                         net40 (net)
                      0.073069    0.000962    4.229156 v _269_/A (sky130_fd_sc_hd__inv_2)
     1    0.004831    0.030258    0.047712    4.276868 ^ _269_/Y (sky130_fd_sc_hd__inv_2)
                                                         _030_ (net)
                      0.030258    0.000057    4.276926 ^ _314_/RESET_B (sky130_fd_sc_hd__dfrtp_1)
                                              4.276926   data arrival time

                                  0.000000    0.000000   clock clk (rise edge)
                                  0.000000    0.000000   clock source latency
     1    0.010342    0.039678    0.025933    0.025933 ^ clk (in)
                                                         clk (net)
                      0.039679    0.000000    0.025933 ^ clkbuf_0_clk/A (sky130_fd_sc_hd__clkbuf_16)
     2    0.018789    0.030383    0.086200    0.112133 ^ clkbuf_0_clk/X (sky130_fd_sc_hd__clkbuf_16)
                                                         clknet_0_clk (net)
                      0.030383    0.000175    0.112309 ^ clkbuf_1_0__f_clk/A (sky130_fd_sc_hd__clkbuf_16)
     2    0.004869    0.020894    0.073450    0.185758 ^ clkbuf_1_0__f_clk/X (sky130_fd_sc_hd__clkbuf_16)
                                                         clknet_1_0__leaf_clk (net)
                      0.020894    0.000031    0.185789 ^ _314_/CLK (sky130_fd_sc_hd__dfrtp_1)
                                  0.250000    0.435789   clock uncertainty
                                  0.000000    0.435789   clock reconvergence pessimism
                                  0.195545    0.631334   library removal time
                                              0.631334   data required time
---------------------------------------------------------------------------------------------
                                              0.631334   data required time
                                             -4.276926   data arrival time
---------------------------------------------------------------------------------------------
                                              3.645592   slack (MET)


Startpoint: rst (input port clocked by clk)
Endpoint: _316_ (removal check against rising-edge clock clk)
Path Group: asynchronous
Path Type: min

Fanout         Cap        Slew       Delay        Time   Description
---------------------------------------------------------------------------------------------
                                  0.000000    0.000000   clock clk (rise edge)
                                  0.000000    0.000000   clock network delay (propagated)
                                  4.000000    4.000000 v input external delay
     1    0.002648    0.004509    0.002126    4.002126 v rst (in)
                                                         rst (net)
                      0.004509    0.000000    4.002126 v input17/A (sky130_fd_sc_hd__buf_1)
     2    0.013256    0.055819    0.078511    4.080637 v input17/X (sky130_fd_sc_hd__buf_1)
                                                         net17 (net)
                      0.055819    0.000151    4.080787 v fanout40/A (sky130_fd_sc_hd__clkbuf_4)
    10    0.047651    0.073056    0.147407    4.228194 v fanout40/X (sky130_fd_sc_hd__clkbuf_4)
                                                         net40 (net)
                      0.073065    0.000809    4.229002 v _271_/A (sky130_fd_sc_hd__inv_2)
     1    0.005906    0.033002    0.050506    4.279509 ^ _271_/Y (sky130_fd_sc_hd__inv_2)
                                                         _032_ (net)
                      0.033002    0.000095    4.279603 ^ _316_/RESET_B (sky130_fd_sc_hd__dfrtp_1)
                                              4.279603   data arrival time

                                  0.000000    0.000000   clock clk (rise edge)
                                  0.000000    0.000000   clock source latency
     1    0.010342    0.039678    0.025933    0.025933 ^ clk (in)
                                                         clk (net)
                      0.039679    0.000000    0.025933 ^ clkbuf_0_clk/A (sky130_fd_sc_hd__clkbuf_16)
     2    0.018789    0.030383    0.086200    0.112133 ^ clkbuf_0_clk/X (sky130_fd_sc_hd__clkbuf_16)
                                                         clknet_0_clk (net)
                      0.030383    0.000175    0.112309 ^ clkbuf_1_0__f_clk/A (sky130_fd_sc_hd__clkbuf_16)
     2    0.004869    0.020894    0.073450    0.185758 ^ clkbuf_1_0__f_clk/X (sky130_fd_sc_hd__clkbuf_16)
                                                         clknet_1_0__leaf_clk (net)
                      0.020894    0.000048    0.185806 ^ _316_/CLK (sky130_fd_sc_hd__dfrtp_1)
                                  0.250000    0.435806   clock uncertainty
                                  0.000000    0.435806   clock reconvergence pessimism
                                  0.196258    0.632064   library removal time
                                              0.632064   data required time
---------------------------------------------------------------------------------------------
                                              0.632064   data required time
                                             -4.279603   data arrival time
---------------------------------------------------------------------------------------------
                                              3.647539   slack (MET)


Startpoint: rst (input port clocked by clk)
Endpoint: _272_ (removal check against rising-edge clock clk)
Path Group: asynchronous
Path Type: min

Fanout         Cap        Slew       Delay        Time   Description
---------------------------------------------------------------------------------------------
                                  0.000000    0.000000   clock clk (rise edge)
                                  0.000000    0.000000   clock network delay (propagated)
                                  4.000000    4.000000 v input external delay
     1    0.002648    0.004509    0.002126    4.002126 v rst (in)
                                                         rst (net)
                      0.004509    0.000000    4.002126 v input17/A (sky130_fd_sc_hd__buf_1)
     2    0.013256    0.055819    0.078511    4.080637 v input17/X (sky130_fd_sc_hd__buf_1)
                                                         net17 (net)
                      0.055819    0.000151    4.080787 v fanout40/A (sky130_fd_sc_hd__clkbuf_4)
    10    0.047651    0.073056    0.147407    4.228194 v fanout40/X (sky130_fd_sc_hd__clkbuf_4)
                                                         net40 (net)
                      0.073071    0.001012    4.229206 v _256_/A (sky130_fd_sc_hd__inv_2)
     1    0.004139    0.028139    0.045186    4.274392 ^ _256_/Y (sky130_fd_sc_hd__inv_2)
                                                         _013_ (net)
                      0.028139    0.000037    4.274429 ^ _272_/SET_B (sky130_fd_sc_hd__dfstp_1)
                                              4.274429   data arrival time

                                  0.000000    0.000000   clock clk (rise edge)
                                  0.000000    0.000000   clock source latency
     1    0.010342    0.039678    0.025933    0.025933 ^ clk (in)
                                                         clk (net)
                      0.039679    0.000000    0.025933 ^ clkbuf_0_clk/A (sky130_fd_sc_hd__clkbuf_16)
     2    0.018789    0.030383    0.086200    0.112133 ^ clkbuf_0_clk/X (sky130_fd_sc_hd__clkbuf_16)
                                                         clknet_0_clk (net)
                      0.030383    0.000136    0.112270 ^ clkbuf_1_1__f_clk/A (sky130_fd_sc_hd__clkbuf_16)
     3    0.008881    0.023770    0.076714    0.188984 ^ clkbuf_1_1__f_clk/X (sky130_fd_sc_hd__clkbuf_16)
                                                         clknet_1_1__leaf_clk (net)
                      0.023770    0.000094    0.189078 ^ _272_/CLK (sky130_fd_sc_hd__dfstp_1)
                                  0.250000    0.439078   clock uncertainty
                                  0.000000    0.439078   clock reconvergence pessimism
                                  0.098188    0.537265   library removal time
                                              0.537265   data required time
---------------------------------------------------------------------------------------------
                                              0.537265   data required time
                                             -4.274429   data arrival time
---------------------------------------------------------------------------------------------
                                              3.737164   slack (MET)


Startpoint: _272_ (rising edge-triggered flip-flop clocked by clk)
Endpoint: i2c_scl (output port clocked by clk)
Path Group: clk
Path Type: min

Fanout         Cap        Slew       Delay        Time   Description
---------------------------------------------------------------------------------------------
                                  0.000000    0.000000   clock clk (rise edge)
                                  0.000000    0.000000   clock source latency
     1    0.010342    0.039678    0.025933    0.025933 ^ clk (in)
                                                         clk (net)
                      0.039679    0.000000    0.025933 ^ clkbuf_0_clk/A (sky130_fd_sc_hd__clkbuf_16)
     2    0.018789    0.030383    0.086200    0.112133 ^ clkbuf_0_clk/X (sky130_fd_sc_hd__clkbuf_16)
                                                         clknet_0_clk (net)
                      0.030383    0.000136    0.112270 ^ clkbuf_1_1__f_clk/A (sky130_fd_sc_hd__clkbuf_16)
     3    0.008881    0.023770    0.076714    0.188984 ^ clkbuf_1_1__f_clk/X (sky130_fd_sc_hd__clkbuf_16)
                                                         clknet_1_1__leaf_clk (net)
                      0.023770    0.000094    0.189078 ^ _272_/CLK (sky130_fd_sc_hd__dfstp_1)
     1    0.003106    0.019775    0.214053    0.403130 v _272_/Q (sky130_fd_sc_hd__dfstp_1)
                                                         i2c_clk (net)
                      0.020054    0.000033    0.403163 v fanout38/A (sky130_fd_sc_hd__clkbuf_2)
     7    0.026682    0.073051    0.108338    0.511502 v fanout38/X (sky130_fd_sc_hd__clkbuf_2)
                                                         net38 (net)
                      0.073052    0.000438    0.511940 v fanout34/A (sky130_fd_sc_hd__buf_2)
    10    0.030722    0.057551    0.130162    0.642102 v fanout34/X (sky130_fd_sc_hd__buf_2)
                                                         net34 (net)
                      0.057552    0.000354    0.642456 v _138_/A (sky130_fd_sc_hd__inv_2)
     2    0.011222    0.044957    0.058516    0.700972 ^ _138_/Y (sky130_fd_sc_hd__inv_2)
                                                         _025_ (net)
                      0.044957    0.000048    0.701020 ^ _187_/A (sky130_fd_sc_hd__nand2_4)
     1    0.034805    0.054948    0.055208    0.756228 v _187_/Y (sky130_fd_sc_hd__nand2_4)
                                                         i2c_scl (net)
     0    0.034805    0.054956    0.000509    0.756737 v i2c_scl (inout)
                                                         i2c_scl (net)
                                              0.756737   data arrival time

                                  0.000000    0.000000   clock clk (rise edge)
                                  0.000000    0.000000   clock network delay (propagated)
                                  0.250000    0.250000   clock uncertainty
                                  0.000000    0.250000   clock reconvergence pessimism
                                 -4.000000   -3.750000   output external delay
                                             -3.750000   data required time
---------------------------------------------------------------------------------------------
                                             -3.750000   data required time
                                             -0.756737   data arrival time
---------------------------------------------------------------------------------------------
                                              4.506737   slack (MET)


Startpoint: rst (input port clocked by clk)
Endpoint: ready (output port clocked by clk)
Path Group: clk
Path Type: min

Fanout         Cap        Slew       Delay        Time   Description
---------------------------------------------------------------------------------------------
                                  0.000000    0.000000   clock clk (rise edge)
                                  0.000000    0.000000   clock network delay (propagated)
                                  4.000000    4.000000 ^ input external delay
     1    0.002836    0.014046    0.007316    4.007316 ^ rst (in)
                                                         rst (net)
                      0.014046    0.000000    4.007316 ^ input17/A (sky130_fd_sc_hd__buf_1)
     2    0.013867    0.125451    0.112466    4.119781 ^ input17/X (sky130_fd_sc_hd__buf_1)
                                                         net17 (net)
                      0.125451    0.000158    4.119940 ^ fanout40/A (sky130_fd_sc_hd__clkbuf_4)
    10    0.050775    0.119882    0.177336    4.297276 ^ fanout40/X (sky130_fd_sc_hd__clkbuf_4)
                                                         net40 (net)
                      0.119882    0.000401    4.297677 ^ _186_/A (sky130_fd_sc_hd__nor2_1)
     1    0.002192    0.020816    0.030541    4.328218 v _186_/Y (sky130_fd_sc_hd__nor2_1)
                                                         net27 (net)
                      0.020816    0.000021    4.328239 v output27/A (sky130_fd_sc_hd__buf_2)
     1    0.034099    0.062346    0.113740    4.441978 v output27/X (sky130_fd_sc_hd__buf_2)
                                                         ready (net)
                      0.062346    0.000242    4.442221 v ready (out)
                                              4.442221   data arrival time

                                  0.000000    0.000000   clock clk (rise edge)
                                  0.000000    0.000000   clock network delay (propagated)
                                  0.250000    0.250000   clock uncertainty
                                  0.000000    0.250000   clock reconvergence pessimism
                                 -4.000000   -3.750000   output external delay
                                             -3.750000   data required time
---------------------------------------------------------------------------------------------
                                             -3.750000   data required time
                                             -4.442221   data arrival time
---------------------------------------------------------------------------------------------
                                              8.192221   slack (MET)



%OL_END_REPORT
%OL_CREATE_REPORT max.rpt

===========================================================================
report_checks -path_delay max (Setup)
============================================================================
======================= min_ff_n40C_1v95 Corner ===================================

Startpoint: rst (input port clocked by clk)
Endpoint: ready (output port clocked by clk)
Path Group: clk
Path Type: max

Fanout         Cap        Slew       Delay        Time   Description
---------------------------------------------------------------------------------------------
                                  0.000000    0.000000   clock clk (rise edge)
                                  0.000000    0.000000   clock network delay (propagated)
                                  4.000000    4.000000 ^ input external delay
     1    0.002836    0.014046    0.007316    4.007316 ^ rst (in)
                                                         rst (net)
                      0.014046    0.000000    4.007316 ^ input17/A (sky130_fd_sc_hd__buf_1)
     2    0.013867    0.125451    0.112466    4.119781 ^ input17/X (sky130_fd_sc_hd__buf_1)
                                                         net17 (net)
                      0.125451    0.000158    4.119940 ^ fanout40/A (sky130_fd_sc_hd__clkbuf_4)
    10    0.050775    0.119882    0.177336    4.297276 ^ fanout40/X (sky130_fd_sc_hd__clkbuf_4)
                                                         net40 (net)
                      0.119882    0.000401    4.297677 ^ _186_/A (sky130_fd_sc_hd__nor2_1)
     1    0.002192    0.032959    0.030541    4.328218 v _186_/Y (sky130_fd_sc_hd__nor2_1)
                                                         net27 (net)
                      0.032959    0.000021    4.328239 v output27/A (sky130_fd_sc_hd__buf_2)
     1    0.034099    0.062361    0.118501    4.446740 v output27/X (sky130_fd_sc_hd__buf_2)
                                                         ready (net)
                      0.062361    0.000242    4.446982 v ready (out)
                                              4.446982   data arrival time

                                 20.000000   20.000000   clock clk (rise edge)
                                  0.000000   20.000000   clock network delay (propagated)
                                 -0.250000   19.750002   clock uncertainty
                                  0.000000   19.750002   clock reconvergence pessimism
                                 -4.000000   15.750001   output external delay
                                             15.750001   data required time
---------------------------------------------------------------------------------------------
                                             15.750001   data required time
                                             -4.446982   data arrival time
---------------------------------------------------------------------------------------------
                                             11.303019   slack (MET)


Startpoint: _272_ (rising edge-triggered flip-flop clocked by clk)
Endpoint: i2c_scl (output port clocked by clk)
Path Group: clk
Path Type: max

Fanout         Cap        Slew       Delay        Time   Description
---------------------------------------------------------------------------------------------
                                  0.000000    0.000000   clock clk (rise edge)
                                  0.000000    0.000000   clock source latency
     1    0.010342    0.039678    0.025933    0.025933 ^ clk (in)
                                                         clk (net)
                      0.039679    0.000000    0.025933 ^ clkbuf_0_clk/A (sky130_fd_sc_hd__clkbuf_16)
     2    0.018789    0.030383    0.086200    0.112133 ^ clkbuf_0_clk/X (sky130_fd_sc_hd__clkbuf_16)
                                                         clknet_0_clk (net)
                      0.030383    0.000136    0.112270 ^ clkbuf_1_1__f_clk/A (sky130_fd_sc_hd__clkbuf_16)
     3    0.008881    0.023770    0.076714    0.188984 ^ clkbuf_1_1__f_clk/X (sky130_fd_sc_hd__clkbuf_16)
                                                         clknet_1_1__leaf_clk (net)
                      0.023770    0.000094    0.189078 ^ _272_/CLK (sky130_fd_sc_hd__dfstp_1)
     1    0.003335    0.035944    0.298746    0.487824 ^ _272_/Q (sky130_fd_sc_hd__dfstp_1)
                                                         i2c_clk (net)
                      0.035944    0.000036    0.487859 ^ fanout38/A (sky130_fd_sc_hd__clkbuf_2)
     7    0.027910    0.119479    0.129803    0.617662 ^ fanout38/X (sky130_fd_sc_hd__clkbuf_2)
                                                         net38 (net)
                      0.119481    0.000458    0.618121 ^ fanout34/A (sky130_fd_sc_hd__buf_2)
    10    0.032720    0.122670    0.155426    0.773546 ^ fanout34/X (sky130_fd_sc_hd__buf_2)
                                                         net34 (net)
                      0.122670    0.000377    0.773924 ^ _138_/A (sky130_fd_sc_hd__inv_2)
     2    0.010536    0.039518    0.034301    0.808224 v _138_/Y (sky130_fd_sc_hd__inv_2)
                                                         _025_ (net)
                      0.039518    0.000045    0.808270 v _187_/A (sky130_fd_sc_hd__nand2_4)
     1    0.034805    0.087826    0.081924    0.890193 ^ _187_/Y (sky130_fd_sc_hd__nand2_4)
                                                         i2c_scl (net)
     0    0.034805    0.087831    0.000510    0.890703 ^ i2c_scl (inout)
                                                         i2c_scl (net)
                                              0.890703   data arrival time

                                 20.000000   20.000000   clock clk (rise edge)
                                  0.000000   20.000000   clock network delay (propagated)
                                 -0.250000   19.750002   clock uncertainty
                                  0.000000   19.750002   clock reconvergence pessimism
                                 -4.000000   15.750001   output external delay
                                             15.750001   data required time
---------------------------------------------------------------------------------------------
                                             15.750001   data required time
                                             -0.890703   data arrival time
---------------------------------------------------------------------------------------------
                                             14.859298   slack (MET)


Startpoint: rst (input port clocked by clk)
Endpoint: _272_ (recovery check against rising-edge clock clk)
Path Group: asynchronous
Path Type: max

Fanout         Cap        Slew       Delay        Time   Description
---------------------------------------------------------------------------------------------
                                  0.000000    0.000000   clock clk (rise edge)
                                  0.000000    0.000000   clock network delay (propagated)
                                  4.000000    4.000000 v input external delay
     1    0.002648    0.004509    0.002126    4.002126 v rst (in)
                                                         rst (net)
                      0.004509    0.000000    4.002126 v input17/A (sky130_fd_sc_hd__buf_1)
     2    0.013256    0.055819    0.078511    4.080637 v input17/X (sky130_fd_sc_hd__buf_1)
                                                         net17 (net)
                      0.055819    0.000151    4.080787 v fanout40/A (sky130_fd_sc_hd__clkbuf_4)
    10    0.047651    0.073056    0.147407    4.228194 v fanout40/X (sky130_fd_sc_hd__clkbuf_4)
                                                         net40 (net)
                      0.073071    0.001012    4.229206 v _256_/A (sky130_fd_sc_hd__inv_2)
     1    0.004139    0.028139    0.045186    4.274392 ^ _256_/Y (sky130_fd_sc_hd__inv_2)
                                                         _013_ (net)
                      0.028139    0.000037    4.274429 ^ _272_/SET_B (sky130_fd_sc_hd__dfstp_1)
                                              4.274429   data arrival time

                                 20.000000   20.000000   clock clk (rise edge)
                                  0.000000   20.000000   clock source latency
     1    0.010342    0.039678    0.025933   20.025934 ^ clk (in)
                                                         clk (net)
                      0.039679    0.000000   20.025934 ^ clkbuf_0_clk/A (sky130_fd_sc_hd__clkbuf_16)
     2    0.018789    0.030383    0.086199   20.112133 ^ clkbuf_0_clk/X (sky130_fd_sc_hd__clkbuf_16)
                                                         clknet_0_clk (net)
                      0.030383    0.000137   20.112270 ^ clkbuf_1_1__f_clk/A (sky130_fd_sc_hd__clkbuf_16)
     3    0.008881    0.023770    0.076714   20.188984 ^ clkbuf_1_1__f_clk/X (sky130_fd_sc_hd__clkbuf_16)
                                                         clknet_1_1__leaf_clk (net)
                      0.023770    0.000094   20.189077 ^ _272_/CLK (sky130_fd_sc_hd__dfstp_1)
                                 -0.250000   19.939079   clock uncertainty
                                  0.000000   19.939079   clock reconvergence pessimism
                                  0.084400   20.023479   library recovery time
                                             20.023479   data required time
---------------------------------------------------------------------------------------------
                                             20.023479   data required time
                                             -4.274429   data arrival time
---------------------------------------------------------------------------------------------
                                             15.749049   slack (MET)


Startpoint: rst (input port clocked by clk)
Endpoint: _316_ (recovery check against rising-edge clock clk)
Path Group: asynchronous
Path Type: max

Fanout         Cap        Slew       Delay        Time   Description
---------------------------------------------------------------------------------------------
                                  0.000000    0.000000   clock clk (rise edge)
                                  0.000000    0.000000   clock network delay (propagated)
                                  4.000000    4.000000 v input external delay
     1    0.002648    0.004509    0.002126    4.002126 v rst (in)
                                                         rst (net)
                      0.004509    0.000000    4.002126 v input17/A (sky130_fd_sc_hd__buf_1)
     2    0.013256    0.055819    0.078511    4.080637 v input17/X (sky130_fd_sc_hd__buf_1)
                                                         net17 (net)
                      0.055819    0.000151    4.080787 v fanout40/A (sky130_fd_sc_hd__clkbuf_4)
    10    0.047651    0.073056    0.147407    4.228194 v fanout40/X (sky130_fd_sc_hd__clkbuf_4)
                                                         net40 (net)
                      0.073065    0.000809    4.229002 v _271_/A (sky130_fd_sc_hd__inv_2)
     1    0.005906    0.033002    0.050506    4.279509 ^ _271_/Y (sky130_fd_sc_hd__inv_2)
                                                         _032_ (net)
                      0.033002    0.000095    4.279603 ^ _316_/RESET_B (sky130_fd_sc_hd__dfrtp_1)
                                              4.279603   data arrival time

                                 20.000000   20.000000   clock clk (rise edge)
                                  0.000000   20.000000   clock source latency
     1    0.010342    0.039678    0.025933   20.025934 ^ clk (in)
                                                         clk (net)
                      0.039679    0.000000   20.025934 ^ clkbuf_0_clk/A (sky130_fd_sc_hd__clkbuf_16)
     2    0.018789    0.030383    0.086199   20.112133 ^ clkbuf_0_clk/X (sky130_fd_sc_hd__clkbuf_16)
                                                         clknet_0_clk (net)
                      0.030383    0.000176   20.112309 ^ clkbuf_1_0__f_clk/A (sky130_fd_sc_hd__clkbuf_16)
     2    0.004869    0.020894    0.073451   20.185759 ^ clkbuf_1_0__f_clk/X (sky130_fd_sc_hd__clkbuf_16)
                                                         clknet_1_0__leaf_clk (net)
                      0.020894    0.000046   20.185806 ^ _316_/CLK (sky130_fd_sc_hd__dfrtp_1)
                                 -0.250000   19.935806   clock uncertainty
                                  0.000000   19.935806   clock reconvergence pessimism
                                  0.141785   20.077591   library recovery time
                                             20.077591   data required time
---------------------------------------------------------------------------------------------
                                             20.077591   data required time
                                             -4.279603   data arrival time
---------------------------------------------------------------------------------------------
                                             15.797987   slack (MET)


Startpoint: rst (input port clocked by clk)
Endpoint: _314_ (recovery check against rising-edge clock clk)
Path Group: asynchronous
Path Type: max

Fanout         Cap        Slew       Delay        Time   Description
---------------------------------------------------------------------------------------------
                                  0.000000    0.000000   clock clk (rise edge)
                                  0.000000    0.000000   clock network delay (propagated)
                                  4.000000    4.000000 v input external delay
     1    0.002648    0.004509    0.002126    4.002126 v rst (in)
                                                         rst (net)
                      0.004509    0.000000    4.002126 v input17/A (sky130_fd_sc_hd__buf_1)
     2    0.013256    0.055819    0.078511    4.080637 v input17/X (sky130_fd_sc_hd__buf_1)
                                                         net17 (net)
                      0.055819    0.000151    4.080787 v fanout40/A (sky130_fd_sc_hd__clkbuf_4)
    10    0.047651    0.073056    0.147407    4.228194 v fanout40/X (sky130_fd_sc_hd__clkbuf_4)
                                                         net40 (net)
                      0.073069    0.000962    4.229156 v _269_/A (sky130_fd_sc_hd__inv_2)
     1    0.004831    0.030258    0.047712    4.276868 ^ _269_/Y (sky130_fd_sc_hd__inv_2)
                                                         _030_ (net)
                      0.030258    0.000057    4.276926 ^ _314_/RESET_B (sky130_fd_sc_hd__dfrtp_1)
                                              4.276926   data arrival time

                                 20.000000   20.000000   clock clk (rise edge)
                                  0.000000   20.000000   clock source latency
     1    0.010342    0.039678    0.025933   20.025934 ^ clk (in)
                                                         clk (net)
                      0.039679    0.000000   20.025934 ^ clkbuf_0_clk/A (sky130_fd_sc_hd__clkbuf_16)
     2    0.018789    0.030383    0.086199   20.112133 ^ clkbuf_0_clk/X (sky130_fd_sc_hd__clkbuf_16)
                                                         clknet_0_clk (net)
                      0.030383    0.000176   20.112309 ^ clkbuf_1_0__f_clk/A (sky130_fd_sc_hd__clkbuf_16)
     2    0.004869    0.020894    0.073451   20.185759 ^ clkbuf_1_0__f_clk/X (sky130_fd_sc_hd__clkbuf_16)
                                                         clknet_1_0__leaf_clk (net)
                      0.020894    0.000030   20.185789 ^ _314_/CLK (sky130_fd_sc_hd__dfrtp_1)
                                 -0.250000   19.935791   clock uncertainty
                                  0.000000   19.935791   clock reconvergence pessimism
                                  0.142299   20.078089   library recovery time
                                             20.078089   data required time
---------------------------------------------------------------------------------------------
                                             20.078089   data required time
                                             -4.276926   data arrival time
---------------------------------------------------------------------------------------------
                                             15.801164   slack (MET)


Startpoint: rst (input port clocked by clk)
Endpoint: _315_ (recovery check against rising-edge clock clk)
Path Group: asynchronous
Path Type: max

Fanout         Cap        Slew       Delay        Time   Description
---------------------------------------------------------------------------------------------
                                  0.000000    0.000000   clock clk (rise edge)
                                  0.000000    0.000000   clock network delay (propagated)
                                  4.000000    4.000000 v input external delay
     1    0.002648    0.004509    0.002126    4.002126 v rst (in)
                                                         rst (net)
                      0.004509    0.000000    4.002126 v input17/A (sky130_fd_sc_hd__buf_1)
     2    0.013256    0.055819    0.078511    4.080637 v input17/X (sky130_fd_sc_hd__buf_1)
                                                         net17 (net)
                      0.055819    0.000151    4.080787 v fanout40/A (sky130_fd_sc_hd__clkbuf_4)
    10    0.047651    0.073056    0.147407    4.228194 v fanout40/X (sky130_fd_sc_hd__clkbuf_4)
                                                         net40 (net)
                      0.073071    0.001007    4.229201 v _270_/A (sky130_fd_sc_hd__inv_2)
     1    0.004444    0.029063    0.046326    4.275527 ^ _270_/Y (sky130_fd_sc_hd__inv_2)
                                                         _031_ (net)
                      0.029063    0.000043    4.275570 ^ _315_/RESET_B (sky130_fd_sc_hd__dfrtp_1)
                                              4.275570   data arrival time

                                 20.000000   20.000000   clock clk (rise edge)
                                  0.000000   20.000000   clock source latency
     1    0.010342    0.039678    0.025933   20.025934 ^ clk (in)
                                                         clk (net)
                      0.039679    0.000000   20.025934 ^ clkbuf_0_clk/A (sky130_fd_sc_hd__clkbuf_16)
     2    0.018789    0.030383    0.086199   20.112133 ^ clkbuf_0_clk/X (sky130_fd_sc_hd__clkbuf_16)
                                                         clknet_0_clk (net)
                      0.030383    0.000137   20.112270 ^ clkbuf_1_1__f_clk/A (sky130_fd_sc_hd__clkbuf_16)
     3    0.008881    0.023770    0.076714   20.188984 ^ clkbuf_1_1__f_clk/X (sky130_fd_sc_hd__clkbuf_16)
                                                         clknet_1_1__leaf_clk (net)
                      0.023770    0.000096   20.189079 ^ _315_/CLK (sky130_fd_sc_hd__dfrtp_1)
                                 -0.250000   19.939081   clock uncertainty
                                  0.000000   19.939081   clock reconvergence pessimism
                                  0.142952   20.082033   library recovery time
                                             20.082033   data required time
---------------------------------------------------------------------------------------------
                                             20.082033   data required time
                                             -4.275570   data arrival time
---------------------------------------------------------------------------------------------
                                             15.806462   slack (MET)


Startpoint: _314_ (rising edge-triggered flip-flop clocked by clk)
Endpoint: _272_ (rising edge-triggered flip-flop clocked by clk)
Path Group: clk
Path Type: max

Fanout         Cap        Slew       Delay        Time   Description
---------------------------------------------------------------------------------------------
                                  0.000000    0.000000   clock clk (rise edge)
                                  0.000000    0.000000   clock source latency
     1    0.010342    0.039678    0.025933    0.025933 ^ clk (in)
                                                         clk (net)
                      0.039679    0.000000    0.025933 ^ clkbuf_0_clk/A (sky130_fd_sc_hd__clkbuf_16)
     2    0.018789    0.030383    0.086200    0.112133 ^ clkbuf_0_clk/X (sky130_fd_sc_hd__clkbuf_16)
                                                         clknet_0_clk (net)
                      0.030383    0.000175    0.112309 ^ clkbuf_1_0__f_clk/A (sky130_fd_sc_hd__clkbuf_16)
     2    0.004869    0.020894    0.073450    0.185758 ^ clkbuf_1_0__f_clk/X (sky130_fd_sc_hd__clkbuf_16)
                                                         clknet_1_0__leaf_clk (net)
                      0.020894    0.000031    0.185789 ^ _314_/CLK (sky130_fd_sc_hd__dfrtp_1)
     3    0.008607    0.065973    0.222424    0.408213 ^ _314_/Q (sky130_fd_sc_hd__dfrtp_1)
                                                         clk_counter[0] (net)
                      0.065973    0.000054    0.408267 ^ hold1/A (sky130_fd_sc_hd__dlygate4sd3_1)
     1    0.005102    0.052834    0.390957    0.799225 ^ hold1/X (sky130_fd_sc_hd__dlygate4sd3_1)
                                                         net41 (net)
                      0.052834    0.000050    0.799275 ^ _142_/A (sky130_fd_sc_hd__inv_2)
     3    0.009573    0.023894    0.027856    0.827131 v _142_/Y (sky130_fd_sc_hd__inv_2)
                                                         _000_ (net)
                      0.023902    0.000091    0.827222 v _174_/A (sky130_fd_sc_hd__or3_1)
     1    0.002199    0.039787    0.202170    1.029391 v _174_/X (sky130_fd_sc_hd__or3_1)
                                                         _097_ (net)
                      0.039787    0.000021    1.029412 v hold4/A (sky130_fd_sc_hd__dlygate4sd3_1)
     1    0.004734    0.044810    0.373191    1.402603 v hold4/X (sky130_fd_sc_hd__dlygate4sd3_1)
                                                         net44 (net)
                      0.044810    0.000022    1.402624 v _175_/B (sky130_fd_sc_hd__xnor2_1)
     1    0.004050    0.099074    0.103110    1.505734 ^ _175_/Y (sky130_fd_sc_hd__xnor2_1)
                                                         _033_ (net)
                      0.099074    0.000067    1.505802 ^ _272_/D (sky130_fd_sc_hd__dfstp_1)
                                              1.505802   data arrival time

                                 20.000000   20.000000   clock clk (rise edge)
                                  0.000000   20.000000   clock source latency
     1    0.010342    0.039678    0.025933   20.025934 ^ clk (in)
                                                         clk (net)
                      0.039679    0.000000   20.025934 ^ clkbuf_0_clk/A (sky130_fd_sc_hd__clkbuf_16)
     2    0.018789    0.030383    0.086199   20.112133 ^ clkbuf_0_clk/X (sky130_fd_sc_hd__clkbuf_16)
                                                         clknet_0_clk (net)
                      0.030383    0.000137   20.112270 ^ clkbuf_1_1__f_clk/A (sky130_fd_sc_hd__clkbuf_16)
     3    0.008881    0.023770    0.076714   20.188984 ^ clkbuf_1_1__f_clk/X (sky130_fd_sc_hd__clkbuf_16)
                                                         clknet_1_1__leaf_clk (net)
                      0.023770    0.000094   20.189077 ^ _272_/CLK (sky130_fd_sc_hd__dfstp_1)
                                 -0.250000   19.939079   clock uncertainty
                                  0.000000   19.939079   clock reconvergence pessimism
                                 -0.038998   19.900080   library setup time
                                             19.900080   data required time
---------------------------------------------------------------------------------------------
                                             19.900080   data required time
                                             -1.505802   data arrival time
---------------------------------------------------------------------------------------------
                                             18.394279   slack (MET)


Startpoint: _314_ (rising edge-triggered flip-flop clocked by clk)
Endpoint: _315_ (rising edge-triggered flip-flop clocked by clk)
Path Group: clk
Path Type: max

Fanout         Cap        Slew       Delay        Time   Description
---------------------------------------------------------------------------------------------
                                  0.000000    0.000000   clock clk (rise edge)
                                  0.000000    0.000000   clock source latency
     1    0.010342    0.039678    0.025933    0.025933 ^ clk (in)
                                                         clk (net)
                      0.039679    0.000000    0.025933 ^ clkbuf_0_clk/A (sky130_fd_sc_hd__clkbuf_16)
     2    0.018789    0.030383    0.086200    0.112133 ^ clkbuf_0_clk/X (sky130_fd_sc_hd__clkbuf_16)
                                                         clknet_0_clk (net)
                      0.030383    0.000175    0.112309 ^ clkbuf_1_0__f_clk/A (sky130_fd_sc_hd__clkbuf_16)
     2    0.004869    0.020894    0.073450    0.185758 ^ clkbuf_1_0__f_clk/X (sky130_fd_sc_hd__clkbuf_16)
                                                         clknet_1_0__leaf_clk (net)
                      0.020894    0.000031    0.185789 ^ _314_/CLK (sky130_fd_sc_hd__dfrtp_1)
     3    0.008607    0.065973    0.222424    0.408213 ^ _314_/Q (sky130_fd_sc_hd__dfrtp_1)
                                                         clk_counter[0] (net)
                      0.065973    0.000054    0.408267 ^ hold1/A (sky130_fd_sc_hd__dlygate4sd3_1)
     1    0.005102    0.052834    0.390957    0.799225 ^ hold1/X (sky130_fd_sc_hd__dlygate4sd3_1)
                                                         net41 (net)
                      0.052834    0.000050    0.799275 ^ _142_/A (sky130_fd_sc_hd__inv_2)
     3    0.009573    0.023894    0.027856    0.827131 v _142_/Y (sky130_fd_sc_hd__inv_2)
                                                         _000_ (net)
                      0.023902    0.000123    0.827253 v _190_/A1 (sky130_fd_sc_hd__o211a_1)
     1    0.004175    0.032742    0.140011    0.967264 v _190_/X (sky130_fd_sc_hd__o211a_1)
                                                         _001_ (net)
                      0.032742    0.000058    0.967323 v _315_/D (sky130_fd_sc_hd__dfrtp_1)
                                              0.967323   data arrival time

                                 20.000000   20.000000   clock clk (rise edge)
                                  0.000000   20.000000   clock source latency
     1    0.010342    0.039678    0.025933   20.025934 ^ clk (in)
                                                         clk (net)
                      0.039679    0.000000   20.025934 ^ clkbuf_0_clk/A (sky130_fd_sc_hd__clkbuf_16)
     2    0.018789    0.030383    0.086199   20.112133 ^ clkbuf_0_clk/X (sky130_fd_sc_hd__clkbuf_16)
                                                         clknet_0_clk (net)
                      0.030383    0.000137   20.112270 ^ clkbuf_1_1__f_clk/A (sky130_fd_sc_hd__clkbuf_16)
     3    0.008881    0.023770    0.076714   20.188984 ^ clkbuf_1_1__f_clk/X (sky130_fd_sc_hd__clkbuf_16)
                                                         clknet_1_1__leaf_clk (net)
                      0.023770    0.000096   20.189079 ^ _315_/CLK (sky130_fd_sc_hd__dfrtp_1)
                                 -0.250000   19.939081   clock uncertainty
                                  0.000000   19.939081   clock reconvergence pessimism
                                 -0.073502   19.865578   library setup time
                                             19.865578   data required time
---------------------------------------------------------------------------------------------
                                             19.865578   data required time
                                             -0.967323   data arrival time
---------------------------------------------------------------------------------------------
                                             18.898256   slack (MET)


Startpoint: _316_ (rising edge-triggered flip-flop clocked by clk)
Endpoint: _316_ (rising edge-triggered flip-flop clocked by clk)
Path Group: clk
Path Type: max

Fanout         Cap        Slew       Delay        Time   Description
---------------------------------------------------------------------------------------------
                                  0.000000    0.000000   clock clk (rise edge)
                                  0.000000    0.000000   clock source latency
     1    0.010342    0.039678    0.025933    0.025933 ^ clk (in)
                                                         clk (net)
                      0.039679    0.000000    0.025933 ^ clkbuf_0_clk/A (sky130_fd_sc_hd__clkbuf_16)
     2    0.018789    0.030383    0.086200    0.112133 ^ clkbuf_0_clk/X (sky130_fd_sc_hd__clkbuf_16)
                                                         clknet_0_clk (net)
                      0.030383    0.000175    0.112309 ^ clkbuf_1_0__f_clk/A (sky130_fd_sc_hd__clkbuf_16)
     2    0.004869    0.020894    0.073450    0.185758 ^ clkbuf_1_0__f_clk/X (sky130_fd_sc_hd__clkbuf_16)
                                                         clknet_1_0__leaf_clk (net)
                      0.020894    0.000048    0.185806 ^ _316_/CLK (sky130_fd_sc_hd__dfrtp_1)
     2    0.006317    0.039086    0.231551    0.417357 v _316_/Q (sky130_fd_sc_hd__dfrtp_1)
                                                         clk_counter[2] (net)
                      0.039086    0.000068    0.417425 v hold2/A (sky130_fd_sc_hd__dlygate4sd3_1)
     2    0.009122    0.060153    0.392084    0.809509 v hold2/X (sky130_fd_sc_hd__dlygate4sd3_1)
                                                         net42 (net)
                      0.060153    0.000033    0.809542 v _191_/A (sky130_fd_sc_hd__xnor2_1)
     1    0.002631    0.031792    0.088173    0.897715 v _191_/Y (sky130_fd_sc_hd__xnor2_1)
                                                         _002_ (net)
                      0.031792    0.000027    0.897742 v _316_/D (sky130_fd_sc_hd__dfrtp_1)
                                              0.897742   data arrival time

                                 20.000000   20.000000   clock clk (rise edge)
                                  0.000000   20.000000   clock source latency
     1    0.010342    0.039678    0.025933   20.025934 ^ clk (in)
                                                         clk (net)
                      0.039679    0.000000   20.025934 ^ clkbuf_0_clk/A (sky130_fd_sc_hd__clkbuf_16)
     2    0.018789    0.030383    0.086199   20.112133 ^ clkbuf_0_clk/X (sky130_fd_sc_hd__clkbuf_16)
                                                         clknet_0_clk (net)
                      0.030383    0.000176   20.112309 ^ clkbuf_1_0__f_clk/A (sky130_fd_sc_hd__clkbuf_16)
     2    0.004869    0.020894    0.073451   20.185759 ^ clkbuf_1_0__f_clk/X (sky130_fd_sc_hd__clkbuf_16)
                                                         clknet_1_0__leaf_clk (net)
                      0.020894    0.000046   20.185806 ^ _316_/CLK (sky130_fd_sc_hd__dfrtp_1)
                                 -0.250000   19.935806   clock uncertainty
                                  0.000000   19.935806   clock reconvergence pessimism
                                 -0.073439   19.862366   library setup time
                                             19.862366   data required time
---------------------------------------------------------------------------------------------
                                             19.862366   data required time
                                             -0.897742   data arrival time
---------------------------------------------------------------------------------------------
                                             18.964624   slack (MET)


Startpoint: _314_ (rising edge-triggered flip-flop clocked by clk)
Endpoint: _314_ (rising edge-triggered flip-flop clocked by clk)
Path Group: clk
Path Type: max

Fanout         Cap        Slew       Delay        Time   Description
---------------------------------------------------------------------------------------------
                                  0.000000    0.000000   clock clk (rise edge)
                                  0.000000    0.000000   clock source latency
     1    0.010342    0.039678    0.025933    0.025933 ^ clk (in)
                                                         clk (net)
                      0.039679    0.000000    0.025933 ^ clkbuf_0_clk/A (sky130_fd_sc_hd__clkbuf_16)
     2    0.018789    0.030383    0.086200    0.112133 ^ clkbuf_0_clk/X (sky130_fd_sc_hd__clkbuf_16)
                                                         clknet_0_clk (net)
                      0.030383    0.000175    0.112309 ^ clkbuf_1_0__f_clk/A (sky130_fd_sc_hd__clkbuf_16)
     2    0.004869    0.020894    0.073450    0.185758 ^ clkbuf_1_0__f_clk/X (sky130_fd_sc_hd__clkbuf_16)
                                                         clknet_1_0__leaf_clk (net)
                      0.020894    0.000031    0.185789 ^ _314_/CLK (sky130_fd_sc_hd__dfrtp_1)
     3    0.008607    0.065973    0.222424    0.408213 ^ _314_/Q (sky130_fd_sc_hd__dfrtp_1)
                                                         clk_counter[0] (net)
                      0.065973    0.000054    0.408267 ^ hold1/A (sky130_fd_sc_hd__dlygate4sd3_1)
     1    0.005102    0.052834    0.390957    0.799225 ^ hold1/X (sky130_fd_sc_hd__dlygate4sd3_1)
                                                         net41 (net)
                      0.052834    0.000050    0.799275 ^ _142_/A (sky130_fd_sc_hd__inv_2)
     3    0.009573    0.023894    0.027856    0.827131 v _142_/Y (sky130_fd_sc_hd__inv_2)
                                                         _000_ (net)
                      0.023902    0.000086    0.827217 v _314_/D (sky130_fd_sc_hd__dfrtp_1)
                                              0.827217   data arrival time

                                 20.000000   20.000000   clock clk (rise edge)
                                  0.000000   20.000000   clock source latency
     1    0.010342    0.039678    0.025933   20.025934 ^ clk (in)
                                                         clk (net)
                      0.039679    0.000000   20.025934 ^ clkbuf_0_clk/A (sky130_fd_sc_hd__clkbuf_16)
     2    0.018789    0.030383    0.086199   20.112133 ^ clkbuf_0_clk/X (sky130_fd_sc_hd__clkbuf_16)
                                                         clknet_0_clk (net)
                      0.030383    0.000176   20.112309 ^ clkbuf_1_0__f_clk/A (sky130_fd_sc_hd__clkbuf_16)
     2    0.004869    0.020894    0.073451   20.185759 ^ clkbuf_1_0__f_clk/X (sky130_fd_sc_hd__clkbuf_16)
                                                         clknet_1_0__leaf_clk (net)
                      0.020894    0.000030   20.185789 ^ _314_/CLK (sky130_fd_sc_hd__dfrtp_1)
                                 -0.250000   19.935791   clock uncertainty
                                  0.000000   19.935791   clock reconvergence pessimism
                                 -0.070620   19.865171   library setup time
                                             19.865171   data required time
---------------------------------------------------------------------------------------------
                                             19.865171   data required time
                                             -0.827217   data arrival time
---------------------------------------------------------------------------------------------
                                             19.037954   slack (MET)



%OL_END_REPORT
%OL_CREATE_REPORT checks.rpt

===========================================================================
report_checks -unconstrained
===========================================================================
======================= min_ff_n40C_1v95 Corner ===================================

Startpoint: rst (input port clocked by clk)
Endpoint: _272_ (recovery check against rising-edge clock clk)
Path Group: asynchronous
Path Type: max

Fanout         Cap        Slew       Delay        Time   Description
---------------------------------------------------------------------------------------------
                                  0.000000    0.000000   clock clk (rise edge)
                                  0.000000    0.000000   clock network delay (propagated)
                                  4.000000    4.000000 v input external delay
     1    0.002648    0.004509    0.002126    4.002126 v rst (in)
                                                         rst (net)
                      0.004509    0.000000    4.002126 v input17/A (sky130_fd_sc_hd__buf_1)
     2    0.013256    0.055819    0.078511    4.080637 v input17/X (sky130_fd_sc_hd__buf_1)
                                                         net17 (net)
                      0.055819    0.000151    4.080787 v fanout40/A (sky130_fd_sc_hd__clkbuf_4)
    10    0.047651    0.073056    0.147407    4.228194 v fanout40/X (sky130_fd_sc_hd__clkbuf_4)
                                                         net40 (net)
                      0.073071    0.001012    4.229206 v _256_/A (sky130_fd_sc_hd__inv_2)
     1    0.004139    0.028139    0.045186    4.274392 ^ _256_/Y (sky130_fd_sc_hd__inv_2)
                                                         _013_ (net)
                      0.028139    0.000037    4.274429 ^ _272_/SET_B (sky130_fd_sc_hd__dfstp_1)
                                              4.274429   data arrival time

                                 20.000000   20.000000   clock clk (rise edge)
                                  0.000000   20.000000   clock source latency
     1    0.010342    0.039678    0.025933   20.025934 ^ clk (in)
                                                         clk (net)
                      0.039679    0.000000   20.025934 ^ clkbuf_0_clk/A (sky130_fd_sc_hd__clkbuf_16)
     2    0.018789    0.030383    0.086199   20.112133 ^ clkbuf_0_clk/X (sky130_fd_sc_hd__clkbuf_16)
                                                         clknet_0_clk (net)
                      0.030383    0.000137   20.112270 ^ clkbuf_1_1__f_clk/A (sky130_fd_sc_hd__clkbuf_16)
     3    0.008881    0.023770    0.076714   20.188984 ^ clkbuf_1_1__f_clk/X (sky130_fd_sc_hd__clkbuf_16)
                                                         clknet_1_1__leaf_clk (net)
                      0.023770    0.000094   20.189077 ^ _272_/CLK (sky130_fd_sc_hd__dfstp_1)
                                 -0.250000   19.939079   clock uncertainty
                                  0.000000   19.939079   clock reconvergence pessimism
                                  0.084400   20.023479   library recovery time
                                             20.023479   data required time
---------------------------------------------------------------------------------------------
                                             20.023479   data required time
                                             -4.274429   data arrival time
---------------------------------------------------------------------------------------------
                                             15.749049   slack (MET)


Startpoint: rst (input port clocked by clk)
Endpoint: ready (output port clocked by clk)
Path Group: clk
Path Type: max

Fanout         Cap        Slew       Delay        Time   Description
---------------------------------------------------------------------------------------------
                                  0.000000    0.000000   clock clk (rise edge)
                                  0.000000    0.000000   clock network delay (propagated)
                                  4.000000    4.000000 ^ input external delay
     1    0.002836    0.014046    0.007316    4.007316 ^ rst (in)
                                                         rst (net)
                      0.014046    0.000000    4.007316 ^ input17/A (sky130_fd_sc_hd__buf_1)
     2    0.013867    0.125451    0.112466    4.119781 ^ input17/X (sky130_fd_sc_hd__buf_1)
                                                         net17 (net)
                      0.125451    0.000158    4.119940 ^ fanout40/A (sky130_fd_sc_hd__clkbuf_4)
    10    0.050775    0.119882    0.177336    4.297276 ^ fanout40/X (sky130_fd_sc_hd__clkbuf_4)
                                                         net40 (net)
                      0.119882    0.000401    4.297677 ^ _186_/A (sky130_fd_sc_hd__nor2_1)
     1    0.002192    0.032959    0.030541    4.328218 v _186_/Y (sky130_fd_sc_hd__nor2_1)
                                                         net27 (net)
                      0.032959    0.000021    4.328239 v output27/A (sky130_fd_sc_hd__buf_2)
     1    0.034099    0.062361    0.118501    4.446740 v output27/X (sky130_fd_sc_hd__buf_2)
                                                         ready (net)
                      0.062361    0.000242    4.446982 v ready (out)
                                              4.446982   data arrival time

                                 20.000000   20.000000   clock clk (rise edge)
                                  0.000000   20.000000   clock network delay (propagated)
                                 -0.250000   19.750002   clock uncertainty
                                  0.000000   19.750002   clock reconvergence pessimism
                                 -4.000000   15.750001   output external delay
                                             15.750001   data required time
---------------------------------------------------------------------------------------------
                                             15.750001   data required time
                                             -4.446982   data arrival time
---------------------------------------------------------------------------------------------
                                             11.303019   slack (MET)




===========================================================================
report_checks --slack_max -0.01
============================================================================
======================= min_ff_n40C_1v95 Corner ===================================

No paths found.


===========================================================================
 report_check_types -max_slew -max_cap -max_fanout -violators
============================================================================
======================= min_ff_n40C_1v95 Corner ===================================



===========================================================================
report_parasitic_annotation -report_unannotated
============================================================================
Found 1 unannotated drivers.
 clkload0/X
Found 0 partially unannotated drivers.

===========================================================================
max slew violation count 0
%OL_METRIC_I design__max_slew_violation__count__corner:min_ff_n40C_1v95 0
max fanout violation count 0
%OL_METRIC_I design__max_fanout_violation__count__corner:min_ff_n40C_1v95 0
max cap violation count 0
%OL_METRIC_I design__max_cap_violation__count__corner:min_ff_n40C_1v95 0
============================================================================

===========================================================================
check_setup -verbose -unconstrained_endpoints -multiple_clock -no_clock -no_input_delay -loops -generated_clocks
===========================================================================
Warning: There are 41 unclocked register/latch pins.
  _273_/CLK
  _274_/CLK
  _275_/CLK
  _276_/CLK
  _277_/CLK
  _278_/CLK
  _279_/CLK
  _280_/CLK
  _281_/CLK
  _282_/CLK
  _283_/CLK
  _284_/CLK
  _285_/CLK
  _286_/CLK
  _287_/CLK
  _288_/CLK
  _289_/CLK
  _290_/CLK
  _291_/CLK
  _292_/CLK
  _293_/CLK
  _294_/CLK
  _295_/CLK
  _296_/CLK
  _297_/CLK
  _298_/CLK
  _299_/CLK
  _300_/CLK
  _301_/CLK
  _302_/CLK
  _303_/CLK
  _304_/CLK
  _305_/CLK
  _306_/CLK
  _307_/CLK
  _308_/CLK
  _309_/CLK
  _310_/CLK
  _311_/CLK
  _312_/CLK
  _313_/CLK
Warning: There are 50 unconstrained endpoints.
  data_out[0]
  data_out[1]
  data_out[2]
  data_out[3]
  data_out[4]
  data_out[5]
  data_out[6]
  data_out[7]
  i2c_sda
  _273_/D
  _274_/D
  _275_/D
  _276_/D
  _277_/D
  _278_/D
  _279_/D
  _280_/D
  _281_/D
  _282_/D
  _283_/D
  _284_/D
  _285_/D
  _286_/D
  _287_/D
  _288_/D
  _289_/D
  _290_/D
  _291_/D
  _292_/D
  _293_/D
  _294_/D
  _295_/D
  _296_/D
  _297_/D
  _298_/D
  _299_/D
  _300_/D
  _301_/D
  _302_/D
  _303_/D
  _304_/D
  _305_/D
  _306_/D
  _307_/D
  _308_/D
  _309_/D
  _310_/D
  _311_/D
  _312_/D
  _313_/D
%OL_END_REPORT
%OL_CREATE_REPORT power.rpt

===========================================================================
 report_power
============================================================================
======================= min_ff_n40C_1v95 Corner ===================================

Group                    Internal    Switching      Leakage        Total
                            Power        Power        Power        Power (Watts)
------------------------------------------------------------------------
Sequential           1.675519e-05 2.771852e-05 7.221043e-10 4.447443e-05  35.4%
Combinational        2.422089e-05 1.910007e-05 1.130812e-09 4.332210e-05  34.5%
Clock                3.170461e-05 6.186566e-06 8.955162e-10 3.789207e-05  30.1%
Macro                0.000000e+00 0.000000e+00 0.000000e+00 0.000000e+00   0.0%
Pad                  0.000000e+00 0.000000e+00 0.000000e+00 0.000000e+00   0.0%
------------------------------------------------------------------------
Total                7.268070e-05 5.300517e-05 2.748435e-09 1.256886e-04 100.0%
                            57.8%        42.2%         0.0%
%OL_METRIC_F power__internal__total 7.26806974853389e-5
%OL_METRIC_F power__switching__total 5.3005165682407096e-5
%OL_METRIC_F power__leakage__total 2.748434591026694e-9
%OL_METRIC_F power__total 0.00012568861711770296

%OL_END_REPORT
%OL_CREATE_REPORT skew.min.rpt

===========================================================================
Clock Skew (Hold)
============================================================================
%OL_METRIC_F clock__skew__worst_hold__corner:min_ff_n40C_1v95 -0.25329042358229237
======================= min_ff_n40C_1v95 Corner ===================================

Clock clk
0.185789 source latency _314_/CLK ^
-0.189080 target latency _315_/CLK ^
-0.250000 clock uncertainty
0.000000 CRPR
--------------
-0.253290 hold skew

%OL_END_REPORT
%OL_CREATE_REPORT skew.max.rpt

===========================================================================
Clock Skew (Setup)
============================================================================
%OL_METRIC_F clock__skew__worst_setup__corner:min_ff_n40C_1v95 0.2532737424808756
======================= min_ff_n40C_1v95 Corner ===================================

Clock clk
0.189080 source latency _315_/CLK ^
-0.185806 target latency _316_/CLK ^
0.250000 clock uncertainty
0.000000 CRPR
--------------
0.253274 setup skew

%OL_END_REPORT
%OL_CREATE_REPORT ws.min.rpt

===========================================================================
Worst Slack (Hold)
============================================================================
%OL_METRIC_F timing__hold__ws__corner:min_ff_n40C_1v95 0.13403081801567834
min_ff_n40C_1v95: 0.13403081801567834
%OL_END_REPORT
%OL_CREATE_REPORT ws.max.rpt

===========================================================================
Worst Slack (Setup)
============================================================================
%OL_METRIC_F timing__setup__ws__corner:min_ff_n40C_1v95 11.303018396729104
min_ff_n40C_1v95: 11.303018396729104
%OL_END_REPORT
%OL_CREATE_REPORT tns.min.rpt

===========================================================================
Total Negative Slack (Hold)
============================================================================
%OL_METRIC_F timing__hold__tns__corner:min_ff_n40C_1v95 0.0
min_ff_n40C_1v95: 0.0
%OL_END_REPORT
%OL_CREATE_REPORT tns.max.rpt

===========================================================================
Total Negative Slack (Setup)
============================================================================
%OL_METRIC_F timing__setup__tns__corner:min_ff_n40C_1v95 0.0
min_ff_n40C_1v95: 0.0
%OL_END_REPORT
%OL_CREATE_REPORT wns.min.rpt

===========================================================================
Worst Negative Slack (Hold)
============================================================================
%OL_METRIC_F timing__hold__wns__corner:min_ff_n40C_1v95 0
min_ff_n40C_1v95: 0
%OL_END_REPORT
%OL_CREATE_REPORT wns.max.rpt

===========================================================================
Worst Negative Slack (Setup)
============================================================================
%OL_METRIC_F timing__setup__wns__corner:min_ff_n40C_1v95 0.0
min_ff_n40C_1v95: 0.0
%OL_END_REPORT
%OL_CREATE_REPORT violator_list.rpt

===========================================================================
Violator List
============================================================================
%OL_METRIC_I timing__hold_vio__count__corner:min_ff_n40C_1v95 0
%OL_METRIC_F timing__hold_r2r__ws__corner:min_ff_n40C_1v95 0.134031
%OL_METRIC_I timing__hold_r2r_vio__count__corner:min_ff_n40C_1v95 0
%OL_METRIC_I timing__setup_vio__count__corner:min_ff_n40C_1v95 0
%OL_METRIC_F timing__setup_r2r__ws__corner:min_ff_n40C_1v95 18.394279
%OL_METRIC_I timing__setup_r2r_vio__count__corner:min_ff_n40C_1v95 0
%OL_END_REPORT
%OL_CREATE_REPORT unpropagated.rpt
%OL_END_REPORT
%OL_CREATE_REPORT clock.rpt
Clock: clk
Sources: clk 
Generated: no
Virtual: yes
Propagated: no
Period: 20.000000

===========================================================================
report_clock_properties
============================================================================
Clock                   Period          Waveform
----------------------------------------------------
clk                  20.000000    0.000000 10.000000

===========================================================================
report_clock_latency
============================================================================
Clock clk
rise -> rise
    min     max
0.000000 0.000000 source latency
0.185789         network latency _314_/CLK
        0.778742 network latency _277_/CLK
---------------
0.185789 0.778742 latency
        0.592953 skew

rise -> fall
    min     max
0.000000 0.000000 source latency
0.512304         network latency _293_/CLK
        0.808271 network latency _295_/CLK
---------------
0.512304 0.808271 latency
        0.295967 skew

fall -> fall
    min     max
0.000000 0.000000 source latency
0.186740         network latency _314_/CLK
        0.189614 network latency _315_/CLK
---------------
0.186740 0.189614 latency
        0.002873 skew



===========================================================================
report_clock_min_period
============================================================================
clk period_min = 1.61 fmax = 622.77
%OL_END_REPORT
Writing SDF files for all corners…
Removing Clock latencies before writing libs…
Writing timing models for all corners…
Writing timing models for the min_ff_n40C_1v95 corner to /home/davidsales/Documentos/Coding/Main_HDL/Synthesis/designs/i2c_master/runs/RUN_2026-02-24_21-34-25/54-openroad-stapostpnr/min_ff_n40C_1v95/i2c_master_controller__min_ff_n40C_1v95.lib…
