Clock: clk
Sources: clk 
Generated: no
Virtual: yes
Propagated: no
Period: 20.000000

===========================================================================
report_clock_properties
============================================================================
Clock                   Period          Waveform
----------------------------------------------------
clk                  20.000000    0.000000 10.000000

===========================================================================
report_clock_latency
============================================================================
Clock clk
rise -> rise
    min     max
0.000000 0.000000 source latency
0.481760         network latency _314_/CLK
        2.327200 network latency _294_/CLK
---------------
0.481760 2.327200 latency
        1.845440 skew

rise -> fall
    min     max
0.000000 0.000000 source latency
1.494679         network latency _293_/CLK
        2.463956 network latency _295_/CLK
---------------
1.494679 2.463956 latency
        0.969276 skew

fall -> fall
    min     max
0.000000 0.000000 source latency
0.504879         network latency _314_/CLK
        0.511927 network latency _315_/CLK
---------------
0.504879 0.511927 latency
        0.007048 skew



===========================================================================
report_clock_min_period
============================================================================
clk period_min = 4.58 fmax = 218.33
