
===========================================================================
report_checks -path_delay max (Setup)
============================================================================
======================= max_ss_100C_1v60 Corner ===================================

Startpoint: rst (input port clocked by clk)
Endpoint: ready (output port clocked by clk)
Path Group: clk
Path Type: max

Fanout         Cap        Slew       Delay        Time   Description
---------------------------------------------------------------------------------------------
                                  0.000000    0.000000   clock clk (rise edge)
                                  0.000000    0.000000   clock network delay (propagated)
                                  4.000000    4.000000 ^ input external delay
     1    0.002799    0.032241    0.015830    4.015831 ^ rst (in)
                                                         rst (net)
                      0.032241    0.000000    4.015831 ^ input17/A (sky130_fd_sc_hd__buf_1)
     2    0.015072    0.293213    0.292231    4.308062 ^ input17/X (sky130_fd_sc_hd__buf_1)
                                                         net17 (net)
                      0.293216    0.000789    4.308850 ^ fanout40/A (sky130_fd_sc_hd__clkbuf_4)
    10    0.052653    0.259769    0.487812    4.796662 ^ fanout40/X (sky130_fd_sc_hd__clkbuf_4)
                                                         net40 (net)
                      0.259791    0.002615    4.799277 ^ _186_/A (sky130_fd_sc_hd__nor2_1)
     1    0.002188    0.068943    0.148246    4.947523 v _186_/Y (sky130_fd_sc_hd__nor2_1)
                                                         net27 (net)
                      0.068943    0.000156    4.947680 v output27/A (sky130_fd_sc_hd__buf_2)
     1    0.034202    0.165943    0.343158    5.290837 v output27/X (sky130_fd_sc_hd__buf_2)
                                                         ready (net)
                      0.165959    0.001704    5.292541 v ready (out)
                                              5.292541   data arrival time

                                 20.000000   20.000000   clock clk (rise edge)
                                  0.000000   20.000000   clock network delay (propagated)
                                 -0.250000   19.750002   clock uncertainty
                                  0.000000   19.750002   clock reconvergence pessimism
                                 -4.000000   15.750001   output external delay
                                             15.750001   data required time
---------------------------------------------------------------------------------------------
                                             15.750001   data required time
                                             -5.292541   data arrival time
---------------------------------------------------------------------------------------------
                                             10.457461   slack (MET)


Startpoint: _272_ (rising edge-triggered flip-flop clocked by clk)
Endpoint: i2c_scl (output port clocked by clk)
Path Group: clk
Path Type: max

Fanout         Cap        Slew       Delay        Time   Description
---------------------------------------------------------------------------------------------
                                  0.000000    0.000000   clock clk (rise edge)
                                  0.000000    0.000000   clock source latency
     1    0.010789    0.086560    0.056499    0.056499 ^ clk (in)
                                                         clk (net)
                      0.086565    0.000000    0.056499 ^ clkbuf_0_clk/A (sky130_fd_sc_hd__clkbuf_16)
     2    0.019357    0.066637    0.227948    0.284447 ^ clkbuf_0_clk/X (sky130_fd_sc_hd__clkbuf_16)
                                                         clknet_0_clk (net)
                      0.066652    0.000971    0.285418 ^ clkbuf_1_1__f_clk/A (sky130_fd_sc_hd__clkbuf_16)
     3    0.009150    0.053655    0.204374    0.489792 ^ clkbuf_1_1__f_clk/X (sky130_fd_sc_hd__clkbuf_16)
                                                         clknet_1_1__leaf_clk (net)
                      0.053656    0.000517    0.490309 ^ _272_/CLK (sky130_fd_sc_hd__dfstp_1)
     1    0.003481    0.084672    1.063625    1.553935 ^ _272_/Q (sky130_fd_sc_hd__dfstp_1)
                                                         i2c_clk (net)
                      0.084672    0.000224    1.554158 ^ fanout38/A (sky130_fd_sc_hd__clkbuf_2)
     7    0.030187    0.261756    0.334842    1.889000 ^ fanout38/X (sky130_fd_sc_hd__clkbuf_2)
                                                         net38 (net)
                      0.261864    0.002032    1.891032 ^ fanout34/A (sky130_fd_sc_hd__buf_2)
    10    0.032501    0.259784    0.419825    2.310857 ^ fanout34/X (sky130_fd_sc_hd__buf_2)
                                                         net34 (net)
                      0.259795    0.001994    2.312851 ^ _138_/A (sky130_fd_sc_hd__inv_2)
     2    0.010492    0.080117    0.150749    2.463601 v _138_/Y (sky130_fd_sc_hd__inv_2)
                                                         _025_ (net)
                      0.080118    0.000451    2.464052 v _187_/A (sky130_fd_sc_hd__nand2_4)
     1    0.035025    0.184311    0.180881    2.644933 ^ _187_/Y (sky130_fd_sc_hd__nand2_4)
                                                         i2c_scl (net)
     0    0.035025    0.184340    0.001864    2.646796 ^ i2c_scl (inout)
                                                         i2c_scl (net)
                                              2.646796   data arrival time

                                 20.000000   20.000000   clock clk (rise edge)
                                  0.000000   20.000000   clock network delay (propagated)
                                 -0.250000   19.750002   clock uncertainty
                                  0.000000   19.750002   clock reconvergence pessimism
                                 -4.000000   15.750001   output external delay
                                             15.750001   data required time
---------------------------------------------------------------------------------------------
                                             15.750001   data required time
                                             -2.646796   data arrival time
---------------------------------------------------------------------------------------------
                                             13.103204   slack (MET)


Startpoint: _314_ (rising edge-triggered flip-flop clocked by clk)
Endpoint: _272_ (rising edge-triggered flip-flop clocked by clk)
Path Group: clk
Path Type: max

Fanout         Cap        Slew       Delay        Time   Description
---------------------------------------------------------------------------------------------
                                  0.000000    0.000000   clock clk (rise edge)
                                  0.000000    0.000000   clock source latency
     1    0.010789    0.086560    0.056499    0.056499 ^ clk (in)
                                                         clk (net)
                      0.086565    0.000000    0.056499 ^ clkbuf_0_clk/A (sky130_fd_sc_hd__clkbuf_16)
     2    0.019357    0.066637    0.227948    0.284447 ^ clkbuf_0_clk/X (sky130_fd_sc_hd__clkbuf_16)
                                                         clknet_0_clk (net)
                      0.066652    0.001046    0.285492 ^ clkbuf_1_0__f_clk/A (sky130_fd_sc_hd__clkbuf_16)
     2    0.004703    0.047398    0.196017    0.481509 ^ clkbuf_1_0__f_clk/X (sky130_fd_sc_hd__clkbuf_16)
                                                         clknet_1_0__leaf_clk (net)
                      0.047399    0.000251    0.481760 ^ _314_/CLK (sky130_fd_sc_hd__dfrtp_1)
     3    0.008849    0.151470    0.693501    1.175261 ^ _314_/Q (sky130_fd_sc_hd__dfrtp_1)
                                                         clk_counter[0] (net)
                      0.151470    0.000386    1.175647 ^ hold1/A (sky130_fd_sc_hd__dlygate4sd3_1)
     1    0.005147    0.123633    1.106688    2.282336 ^ hold1/X (sky130_fd_sc_hd__dlygate4sd3_1)
                                                         net41 (net)
                      0.123633    0.000395    2.282731 ^ _142_/A (sky130_fd_sc_hd__inv_2)
     3    0.010040    0.056757    0.099216    2.381947 v _142_/Y (sky130_fd_sc_hd__inv_2)
                                                         _000_ (net)
                      0.056761    0.000562    2.382509 v _174_/A (sky130_fd_sc_hd__or3_1)
     1    0.002170    0.128276    0.820354    3.202864 v _174_/X (sky130_fd_sc_hd__or3_1)
                                                         _097_ (net)
                      0.128276    0.000153    3.203016 v hold4/A (sky130_fd_sc_hd__dlygate4sd3_1)
     1    0.004733    0.127099    1.182067    4.385084 v hold4/X (sky130_fd_sc_hd__dlygate4sd3_1)
                                                         net44 (net)
                      0.127099    0.000224    4.385307 v _175_/B (sky130_fd_sc_hd__xnor2_1)
     1    0.004306    0.235003    0.273043    4.658351 ^ _175_/Y (sky130_fd_sc_hd__xnor2_1)
                                                         _033_ (net)
                      0.235003    0.000373    4.658723 ^ _272_/D (sky130_fd_sc_hd__dfstp_1)
                                              4.658723   data arrival time

                                 20.000000   20.000000   clock clk (rise edge)
                                  0.000000   20.000000   clock source latency
     1    0.010789    0.086560    0.056499   20.056499 ^ clk (in)
                                                         clk (net)
                      0.086565    0.000000   20.056499 ^ clkbuf_0_clk/A (sky130_fd_sc_hd__clkbuf_16)
     2    0.019357    0.066637    0.227947   20.284447 ^ clkbuf_0_clk/X (sky130_fd_sc_hd__clkbuf_16)
                                                         clknet_0_clk (net)
                      0.066652    0.000972   20.285418 ^ clkbuf_1_1__f_clk/A (sky130_fd_sc_hd__clkbuf_16)
     3    0.009150    0.053655    0.204373   20.489792 ^ clkbuf_1_1__f_clk/X (sky130_fd_sc_hd__clkbuf_16)
                                                         clknet_1_1__leaf_clk (net)
                      0.053656    0.000519   20.490311 ^ _272_/CLK (sky130_fd_sc_hd__dfstp_1)
                                 -0.250000   20.240311   clock uncertainty
                                  0.000000   20.240311   clock reconvergence pessimism
                                 -0.161709   20.078602   library setup time
                                             20.078602   data required time
---------------------------------------------------------------------------------------------
                                             20.078602   data required time
                                             -4.658723   data arrival time
---------------------------------------------------------------------------------------------
                                             15.419879   slack (MET)


Startpoint: rst (input port clocked by clk)
Endpoint: _272_ (recovery check against rising-edge clock clk)
Path Group: asynchronous
Path Type: max

Fanout         Cap        Slew       Delay        Time   Description
---------------------------------------------------------------------------------------------
                                  0.000000    0.000000   clock clk (rise edge)
                                  0.000000    0.000000   clock network delay (propagated)
                                  4.000000    4.000000 v input external delay
     1    0.002670    0.017961    0.008867    4.008867 v rst (in)
                                                         rst (net)
                      0.017961    0.000000    4.008867 v input17/A (sky130_fd_sc_hd__buf_1)
     2    0.014551    0.172909    0.234315    4.243182 v input17/X (sky130_fd_sc_hd__buf_1)
                                                         net17 (net)
                      0.172909    0.000755    4.243937 v fanout40/A (sky130_fd_sc_hd__clkbuf_4)
    10    0.050074    0.188979    0.411814    4.655751 v fanout40/X (sky130_fd_sc_hd__clkbuf_4)
                                                         net40 (net)
                      0.189103    0.004400    4.660150 v _256_/A (sky130_fd_sc_hd__inv_2)
     1    0.003847    0.064368    0.116811    4.776962 ^ _256_/Y (sky130_fd_sc_hd__inv_2)
                                                         _013_ (net)
                      0.064368    0.000200    4.777162 ^ _272_/SET_B (sky130_fd_sc_hd__dfstp_1)
                                              4.777162   data arrival time

                                 20.000000   20.000000   clock clk (rise edge)
                                  0.000000   20.000000   clock source latency
     1    0.010789    0.086560    0.056499   20.056499 ^ clk (in)
                                                         clk (net)
                      0.086565    0.000000   20.056499 ^ clkbuf_0_clk/A (sky130_fd_sc_hd__clkbuf_16)
     2    0.019357    0.066637    0.227947   20.284447 ^ clkbuf_0_clk/X (sky130_fd_sc_hd__clkbuf_16)
                                                         clknet_0_clk (net)
                      0.066652    0.000972   20.285418 ^ clkbuf_1_1__f_clk/A (sky130_fd_sc_hd__clkbuf_16)
     3    0.009150    0.053655    0.204373   20.489792 ^ clkbuf_1_1__f_clk/X (sky130_fd_sc_hd__clkbuf_16)
                                                         clknet_1_1__leaf_clk (net)
                      0.053656    0.000519   20.490311 ^ _272_/CLK (sky130_fd_sc_hd__dfstp_1)
                                 -0.250000   20.240311   clock uncertainty
                                  0.000000   20.240311   clock reconvergence pessimism
                                  0.264175   20.504486   library recovery time
                                             20.504486   data required time
---------------------------------------------------------------------------------------------
                                             20.504486   data required time
                                             -4.777162   data arrival time
---------------------------------------------------------------------------------------------
                                             15.727324   slack (MET)


Startpoint: rst (input port clocked by clk)
Endpoint: _316_ (recovery check against rising-edge clock clk)
Path Group: asynchronous
Path Type: max

Fanout         Cap        Slew       Delay        Time   Description
---------------------------------------------------------------------------------------------
                                  0.000000    0.000000   clock clk (rise edge)
                                  0.000000    0.000000   clock network delay (propagated)
                                  4.000000    4.000000 v input external delay
     1    0.002670    0.017961    0.008867    4.008867 v rst (in)
                                                         rst (net)
                      0.017961    0.000000    4.008867 v input17/A (sky130_fd_sc_hd__buf_1)
     2    0.014551    0.172909    0.234315    4.243182 v input17/X (sky130_fd_sc_hd__buf_1)
                                                         net17 (net)
                      0.172909    0.000755    4.243937 v fanout40/A (sky130_fd_sc_hd__clkbuf_4)
    10    0.050074    0.188979    0.411814    4.655751 v fanout40/X (sky130_fd_sc_hd__clkbuf_4)
                                                         net40 (net)
                      0.189068    0.003806    4.659556 v _271_/A (sky130_fd_sc_hd__inv_2)
     1    0.006083    0.078016    0.134298    4.793855 ^ _271_/Y (sky130_fd_sc_hd__inv_2)
                                                         _032_ (net)
                      0.078017    0.000358    4.794213 ^ _316_/RESET_B (sky130_fd_sc_hd__dfrtp_1)
                                              4.794213   data arrival time

                                 20.000000   20.000000   clock clk (rise edge)
                                  0.000000   20.000000   clock source latency
     1    0.010789    0.086560    0.056499   20.056499 ^ clk (in)
                                                         clk (net)
                      0.086565    0.000000   20.056499 ^ clkbuf_0_clk/A (sky130_fd_sc_hd__clkbuf_16)
     2    0.019357    0.066637    0.227947   20.284447 ^ clkbuf_0_clk/X (sky130_fd_sc_hd__clkbuf_16)
                                                         clknet_0_clk (net)
                      0.066652    0.001046   20.285494 ^ clkbuf_1_0__f_clk/A (sky130_fd_sc_hd__clkbuf_16)
     2    0.004703    0.047398    0.196017   20.481510 ^ clkbuf_1_0__f_clk/X (sky130_fd_sc_hd__clkbuf_16)
                                                         clknet_1_0__leaf_clk (net)
                      0.047399    0.000291   20.481802 ^ _316_/CLK (sky130_fd_sc_hd__dfrtp_1)
                                 -0.250000   20.231802   clock uncertainty
                                  0.000000   20.231802   clock reconvergence pessimism
                                  0.452082   20.683884   library recovery time
                                             20.683884   data required time
---------------------------------------------------------------------------------------------
                                             20.683884   data required time
                                             -4.794213   data arrival time
---------------------------------------------------------------------------------------------
                                             15.889670   slack (MET)


Startpoint: rst (input port clocked by clk)
Endpoint: _314_ (recovery check against rising-edge clock clk)
Path Group: asynchronous
Path Type: max

Fanout         Cap        Slew       Delay        Time   Description
---------------------------------------------------------------------------------------------
                                  0.000000    0.000000   clock clk (rise edge)
                                  0.000000    0.000000   clock network delay (propagated)
                                  4.000000    4.000000 v input external delay
     1    0.002670    0.017961    0.008867    4.008867 v rst (in)
                                                         rst (net)
                      0.017961    0.000000    4.008867 v input17/A (sky130_fd_sc_hd__buf_1)
     2    0.014551    0.172909    0.234315    4.243182 v input17/X (sky130_fd_sc_hd__buf_1)
                                                         net17 (net)
                      0.172909    0.000755    4.243937 v fanout40/A (sky130_fd_sc_hd__clkbuf_4)
    10    0.050074    0.188979    0.411814    4.655751 v fanout40/X (sky130_fd_sc_hd__clkbuf_4)
                                                         net40 (net)
                      0.189094    0.004258    4.660008 v _269_/A (sky130_fd_sc_hd__inv_2)
     1    0.004768    0.069976    0.124569    4.784578 ^ _269_/Y (sky130_fd_sc_hd__inv_2)
                                                         _030_ (net)
                      0.069976    0.000266    4.784844 ^ _314_/RESET_B (sky130_fd_sc_hd__dfrtp_1)
                                              4.784844   data arrival time

                                 20.000000   20.000000   clock clk (rise edge)
                                  0.000000   20.000000   clock source latency
     1    0.010789    0.086560    0.056499   20.056499 ^ clk (in)
                                                         clk (net)
                      0.086565    0.000000   20.056499 ^ clkbuf_0_clk/A (sky130_fd_sc_hd__clkbuf_16)
     2    0.019357    0.066637    0.227947   20.284447 ^ clkbuf_0_clk/X (sky130_fd_sc_hd__clkbuf_16)
                                                         clknet_0_clk (net)
                      0.066652    0.001046   20.285494 ^ clkbuf_1_0__f_clk/A (sky130_fd_sc_hd__clkbuf_16)
     2    0.004703    0.047398    0.196017   20.481510 ^ clkbuf_1_0__f_clk/X (sky130_fd_sc_hd__clkbuf_16)
                                                         clknet_1_0__leaf_clk (net)
                      0.047399    0.000250   20.481760 ^ _314_/CLK (sky130_fd_sc_hd__dfrtp_1)
                                 -0.250000   20.231762   clock uncertainty
                                  0.000000   20.231762   clock reconvergence pessimism
                                  0.455065   20.686827   library recovery time
                                             20.686827   data required time
---------------------------------------------------------------------------------------------
                                             20.686827   data required time
                                             -4.784844   data arrival time
---------------------------------------------------------------------------------------------
                                             15.901982   slack (MET)


Startpoint: rst (input port clocked by clk)
Endpoint: _315_ (recovery check against rising-edge clock clk)
Path Group: asynchronous
Path Type: max

Fanout         Cap        Slew       Delay        Time   Description
---------------------------------------------------------------------------------------------
                                  0.000000    0.000000   clock clk (rise edge)
                                  0.000000    0.000000   clock network delay (propagated)
                                  4.000000    4.000000 v input external delay
     1    0.002670    0.017961    0.008867    4.008867 v rst (in)
                                                         rst (net)
                      0.017961    0.000000    4.008867 v input17/A (sky130_fd_sc_hd__buf_1)
     2    0.014551    0.172909    0.234315    4.243182 v input17/X (sky130_fd_sc_hd__buf_1)
                                                         net17 (net)
                      0.172909    0.000755    4.243937 v fanout40/A (sky130_fd_sc_hd__clkbuf_4)
    10    0.050074    0.188979    0.411814    4.655751 v fanout40/X (sky130_fd_sc_hd__clkbuf_4)
                                                         net40 (net)
                      0.189102    0.004390    4.660141 v _270_/A (sky130_fd_sc_hd__inv_2)
     1    0.004290    0.067088    0.120539    4.780680 ^ _270_/Y (sky130_fd_sc_hd__inv_2)
                                                         _031_ (net)
                      0.067088    0.000232    4.780912 ^ _315_/RESET_B (sky130_fd_sc_hd__dfrtp_1)
                                              4.780912   data arrival time

                                 20.000000   20.000000   clock clk (rise edge)
                                  0.000000   20.000000   clock source latency
     1    0.010789    0.086560    0.056499   20.056499 ^ clk (in)
                                                         clk (net)
                      0.086565    0.000000   20.056499 ^ clkbuf_0_clk/A (sky130_fd_sc_hd__clkbuf_16)
     2    0.019357    0.066637    0.227947   20.284447 ^ clkbuf_0_clk/X (sky130_fd_sc_hd__clkbuf_16)
                                                         clknet_0_clk (net)
                      0.066652    0.000972   20.285418 ^ clkbuf_1_1__f_clk/A (sky130_fd_sc_hd__clkbuf_16)
     3    0.009150    0.053655    0.204373   20.489792 ^ clkbuf_1_1__f_clk/X (sky130_fd_sc_hd__clkbuf_16)
                                                         clknet_1_1__leaf_clk (net)
                      0.053656    0.000520   20.490313 ^ _315_/CLK (sky130_fd_sc_hd__dfrtp_1)
                                 -0.250000   20.240313   clock uncertainty
                                  0.000000   20.240313   clock reconvergence pessimism
                                  0.458220   20.698534   library recovery time
                                             20.698534   data required time
---------------------------------------------------------------------------------------------
                                             20.698534   data required time
                                             -4.780912   data arrival time
---------------------------------------------------------------------------------------------
                                             15.917622   slack (MET)


Startpoint: _316_ (rising edge-triggered flip-flop clocked by clk)
Endpoint: _315_ (rising edge-triggered flip-flop clocked by clk)
Path Group: clk
Path Type: max

Fanout         Cap        Slew       Delay        Time   Description
---------------------------------------------------------------------------------------------
                                  0.000000    0.000000   clock clk (rise edge)
                                  0.000000    0.000000   clock source latency
     1    0.010789    0.086560    0.056499    0.056499 ^ clk (in)
                                                         clk (net)
                      0.086565    0.000000    0.056499 ^ clkbuf_0_clk/A (sky130_fd_sc_hd__clkbuf_16)
     2    0.019357    0.066637    0.227948    0.284447 ^ clkbuf_0_clk/X (sky130_fd_sc_hd__clkbuf_16)
                                                         clknet_0_clk (net)
                      0.066652    0.001046    0.285492 ^ clkbuf_1_0__f_clk/A (sky130_fd_sc_hd__clkbuf_16)
     2    0.004703    0.047398    0.196017    0.481509 ^ clkbuf_1_0__f_clk/X (sky130_fd_sc_hd__clkbuf_16)
                                                         clknet_1_0__leaf_clk (net)
                      0.047399    0.000291    0.481801 ^ _316_/CLK (sky130_fd_sc_hd__dfrtp_1)
     2    0.006657    0.108880    0.761644    1.243445 v _316_/Q (sky130_fd_sc_hd__dfrtp_1)
                                                         clk_counter[2] (net)
                      0.108880    0.000425    1.243870 v hold2/A (sky130_fd_sc_hd__dlygate4sd3_1)
     2    0.009630    0.171691    1.228295    2.472165 v hold2/X (sky130_fd_sc_hd__dlygate4sd3_1)
                                                         net42 (net)
                      0.171691    0.000390    2.472555 v _190_/A2 (sky130_fd_sc_hd__o211a_1)
     1    0.004402    0.086465    0.434647    2.907202 v _190_/X (sky130_fd_sc_hd__o211a_1)
                                                         _001_ (net)
                      0.086465    0.000262    2.907464 v _315_/D (sky130_fd_sc_hd__dfrtp_1)
                                              2.907464   data arrival time

                                 20.000000   20.000000   clock clk (rise edge)
                                  0.000000   20.000000   clock source latency
     1    0.010789    0.086560    0.056499   20.056499 ^ clk (in)
                                                         clk (net)
                      0.086565    0.000000   20.056499 ^ clkbuf_0_clk/A (sky130_fd_sc_hd__clkbuf_16)
     2    0.019357    0.066637    0.227947   20.284447 ^ clkbuf_0_clk/X (sky130_fd_sc_hd__clkbuf_16)
                                                         clknet_0_clk (net)
                      0.066652    0.000972   20.285418 ^ clkbuf_1_1__f_clk/A (sky130_fd_sc_hd__clkbuf_16)
     3    0.009150    0.053655    0.204373   20.489792 ^ clkbuf_1_1__f_clk/X (sky130_fd_sc_hd__clkbuf_16)
                                                         clknet_1_1__leaf_clk (net)
                      0.053656    0.000520   20.490313 ^ _315_/CLK (sky130_fd_sc_hd__dfrtp_1)
                                 -0.250000   20.240313   clock uncertainty
                                  0.000000   20.240313   clock reconvergence pessimism
                                 -0.287789   19.952524   library setup time
                                             19.952524   data required time
---------------------------------------------------------------------------------------------
                                             19.952524   data required time
                                             -2.907464   data arrival time
---------------------------------------------------------------------------------------------
                                             17.045061   slack (MET)


Startpoint: _316_ (rising edge-triggered flip-flop clocked by clk)
Endpoint: _316_ (rising edge-triggered flip-flop clocked by clk)
Path Group: clk
Path Type: max

Fanout         Cap        Slew       Delay        Time   Description
---------------------------------------------------------------------------------------------
                                  0.000000    0.000000   clock clk (rise edge)
                                  0.000000    0.000000   clock source latency
     1    0.010789    0.086560    0.056499    0.056499 ^ clk (in)
                                                         clk (net)
                      0.086565    0.000000    0.056499 ^ clkbuf_0_clk/A (sky130_fd_sc_hd__clkbuf_16)
     2    0.019357    0.066637    0.227948    0.284447 ^ clkbuf_0_clk/X (sky130_fd_sc_hd__clkbuf_16)
                                                         clknet_0_clk (net)
                      0.066652    0.001046    0.285492 ^ clkbuf_1_0__f_clk/A (sky130_fd_sc_hd__clkbuf_16)
     2    0.004703    0.047398    0.196017    0.481509 ^ clkbuf_1_0__f_clk/X (sky130_fd_sc_hd__clkbuf_16)
                                                         clknet_1_0__leaf_clk (net)
                      0.047399    0.000291    0.481801 ^ _316_/CLK (sky130_fd_sc_hd__dfrtp_1)
     2    0.006657    0.108880    0.761644    1.243445 v _316_/Q (sky130_fd_sc_hd__dfrtp_1)
                                                         clk_counter[2] (net)
                      0.108880    0.000425    1.243870 v hold2/A (sky130_fd_sc_hd__dlygate4sd3_1)
     2    0.009630    0.171691    1.228295    2.472165 v hold2/X (sky130_fd_sc_hd__dlygate4sd3_1)
                                                         net42 (net)
                      0.171691    0.000341    2.472507 v _191_/A (sky130_fd_sc_hd__xnor2_1)
     1    0.002533    0.087532    0.258038    2.730544 v _191_/Y (sky130_fd_sc_hd__xnor2_1)
                                                         _002_ (net)
                      0.087532    0.000168    2.730712 v _316_/D (sky130_fd_sc_hd__dfrtp_1)
                                              2.730712   data arrival time

                                 20.000000   20.000000   clock clk (rise edge)
                                  0.000000   20.000000   clock source latency
     1    0.010789    0.086560    0.056499   20.056499 ^ clk (in)
                                                         clk (net)
                      0.086565    0.000000   20.056499 ^ clkbuf_0_clk/A (sky130_fd_sc_hd__clkbuf_16)
     2    0.019357    0.066637    0.227947   20.284447 ^ clkbuf_0_clk/X (sky130_fd_sc_hd__clkbuf_16)
                                                         clknet_0_clk (net)
                      0.066652    0.001046   20.285494 ^ clkbuf_1_0__f_clk/A (sky130_fd_sc_hd__clkbuf_16)
     2    0.004703    0.047398    0.196017   20.481510 ^ clkbuf_1_0__f_clk/X (sky130_fd_sc_hd__clkbuf_16)
                                                         clknet_1_0__leaf_clk (net)
                      0.047399    0.000291   20.481802 ^ _316_/CLK (sky130_fd_sc_hd__dfrtp_1)
                                 -0.250000   20.231802   clock uncertainty
                                  0.000000   20.231802   clock reconvergence pessimism
                                 -0.289902   19.941900   library setup time
                                             19.941900   data required time
---------------------------------------------------------------------------------------------
                                             19.941900   data required time
                                             -2.730712   data arrival time
---------------------------------------------------------------------------------------------
                                             17.211187   slack (MET)


Startpoint: _314_ (rising edge-triggered flip-flop clocked by clk)
Endpoint: _314_ (rising edge-triggered flip-flop clocked by clk)
Path Group: clk
Path Type: max

Fanout         Cap        Slew       Delay        Time   Description
---------------------------------------------------------------------------------------------
                                  0.000000    0.000000   clock clk (rise edge)
                                  0.000000    0.000000   clock source latency
     1    0.010789    0.086560    0.056499    0.056499 ^ clk (in)
                                                         clk (net)
                      0.086565    0.000000    0.056499 ^ clkbuf_0_clk/A (sky130_fd_sc_hd__clkbuf_16)
     2    0.019357    0.066637    0.227948    0.284447 ^ clkbuf_0_clk/X (sky130_fd_sc_hd__clkbuf_16)
                                                         clknet_0_clk (net)
                      0.066652    0.001046    0.285492 ^ clkbuf_1_0__f_clk/A (sky130_fd_sc_hd__clkbuf_16)
     2    0.004703    0.047398    0.196017    0.481509 ^ clkbuf_1_0__f_clk/X (sky130_fd_sc_hd__clkbuf_16)
                                                         clknet_1_0__leaf_clk (net)
                      0.047399    0.000251    0.481760 ^ _314_/CLK (sky130_fd_sc_hd__dfrtp_1)
     3    0.008524    0.125029    0.778827    1.260587 v _314_/Q (sky130_fd_sc_hd__dfrtp_1)
                                                         clk_counter[0] (net)
                      0.125186    0.000367    1.260955 v hold1/A (sky130_fd_sc_hd__dlygate4sd3_1)
     1    0.004838    0.127713    1.181700    2.442655 v hold1/X (sky130_fd_sc_hd__dlygate4sd3_1)
                                                         net41 (net)
                      0.127713    0.000370    2.443025 v _142_/A (sky130_fd_sc_hd__inv_2)
     3    0.010397    0.091799    0.130672    2.573697 ^ _142_/Y (sky130_fd_sc_hd__inv_2)
                                                         _000_ (net)
                      0.091801    0.000561    2.574258 ^ _314_/D (sky130_fd_sc_hd__dfrtp_1)
                                              2.574258   data arrival time

                                 20.000000   20.000000   clock clk (rise edge)
                                  0.000000   20.000000   clock source latency
     1    0.010789    0.086560    0.056499   20.056499 ^ clk (in)
                                                         clk (net)
                      0.086565    0.000000   20.056499 ^ clkbuf_0_clk/A (sky130_fd_sc_hd__clkbuf_16)
     2    0.019357    0.066637    0.227947   20.284447 ^ clkbuf_0_clk/X (sky130_fd_sc_hd__clkbuf_16)
                                                         clknet_0_clk (net)
                      0.066652    0.001046   20.285494 ^ clkbuf_1_0__f_clk/A (sky130_fd_sc_hd__clkbuf_16)
     2    0.004703    0.047398    0.196017   20.481510 ^ clkbuf_1_0__f_clk/X (sky130_fd_sc_hd__clkbuf_16)
                                                         clknet_1_0__leaf_clk (net)
                      0.047399    0.000250   20.481760 ^ _314_/CLK (sky130_fd_sc_hd__dfrtp_1)
                                 -0.250000   20.231762   clock uncertainty
                                  0.000000   20.231762   clock reconvergence pessimism
                                 -0.142477   20.089285   library setup time
                                             20.089285   data required time
---------------------------------------------------------------------------------------------
                                             20.089285   data required time
                                             -2.574258   data arrival time
---------------------------------------------------------------------------------------------
                                             17.515028   slack (MET)



