Reading timing models for corner max_ss_100C_1v60…
Reading cell library for the 'max_ss_100C_1v60' corner at '/home/davidsales/.ciel/ciel/sky130/versions/0fe599b2afb6708d281543108caf8310912f54af/sky130A/libs.ref/sky130_fd_sc_hd/lib/sky130_fd_sc_hd__ss_100C_1v60.lib'…
Reading top-level netlist at '/home/davidsales/Documentos/Coding/Main_HDL/Synthesis/designs/i2c_master/runs/RUN_2026-02-24_21-34-25/51-openroad-fillinsertion/i2c_master_controller.nl.v'…
Linking design 'i2c_master_controller' from netlist…
Warning: /home/davidsales/Documentos/Coding/Main_HDL/Synthesis/designs/i2c_master/runs/RUN_2026-02-24_21-34-25/51-openroad-fillinsertion/i2c_master_controller.nl.v line 950, module sky130_fd_sc_hd__tapvpwrvgnd_1 not found. Creating black box for TAP_TAPCELL_ROW_0_50.
Warning: /home/davidsales/Documentos/Coding/Main_HDL/Synthesis/designs/i2c_master/runs/RUN_2026-02-24_21-34-25/51-openroad-fillinsertion/i2c_master_controller.nl.v line 1112, module sky130_ef_sc_hd__decap_12 not found. Creating black box for FILLER_0_3.
Warning: /home/davidsales/Documentos/Coding/Main_HDL/Synthesis/designs/i2c_master/runs/RUN_2026-02-24_21-34-25/51-openroad-fillinsertion/i2c_master_controller.nl.v line 1118, module sky130_fd_sc_hd__fill_2 not found. Creating black box for FILLER_0_54.
Warning: /home/davidsales/Documentos/Coding/Main_HDL/Synthesis/designs/i2c_master/runs/RUN_2026-02-24_21-34-25/51-openroad-fillinsertion/i2c_master_controller.nl.v line 1125, module sky130_fd_sc_hd__fill_1 not found. Creating black box for FILLER_0_111.
Reading design constraints file at '/nix/store/41c5n1rfapbw2k2daig2yag6mbsifckg-python3-3.11.9-env/lib/python3.11/site-packages/librelane/scripts/base.sdc'…
[INFO] Using clock clk…
[INFO] Setting output delay to: 4.0
[INFO] Setting input delay to: 4.0
[INFO] Setting load to: 0.033442
[INFO] Setting clock uncertainty to: 0.25
[INFO] Setting clock transition to: 0.1499999999999999944488848768742172978818416595458984375
[INFO] Setting timing derate to: 5%
Reading top-level design parasitics for the 'max_ss_100C_1v60' corner at '/home/davidsales/Documentos/Coding/Main_HDL/Synthesis/designs/i2c_master/runs/RUN_2026-02-24_21-34-25/53-openroad-rcx/max/i2c_master_controller.max.spef'…
%OL_CREATE_REPORT min.rpt

===========================================================================
report_checks -path_delay min (Hold)
============================================================================
======================= max_ss_100C_1v60 Corner ===================================

Startpoint: _314_ (rising edge-triggered flip-flop clocked by clk)
Endpoint: _316_ (rising edge-triggered flip-flop clocked by clk)
Path Group: clk
Path Type: min

Fanout         Cap        Slew       Delay        Time   Description
---------------------------------------------------------------------------------------------
                                  0.000000    0.000000   clock clk (rise edge)
                                  0.000000    0.000000   clock source latency
     1    0.010789    0.086560    0.056499    0.056499 ^ clk (in)
                                                         clk (net)
                      0.086565    0.000000    0.056499 ^ clkbuf_0_clk/A (sky130_fd_sc_hd__clkbuf_16)
     2    0.019357    0.066637    0.227948    0.284447 ^ clkbuf_0_clk/X (sky130_fd_sc_hd__clkbuf_16)
                                                         clknet_0_clk (net)
                      0.066652    0.001046    0.285492 ^ clkbuf_1_0__f_clk/A (sky130_fd_sc_hd__clkbuf_16)
     2    0.004703    0.047398    0.196017    0.481509 ^ clkbuf_1_0__f_clk/X (sky130_fd_sc_hd__clkbuf_16)
                                                         clknet_1_0__leaf_clk (net)
                      0.047399    0.000251    0.481760 ^ _314_/CLK (sky130_fd_sc_hd__dfrtp_1)
     3    0.008524    0.125029    0.778827    1.260587 v _314_/Q (sky130_fd_sc_hd__dfrtp_1)
                                                         clk_counter[0] (net)
                      0.125186    0.000433    1.261020 v _188_/A (sky130_fd_sc_hd__nand2_1)
     2    0.011356    0.179108    0.200840    1.461860 ^ _188_/Y (sky130_fd_sc_hd__nand2_1)
                                                         _103_ (net)
                      0.179113    0.000818    1.462678 ^ _191_/B (sky130_fd_sc_hd__xnor2_1)
     1    0.002533    0.071558    0.153997    1.616675 v _191_/Y (sky130_fd_sc_hd__xnor2_1)
                                                         _002_ (net)
                      0.071558    0.000168    1.616843 v _316_/D (sky130_fd_sc_hd__dfrtp_1)
                                              1.616843   data arrival time

                                  0.000000    0.000000   clock clk (rise edge)
                                  0.000000    0.000000   clock source latency
     1    0.010789    0.086560    0.056499    0.056499 ^ clk (in)
                                                         clk (net)
                      0.086565    0.000000    0.056499 ^ clkbuf_0_clk/A (sky130_fd_sc_hd__clkbuf_16)
     2    0.019357    0.066637    0.227948    0.284447 ^ clkbuf_0_clk/X (sky130_fd_sc_hd__clkbuf_16)
                                                         clknet_0_clk (net)
                      0.066652    0.001046    0.285492 ^ clkbuf_1_0__f_clk/A (sky130_fd_sc_hd__clkbuf_16)
     2    0.004703    0.047398    0.196017    0.481509 ^ clkbuf_1_0__f_clk/X (sky130_fd_sc_hd__clkbuf_16)
                                                         clknet_1_0__leaf_clk (net)
                      0.047399    0.000291    0.481801 ^ _316_/CLK (sky130_fd_sc_hd__dfrtp_1)
                                  0.250000    0.731801   clock uncertainty
                                  0.000000    0.731801   clock reconvergence pessimism
                                 -0.103308    0.628493   library hold time
                                              0.628493   data required time
---------------------------------------------------------------------------------------------
                                              0.628493   data required time
                                             -1.616843   data arrival time
---------------------------------------------------------------------------------------------
                                              0.988350   slack (MET)


Startpoint: _314_ (rising edge-triggered flip-flop clocked by clk)
Endpoint: _315_ (rising edge-triggered flip-flop clocked by clk)
Path Group: clk
Path Type: min

Fanout         Cap        Slew       Delay        Time   Description
---------------------------------------------------------------------------------------------
                                  0.000000    0.000000   clock clk (rise edge)
                                  0.000000    0.000000   clock source latency
     1    0.010789    0.086560    0.056499    0.056499 ^ clk (in)
                                                         clk (net)
                      0.086565    0.000000    0.056499 ^ clkbuf_0_clk/A (sky130_fd_sc_hd__clkbuf_16)
     2    0.019357    0.066637    0.227948    0.284447 ^ clkbuf_0_clk/X (sky130_fd_sc_hd__clkbuf_16)
                                                         clknet_0_clk (net)
                      0.066652    0.001046    0.285492 ^ clkbuf_1_0__f_clk/A (sky130_fd_sc_hd__clkbuf_16)
     2    0.004703    0.047398    0.196017    0.481509 ^ clkbuf_1_0__f_clk/X (sky130_fd_sc_hd__clkbuf_16)
                                                         clknet_1_0__leaf_clk (net)
                      0.047399    0.000251    0.481760 ^ _314_/CLK (sky130_fd_sc_hd__dfrtp_1)
     3    0.008849    0.151470    0.693501    1.175261 ^ _314_/Q (sky130_fd_sc_hd__dfrtp_1)
                                                         clk_counter[0] (net)
                      0.151470    0.000374    1.175635 ^ _189_/A (sky130_fd_sc_hd__or2_1)
     1    0.004393    0.086293    0.216393    1.392028 ^ _189_/X (sky130_fd_sc_hd__or2_1)
                                                         _104_ (net)
                      0.086293    0.000281    1.392309 ^ _190_/C1 (sky130_fd_sc_hd__o211a_1)
     1    0.004417    0.092103    0.301730    1.694039 ^ _190_/X (sky130_fd_sc_hd__o211a_1)
                                                         _001_ (net)
                      0.092103    0.000263    1.694303 ^ _315_/D (sky130_fd_sc_hd__dfrtp_1)
                                              1.694303   data arrival time

                                  0.000000    0.000000   clock clk (rise edge)
                                  0.000000    0.000000   clock source latency
     1    0.010789    0.086560    0.056499    0.056499 ^ clk (in)
                                                         clk (net)
                      0.086565    0.000000    0.056499 ^ clkbuf_0_clk/A (sky130_fd_sc_hd__clkbuf_16)
     2    0.019357    0.066637    0.227948    0.284447 ^ clkbuf_0_clk/X (sky130_fd_sc_hd__clkbuf_16)
                                                         clknet_0_clk (net)
                      0.066652    0.000971    0.285418 ^ clkbuf_1_1__f_clk/A (sky130_fd_sc_hd__clkbuf_16)
     3    0.009150    0.053655    0.204374    0.489792 ^ clkbuf_1_1__f_clk/X (sky130_fd_sc_hd__clkbuf_16)
                                                         clknet_1_1__leaf_clk (net)
                      0.053656    0.000521    0.490313 ^ _315_/CLK (sky130_fd_sc_hd__dfrtp_1)
                                  0.250000    0.740313   clock uncertainty
                                  0.000000    0.740313   clock reconvergence pessimism
                                 -0.084669    0.655644   library hold time
                                              0.655644   data required time
---------------------------------------------------------------------------------------------
                                              0.655644   data required time
                                             -1.694303   data arrival time
---------------------------------------------------------------------------------------------
                                              1.038659   slack (MET)


Startpoint: _272_ (rising edge-triggered flip-flop clocked by clk)
Endpoint: _272_ (rising edge-triggered flip-flop clocked by clk)
Path Group: clk
Path Type: min

Fanout         Cap        Slew       Delay        Time   Description
---------------------------------------------------------------------------------------------
                                  0.000000    0.000000   clock clk (rise edge)
                                  0.000000    0.000000   clock source latency
     1    0.010789    0.086560    0.056499    0.056499 ^ clk (in)
                                                         clk (net)
                      0.086565    0.000000    0.056499 ^ clkbuf_0_clk/A (sky130_fd_sc_hd__clkbuf_16)
     2    0.019357    0.066637    0.227948    0.284447 ^ clkbuf_0_clk/X (sky130_fd_sc_hd__clkbuf_16)
                                                         clknet_0_clk (net)
                      0.066652    0.000971    0.285418 ^ clkbuf_1_1__f_clk/A (sky130_fd_sc_hd__clkbuf_16)
     3    0.009150    0.053655    0.204374    0.489792 ^ clkbuf_1_1__f_clk/X (sky130_fd_sc_hd__clkbuf_16)
                                                         clknet_1_1__leaf_clk (net)
                      0.053656    0.000517    0.490309 ^ _272_/CLK (sky130_fd_sc_hd__dfstp_1)
     1    0.003296    0.055700    0.697457    1.187766 v _272_/Q (sky130_fd_sc_hd__dfstp_1)
                                                         i2c_clk (net)
                      0.055700    0.000208    1.187975 v fanout38/A (sky130_fd_sc_hd__clkbuf_2)
     7    0.029139    0.207831    0.303745    1.491719 v fanout38/X (sky130_fd_sc_hd__clkbuf_2)
                                                         net38 (net)
                      0.207837    0.001377    1.493097 v fanout35/A (sky130_fd_sc_hd__buf_2)
    10    0.033338    0.162697    0.406970    1.900067 v fanout35/X (sky130_fd_sc_hd__buf_2)
                                                         net35 (net)
                      0.162722    0.002019    1.902086 v _175_/A (sky130_fd_sc_hd__xnor2_1)
     1    0.004168    0.092504    0.273660    2.175746 v _175_/Y (sky130_fd_sc_hd__xnor2_1)
                                                         _033_ (net)
                      0.092504    0.000357    2.176103 v _272_/D (sky130_fd_sc_hd__dfstp_1)
                                              2.176103   data arrival time

                                  0.000000    0.000000   clock clk (rise edge)
                                  0.000000    0.000000   clock source latency
     1    0.010789    0.086560    0.056499    0.056499 ^ clk (in)
                                                         clk (net)
                      0.086565    0.000000    0.056499 ^ clkbuf_0_clk/A (sky130_fd_sc_hd__clkbuf_16)
     2    0.019357    0.066637    0.227948    0.284447 ^ clkbuf_0_clk/X (sky130_fd_sc_hd__clkbuf_16)
                                                         clknet_0_clk (net)
                      0.066652    0.000971    0.285418 ^ clkbuf_1_1__f_clk/A (sky130_fd_sc_hd__clkbuf_16)
     3    0.009150    0.053655    0.204374    0.489792 ^ clkbuf_1_1__f_clk/X (sky130_fd_sc_hd__clkbuf_16)
                                                         clknet_1_1__leaf_clk (net)
                      0.053656    0.000517    0.490309 ^ _272_/CLK (sky130_fd_sc_hd__dfstp_1)
                                  0.250000    0.740309   clock uncertainty
                                  0.000000    0.740309   clock reconvergence pessimism
                                 -0.016095    0.724214   library hold time
                                              0.724214   data required time
---------------------------------------------------------------------------------------------
                                              0.724214   data required time
                                             -2.176103   data arrival time
---------------------------------------------------------------------------------------------
                                              1.451889   slack (MET)


Startpoint: _314_ (rising edge-triggered flip-flop clocked by clk)
Endpoint: _314_ (rising edge-triggered flip-flop clocked by clk)
Path Group: clk
Path Type: min

Fanout         Cap        Slew       Delay        Time   Description
---------------------------------------------------------------------------------------------
                                  0.000000    0.000000   clock clk (rise edge)
                                  0.000000    0.000000   clock source latency
     1    0.010789    0.086560    0.056499    0.056499 ^ clk (in)
                                                         clk (net)
                      0.086565    0.000000    0.056499 ^ clkbuf_0_clk/A (sky130_fd_sc_hd__clkbuf_16)
     2    0.019357    0.066637    0.227948    0.284447 ^ clkbuf_0_clk/X (sky130_fd_sc_hd__clkbuf_16)
                                                         clknet_0_clk (net)
                      0.066652    0.001046    0.285492 ^ clkbuf_1_0__f_clk/A (sky130_fd_sc_hd__clkbuf_16)
     2    0.004703    0.047398    0.196017    0.481509 ^ clkbuf_1_0__f_clk/X (sky130_fd_sc_hd__clkbuf_16)
                                                         clknet_1_0__leaf_clk (net)
                      0.047399    0.000251    0.481760 ^ _314_/CLK (sky130_fd_sc_hd__dfrtp_1)
     3    0.008849    0.151470    0.693501    1.175261 ^ _314_/Q (sky130_fd_sc_hd__dfrtp_1)
                                                         clk_counter[0] (net)
                      0.151470    0.000386    1.175647 ^ hold1/A (sky130_fd_sc_hd__dlygate4sd3_1)
     1    0.005147    0.123633    1.106688    2.282336 ^ hold1/X (sky130_fd_sc_hd__dlygate4sd3_1)
                                                         net41 (net)
                      0.123633    0.000395    2.282731 ^ _142_/A (sky130_fd_sc_hd__inv_2)
     3    0.010040    0.056757    0.099216    2.381947 v _142_/Y (sky130_fd_sc_hd__inv_2)
                                                         _000_ (net)
                      0.056761    0.000546    2.382492 v _314_/D (sky130_fd_sc_hd__dfrtp_1)
                                              2.382492   data arrival time

                                  0.000000    0.000000   clock clk (rise edge)
                                  0.000000    0.000000   clock source latency
     1    0.010789    0.086560    0.056499    0.056499 ^ clk (in)
                                                         clk (net)
                      0.086565    0.000000    0.056499 ^ clkbuf_0_clk/A (sky130_fd_sc_hd__clkbuf_16)
     2    0.019357    0.066637    0.227948    0.284447 ^ clkbuf_0_clk/X (sky130_fd_sc_hd__clkbuf_16)
                                                         clknet_0_clk (net)
                      0.066652    0.001046    0.285492 ^ clkbuf_1_0__f_clk/A (sky130_fd_sc_hd__clkbuf_16)
     2    0.004703    0.047398    0.196017    0.481509 ^ clkbuf_1_0__f_clk/X (sky130_fd_sc_hd__clkbuf_16)
                                                         clknet_1_0__leaf_clk (net)
                      0.047399    0.000251    0.481760 ^ _314_/CLK (sky130_fd_sc_hd__dfrtp_1)
                                  0.250000    0.731760   clock uncertainty
                                  0.000000    0.731760   clock reconvergence pessimism
                                 -0.097815    0.633945   library hold time
                                              0.633945   data required time
---------------------------------------------------------------------------------------------
                                              0.633945   data required time
                                             -2.382492   data arrival time
---------------------------------------------------------------------------------------------
                                              1.748547   slack (MET)


Startpoint: rst (input port clocked by clk)
Endpoint: _315_ (removal check against rising-edge clock clk)
Path Group: asynchronous
Path Type: min

Fanout         Cap        Slew       Delay        Time   Description
---------------------------------------------------------------------------------------------
                                  0.000000    0.000000   clock clk (rise edge)
                                  0.000000    0.000000   clock network delay (propagated)
                                  4.000000    4.000000 v input external delay
     1    0.002670    0.017961    0.008867    4.008867 v rst (in)
                                                         rst (net)
                      0.017961    0.000000    4.008867 v input17/A (sky130_fd_sc_hd__buf_1)
     2    0.014551    0.172909    0.234315    4.243182 v input17/X (sky130_fd_sc_hd__buf_1)
                                                         net17 (net)
                      0.172909    0.000755    4.243937 v fanout40/A (sky130_fd_sc_hd__clkbuf_4)
    10    0.050074    0.188979    0.411814    4.655751 v fanout40/X (sky130_fd_sc_hd__clkbuf_4)
                                                         net40 (net)
                      0.189102    0.004390    4.660141 v _270_/A (sky130_fd_sc_hd__inv_2)
     1    0.004290    0.067088    0.120539    4.780680 ^ _270_/Y (sky130_fd_sc_hd__inv_2)
                                                         _031_ (net)
                      0.067088    0.000232    4.780912 ^ _315_/RESET_B (sky130_fd_sc_hd__dfrtp_1)
                                              4.780912   data arrival time

                                  0.000000    0.000000   clock clk (rise edge)
                                  0.000000    0.000000   clock source latency
     1    0.010789    0.086560    0.056499    0.056499 ^ clk (in)
                                                         clk (net)
                      0.086565    0.000000    0.056499 ^ clkbuf_0_clk/A (sky130_fd_sc_hd__clkbuf_16)
     2    0.019357    0.066637    0.227948    0.284447 ^ clkbuf_0_clk/X (sky130_fd_sc_hd__clkbuf_16)
                                                         clknet_0_clk (net)
                      0.066652    0.000971    0.285418 ^ clkbuf_1_1__f_clk/A (sky130_fd_sc_hd__clkbuf_16)
     3    0.009150    0.053655    0.204374    0.489792 ^ clkbuf_1_1__f_clk/X (sky130_fd_sc_hd__clkbuf_16)
                                                         clknet_1_1__leaf_clk (net)
                      0.053656    0.000521    0.490313 ^ _315_/CLK (sky130_fd_sc_hd__dfrtp_1)
                                  0.250000    0.740313   clock uncertainty
                                  0.000000    0.740313   clock reconvergence pessimism
                                  0.651628    1.391941   library removal time
                                              1.391941   data required time
---------------------------------------------------------------------------------------------
                                              1.391941   data required time
                                             -4.780912   data arrival time
---------------------------------------------------------------------------------------------
                                              3.388971   slack (MET)


Startpoint: rst (input port clocked by clk)
Endpoint: _314_ (removal check against rising-edge clock clk)
Path Group: asynchronous
Path Type: min

Fanout         Cap        Slew       Delay        Time   Description
---------------------------------------------------------------------------------------------
                                  0.000000    0.000000   clock clk (rise edge)
                                  0.000000    0.000000   clock network delay (propagated)
                                  4.000000    4.000000 v input external delay
     1    0.002670    0.017961    0.008867    4.008867 v rst (in)
                                                         rst (net)
                      0.017961    0.000000    4.008867 v input17/A (sky130_fd_sc_hd__buf_1)
     2    0.014551    0.172909    0.234315    4.243182 v input17/X (sky130_fd_sc_hd__buf_1)
                                                         net17 (net)
                      0.172909    0.000755    4.243937 v fanout40/A (sky130_fd_sc_hd__clkbuf_4)
    10    0.050074    0.188979    0.411814    4.655751 v fanout40/X (sky130_fd_sc_hd__clkbuf_4)
                                                         net40 (net)
                      0.189094    0.004258    4.660008 v _269_/A (sky130_fd_sc_hd__inv_2)
     1    0.004768    0.069976    0.124569    4.784578 ^ _269_/Y (sky130_fd_sc_hd__inv_2)
                                                         _030_ (net)
                      0.069976    0.000266    4.784844 ^ _314_/RESET_B (sky130_fd_sc_hd__dfrtp_1)
                                              4.784844   data arrival time

                                  0.000000    0.000000   clock clk (rise edge)
                                  0.000000    0.000000   clock source latency
     1    0.010789    0.086560    0.056499    0.056499 ^ clk (in)
                                                         clk (net)
                      0.086565    0.000000    0.056499 ^ clkbuf_0_clk/A (sky130_fd_sc_hd__clkbuf_16)
     2    0.019357    0.066637    0.227948    0.284447 ^ clkbuf_0_clk/X (sky130_fd_sc_hd__clkbuf_16)
                                                         clknet_0_clk (net)
                      0.066652    0.001046    0.285492 ^ clkbuf_1_0__f_clk/A (sky130_fd_sc_hd__clkbuf_16)
     2    0.004703    0.047398    0.196017    0.481509 ^ clkbuf_1_0__f_clk/X (sky130_fd_sc_hd__clkbuf_16)
                                                         clknet_1_0__leaf_clk (net)
                      0.047399    0.000251    0.481760 ^ _314_/CLK (sky130_fd_sc_hd__dfrtp_1)
                                  0.250000    0.731760   clock uncertainty
                                  0.000000    0.731760   clock reconvergence pessimism
                                  0.650628    1.382388   library removal time
                                              1.382388   data required time
---------------------------------------------------------------------------------------------
                                              1.382388   data required time
                                             -4.784844   data arrival time
---------------------------------------------------------------------------------------------
                                              3.402456   slack (MET)


Startpoint: rst (input port clocked by clk)
Endpoint: _316_ (removal check against rising-edge clock clk)
Path Group: asynchronous
Path Type: min

Fanout         Cap        Slew       Delay        Time   Description
---------------------------------------------------------------------------------------------
                                  0.000000    0.000000   clock clk (rise edge)
                                  0.000000    0.000000   clock network delay (propagated)
                                  4.000000    4.000000 v input external delay
     1    0.002670    0.017961    0.008867    4.008867 v rst (in)
                                                         rst (net)
                      0.017961    0.000000    4.008867 v input17/A (sky130_fd_sc_hd__buf_1)
     2    0.014551    0.172909    0.234315    4.243182 v input17/X (sky130_fd_sc_hd__buf_1)
                                                         net17 (net)
                      0.172909    0.000755    4.243937 v fanout40/A (sky130_fd_sc_hd__clkbuf_4)
    10    0.050074    0.188979    0.411814    4.655751 v fanout40/X (sky130_fd_sc_hd__clkbuf_4)
                                                         net40 (net)
                      0.189068    0.003806    4.659556 v _271_/A (sky130_fd_sc_hd__inv_2)
     1    0.006083    0.078016    0.134298    4.793855 ^ _271_/Y (sky130_fd_sc_hd__inv_2)
                                                         _032_ (net)
                      0.078017    0.000358    4.794213 ^ _316_/RESET_B (sky130_fd_sc_hd__dfrtp_1)
                                              4.794213   data arrival time

                                  0.000000    0.000000   clock clk (rise edge)
                                  0.000000    0.000000   clock source latency
     1    0.010789    0.086560    0.056499    0.056499 ^ clk (in)
                                                         clk (net)
                      0.086565    0.000000    0.056499 ^ clkbuf_0_clk/A (sky130_fd_sc_hd__clkbuf_16)
     2    0.019357    0.066637    0.227948    0.284447 ^ clkbuf_0_clk/X (sky130_fd_sc_hd__clkbuf_16)
                                                         clknet_0_clk (net)
                      0.066652    0.001046    0.285492 ^ clkbuf_1_0__f_clk/A (sky130_fd_sc_hd__clkbuf_16)
     2    0.004703    0.047398    0.196017    0.481509 ^ clkbuf_1_0__f_clk/X (sky130_fd_sc_hd__clkbuf_16)
                                                         clknet_1_0__leaf_clk (net)
                      0.047399    0.000291    0.481801 ^ _316_/CLK (sky130_fd_sc_hd__dfrtp_1)
                                  0.250000    0.731801   clock uncertainty
                                  0.000000    0.731801   clock reconvergence pessimism
                                  0.653099    1.384900   library removal time
                                              1.384900   data required time
---------------------------------------------------------------------------------------------
                                              1.384900   data required time
                                             -4.794213   data arrival time
---------------------------------------------------------------------------------------------
                                              3.409313   slack (MET)


Startpoint: rst (input port clocked by clk)
Endpoint: _272_ (removal check against rising-edge clock clk)
Path Group: asynchronous
Path Type: min

Fanout         Cap        Slew       Delay        Time   Description
---------------------------------------------------------------------------------------------
                                  0.000000    0.000000   clock clk (rise edge)
                                  0.000000    0.000000   clock network delay (propagated)
                                  4.000000    4.000000 v input external delay
     1    0.002670    0.017961    0.008867    4.008867 v rst (in)
                                                         rst (net)
                      0.017961    0.000000    4.008867 v input17/A (sky130_fd_sc_hd__buf_1)
     2    0.014551    0.172909    0.234315    4.243182 v input17/X (sky130_fd_sc_hd__buf_1)
                                                         net17 (net)
                      0.172909    0.000755    4.243937 v fanout40/A (sky130_fd_sc_hd__clkbuf_4)
    10    0.050074    0.188979    0.411814    4.655751 v fanout40/X (sky130_fd_sc_hd__clkbuf_4)
                                                         net40 (net)
                      0.189103    0.004400    4.660150 v _256_/A (sky130_fd_sc_hd__inv_2)
     1    0.003847    0.064368    0.116811    4.776962 ^ _256_/Y (sky130_fd_sc_hd__inv_2)
                                                         _013_ (net)
                      0.064368    0.000200    4.777162 ^ _272_/SET_B (sky130_fd_sc_hd__dfstp_1)
                                              4.777162   data arrival time

                                  0.000000    0.000000   clock clk (rise edge)
                                  0.000000    0.000000   clock source latency
     1    0.010789    0.086560    0.056499    0.056499 ^ clk (in)
                                                         clk (net)
                      0.086565    0.000000    0.056499 ^ clkbuf_0_clk/A (sky130_fd_sc_hd__clkbuf_16)
     2    0.019357    0.066637    0.227948    0.284447 ^ clkbuf_0_clk/X (sky130_fd_sc_hd__clkbuf_16)
                                                         clknet_0_clk (net)
                      0.066652    0.000971    0.285418 ^ clkbuf_1_1__f_clk/A (sky130_fd_sc_hd__clkbuf_16)
     3    0.009150    0.053655    0.204374    0.489792 ^ clkbuf_1_1__f_clk/X (sky130_fd_sc_hd__clkbuf_16)
                                                         clknet_1_1__leaf_clk (net)
                      0.053656    0.000517    0.490309 ^ _272_/CLK (sky130_fd_sc_hd__dfstp_1)
                                  0.250000    0.740309   clock uncertainty
                                  0.000000    0.740309   clock reconvergence pessimism
                                  0.297844    1.038154   library removal time
                                              1.038154   data required time
---------------------------------------------------------------------------------------------
                                              1.038154   data required time
                                             -4.777162   data arrival time
---------------------------------------------------------------------------------------------
                                              3.739008   slack (MET)


Startpoint: _272_ (rising edge-triggered flip-flop clocked by clk)
Endpoint: i2c_scl (output port clocked by clk)
Path Group: clk
Path Type: min

Fanout         Cap        Slew       Delay        Time   Description
---------------------------------------------------------------------------------------------
                                  0.000000    0.000000   clock clk (rise edge)
                                  0.000000    0.000000   clock source latency
     1    0.010789    0.086560    0.056499    0.056499 ^ clk (in)
                                                         clk (net)
                      0.086565    0.000000    0.056499 ^ clkbuf_0_clk/A (sky130_fd_sc_hd__clkbuf_16)
     2    0.019357    0.066637    0.227948    0.284447 ^ clkbuf_0_clk/X (sky130_fd_sc_hd__clkbuf_16)
                                                         clknet_0_clk (net)
                      0.066652    0.000971    0.285418 ^ clkbuf_1_1__f_clk/A (sky130_fd_sc_hd__clkbuf_16)
     3    0.009150    0.053655    0.204374    0.489792 ^ clkbuf_1_1__f_clk/X (sky130_fd_sc_hd__clkbuf_16)
                                                         clknet_1_1__leaf_clk (net)
                      0.053656    0.000517    0.490309 ^ _272_/CLK (sky130_fd_sc_hd__dfstp_1)
     1    0.003296    0.055700    0.697457    1.187766 v _272_/Q (sky130_fd_sc_hd__dfstp_1)
                                                         i2c_clk (net)
                      0.055700    0.000208    1.187975 v fanout38/A (sky130_fd_sc_hd__clkbuf_2)
     7    0.029139    0.207831    0.303745    1.491719 v fanout38/X (sky130_fd_sc_hd__clkbuf_2)
                                                         net38 (net)
                      0.207847    0.001959    1.493678 v fanout34/A (sky130_fd_sc_hd__buf_2)
    10    0.030907    0.153108    0.399107    1.892785 v fanout34/X (sky130_fd_sc_hd__buf_2)
                                                         net34 (net)
                      0.153131    0.001893    1.894678 v _138_/A (sky130_fd_sc_hd__inv_2)
     2    0.011154    0.100059    0.146017    2.040695 ^ _138_/Y (sky130_fd_sc_hd__inv_2)
                                                         _025_ (net)
                      0.100060    0.000479    2.041174 ^ _187_/A (sky130_fd_sc_hd__nand2_4)
     1    0.035025    0.165077    0.178561    2.219735 v _187_/Y (sky130_fd_sc_hd__nand2_4)
                                                         i2c_scl (net)
     0    0.035025    0.165107    0.001863    2.221598 v i2c_scl (inout)
                                                         i2c_scl (net)
                                              2.221598   data arrival time

                                  0.000000    0.000000   clock clk (rise edge)
                                  0.000000    0.000000   clock network delay (propagated)
                                  0.250000    0.250000   clock uncertainty
                                  0.000000    0.250000   clock reconvergence pessimism
                                 -4.000000   -3.750000   output external delay
                                             -3.750000   data required time
---------------------------------------------------------------------------------------------
                                             -3.750000   data required time
                                             -2.221598   data arrival time
---------------------------------------------------------------------------------------------
                                              5.971598   slack (MET)


Startpoint: rst (input port clocked by clk)
Endpoint: ready (output port clocked by clk)
Path Group: clk
Path Type: min

Fanout         Cap        Slew       Delay        Time   Description
---------------------------------------------------------------------------------------------
                                  0.000000    0.000000   clock clk (rise edge)
                                  0.000000    0.000000   clock network delay (propagated)
                                  4.000000    4.000000 v input external delay
     1    0.002670    0.017961    0.008867    4.008867 v rst (in)
                                                         rst (net)
                      0.017961    0.000000    4.008867 v input17/A (sky130_fd_sc_hd__buf_1)
     2    0.014551    0.172909    0.234315    4.243182 v input17/X (sky130_fd_sc_hd__buf_1)
                                                         net17 (net)
                      0.172909    0.000755    4.243937 v fanout40/A (sky130_fd_sc_hd__clkbuf_4)
    10    0.050074    0.188979    0.411814    4.655751 v fanout40/X (sky130_fd_sc_hd__clkbuf_4)
                                                         net40 (net)
                      0.189011    0.002486    4.658236 v _186_/A (sky130_fd_sc_hd__nor2_1)
     1    0.002316    0.117123    0.201957    4.860193 ^ _186_/Y (sky130_fd_sc_hd__nor2_1)
                                                         net27 (net)
                      0.117123    0.000167    4.860360 ^ output27/A (sky130_fd_sc_hd__buf_2)
     1    0.034202    0.271946    0.364422    5.224782 ^ output27/X (sky130_fd_sc_hd__buf_2)
                                                         ready (net)
                      0.271952    0.001704    5.226487 ^ ready (out)
                                              5.226487   data arrival time

                                  0.000000    0.000000   clock clk (rise edge)
                                  0.000000    0.000000   clock network delay (propagated)
                                  0.250000    0.250000   clock uncertainty
                                  0.000000    0.250000   clock reconvergence pessimism
                                 -4.000000   -3.750000   output external delay
                                             -3.750000   data required time
---------------------------------------------------------------------------------------------
                                             -3.750000   data required time
                                             -5.226487   data arrival time
---------------------------------------------------------------------------------------------
                                              8.976486   slack (MET)



%OL_END_REPORT
%OL_CREATE_REPORT max.rpt

===========================================================================
report_checks -path_delay max (Setup)
============================================================================
======================= max_ss_100C_1v60 Corner ===================================

Startpoint: rst (input port clocked by clk)
Endpoint: ready (output port clocked by clk)
Path Group: clk
Path Type: max

Fanout         Cap        Slew       Delay        Time   Description
---------------------------------------------------------------------------------------------
                                  0.000000    0.000000   clock clk (rise edge)
                                  0.000000    0.000000   clock network delay (propagated)
                                  4.000000    4.000000 ^ input external delay
     1    0.002799    0.032241    0.015830    4.015831 ^ rst (in)
                                                         rst (net)
                      0.032241    0.000000    4.015831 ^ input17/A (sky130_fd_sc_hd__buf_1)
     2    0.015072    0.293213    0.292231    4.308062 ^ input17/X (sky130_fd_sc_hd__buf_1)
                                                         net17 (net)
                      0.293216    0.000789    4.308850 ^ fanout40/A (sky130_fd_sc_hd__clkbuf_4)
    10    0.052653    0.259769    0.487812    4.796662 ^ fanout40/X (sky130_fd_sc_hd__clkbuf_4)
                                                         net40 (net)
                      0.259791    0.002615    4.799277 ^ _186_/A (sky130_fd_sc_hd__nor2_1)
     1    0.002188    0.068943    0.148246    4.947523 v _186_/Y (sky130_fd_sc_hd__nor2_1)
                                                         net27 (net)
                      0.068943    0.000156    4.947680 v output27/A (sky130_fd_sc_hd__buf_2)
     1    0.034202    0.165943    0.343158    5.290837 v output27/X (sky130_fd_sc_hd__buf_2)
                                                         ready (net)
                      0.165959    0.001704    5.292541 v ready (out)
                                              5.292541   data arrival time

                                 20.000000   20.000000   clock clk (rise edge)
                                  0.000000   20.000000   clock network delay (propagated)
                                 -0.250000   19.750002   clock uncertainty
                                  0.000000   19.750002   clock reconvergence pessimism
                                 -4.000000   15.750001   output external delay
                                             15.750001   data required time
---------------------------------------------------------------------------------------------
                                             15.750001   data required time
                                             -5.292541   data arrival time
---------------------------------------------------------------------------------------------
                                             10.457461   slack (MET)


Startpoint: _272_ (rising edge-triggered flip-flop clocked by clk)
Endpoint: i2c_scl (output port clocked by clk)
Path Group: clk
Path Type: max

Fanout         Cap        Slew       Delay        Time   Description
---------------------------------------------------------------------------------------------
                                  0.000000    0.000000   clock clk (rise edge)
                                  0.000000    0.000000   clock source latency
     1    0.010789    0.086560    0.056499    0.056499 ^ clk (in)
                                                         clk (net)
                      0.086565    0.000000    0.056499 ^ clkbuf_0_clk/A (sky130_fd_sc_hd__clkbuf_16)
     2    0.019357    0.066637    0.227948    0.284447 ^ clkbuf_0_clk/X (sky130_fd_sc_hd__clkbuf_16)
                                                         clknet_0_clk (net)
                      0.066652    0.000971    0.285418 ^ clkbuf_1_1__f_clk/A (sky130_fd_sc_hd__clkbuf_16)
     3    0.009150    0.053655    0.204374    0.489792 ^ clkbuf_1_1__f_clk/X (sky130_fd_sc_hd__clkbuf_16)
                                                         clknet_1_1__leaf_clk (net)
                      0.053656    0.000517    0.490309 ^ _272_/CLK (sky130_fd_sc_hd__dfstp_1)
     1    0.003481    0.084672    1.063625    1.553935 ^ _272_/Q (sky130_fd_sc_hd__dfstp_1)
                                                         i2c_clk (net)
                      0.084672    0.000224    1.554158 ^ fanout38/A (sky130_fd_sc_hd__clkbuf_2)
     7    0.030187    0.261756    0.334842    1.889000 ^ fanout38/X (sky130_fd_sc_hd__clkbuf_2)
                                                         net38 (net)
                      0.261864    0.002032    1.891032 ^ fanout34/A (sky130_fd_sc_hd__buf_2)
    10    0.032501    0.259784    0.419825    2.310857 ^ fanout34/X (sky130_fd_sc_hd__buf_2)
                                                         net34 (net)
                      0.259795    0.001994    2.312851 ^ _138_/A (sky130_fd_sc_hd__inv_2)
     2    0.010492    0.080117    0.150749    2.463601 v _138_/Y (sky130_fd_sc_hd__inv_2)
                                                         _025_ (net)
                      0.080118    0.000451    2.464052 v _187_/A (sky130_fd_sc_hd__nand2_4)
     1    0.035025    0.184311    0.180881    2.644933 ^ _187_/Y (sky130_fd_sc_hd__nand2_4)
                                                         i2c_scl (net)
     0    0.035025    0.184340    0.001864    2.646796 ^ i2c_scl (inout)
                                                         i2c_scl (net)
                                              2.646796   data arrival time

                                 20.000000   20.000000   clock clk (rise edge)
                                  0.000000   20.000000   clock network delay (propagated)
                                 -0.250000   19.750002   clock uncertainty
                                  0.000000   19.750002   clock reconvergence pessimism
                                 -4.000000   15.750001   output external delay
                                             15.750001   data required time
---------------------------------------------------------------------------------------------
                                             15.750001   data required time
                                             -2.646796   data arrival time
---------------------------------------------------------------------------------------------
                                             13.103204   slack (MET)


Startpoint: _314_ (rising edge-triggered flip-flop clocked by clk)
Endpoint: _272_ (rising edge-triggered flip-flop clocked by clk)
Path Group: clk
Path Type: max

Fanout         Cap        Slew       Delay        Time   Description
---------------------------------------------------------------------------------------------
                                  0.000000    0.000000   clock clk (rise edge)
                                  0.000000    0.000000   clock source latency
     1    0.010789    0.086560    0.056499    0.056499 ^ clk (in)
                                                         clk (net)
                      0.086565    0.000000    0.056499 ^ clkbuf_0_clk/A (sky130_fd_sc_hd__clkbuf_16)
     2    0.019357    0.066637    0.227948    0.284447 ^ clkbuf_0_clk/X (sky130_fd_sc_hd__clkbuf_16)
                                                         clknet_0_clk (net)
                      0.066652    0.001046    0.285492 ^ clkbuf_1_0__f_clk/A (sky130_fd_sc_hd__clkbuf_16)
     2    0.004703    0.047398    0.196017    0.481509 ^ clkbuf_1_0__f_clk/X (sky130_fd_sc_hd__clkbuf_16)
                                                         clknet_1_0__leaf_clk (net)
                      0.047399    0.000251    0.481760 ^ _314_/CLK (sky130_fd_sc_hd__dfrtp_1)
     3    0.008849    0.151470    0.693501    1.175261 ^ _314_/Q (sky130_fd_sc_hd__dfrtp_1)
                                                         clk_counter[0] (net)
                      0.151470    0.000386    1.175647 ^ hold1/A (sky130_fd_sc_hd__dlygate4sd3_1)
     1    0.005147    0.123633    1.106688    2.282336 ^ hold1/X (sky130_fd_sc_hd__dlygate4sd3_1)
                                                         net41 (net)
                      0.123633    0.000395    2.282731 ^ _142_/A (sky130_fd_sc_hd__inv_2)
     3    0.010040    0.056757    0.099216    2.381947 v _142_/Y (sky130_fd_sc_hd__inv_2)
                                                         _000_ (net)
                      0.056761    0.000562    2.382509 v _174_/A (sky130_fd_sc_hd__or3_1)
     1    0.002170    0.128276    0.820354    3.202864 v _174_/X (sky130_fd_sc_hd__or3_1)
                                                         _097_ (net)
                      0.128276    0.000153    3.203016 v hold4/A (sky130_fd_sc_hd__dlygate4sd3_1)
     1    0.004733    0.127099    1.182067    4.385084 v hold4/X (sky130_fd_sc_hd__dlygate4sd3_1)
                                                         net44 (net)
                      0.127099    0.000224    4.385307 v _175_/B (sky130_fd_sc_hd__xnor2_1)
     1    0.004306    0.235003    0.273043    4.658351 ^ _175_/Y (sky130_fd_sc_hd__xnor2_1)
                                                         _033_ (net)
                      0.235003    0.000373    4.658723 ^ _272_/D (sky130_fd_sc_hd__dfstp_1)
                                              4.658723   data arrival time

                                 20.000000   20.000000   clock clk (rise edge)
                                  0.000000   20.000000   clock source latency
     1    0.010789    0.086560    0.056499   20.056499 ^ clk (in)
                                                         clk (net)
                      0.086565    0.000000   20.056499 ^ clkbuf_0_clk/A (sky130_fd_sc_hd__clkbuf_16)
     2    0.019357    0.066637    0.227947   20.284447 ^ clkbuf_0_clk/X (sky130_fd_sc_hd__clkbuf_16)
                                                         clknet_0_clk (net)
                      0.066652    0.000972   20.285418 ^ clkbuf_1_1__f_clk/A (sky130_fd_sc_hd__clkbuf_16)
     3    0.009150    0.053655    0.204373   20.489792 ^ clkbuf_1_1__f_clk/X (sky130_fd_sc_hd__clkbuf_16)
                                                         clknet_1_1__leaf_clk (net)
                      0.053656    0.000519   20.490311 ^ _272_/CLK (sky130_fd_sc_hd__dfstp_1)
                                 -0.250000   20.240311   clock uncertainty
                                  0.000000   20.240311   clock reconvergence pessimism
                                 -0.161709   20.078602   library setup time
                                             20.078602   data required time
---------------------------------------------------------------------------------------------
                                             20.078602   data required time
                                             -4.658723   data arrival time
---------------------------------------------------------------------------------------------
                                             15.419879   slack (MET)


Startpoint: rst (input port clocked by clk)
Endpoint: _272_ (recovery check against rising-edge clock clk)
Path Group: asynchronous
Path Type: max

Fanout         Cap        Slew       Delay        Time   Description
---------------------------------------------------------------------------------------------
                                  0.000000    0.000000   clock clk (rise edge)
                                  0.000000    0.000000   clock network delay (propagated)
                                  4.000000    4.000000 v input external delay
     1    0.002670    0.017961    0.008867    4.008867 v rst (in)
                                                         rst (net)
                      0.017961    0.000000    4.008867 v input17/A (sky130_fd_sc_hd__buf_1)
     2    0.014551    0.172909    0.234315    4.243182 v input17/X (sky130_fd_sc_hd__buf_1)
                                                         net17 (net)
                      0.172909    0.000755    4.243937 v fanout40/A (sky130_fd_sc_hd__clkbuf_4)
    10    0.050074    0.188979    0.411814    4.655751 v fanout40/X (sky130_fd_sc_hd__clkbuf_4)
                                                         net40 (net)
                      0.189103    0.004400    4.660150 v _256_/A (sky130_fd_sc_hd__inv_2)
     1    0.003847    0.064368    0.116811    4.776962 ^ _256_/Y (sky130_fd_sc_hd__inv_2)
                                                         _013_ (net)
                      0.064368    0.000200    4.777162 ^ _272_/SET_B (sky130_fd_sc_hd__dfstp_1)
                                              4.777162   data arrival time

                                 20.000000   20.000000   clock clk (rise edge)
                                  0.000000   20.000000   clock source latency
     1    0.010789    0.086560    0.056499   20.056499 ^ clk (in)
                                                         clk (net)
                      0.086565    0.000000   20.056499 ^ clkbuf_0_clk/A (sky130_fd_sc_hd__clkbuf_16)
     2    0.019357    0.066637    0.227947   20.284447 ^ clkbuf_0_clk/X (sky130_fd_sc_hd__clkbuf_16)
                                                         clknet_0_clk (net)
                      0.066652    0.000972   20.285418 ^ clkbuf_1_1__f_clk/A (sky130_fd_sc_hd__clkbuf_16)
     3    0.009150    0.053655    0.204373   20.489792 ^ clkbuf_1_1__f_clk/X (sky130_fd_sc_hd__clkbuf_16)
                                                         clknet_1_1__leaf_clk (net)
                      0.053656    0.000519   20.490311 ^ _272_/CLK (sky130_fd_sc_hd__dfstp_1)
                                 -0.250000   20.240311   clock uncertainty
                                  0.000000   20.240311   clock reconvergence pessimism
                                  0.264175   20.504486   library recovery time
                                             20.504486   data required time
---------------------------------------------------------------------------------------------
                                             20.504486   data required time
                                             -4.777162   data arrival time
---------------------------------------------------------------------------------------------
                                             15.727324   slack (MET)


Startpoint: rst (input port clocked by clk)
Endpoint: _316_ (recovery check against rising-edge clock clk)
Path Group: asynchronous
Path Type: max

Fanout         Cap        Slew       Delay        Time   Description
---------------------------------------------------------------------------------------------
                                  0.000000    0.000000   clock clk (rise edge)
                                  0.000000    0.000000   clock network delay (propagated)
                                  4.000000    4.000000 v input external delay
     1    0.002670    0.017961    0.008867    4.008867 v rst (in)
                                                         rst (net)
                      0.017961    0.000000    4.008867 v input17/A (sky130_fd_sc_hd__buf_1)
     2    0.014551    0.172909    0.234315    4.243182 v input17/X (sky130_fd_sc_hd__buf_1)
                                                         net17 (net)
                      0.172909    0.000755    4.243937 v fanout40/A (sky130_fd_sc_hd__clkbuf_4)
    10    0.050074    0.188979    0.411814    4.655751 v fanout40/X (sky130_fd_sc_hd__clkbuf_4)
                                                         net40 (net)
                      0.189068    0.003806    4.659556 v _271_/A (sky130_fd_sc_hd__inv_2)
     1    0.006083    0.078016    0.134298    4.793855 ^ _271_/Y (sky130_fd_sc_hd__inv_2)
                                                         _032_ (net)
                      0.078017    0.000358    4.794213 ^ _316_/RESET_B (sky130_fd_sc_hd__dfrtp_1)
                                              4.794213   data arrival time

                                 20.000000   20.000000   clock clk (rise edge)
                                  0.000000   20.000000   clock source latency
     1    0.010789    0.086560    0.056499   20.056499 ^ clk (in)
                                                         clk (net)
                      0.086565    0.000000   20.056499 ^ clkbuf_0_clk/A (sky130_fd_sc_hd__clkbuf_16)
     2    0.019357    0.066637    0.227947   20.284447 ^ clkbuf_0_clk/X (sky130_fd_sc_hd__clkbuf_16)
                                                         clknet_0_clk (net)
                      0.066652    0.001046   20.285494 ^ clkbuf_1_0__f_clk/A (sky130_fd_sc_hd__clkbuf_16)
     2    0.004703    0.047398    0.196017   20.481510 ^ clkbuf_1_0__f_clk/X (sky130_fd_sc_hd__clkbuf_16)
                                                         clknet_1_0__leaf_clk (net)
                      0.047399    0.000291   20.481802 ^ _316_/CLK (sky130_fd_sc_hd__dfrtp_1)
                                 -0.250000   20.231802   clock uncertainty
                                  0.000000   20.231802   clock reconvergence pessimism
                                  0.452082   20.683884   library recovery time
                                             20.683884   data required time
---------------------------------------------------------------------------------------------
                                             20.683884   data required time
                                             -4.794213   data arrival time
---------------------------------------------------------------------------------------------
                                             15.889670   slack (MET)


Startpoint: rst (input port clocked by clk)
Endpoint: _314_ (recovery check against rising-edge clock clk)
Path Group: asynchronous
Path Type: max

Fanout         Cap        Slew       Delay        Time   Description
---------------------------------------------------------------------------------------------
                                  0.000000    0.000000   clock clk (rise edge)
                                  0.000000    0.000000   clock network delay (propagated)
                                  4.000000    4.000000 v input external delay
     1    0.002670    0.017961    0.008867    4.008867 v rst (in)
                                                         rst (net)
                      0.017961    0.000000    4.008867 v input17/A (sky130_fd_sc_hd__buf_1)
     2    0.014551    0.172909    0.234315    4.243182 v input17/X (sky130_fd_sc_hd__buf_1)
                                                         net17 (net)
                      0.172909    0.000755    4.243937 v fanout40/A (sky130_fd_sc_hd__clkbuf_4)
    10    0.050074    0.188979    0.411814    4.655751 v fanout40/X (sky130_fd_sc_hd__clkbuf_4)
                                                         net40 (net)
                      0.189094    0.004258    4.660008 v _269_/A (sky130_fd_sc_hd__inv_2)
     1    0.004768    0.069976    0.124569    4.784578 ^ _269_/Y (sky130_fd_sc_hd__inv_2)
                                                         _030_ (net)
                      0.069976    0.000266    4.784844 ^ _314_/RESET_B (sky130_fd_sc_hd__dfrtp_1)
                                              4.784844   data arrival time

                                 20.000000   20.000000   clock clk (rise edge)
                                  0.000000   20.000000   clock source latency
     1    0.010789    0.086560    0.056499   20.056499 ^ clk (in)
                                                         clk (net)
                      0.086565    0.000000   20.056499 ^ clkbuf_0_clk/A (sky130_fd_sc_hd__clkbuf_16)
     2    0.019357    0.066637    0.227947   20.284447 ^ clkbuf_0_clk/X (sky130_fd_sc_hd__clkbuf_16)
                                                         clknet_0_clk (net)
                      0.066652    0.001046   20.285494 ^ clkbuf_1_0__f_clk/A (sky130_fd_sc_hd__clkbuf_16)
     2    0.004703    0.047398    0.196017   20.481510 ^ clkbuf_1_0__f_clk/X (sky130_fd_sc_hd__clkbuf_16)
                                                         clknet_1_0__leaf_clk (net)
                      0.047399    0.000250   20.481760 ^ _314_/CLK (sky130_fd_sc_hd__dfrtp_1)
                                 -0.250000   20.231762   clock uncertainty
                                  0.000000   20.231762   clock reconvergence pessimism
                                  0.455065   20.686827   library recovery time
                                             20.686827   data required time
---------------------------------------------------------------------------------------------
                                             20.686827   data required time
                                             -4.784844   data arrival time
---------------------------------------------------------------------------------------------
                                             15.901982   slack (MET)


Startpoint: rst (input port clocked by clk)
Endpoint: _315_ (recovery check against rising-edge clock clk)
Path Group: asynchronous
Path Type: max

Fanout         Cap        Slew       Delay        Time   Description
---------------------------------------------------------------------------------------------
                                  0.000000    0.000000   clock clk (rise edge)
                                  0.000000    0.000000   clock network delay (propagated)
                                  4.000000    4.000000 v input external delay
     1    0.002670    0.017961    0.008867    4.008867 v rst (in)
                                                         rst (net)
                      0.017961    0.000000    4.008867 v input17/A (sky130_fd_sc_hd__buf_1)
     2    0.014551    0.172909    0.234315    4.243182 v input17/X (sky130_fd_sc_hd__buf_1)
                                                         net17 (net)
                      0.172909    0.000755    4.243937 v fanout40/A (sky130_fd_sc_hd__clkbuf_4)
    10    0.050074    0.188979    0.411814    4.655751 v fanout40/X (sky130_fd_sc_hd__clkbuf_4)
                                                         net40 (net)
                      0.189102    0.004390    4.660141 v _270_/A (sky130_fd_sc_hd__inv_2)
     1    0.004290    0.067088    0.120539    4.780680 ^ _270_/Y (sky130_fd_sc_hd__inv_2)
                                                         _031_ (net)
                      0.067088    0.000232    4.780912 ^ _315_/RESET_B (sky130_fd_sc_hd__dfrtp_1)
                                              4.780912   data arrival time

                                 20.000000   20.000000   clock clk (rise edge)
                                  0.000000   20.000000   clock source latency
     1    0.010789    0.086560    0.056499   20.056499 ^ clk (in)
                                                         clk (net)
                      0.086565    0.000000   20.056499 ^ clkbuf_0_clk/A (sky130_fd_sc_hd__clkbuf_16)
     2    0.019357    0.066637    0.227947   20.284447 ^ clkbuf_0_clk/X (sky130_fd_sc_hd__clkbuf_16)
                                                         clknet_0_clk (net)
                      0.066652    0.000972   20.285418 ^ clkbuf_1_1__f_clk/A (sky130_fd_sc_hd__clkbuf_16)
     3    0.009150    0.053655    0.204373   20.489792 ^ clkbuf_1_1__f_clk/X (sky130_fd_sc_hd__clkbuf_16)
                                                         clknet_1_1__leaf_clk (net)
                      0.053656    0.000520   20.490313 ^ _315_/CLK (sky130_fd_sc_hd__dfrtp_1)
                                 -0.250000   20.240313   clock uncertainty
                                  0.000000   20.240313   clock reconvergence pessimism
                                  0.458220   20.698534   library recovery time
                                             20.698534   data required time
---------------------------------------------------------------------------------------------
                                             20.698534   data required time
                                             -4.780912   data arrival time
---------------------------------------------------------------------------------------------
                                             15.917622   slack (MET)


Startpoint: _316_ (rising edge-triggered flip-flop clocked by clk)
Endpoint: _315_ (rising edge-triggered flip-flop clocked by clk)
Path Group: clk
Path Type: max

Fanout         Cap        Slew       Delay        Time   Description
---------------------------------------------------------------------------------------------
                                  0.000000    0.000000   clock clk (rise edge)
                                  0.000000    0.000000   clock source latency
     1    0.010789    0.086560    0.056499    0.056499 ^ clk (in)
                                                         clk (net)
                      0.086565    0.000000    0.056499 ^ clkbuf_0_clk/A (sky130_fd_sc_hd__clkbuf_16)
     2    0.019357    0.066637    0.227948    0.284447 ^ clkbuf_0_clk/X (sky130_fd_sc_hd__clkbuf_16)
                                                         clknet_0_clk (net)
                      0.066652    0.001046    0.285492 ^ clkbuf_1_0__f_clk/A (sky130_fd_sc_hd__clkbuf_16)
     2    0.004703    0.047398    0.196017    0.481509 ^ clkbuf_1_0__f_clk/X (sky130_fd_sc_hd__clkbuf_16)
                                                         clknet_1_0__leaf_clk (net)
                      0.047399    0.000291    0.481801 ^ _316_/CLK (sky130_fd_sc_hd__dfrtp_1)
     2    0.006657    0.108880    0.761644    1.243445 v _316_/Q (sky130_fd_sc_hd__dfrtp_1)
                                                         clk_counter[2] (net)
                      0.108880    0.000425    1.243870 v hold2/A (sky130_fd_sc_hd__dlygate4sd3_1)
     2    0.009630    0.171691    1.228295    2.472165 v hold2/X (sky130_fd_sc_hd__dlygate4sd3_1)
                                                         net42 (net)
                      0.171691    0.000390    2.472555 v _190_/A2 (sky130_fd_sc_hd__o211a_1)
     1    0.004402    0.086465    0.434647    2.907202 v _190_/X (sky130_fd_sc_hd__o211a_1)
                                                         _001_ (net)
                      0.086465    0.000262    2.907464 v _315_/D (sky130_fd_sc_hd__dfrtp_1)
                                              2.907464   data arrival time

                                 20.000000   20.000000   clock clk (rise edge)
                                  0.000000   20.000000   clock source latency
     1    0.010789    0.086560    0.056499   20.056499 ^ clk (in)
                                                         clk (net)
                      0.086565    0.000000   20.056499 ^ clkbuf_0_clk/A (sky130_fd_sc_hd__clkbuf_16)
     2    0.019357    0.066637    0.227947   20.284447 ^ clkbuf_0_clk/X (sky130_fd_sc_hd__clkbuf_16)
                                                         clknet_0_clk (net)
                      0.066652    0.000972   20.285418 ^ clkbuf_1_1__f_clk/A (sky130_fd_sc_hd__clkbuf_16)
     3    0.009150    0.053655    0.204373   20.489792 ^ clkbuf_1_1__f_clk/X (sky130_fd_sc_hd__clkbuf_16)
                                                         clknet_1_1__leaf_clk (net)
                      0.053656    0.000520   20.490313 ^ _315_/CLK (sky130_fd_sc_hd__dfrtp_1)
                                 -0.250000   20.240313   clock uncertainty
                                  0.000000   20.240313   clock reconvergence pessimism
                                 -0.287789   19.952524   library setup time
                                             19.952524   data required time
---------------------------------------------------------------------------------------------
                                             19.952524   data required time
                                             -2.907464   data arrival time
---------------------------------------------------------------------------------------------
                                             17.045061   slack (MET)


Startpoint: _316_ (rising edge-triggered flip-flop clocked by clk)
Endpoint: _316_ (rising edge-triggered flip-flop clocked by clk)
Path Group: clk
Path Type: max

Fanout         Cap        Slew       Delay        Time   Description
---------------------------------------------------------------------------------------------
                                  0.000000    0.000000   clock clk (rise edge)
                                  0.000000    0.000000   clock source latency
     1    0.010789    0.086560    0.056499    0.056499 ^ clk (in)
                                                         clk (net)
                      0.086565    0.000000    0.056499 ^ clkbuf_0_clk/A (sky130_fd_sc_hd__clkbuf_16)
     2    0.019357    0.066637    0.227948    0.284447 ^ clkbuf_0_clk/X (sky130_fd_sc_hd__clkbuf_16)
                                                         clknet_0_clk (net)
                      0.066652    0.001046    0.285492 ^ clkbuf_1_0__f_clk/A (sky130_fd_sc_hd__clkbuf_16)
     2    0.004703    0.047398    0.196017    0.481509 ^ clkbuf_1_0__f_clk/X (sky130_fd_sc_hd__clkbuf_16)
                                                         clknet_1_0__leaf_clk (net)
                      0.047399    0.000291    0.481801 ^ _316_/CLK (sky130_fd_sc_hd__dfrtp_1)
     2    0.006657    0.108880    0.761644    1.243445 v _316_/Q (sky130_fd_sc_hd__dfrtp_1)
                                                         clk_counter[2] (net)
                      0.108880    0.000425    1.243870 v hold2/A (sky130_fd_sc_hd__dlygate4sd3_1)
     2    0.009630    0.171691    1.228295    2.472165 v hold2/X (sky130_fd_sc_hd__dlygate4sd3_1)
                                                         net42 (net)
                      0.171691    0.000341    2.472507 v _191_/A (sky130_fd_sc_hd__xnor2_1)
     1    0.002533    0.087532    0.258038    2.730544 v _191_/Y (sky130_fd_sc_hd__xnor2_1)
                                                         _002_ (net)
                      0.087532    0.000168    2.730712 v _316_/D (sky130_fd_sc_hd__dfrtp_1)
                                              2.730712   data arrival time

                                 20.000000   20.000000   clock clk (rise edge)
                                  0.000000   20.000000   clock source latency
     1    0.010789    0.086560    0.056499   20.056499 ^ clk (in)
                                                         clk (net)
                      0.086565    0.000000   20.056499 ^ clkbuf_0_clk/A (sky130_fd_sc_hd__clkbuf_16)
     2    0.019357    0.066637    0.227947   20.284447 ^ clkbuf_0_clk/X (sky130_fd_sc_hd__clkbuf_16)
                                                         clknet_0_clk (net)
                      0.066652    0.001046   20.285494 ^ clkbuf_1_0__f_clk/A (sky130_fd_sc_hd__clkbuf_16)
     2    0.004703    0.047398    0.196017   20.481510 ^ clkbuf_1_0__f_clk/X (sky130_fd_sc_hd__clkbuf_16)
                                                         clknet_1_0__leaf_clk (net)
                      0.047399    0.000291   20.481802 ^ _316_/CLK (sky130_fd_sc_hd__dfrtp_1)
                                 -0.250000   20.231802   clock uncertainty
                                  0.000000   20.231802   clock reconvergence pessimism
                                 -0.289902   19.941900   library setup time
                                             19.941900   data required time
---------------------------------------------------------------------------------------------
                                             19.941900   data required time
                                             -2.730712   data arrival time
---------------------------------------------------------------------------------------------
                                             17.211187   slack (MET)


Startpoint: _314_ (rising edge-triggered flip-flop clocked by clk)
Endpoint: _314_ (rising edge-triggered flip-flop clocked by clk)
Path Group: clk
Path Type: max

Fanout         Cap        Slew       Delay        Time   Description
---------------------------------------------------------------------------------------------
                                  0.000000    0.000000   clock clk (rise edge)
                                  0.000000    0.000000   clock source latency
     1    0.010789    0.086560    0.056499    0.056499 ^ clk (in)
                                                         clk (net)
                      0.086565    0.000000    0.056499 ^ clkbuf_0_clk/A (sky130_fd_sc_hd__clkbuf_16)
     2    0.019357    0.066637    0.227948    0.284447 ^ clkbuf_0_clk/X (sky130_fd_sc_hd__clkbuf_16)
                                                         clknet_0_clk (net)
                      0.066652    0.001046    0.285492 ^ clkbuf_1_0__f_clk/A (sky130_fd_sc_hd__clkbuf_16)
     2    0.004703    0.047398    0.196017    0.481509 ^ clkbuf_1_0__f_clk/X (sky130_fd_sc_hd__clkbuf_16)
                                                         clknet_1_0__leaf_clk (net)
                      0.047399    0.000251    0.481760 ^ _314_/CLK (sky130_fd_sc_hd__dfrtp_1)
     3    0.008524    0.125029    0.778827    1.260587 v _314_/Q (sky130_fd_sc_hd__dfrtp_1)
                                                         clk_counter[0] (net)
                      0.125186    0.000367    1.260955 v hold1/A (sky130_fd_sc_hd__dlygate4sd3_1)
     1    0.004838    0.127713    1.181700    2.442655 v hold1/X (sky130_fd_sc_hd__dlygate4sd3_1)
                                                         net41 (net)
                      0.127713    0.000370    2.443025 v _142_/A (sky130_fd_sc_hd__inv_2)
     3    0.010397    0.091799    0.130672    2.573697 ^ _142_/Y (sky130_fd_sc_hd__inv_2)
                                                         _000_ (net)
                      0.091801    0.000561    2.574258 ^ _314_/D (sky130_fd_sc_hd__dfrtp_1)
                                              2.574258   data arrival time

                                 20.000000   20.000000   clock clk (rise edge)
                                  0.000000   20.000000   clock source latency
     1    0.010789    0.086560    0.056499   20.056499 ^ clk (in)
                                                         clk (net)
                      0.086565    0.000000   20.056499 ^ clkbuf_0_clk/A (sky130_fd_sc_hd__clkbuf_16)
     2    0.019357    0.066637    0.227947   20.284447 ^ clkbuf_0_clk/X (sky130_fd_sc_hd__clkbuf_16)
                                                         clknet_0_clk (net)
                      0.066652    0.001046   20.285494 ^ clkbuf_1_0__f_clk/A (sky130_fd_sc_hd__clkbuf_16)
     2    0.004703    0.047398    0.196017   20.481510 ^ clkbuf_1_0__f_clk/X (sky130_fd_sc_hd__clkbuf_16)
                                                         clknet_1_0__leaf_clk (net)
                      0.047399    0.000250   20.481760 ^ _314_/CLK (sky130_fd_sc_hd__dfrtp_1)
                                 -0.250000   20.231762   clock uncertainty
                                  0.000000   20.231762   clock reconvergence pessimism
                                 -0.142477   20.089285   library setup time
                                             20.089285   data required time
---------------------------------------------------------------------------------------------
                                             20.089285   data required time
                                             -2.574258   data arrival time
---------------------------------------------------------------------------------------------
                                             17.515028   slack (MET)



%OL_END_REPORT
%OL_CREATE_REPORT checks.rpt

===========================================================================
report_checks -unconstrained
===========================================================================
======================= max_ss_100C_1v60 Corner ===================================

Startpoint: rst (input port clocked by clk)
Endpoint: _272_ (recovery check against rising-edge clock clk)
Path Group: asynchronous
Path Type: max

Fanout         Cap        Slew       Delay        Time   Description
---------------------------------------------------------------------------------------------
                                  0.000000    0.000000   clock clk (rise edge)
                                  0.000000    0.000000   clock network delay (propagated)
                                  4.000000    4.000000 v input external delay
     1    0.002670    0.017961    0.008867    4.008867 v rst (in)
                                                         rst (net)
                      0.017961    0.000000    4.008867 v input17/A (sky130_fd_sc_hd__buf_1)
     2    0.014551    0.172909    0.234315    4.243182 v input17/X (sky130_fd_sc_hd__buf_1)
                                                         net17 (net)
                      0.172909    0.000755    4.243937 v fanout40/A (sky130_fd_sc_hd__clkbuf_4)
    10    0.050074    0.188979    0.411814    4.655751 v fanout40/X (sky130_fd_sc_hd__clkbuf_4)
                                                         net40 (net)
                      0.189103    0.004400    4.660150 v _256_/A (sky130_fd_sc_hd__inv_2)
     1    0.003847    0.064368    0.116811    4.776962 ^ _256_/Y (sky130_fd_sc_hd__inv_2)
                                                         _013_ (net)
                      0.064368    0.000200    4.777162 ^ _272_/SET_B (sky130_fd_sc_hd__dfstp_1)
                                              4.777162   data arrival time

                                 20.000000   20.000000   clock clk (rise edge)
                                  0.000000   20.000000   clock source latency
     1    0.010789    0.086560    0.056499   20.056499 ^ clk (in)
                                                         clk (net)
                      0.086565    0.000000   20.056499 ^ clkbuf_0_clk/A (sky130_fd_sc_hd__clkbuf_16)
     2    0.019357    0.066637    0.227947   20.284447 ^ clkbuf_0_clk/X (sky130_fd_sc_hd__clkbuf_16)
                                                         clknet_0_clk (net)
                      0.066652    0.000972   20.285418 ^ clkbuf_1_1__f_clk/A (sky130_fd_sc_hd__clkbuf_16)
     3    0.009150    0.053655    0.204373   20.489792 ^ clkbuf_1_1__f_clk/X (sky130_fd_sc_hd__clkbuf_16)
                                                         clknet_1_1__leaf_clk (net)
                      0.053656    0.000519   20.490311 ^ _272_/CLK (sky130_fd_sc_hd__dfstp_1)
                                 -0.250000   20.240311   clock uncertainty
                                  0.000000   20.240311   clock reconvergence pessimism
                                  0.264175   20.504486   library recovery time
                                             20.504486   data required time
---------------------------------------------------------------------------------------------
                                             20.504486   data required time
                                             -4.777162   data arrival time
---------------------------------------------------------------------------------------------
                                             15.727324   slack (MET)


Startpoint: rst (input port clocked by clk)
Endpoint: ready (output port clocked by clk)
Path Group: clk
Path Type: max

Fanout         Cap        Slew       Delay        Time   Description
---------------------------------------------------------------------------------------------
                                  0.000000    0.000000   clock clk (rise edge)
                                  0.000000    0.000000   clock network delay (propagated)
                                  4.000000    4.000000 ^ input external delay
     1    0.002799    0.032241    0.015830    4.015831 ^ rst (in)
                                                         rst (net)
                      0.032241    0.000000    4.015831 ^ input17/A (sky130_fd_sc_hd__buf_1)
     2    0.015072    0.293213    0.292231    4.308062 ^ input17/X (sky130_fd_sc_hd__buf_1)
                                                         net17 (net)
                      0.293216    0.000789    4.308850 ^ fanout40/A (sky130_fd_sc_hd__clkbuf_4)
    10    0.052653    0.259769    0.487812    4.796662 ^ fanout40/X (sky130_fd_sc_hd__clkbuf_4)
                                                         net40 (net)
                      0.259791    0.002615    4.799277 ^ _186_/A (sky130_fd_sc_hd__nor2_1)
     1    0.002188    0.068943    0.148246    4.947523 v _186_/Y (sky130_fd_sc_hd__nor2_1)
                                                         net27 (net)
                      0.068943    0.000156    4.947680 v output27/A (sky130_fd_sc_hd__buf_2)
     1    0.034202    0.165943    0.343158    5.290837 v output27/X (sky130_fd_sc_hd__buf_2)
                                                         ready (net)
                      0.165959    0.001704    5.292541 v ready (out)
                                              5.292541   data arrival time

                                 20.000000   20.000000   clock clk (rise edge)
                                  0.000000   20.000000   clock network delay (propagated)
                                 -0.250000   19.750002   clock uncertainty
                                  0.000000   19.750002   clock reconvergence pessimism
                                 -4.000000   15.750001   output external delay
                                             15.750001   data required time
---------------------------------------------------------------------------------------------
                                             15.750001   data required time
                                             -5.292541   data arrival time
---------------------------------------------------------------------------------------------
                                             10.457461   slack (MET)




===========================================================================
report_checks --slack_max -0.01
============================================================================
======================= max_ss_100C_1v60 Corner ===================================

No paths found.


===========================================================================
 report_check_types -max_slew -max_cap -max_fanout -violators
============================================================================
======================= max_ss_100C_1v60 Corner ===================================



===========================================================================
report_parasitic_annotation -report_unannotated
============================================================================
Found 1 unannotated drivers.
 clkload0/X
Found 0 partially unannotated drivers.

===========================================================================
max slew violation count 0
%OL_METRIC_I design__max_slew_violation__count__corner:max_ss_100C_1v60 0
max fanout violation count 0
%OL_METRIC_I design__max_fanout_violation__count__corner:max_ss_100C_1v60 0
max cap violation count 0
%OL_METRIC_I design__max_cap_violation__count__corner:max_ss_100C_1v60 0
============================================================================

===========================================================================
check_setup -verbose -unconstrained_endpoints -multiple_clock -no_clock -no_input_delay -loops -generated_clocks
===========================================================================
Warning: There are 41 unclocked register/latch pins.
  _273_/CLK
  _274_/CLK
  _275_/CLK
  _276_/CLK
  _277_/CLK
  _278_/CLK
  _279_/CLK
  _280_/CLK
  _281_/CLK
  _282_/CLK
  _283_/CLK
  _284_/CLK
  _285_/CLK
  _286_/CLK
  _287_/CLK
  _288_/CLK
  _289_/CLK
  _290_/CLK
  _291_/CLK
  _292_/CLK
  _293_/CLK
  _294_/CLK
  _295_/CLK
  _296_/CLK
  _297_/CLK
  _298_/CLK
  _299_/CLK
  _300_/CLK
  _301_/CLK
  _302_/CLK
  _303_/CLK
  _304_/CLK
  _305_/CLK
  _306_/CLK
  _307_/CLK
  _308_/CLK
  _309_/CLK
  _310_/CLK
  _311_/CLK
  _312_/CLK
  _313_/CLK
Warning: There are 50 unconstrained endpoints.
  data_out[0]
  data_out[1]
  data_out[2]
  data_out[3]
  data_out[4]
  data_out[5]
  data_out[6]
  data_out[7]
  i2c_sda
  _273_/D
  _274_/D
  _275_/D
  _276_/D
  _277_/D
  _278_/D
  _279_/D
  _280_/D
  _281_/D
  _282_/D
  _283_/D
  _284_/D
  _285_/D
  _286_/D
  _287_/D
  _288_/D
  _289_/D
  _290_/D
  _291_/D
  _292_/D
  _293_/D
  _294_/D
  _295_/D
  _296_/D
  _297_/D
  _298_/D
  _299_/D
  _300_/D
  _301_/D
  _302_/D
  _303_/D
  _304_/D
  _305_/D
  _306_/D
  _307_/D
  _308_/D
  _309_/D
  _310_/D
  _311_/D
  _312_/D
  _313_/D
%OL_END_REPORT
%OL_CREATE_REPORT power.rpt

===========================================================================
 report_power
============================================================================
======================= max_ss_100C_1v60 Corner ===================================

Group                    Internal    Switching      Leakage        Total
                            Power        Power        Power        Power (Watts)
------------------------------------------------------------------------
Sequential           1.243025e-05 1.909165e-05 7.127609e-07 3.223466e-05  35.3%
Combinational        1.834352e-05 1.314789e-05 8.262401e-07 3.231765e-05  35.4%
Clock                2.240350e-05 4.250894e-06 6.408361e-08 2.671848e-05  29.3%
Macro                0.000000e+00 0.000000e+00 0.000000e+00 0.000000e+00   0.0%
Pad                  0.000000e+00 0.000000e+00 0.000000e+00 0.000000e+00   0.0%
------------------------------------------------------------------------
Total                5.317726e-05 3.649043e-05 1.603085e-06 9.127078e-05 100.0%
                            58.3%        40.0%         1.8%
%OL_METRIC_F power__internal__total 5.3177263907855377e-5
%OL_METRIC_F power__switching__total 3.64904262823984e-5
%OL_METRIC_F power__leakage__total 1.6030854794735205e-6
%OL_METRIC_F power__total 9.127077646553516e-5

%OL_END_REPORT
%OL_CREATE_REPORT skew.min.rpt

===========================================================================
Clock Skew (Hold)
============================================================================
%OL_METRIC_F clock__skew__worst_hold__corner:max_ss_100C_1v60 -0.25855276984554243
======================= max_ss_100C_1v60 Corner ===================================

Clock clk
0.481760 source latency _314_/CLK ^
-0.490313 target latency _315_/CLK ^
-0.250000 clock uncertainty
0.000000 CRPR
--------------
-0.258553 hold skew

%OL_END_REPORT
%OL_CREATE_REPORT skew.max.rpt

===========================================================================
Clock Skew (Setup)
============================================================================
%OL_METRIC_F clock__skew__worst_setup__corner:max_ss_100C_1v60 0.25851202465938633
======================= max_ss_100C_1v60 Corner ===================================

Clock clk
0.490313 source latency _315_/CLK ^
-0.481801 target latency _316_/CLK ^
0.250000 clock uncertainty
0.000000 CRPR
--------------
0.258512 setup skew

%OL_END_REPORT
%OL_CREATE_REPORT ws.min.rpt

===========================================================================
Worst Slack (Hold)
============================================================================
%OL_METRIC_F timing__hold__ws__corner:max_ss_100C_1v60 0.9883497633393022
max_ss_100C_1v60: 0.9883497633393022
%OL_END_REPORT
%OL_CREATE_REPORT ws.max.rpt

===========================================================================
Worst Slack (Setup)
============================================================================
%OL_METRIC_F timing__setup__ws__corner:max_ss_100C_1v60 10.457460970941133
max_ss_100C_1v60: 10.457460970941133
%OL_END_REPORT
%OL_CREATE_REPORT tns.min.rpt

===========================================================================
Total Negative Slack (Hold)
============================================================================
%OL_METRIC_F timing__hold__tns__corner:max_ss_100C_1v60 0.0
max_ss_100C_1v60: 0.0
%OL_END_REPORT
%OL_CREATE_REPORT tns.max.rpt

===========================================================================
Total Negative Slack (Setup)
============================================================================
%OL_METRIC_F timing__setup__tns__corner:max_ss_100C_1v60 0.0
max_ss_100C_1v60: 0.0
%OL_END_REPORT
%OL_CREATE_REPORT wns.min.rpt

===========================================================================
Worst Negative Slack (Hold)
============================================================================
%OL_METRIC_F timing__hold__wns__corner:max_ss_100C_1v60 0
max_ss_100C_1v60: 0
%OL_END_REPORT
%OL_CREATE_REPORT wns.max.rpt

===========================================================================
Worst Negative Slack (Setup)
============================================================================
%OL_METRIC_F timing__setup__wns__corner:max_ss_100C_1v60 0.0
max_ss_100C_1v60: 0.0
%OL_END_REPORT
%OL_CREATE_REPORT violator_list.rpt

===========================================================================
Violator List
============================================================================
%OL_METRIC_I timing__hold_vio__count__corner:max_ss_100C_1v60 0
%OL_METRIC_F timing__hold_r2r__ws__corner:max_ss_100C_1v60 0.988350
%OL_METRIC_I timing__hold_r2r_vio__count__corner:max_ss_100C_1v60 0
%OL_METRIC_I timing__setup_vio__count__corner:max_ss_100C_1v60 0
%OL_METRIC_F timing__setup_r2r__ws__corner:max_ss_100C_1v60 15.419879
%OL_METRIC_I timing__setup_r2r_vio__count__corner:max_ss_100C_1v60 0
%OL_END_REPORT
%OL_CREATE_REPORT unpropagated.rpt
%OL_END_REPORT
%OL_CREATE_REPORT clock.rpt
Clock: clk
Sources: clk 
Generated: no
Virtual: yes
Propagated: no
Period: 20.000000

===========================================================================
report_clock_properties
============================================================================
Clock                   Period          Waveform
----------------------------------------------------
clk                  20.000000    0.000000 10.000000

===========================================================================
report_clock_latency
============================================================================
Clock clk
rise -> rise
    min     max
0.000000 0.000000 source latency
0.481760         network latency _314_/CLK
        2.327200 network latency _294_/CLK
---------------
0.481760 2.327200 latency
        1.845440 skew

rise -> fall
    min     max
0.000000 0.000000 source latency
1.494679         network latency _293_/CLK
        2.463956 network latency _295_/CLK
---------------
1.494679 2.463956 latency
        0.969276 skew

fall -> fall
    min     max
0.000000 0.000000 source latency
0.504879         network latency _314_/CLK
        0.511927 network latency _315_/CLK
---------------
0.504879 0.511927 latency
        0.007048 skew



===========================================================================
report_clock_min_period
============================================================================
clk period_min = 4.58 fmax = 218.33
%OL_END_REPORT
Writing SDF files for all corners…
Removing Clock latencies before writing libs…
Writing timing models for all corners…
Writing timing models for the max_ss_100C_1v60 corner to /home/davidsales/Documentos/Coding/Main_HDL/Synthesis/designs/i2c_master/runs/RUN_2026-02-24_21-34-25/54-openroad-stapostpnr/max_ss_100C_1v60/i2c_master_controller__max_ss_100C_1v60.lib…
