Clock: clk
Sources: clk 
Generated: no
Virtual: yes
Propagated: no
Period: 20.000000

===========================================================================
report_clock_properties
============================================================================
Clock                   Period          Waveform
----------------------------------------------------
clk                  20.000000    0.000000 10.000000

===========================================================================
report_clock_latency
============================================================================
Clock clk
rise -> rise
    min     max
0.000000 0.000000 source latency
0.474812         network latency _314_/CLK
        2.273787 network latency _294_/CLK
---------------
0.474812 2.273787 latency
        1.798975 skew

rise -> fall
    min     max
0.000000 0.000000 source latency
1.467129         network latency _293_/CLK
        2.410098 network latency _295_/CLK
---------------
1.467129 2.410098 latency
        0.942969 skew

fall -> fall
    min     max
0.000000 0.000000 source latency
0.499925         network latency _314_/CLK
        0.506161 network latency _315_/CLK
---------------
0.499925 0.506161 latency
        0.006236 skew



===========================================================================
report_clock_min_period
============================================================================
clk period_min = 4.55 fmax = 219.72
