
===========================================================================
report_checks -path_delay max (Setup)
============================================================================
======================= min_ss_100C_1v60 Corner ===================================

Startpoint: rst (input port clocked by clk)
Endpoint: ready (output port clocked by clk)
Path Group: clk
Path Type: max

Fanout         Cap        Slew       Delay        Time   Description
---------------------------------------------------------------------------------------------
                                  0.000000    0.000000   clock clk (rise edge)
                                  0.000000    0.000000   clock network delay (propagated)
                                  4.000000    4.000000 ^ input external delay
     1    0.002703    0.031618    0.015261    4.015261 ^ rst (in)
                                                         rst (net)
                      0.031618    0.000000    4.015261 ^ input17/A (sky130_fd_sc_hd__buf_1)
     2    0.013786    0.269653    0.275875    4.291136 ^ input17/X (sky130_fd_sc_hd__buf_1)
                                                         net17 (net)
                      0.269653    0.000157    4.291294 ^ fanout40/A (sky130_fd_sc_hd__clkbuf_4)
    10    0.050230    0.249414    0.471434    4.762727 ^ fanout40/X (sky130_fd_sc_hd__clkbuf_4)
                                                         net40 (net)
                      0.249414    0.000397    4.763124 ^ _186_/A (sky130_fd_sc_hd__nor2_1)
     1    0.002098    0.066910    0.144478    4.907601 v _186_/Y (sky130_fd_sc_hd__nor2_1)
                                                         net27 (net)
                      0.066910    0.000020    4.907621 v output27/A (sky130_fd_sc_hd__buf_2)
     1    0.034099    0.165132    0.342908    5.250530 v output27/X (sky130_fd_sc_hd__buf_2)
                                                         ready (net)
                      0.165132    0.000242    5.250772 v ready (out)
                                              5.250772   data arrival time

                                 20.000000   20.000000   clock clk (rise edge)
                                  0.000000   20.000000   clock network delay (propagated)
                                 -0.250000   19.750002   clock uncertainty
                                  0.000000   19.750002   clock reconvergence pessimism
                                 -4.000000   15.750001   output external delay
                                             15.750001   data required time
---------------------------------------------------------------------------------------------
                                             15.750001   data required time
                                             -5.250772   data arrival time
---------------------------------------------------------------------------------------------
                                             10.499228   slack (MET)


Startpoint: _272_ (rising edge-triggered flip-flop clocked by clk)
Endpoint: i2c_scl (output port clocked by clk)
Path Group: clk
Path Type: max

Fanout         Cap        Slew       Delay        Time   Description
---------------------------------------------------------------------------------------------
                                  0.000000    0.000000   clock clk (rise edge)
                                  0.000000    0.000000   clock source latency
     1    0.010273    0.082995    0.053769    0.053769 ^ clk (in)
                                                         clk (net)
                      0.082995    0.000000    0.053769 ^ clkbuf_0_clk/A (sky130_fd_sc_hd__clkbuf_16)
     2    0.018651    0.065742    0.225589    0.279358 ^ clkbuf_0_clk/X (sky130_fd_sc_hd__clkbuf_16)
                                                         clknet_0_clk (net)
                      0.065742    0.000135    0.279493 ^ clkbuf_1_1__f_clk/A (sky130_fd_sc_hd__clkbuf_16)
     3    0.008512    0.052499    0.202857    0.482350 ^ clkbuf_1_1__f_clk/X (sky130_fd_sc_hd__clkbuf_16)
                                                         clknet_1_1__leaf_clk (net)
                      0.052499    0.000089    0.482439 ^ _272_/CLK (sky130_fd_sc_hd__dfstp_1)
     1    0.003276    0.082640    1.060522    1.542961 ^ _272_/Q (sky130_fd_sc_hd__dfstp_1)
                                                         i2c_clk (net)
                      0.082640    0.000035    1.542996 ^ fanout38/A (sky130_fd_sc_hd__clkbuf_2)
     7    0.026961    0.235333    0.316937    1.859933 ^ fanout38/X (sky130_fd_sc_hd__clkbuf_2)
                                                         net38 (net)
                      0.235333    0.000443    1.860376 ^ fanout34/A (sky130_fd_sc_hd__buf_2)
    10    0.030882    0.247305    0.402120    2.262496 ^ fanout34/X (sky130_fd_sc_hd__buf_2)
                                                         net34 (net)
                      0.247305    0.000355    2.262851 ^ _138_/A (sky130_fd_sc_hd__inv_2)
     2    0.010404    0.077540    0.147202    2.410053 v _138_/Y (sky130_fd_sc_hd__inv_2)
                                                         _025_ (net)
                      0.077540    0.000045    2.410098 v _187_/A (sky130_fd_sc_hd__nand2_4)
     1    0.034805    0.183265    0.179861    2.589959 ^ _187_/Y (sky130_fd_sc_hd__nand2_4)
                                                         i2c_scl (net)
     0    0.034805    0.183265    0.000510    2.590469 ^ i2c_scl (inout)
                                                         i2c_scl (net)
                                              2.590469   data arrival time

                                 20.000000   20.000000   clock clk (rise edge)
                                  0.000000   20.000000   clock network delay (propagated)
                                 -0.250000   19.750002   clock uncertainty
                                  0.000000   19.750002   clock reconvergence pessimism
                                 -4.000000   15.750001   output external delay
                                             15.750001   data required time
---------------------------------------------------------------------------------------------
                                             15.750001   data required time
                                             -2.590469   data arrival time
---------------------------------------------------------------------------------------------
                                             13.159533   slack (MET)


Startpoint: _314_ (rising edge-triggered flip-flop clocked by clk)
Endpoint: _272_ (rising edge-triggered flip-flop clocked by clk)
Path Group: clk
Path Type: max

Fanout         Cap        Slew       Delay        Time   Description
---------------------------------------------------------------------------------------------
                                  0.000000    0.000000   clock clk (rise edge)
                                  0.000000    0.000000   clock source latency
     1    0.010273    0.082995    0.053769    0.053769 ^ clk (in)
                                                         clk (net)
                      0.082995    0.000000    0.053769 ^ clkbuf_0_clk/A (sky130_fd_sc_hd__clkbuf_16)
     2    0.018651    0.065742    0.225589    0.279358 ^ clkbuf_0_clk/X (sky130_fd_sc_hd__clkbuf_16)
                                                         clknet_0_clk (net)
                      0.065742    0.000174    0.279532 ^ clkbuf_1_0__f_clk/A (sky130_fd_sc_hd__clkbuf_16)
     2    0.004499    0.047111    0.195252    0.474784 ^ clkbuf_1_0__f_clk/X (sky130_fd_sc_hd__clkbuf_16)
                                                         clknet_1_0__leaf_clk (net)
                      0.047111    0.000028    0.474812 ^ _314_/CLK (sky130_fd_sc_hd__dfrtp_1)
     3    0.008191    0.143253    0.686620    1.161432 ^ _314_/Q (sky130_fd_sc_hd__dfrtp_1)
                                                         clk_counter[0] (net)
                      0.143253    0.000050    1.161482 ^ hold1/A (sky130_fd_sc_hd__dlygate4sd3_1)
     1    0.005059    0.122519    1.102538    2.264020 ^ hold1/X (sky130_fd_sc_hd__dlygate4sd3_1)
                                                         net41 (net)
                      0.122519    0.000049    2.264069 ^ _142_/A (sky130_fd_sc_hd__inv_2)
     3    0.009230    0.053454    0.096264    2.360333 v _142_/Y (sky130_fd_sc_hd__inv_2)
                                                         _000_ (net)
                      0.053454    0.000088    2.360421 v _174_/A (sky130_fd_sc_hd__or3_1)
     1    0.002039    0.129223    0.816744    3.177165 v _174_/X (sky130_fd_sc_hd__or3_1)
                                                         _097_ (net)
                      0.129223    0.000019    3.177184 v hold4/A (sky130_fd_sc_hd__dlygate4sd3_1)
     1    0.004688    0.131190    1.182089    4.359273 v hold4/X (sky130_fd_sc_hd__dlygate4sd3_1)
                                                         net44 (net)
                      0.131190    0.000022    4.359295 v _175_/B (sky130_fd_sc_hd__xnor2_1)
     1    0.003919    0.223043    0.265127    4.624422 ^ _175_/Y (sky130_fd_sc_hd__xnor2_1)
                                                         _033_ (net)
                      0.223043    0.000065    4.624487 ^ _272_/D (sky130_fd_sc_hd__dfstp_1)
                                              4.624487   data arrival time

                                 20.000000   20.000000   clock clk (rise edge)
                                  0.000000   20.000000   clock source latency
     1    0.010273    0.082995    0.053769   20.053768 ^ clk (in)
                                                         clk (net)
                      0.082995    0.000000   20.053768 ^ clkbuf_0_clk/A (sky130_fd_sc_hd__clkbuf_16)
     2    0.018651    0.065742    0.225588   20.279358 ^ clkbuf_0_clk/X (sky130_fd_sc_hd__clkbuf_16)
                                                         clknet_0_clk (net)
                      0.065742    0.000137   20.279493 ^ clkbuf_1_1__f_clk/A (sky130_fd_sc_hd__clkbuf_16)
     3    0.008512    0.052499    0.202856   20.482351 ^ clkbuf_1_1__f_clk/X (sky130_fd_sc_hd__clkbuf_16)
                                                         clknet_1_1__leaf_clk (net)
                      0.052499    0.000089   20.482439 ^ _272_/CLK (sky130_fd_sc_hd__dfstp_1)
                                 -0.250000   20.232441   clock uncertainty
                                  0.000000   20.232441   clock reconvergence pessimism
                                 -0.159163   20.073277   library setup time
                                             20.073277   data required time
---------------------------------------------------------------------------------------------
                                             20.073277   data required time
                                             -4.624487   data arrival time
---------------------------------------------------------------------------------------------
                                             15.448792   slack (MET)


Startpoint: rst (input port clocked by clk)
Endpoint: _272_ (recovery check against rising-edge clock clk)
Path Group: asynchronous
Path Type: max

Fanout         Cap        Slew       Delay        Time   Description
---------------------------------------------------------------------------------------------
                                  0.000000    0.000000   clock clk (rise edge)
                                  0.000000    0.000000   clock network delay (propagated)
                                  4.000000    4.000000 v input external delay
     1    0.002574    0.017607    0.008505    4.008505 v rst (in)
                                                         rst (net)
                      0.017607    0.000000    4.008505 v input17/A (sky130_fd_sc_hd__buf_1)
     2    0.013265    0.158824    0.224476    4.232981 v input17/X (sky130_fd_sc_hd__buf_1)
                                                         net17 (net)
                      0.158824    0.000151    4.233131 v fanout40/A (sky130_fd_sc_hd__clkbuf_4)
    10    0.047651    0.181341    0.400856    4.633987 v fanout40/X (sky130_fd_sc_hd__clkbuf_4)
                                                         net40 (net)
                      0.181344    0.001014    4.635001 v _256_/A (sky130_fd_sc_hd__inv_2)
     1    0.003704    0.061948    0.112826    4.747828 ^ _256_/Y (sky130_fd_sc_hd__inv_2)
                                                         _013_ (net)
                      0.061948    0.000033    4.747861 ^ _272_/SET_B (sky130_fd_sc_hd__dfstp_1)
                                              4.747861   data arrival time

                                 20.000000   20.000000   clock clk (rise edge)
                                  0.000000   20.000000   clock source latency
     1    0.010273    0.082995    0.053769   20.053768 ^ clk (in)
                                                         clk (net)
                      0.082995    0.000000   20.053768 ^ clkbuf_0_clk/A (sky130_fd_sc_hd__clkbuf_16)
     2    0.018651    0.065742    0.225588   20.279358 ^ clkbuf_0_clk/X (sky130_fd_sc_hd__clkbuf_16)
                                                         clknet_0_clk (net)
                      0.065742    0.000137   20.279493 ^ clkbuf_1_1__f_clk/A (sky130_fd_sc_hd__clkbuf_16)
     3    0.008512    0.052499    0.202856   20.482351 ^ clkbuf_1_1__f_clk/X (sky130_fd_sc_hd__clkbuf_16)
                                                         clknet_1_1__leaf_clk (net)
                      0.052499    0.000089   20.482439 ^ _272_/CLK (sky130_fd_sc_hd__dfstp_1)
                                 -0.250000   20.232441   clock uncertainty
                                  0.000000   20.232441   clock reconvergence pessimism
                                  0.264137   20.496578   library recovery time
                                             20.496578   data required time
---------------------------------------------------------------------------------------------
                                             20.496578   data required time
                                             -4.747861   data arrival time
---------------------------------------------------------------------------------------------
                                             15.748716   slack (MET)


Startpoint: rst (input port clocked by clk)
Endpoint: _316_ (recovery check against rising-edge clock clk)
Path Group: asynchronous
Path Type: max

Fanout         Cap        Slew       Delay        Time   Description
---------------------------------------------------------------------------------------------
                                  0.000000    0.000000   clock clk (rise edge)
                                  0.000000    0.000000   clock network delay (propagated)
                                  4.000000    4.000000 v input external delay
     1    0.002574    0.017607    0.008505    4.008505 v rst (in)
                                                         rst (net)
                      0.017607    0.000000    4.008505 v input17/A (sky130_fd_sc_hd__buf_1)
     2    0.013265    0.158824    0.224476    4.232981 v input17/X (sky130_fd_sc_hd__buf_1)
                                                         net17 (net)
                      0.158824    0.000151    4.233131 v fanout40/A (sky130_fd_sc_hd__clkbuf_4)
    10    0.047651    0.181341    0.400856    4.633987 v fanout40/X (sky130_fd_sc_hd__clkbuf_4)
                                                         net40 (net)
                      0.181342    0.000809    4.634797 v _271_/A (sky130_fd_sc_hd__inv_2)
     1    0.005550    0.073518    0.128022    4.762819 ^ _271_/Y (sky130_fd_sc_hd__inv_2)
                                                         _032_ (net)
                      0.073518    0.000088    4.762907 ^ _316_/RESET_B (sky130_fd_sc_hd__dfrtp_1)
                                              4.762907   data arrival time

                                 20.000000   20.000000   clock clk (rise edge)
                                  0.000000   20.000000   clock source latency
     1    0.010273    0.082995    0.053769   20.053768 ^ clk (in)
                                                         clk (net)
                      0.082995    0.000000   20.053768 ^ clkbuf_0_clk/A (sky130_fd_sc_hd__clkbuf_16)
     2    0.018651    0.065742    0.225588   20.279358 ^ clkbuf_0_clk/X (sky130_fd_sc_hd__clkbuf_16)
                                                         clknet_0_clk (net)
                      0.065742    0.000174   20.279531 ^ clkbuf_1_0__f_clk/A (sky130_fd_sc_hd__clkbuf_16)
     2    0.004499    0.047111    0.195252   20.474783 ^ clkbuf_1_0__f_clk/X (sky130_fd_sc_hd__clkbuf_16)
                                                         clknet_1_0__leaf_clk (net)
                      0.047111    0.000044   20.474827 ^ _316_/CLK (sky130_fd_sc_hd__dfrtp_1)
                                 -0.250000   20.224829   clock uncertainty
                                  0.000000   20.224829   clock reconvergence pessimism
                                  0.453655   20.678484   library recovery time
                                             20.678484   data required time
---------------------------------------------------------------------------------------------
                                             20.678484   data required time
                                             -4.762907   data arrival time
---------------------------------------------------------------------------------------------
                                             15.915577   slack (MET)


Startpoint: rst (input port clocked by clk)
Endpoint: _314_ (recovery check against rising-edge clock clk)
Path Group: asynchronous
Path Type: max

Fanout         Cap        Slew       Delay        Time   Description
---------------------------------------------------------------------------------------------
                                  0.000000    0.000000   clock clk (rise edge)
                                  0.000000    0.000000   clock network delay (propagated)
                                  4.000000    4.000000 v input external delay
     1    0.002574    0.017607    0.008505    4.008505 v rst (in)
                                                         rst (net)
                      0.017607    0.000000    4.008505 v input17/A (sky130_fd_sc_hd__buf_1)
     2    0.013265    0.158824    0.224476    4.232981 v input17/X (sky130_fd_sc_hd__buf_1)
                                                         net17 (net)
                      0.158824    0.000151    4.233131 v fanout40/A (sky130_fd_sc_hd__clkbuf_4)
    10    0.047651    0.181341    0.400856    4.633987 v fanout40/X (sky130_fd_sc_hd__clkbuf_4)
                                                         net40 (net)
                      0.181343    0.000964    4.634951 v _269_/A (sky130_fd_sc_hd__inv_2)
     1    0.004475    0.066599    0.119175    4.754126 ^ _269_/Y (sky130_fd_sc_hd__inv_2)
                                                         _030_ (net)
                      0.066599    0.000053    4.754179 ^ _314_/RESET_B (sky130_fd_sc_hd__dfrtp_1)
                                              4.754179   data arrival time

                                 20.000000   20.000000   clock clk (rise edge)
                                  0.000000   20.000000   clock source latency
     1    0.010273    0.082995    0.053769   20.053768 ^ clk (in)
                                                         clk (net)
                      0.082995    0.000000   20.053768 ^ clkbuf_0_clk/A (sky130_fd_sc_hd__clkbuf_16)
     2    0.018651    0.065742    0.225588   20.279358 ^ clkbuf_0_clk/X (sky130_fd_sc_hd__clkbuf_16)
                                                         clknet_0_clk (net)
                      0.065742    0.000174   20.279531 ^ clkbuf_1_0__f_clk/A (sky130_fd_sc_hd__clkbuf_16)
     2    0.004499    0.047111    0.195252   20.474783 ^ clkbuf_1_0__f_clk/X (sky130_fd_sc_hd__clkbuf_16)
                                                         clknet_1_0__leaf_clk (net)
                      0.047111    0.000028   20.474812 ^ _314_/CLK (sky130_fd_sc_hd__dfrtp_1)
                                 -0.250000   20.224813   clock uncertainty
                                  0.000000   20.224813   clock reconvergence pessimism
                                  0.456222   20.681034   library recovery time
                                             20.681034   data required time
---------------------------------------------------------------------------------------------
                                             20.681034   data required time
                                             -4.754179   data arrival time
---------------------------------------------------------------------------------------------
                                             15.926855   slack (MET)


Startpoint: rst (input port clocked by clk)
Endpoint: _315_ (recovery check against rising-edge clock clk)
Path Group: asynchronous
Path Type: max

Fanout         Cap        Slew       Delay        Time   Description
---------------------------------------------------------------------------------------------
                                  0.000000    0.000000   clock clk (rise edge)
                                  0.000000    0.000000   clock network delay (propagated)
                                  4.000000    4.000000 v input external delay
     1    0.002574    0.017607    0.008505    4.008505 v rst (in)
                                                         rst (net)
                      0.017607    0.000000    4.008505 v input17/A (sky130_fd_sc_hd__buf_1)
     2    0.013265    0.158824    0.224476    4.232981 v input17/X (sky130_fd_sc_hd__buf_1)
                                                         net17 (net)
                      0.158824    0.000151    4.233131 v fanout40/A (sky130_fd_sc_hd__clkbuf_4)
    10    0.047651    0.181341    0.400856    4.633987 v fanout40/X (sky130_fd_sc_hd__clkbuf_4)
                                                         net40 (net)
                      0.181344    0.001009    4.634996 v _270_/A (sky130_fd_sc_hd__inv_2)
     1    0.004088    0.064208    0.115986    4.750982 ^ _270_/Y (sky130_fd_sc_hd__inv_2)
                                                         _031_ (net)
                      0.064208    0.000039    4.751021 ^ _315_/RESET_B (sky130_fd_sc_hd__dfrtp_1)
                                              4.751021   data arrival time

                                 20.000000   20.000000   clock clk (rise edge)
                                  0.000000   20.000000   clock source latency
     1    0.010273    0.082995    0.053769   20.053768 ^ clk (in)
                                                         clk (net)
                      0.082995    0.000000   20.053768 ^ clkbuf_0_clk/A (sky130_fd_sc_hd__clkbuf_16)
     2    0.018651    0.065742    0.225588   20.279358 ^ clkbuf_0_clk/X (sky130_fd_sc_hd__clkbuf_16)
                                                         clknet_0_clk (net)
                      0.065742    0.000137   20.279493 ^ clkbuf_1_1__f_clk/A (sky130_fd_sc_hd__clkbuf_16)
     3    0.008512    0.052499    0.202856   20.482351 ^ clkbuf_1_1__f_clk/X (sky130_fd_sc_hd__clkbuf_16)
                                                         clknet_1_1__leaf_clk (net)
                      0.052499    0.000091   20.482441 ^ _315_/CLK (sky130_fd_sc_hd__dfrtp_1)
                                 -0.250000   20.232443   clock uncertainty
                                  0.000000   20.232443   clock reconvergence pessimism
                                  0.458902   20.691345   library recovery time
                                             20.691345   data required time
---------------------------------------------------------------------------------------------
                                             20.691345   data required time
                                             -4.751021   data arrival time
---------------------------------------------------------------------------------------------
                                             15.940323   slack (MET)


Startpoint: _316_ (rising edge-triggered flip-flop clocked by clk)
Endpoint: _315_ (rising edge-triggered flip-flop clocked by clk)
Path Group: clk
Path Type: max

Fanout         Cap        Slew       Delay        Time   Description
---------------------------------------------------------------------------------------------
                                  0.000000    0.000000   clock clk (rise edge)
                                  0.000000    0.000000   clock source latency
     1    0.010273    0.082995    0.053769    0.053769 ^ clk (in)
                                                         clk (net)
                      0.082995    0.000000    0.053769 ^ clkbuf_0_clk/A (sky130_fd_sc_hd__clkbuf_16)
     2    0.018651    0.065742    0.225589    0.279358 ^ clkbuf_0_clk/X (sky130_fd_sc_hd__clkbuf_16)
                                                         clknet_0_clk (net)
                      0.065742    0.000174    0.279532 ^ clkbuf_1_0__f_clk/A (sky130_fd_sc_hd__clkbuf_16)
     2    0.004499    0.047111    0.195252    0.474784 ^ clkbuf_1_0__f_clk/X (sky130_fd_sc_hd__clkbuf_16)
                                                         clknet_1_0__leaf_clk (net)
                      0.047111    0.000044    0.474827 ^ _316_/CLK (sky130_fd_sc_hd__dfrtp_1)
     2    0.005997    0.103345    0.755626    1.230454 v _316_/Q (sky130_fd_sc_hd__dfrtp_1)
                                                         clk_counter[2] (net)
                      0.103345    0.000064    1.230518 v hold2/A (sky130_fd_sc_hd__dlygate4sd3_1)
     2    0.009119    0.171042    1.220005    2.450522 v hold2/X (sky130_fd_sc_hd__dlygate4sd3_1)
                                                         net42 (net)
                      0.171042    0.000066    2.450589 v _190_/A2 (sky130_fd_sc_hd__o211a_1)
     1    0.003954    0.082220    0.428898    2.879486 v _190_/X (sky130_fd_sc_hd__o211a_1)
                                                         _001_ (net)
                      0.082220    0.000055    2.879541 v _315_/D (sky130_fd_sc_hd__dfrtp_1)
                                              2.879541   data arrival time

                                 20.000000   20.000000   clock clk (rise edge)
                                  0.000000   20.000000   clock source latency
     1    0.010273    0.082995    0.053769   20.053768 ^ clk (in)
                                                         clk (net)
                      0.082995    0.000000   20.053768 ^ clkbuf_0_clk/A (sky130_fd_sc_hd__clkbuf_16)
     2    0.018651    0.065742    0.225588   20.279358 ^ clkbuf_0_clk/X (sky130_fd_sc_hd__clkbuf_16)
                                                         clknet_0_clk (net)
                      0.065742    0.000137   20.279493 ^ clkbuf_1_1__f_clk/A (sky130_fd_sc_hd__clkbuf_16)
     3    0.008512    0.052499    0.202856   20.482351 ^ clkbuf_1_1__f_clk/X (sky130_fd_sc_hd__clkbuf_16)
                                                         clknet_1_1__leaf_clk (net)
                      0.052499    0.000091   20.482441 ^ _315_/CLK (sky130_fd_sc_hd__dfrtp_1)
                                 -0.250000   20.232443   clock uncertainty
                                  0.000000   20.232443   clock reconvergence pessimism
                                 -0.286326   19.946115   library setup time
                                             19.946115   data required time
---------------------------------------------------------------------------------------------
                                             19.946115   data required time
                                             -2.879541   data arrival time
---------------------------------------------------------------------------------------------
                                             17.066576   slack (MET)


Startpoint: _316_ (rising edge-triggered flip-flop clocked by clk)
Endpoint: _316_ (rising edge-triggered flip-flop clocked by clk)
Path Group: clk
Path Type: max

Fanout         Cap        Slew       Delay        Time   Description
---------------------------------------------------------------------------------------------
                                  0.000000    0.000000   clock clk (rise edge)
                                  0.000000    0.000000   clock source latency
     1    0.010273    0.082995    0.053769    0.053769 ^ clk (in)
                                                         clk (net)
                      0.082995    0.000000    0.053769 ^ clkbuf_0_clk/A (sky130_fd_sc_hd__clkbuf_16)
     2    0.018651    0.065742    0.225589    0.279358 ^ clkbuf_0_clk/X (sky130_fd_sc_hd__clkbuf_16)
                                                         clknet_0_clk (net)
                      0.065742    0.000174    0.279532 ^ clkbuf_1_0__f_clk/A (sky130_fd_sc_hd__clkbuf_16)
     2    0.004499    0.047111    0.195252    0.474784 ^ clkbuf_1_0__f_clk/X (sky130_fd_sc_hd__clkbuf_16)
                                                         clknet_1_0__leaf_clk (net)
                      0.047111    0.000044    0.474827 ^ _316_/CLK (sky130_fd_sc_hd__dfrtp_1)
     2    0.005997    0.103345    0.755626    1.230454 v _316_/Q (sky130_fd_sc_hd__dfrtp_1)
                                                         clk_counter[2] (net)
                      0.103345    0.000064    1.230518 v hold2/A (sky130_fd_sc_hd__dlygate4sd3_1)
     2    0.009119    0.171042    1.220005    2.450522 v hold2/X (sky130_fd_sc_hd__dlygate4sd3_1)
                                                         net42 (net)
                      0.171042    0.000033    2.450555 v _191_/A (sky130_fd_sc_hd__xnor2_1)
     1    0.002410    0.085779    0.256185    2.706741 v _191_/Y (sky130_fd_sc_hd__xnor2_1)
                                                         _002_ (net)
                      0.085779    0.000024    2.706765 v _316_/D (sky130_fd_sc_hd__dfrtp_1)
                                              2.706765   data arrival time

                                 20.000000   20.000000   clock clk (rise edge)
                                  0.000000   20.000000   clock source latency
     1    0.010273    0.082995    0.053769   20.053768 ^ clk (in)
                                                         clk (net)
                      0.082995    0.000000   20.053768 ^ clkbuf_0_clk/A (sky130_fd_sc_hd__clkbuf_16)
     2    0.018651    0.065742    0.225588   20.279358 ^ clkbuf_0_clk/X (sky130_fd_sc_hd__clkbuf_16)
                                                         clknet_0_clk (net)
                      0.065742    0.000174   20.279531 ^ clkbuf_1_0__f_clk/A (sky130_fd_sc_hd__clkbuf_16)
     2    0.004499    0.047111    0.195252   20.474783 ^ clkbuf_1_0__f_clk/X (sky130_fd_sc_hd__clkbuf_16)
                                                         clknet_1_0__leaf_clk (net)
                      0.047111    0.000044   20.474827 ^ _316_/CLK (sky130_fd_sc_hd__dfrtp_1)
                                 -0.250000   20.224829   clock uncertainty
                                  0.000000   20.224829   clock reconvergence pessimism
                                 -0.289248   19.935581   library setup time
                                             19.935581   data required time
---------------------------------------------------------------------------------------------
                                             19.935581   data required time
                                             -2.706765   data arrival time
---------------------------------------------------------------------------------------------
                                             17.228817   slack (MET)


Startpoint: _314_ (rising edge-triggered flip-flop clocked by clk)
Endpoint: _314_ (rising edge-triggered flip-flop clocked by clk)
Path Group: clk
Path Type: max

Fanout         Cap        Slew       Delay        Time   Description
---------------------------------------------------------------------------------------------
                                  0.000000    0.000000   clock clk (rise edge)
                                  0.000000    0.000000   clock source latency
     1    0.010273    0.082995    0.053769    0.053769 ^ clk (in)
                                                         clk (net)
                      0.082995    0.000000    0.053769 ^ clkbuf_0_clk/A (sky130_fd_sc_hd__clkbuf_16)
     2    0.018651    0.065742    0.225589    0.279358 ^ clkbuf_0_clk/X (sky130_fd_sc_hd__clkbuf_16)
                                                         clknet_0_clk (net)
                      0.065742    0.000174    0.279532 ^ clkbuf_1_0__f_clk/A (sky130_fd_sc_hd__clkbuf_16)
     2    0.004499    0.047111    0.195252    0.474784 ^ clkbuf_1_0__f_clk/X (sky130_fd_sc_hd__clkbuf_16)
                                                         clknet_1_0__leaf_clk (net)
                      0.047111    0.000028    0.474812 ^ _314_/CLK (sky130_fd_sc_hd__dfrtp_1)
     3    0.007866    0.119124    0.772839    1.247651 v _314_/Q (sky130_fd_sc_hd__dfrtp_1)
                                                         clk_counter[0] (net)
                      0.119124    0.000047    1.247698 v hold1/A (sky130_fd_sc_hd__dlygate4sd3_1)
     1    0.004750    0.127126    1.177859    2.425557 v hold1/X (sky130_fd_sc_hd__dlygate4sd3_1)
                                                         net41 (net)
                      0.127126    0.000046    2.425603 v _142_/A (sky130_fd_sc_hd__inv_2)
     3    0.009587    0.086510    0.126461    2.552064 ^ _142_/Y (sky130_fd_sc_hd__inv_2)
                                                         _000_ (net)
                      0.086510    0.000083    2.552148 ^ _314_/D (sky130_fd_sc_hd__dfrtp_1)
                                              2.552148   data arrival time

                                 20.000000   20.000000   clock clk (rise edge)
                                  0.000000   20.000000   clock source latency
     1    0.010273    0.082995    0.053769   20.053768 ^ clk (in)
                                                         clk (net)
                      0.082995    0.000000   20.053768 ^ clkbuf_0_clk/A (sky130_fd_sc_hd__clkbuf_16)
     2    0.018651    0.065742    0.225588   20.279358 ^ clkbuf_0_clk/X (sky130_fd_sc_hd__clkbuf_16)
                                                         clknet_0_clk (net)
                      0.065742    0.000174   20.279531 ^ clkbuf_1_0__f_clk/A (sky130_fd_sc_hd__clkbuf_16)
     2    0.004499    0.047111    0.195252   20.474783 ^ clkbuf_1_0__f_clk/X (sky130_fd_sc_hd__clkbuf_16)
                                                         clknet_1_0__leaf_clk (net)
                      0.047111    0.000028   20.474812 ^ _314_/CLK (sky130_fd_sc_hd__dfrtp_1)
                                 -0.250000   20.224813   clock uncertainty
                                  0.000000   20.224813   clock reconvergence pessimism
                                 -0.141192   20.083620   library setup time
                                             20.083620   data required time
---------------------------------------------------------------------------------------------
                                             20.083620   data required time
                                             -2.552148   data arrival time
---------------------------------------------------------------------------------------------
                                             17.531473   slack (MET)



