Reading timing models for corner min_ss_100C_1v60…
Reading cell library for the 'min_ss_100C_1v60' corner at '/home/davidsales/.ciel/ciel/sky130/versions/0fe599b2afb6708d281543108caf8310912f54af/sky130A/libs.ref/sky130_fd_sc_hd/lib/sky130_fd_sc_hd__ss_100C_1v60.lib'…
Reading top-level netlist at '/home/davidsales/Documentos/Coding/Main_HDL/Synthesis/designs/i2c_master/runs/RUN_2026-02-24_21-34-25/51-openroad-fillinsertion/i2c_master_controller.nl.v'…
Linking design 'i2c_master_controller' from netlist…
Warning: /home/davidsales/Documentos/Coding/Main_HDL/Synthesis/designs/i2c_master/runs/RUN_2026-02-24_21-34-25/51-openroad-fillinsertion/i2c_master_controller.nl.v line 950, module sky130_fd_sc_hd__tapvpwrvgnd_1 not found. Creating black box for TAP_TAPCELL_ROW_0_50.
Warning: /home/davidsales/Documentos/Coding/Main_HDL/Synthesis/designs/i2c_master/runs/RUN_2026-02-24_21-34-25/51-openroad-fillinsertion/i2c_master_controller.nl.v line 1112, module sky130_ef_sc_hd__decap_12 not found. Creating black box for FILLER_0_3.
Warning: /home/davidsales/Documentos/Coding/Main_HDL/Synthesis/designs/i2c_master/runs/RUN_2026-02-24_21-34-25/51-openroad-fillinsertion/i2c_master_controller.nl.v line 1118, module sky130_fd_sc_hd__fill_2 not found. Creating black box for FILLER_0_54.
Warning: /home/davidsales/Documentos/Coding/Main_HDL/Synthesis/designs/i2c_master/runs/RUN_2026-02-24_21-34-25/51-openroad-fillinsertion/i2c_master_controller.nl.v line 1125, module sky130_fd_sc_hd__fill_1 not found. Creating black box for FILLER_0_111.
Reading design constraints file at '/nix/store/41c5n1rfapbw2k2daig2yag6mbsifckg-python3-3.11.9-env/lib/python3.11/site-packages/librelane/scripts/base.sdc'…
[INFO] Using clock clk…
[INFO] Setting output delay to: 4.0
[INFO] Setting input delay to: 4.0
[INFO] Setting load to: 0.033442
[INFO] Setting clock uncertainty to: 0.25
[INFO] Setting clock transition to: 0.1499999999999999944488848768742172978818416595458984375
[INFO] Setting timing derate to: 5%
Reading top-level design parasitics for the 'min_ss_100C_1v60' corner at '/home/davidsales/Documentos/Coding/Main_HDL/Synthesis/designs/i2c_master/runs/RUN_2026-02-24_21-34-25/53-openroad-rcx/min/i2c_master_controller.min.spef'…
%OL_CREATE_REPORT min.rpt

===========================================================================
report_checks -path_delay min (Hold)
============================================================================
======================= min_ss_100C_1v60 Corner ===================================

Startpoint: _314_ (rising edge-triggered flip-flop clocked by clk)
Endpoint: _316_ (rising edge-triggered flip-flop clocked by clk)
Path Group: clk
Path Type: min

Fanout         Cap        Slew       Delay        Time   Description
---------------------------------------------------------------------------------------------
                                  0.000000    0.000000   clock clk (rise edge)
                                  0.000000    0.000000   clock source latency
     1    0.010273    0.082995    0.053769    0.053769 ^ clk (in)
                                                         clk (net)
                      0.082995    0.000000    0.053769 ^ clkbuf_0_clk/A (sky130_fd_sc_hd__clkbuf_16)
     2    0.018651    0.065742    0.225589    0.279358 ^ clkbuf_0_clk/X (sky130_fd_sc_hd__clkbuf_16)
                                                         clknet_0_clk (net)
                      0.065742    0.000174    0.279532 ^ clkbuf_1_0__f_clk/A (sky130_fd_sc_hd__clkbuf_16)
     2    0.004499    0.047111    0.195252    0.474784 ^ clkbuf_1_0__f_clk/X (sky130_fd_sc_hd__clkbuf_16)
                                                         clknet_1_0__leaf_clk (net)
                      0.047111    0.000028    0.474812 ^ _314_/CLK (sky130_fd_sc_hd__dfrtp_1)
     3    0.007866    0.119124    0.772839    1.247651 v _314_/Q (sky130_fd_sc_hd__dfrtp_1)
                                                         clk_counter[0] (net)
                      0.119124    0.000076    1.247727 v _188_/A (sky130_fd_sc_hd__nand2_1)
     2    0.010584    0.168409    0.190606    1.438333 ^ _188_/Y (sky130_fd_sc_hd__nand2_1)
                                                         _103_ (net)
                      0.168409    0.000126    1.438459 ^ _191_/B (sky130_fd_sc_hd__xnor2_1)
     1    0.002410    0.069909    0.148457    1.586915 v _191_/Y (sky130_fd_sc_hd__xnor2_1)
                                                         _002_ (net)
                      0.069909    0.000025    1.586940 v _316_/D (sky130_fd_sc_hd__dfrtp_1)
                                              1.586940   data arrival time

                                  0.000000    0.000000   clock clk (rise edge)
                                  0.000000    0.000000   clock source latency
     1    0.010273    0.082995    0.053769    0.053769 ^ clk (in)
                                                         clk (net)
                      0.082995    0.000000    0.053769 ^ clkbuf_0_clk/A (sky130_fd_sc_hd__clkbuf_16)
     2    0.018651    0.065742    0.225589    0.279358 ^ clkbuf_0_clk/X (sky130_fd_sc_hd__clkbuf_16)
                                                         clknet_0_clk (net)
                      0.065742    0.000174    0.279532 ^ clkbuf_1_0__f_clk/A (sky130_fd_sc_hd__clkbuf_16)
     2    0.004499    0.047111    0.195252    0.474784 ^ clkbuf_1_0__f_clk/X (sky130_fd_sc_hd__clkbuf_16)
                                                         clknet_1_0__leaf_clk (net)
                      0.047111    0.000044    0.474827 ^ _316_/CLK (sky130_fd_sc_hd__dfrtp_1)
                                  0.250000    0.724827   clock uncertainty
                                  0.000000    0.724827   clock reconvergence pessimism
                                 -0.102766    0.622062   library hold time
                                              0.622062   data required time
---------------------------------------------------------------------------------------------
                                              0.622062   data required time
                                             -1.586940   data arrival time
---------------------------------------------------------------------------------------------
                                              0.964878   slack (MET)


Startpoint: _314_ (rising edge-triggered flip-flop clocked by clk)
Endpoint: _315_ (rising edge-triggered flip-flop clocked by clk)
Path Group: clk
Path Type: min

Fanout         Cap        Slew       Delay        Time   Description
---------------------------------------------------------------------------------------------
                                  0.000000    0.000000   clock clk (rise edge)
                                  0.000000    0.000000   clock source latency
     1    0.010273    0.082995    0.053769    0.053769 ^ clk (in)
                                                         clk (net)
                      0.082995    0.000000    0.053769 ^ clkbuf_0_clk/A (sky130_fd_sc_hd__clkbuf_16)
     2    0.018651    0.065742    0.225589    0.279358 ^ clkbuf_0_clk/X (sky130_fd_sc_hd__clkbuf_16)
                                                         clknet_0_clk (net)
                      0.065742    0.000174    0.279532 ^ clkbuf_1_0__f_clk/A (sky130_fd_sc_hd__clkbuf_16)
     2    0.004499    0.047111    0.195252    0.474784 ^ clkbuf_1_0__f_clk/X (sky130_fd_sc_hd__clkbuf_16)
                                                         clknet_1_0__leaf_clk (net)
                      0.047111    0.000028    0.474812 ^ _314_/CLK (sky130_fd_sc_hd__dfrtp_1)
     3    0.008191    0.143253    0.686620    1.161432 ^ _314_/Q (sky130_fd_sc_hd__dfrtp_1)
                                                         clk_counter[0] (net)
                      0.143253    0.000047    1.161479 ^ _189_/A (sky130_fd_sc_hd__or2_1)
     1    0.004007    0.081214    0.208540    1.370019 ^ _189_/X (sky130_fd_sc_hd__or2_1)
                                                         _104_ (net)
                      0.081214    0.000056    1.370074 ^ _190_/C1 (sky130_fd_sc_hd__o211a_1)
     1    0.003969    0.086930    0.293910    1.663984 ^ _190_/X (sky130_fd_sc_hd__o211a_1)
                                                         _001_ (net)
                      0.086930    0.000055    1.664039 ^ _315_/D (sky130_fd_sc_hd__dfrtp_1)
                                              1.664039   data arrival time

                                  0.000000    0.000000   clock clk (rise edge)
                                  0.000000    0.000000   clock source latency
     1    0.010273    0.082995    0.053769    0.053769 ^ clk (in)
                                                         clk (net)
                      0.082995    0.000000    0.053769 ^ clkbuf_0_clk/A (sky130_fd_sc_hd__clkbuf_16)
     2    0.018651    0.065742    0.225589    0.279358 ^ clkbuf_0_clk/X (sky130_fd_sc_hd__clkbuf_16)
                                                         clknet_0_clk (net)
                      0.065742    0.000135    0.279493 ^ clkbuf_1_1__f_clk/A (sky130_fd_sc_hd__clkbuf_16)
     3    0.008512    0.052499    0.202857    0.482350 ^ clkbuf_1_1__f_clk/X (sky130_fd_sc_hd__clkbuf_16)
                                                         clknet_1_1__leaf_clk (net)
                      0.052499    0.000090    0.482441 ^ _315_/CLK (sky130_fd_sc_hd__dfrtp_1)
                                  0.250000    0.732441   clock uncertainty
                                  0.000000    0.732441   clock reconvergence pessimism
                                 -0.083677    0.648763   library hold time
                                              0.648763   data required time
---------------------------------------------------------------------------------------------
                                              0.648763   data required time
                                             -1.664039   data arrival time
---------------------------------------------------------------------------------------------
                                              1.015276   slack (MET)


Startpoint: _272_ (rising edge-triggered flip-flop clocked by clk)
Endpoint: _272_ (rising edge-triggered flip-flop clocked by clk)
Path Group: clk
Path Type: min

Fanout         Cap        Slew       Delay        Time   Description
---------------------------------------------------------------------------------------------
                                  0.000000    0.000000   clock clk (rise edge)
                                  0.000000    0.000000   clock source latency
     1    0.010273    0.082995    0.053769    0.053769 ^ clk (in)
                                                         clk (net)
                      0.082995    0.000000    0.053769 ^ clkbuf_0_clk/A (sky130_fd_sc_hd__clkbuf_16)
     2    0.018651    0.065742    0.225589    0.279358 ^ clkbuf_0_clk/X (sky130_fd_sc_hd__clkbuf_16)
                                                         clknet_0_clk (net)
                      0.065742    0.000135    0.279493 ^ clkbuf_1_1__f_clk/A (sky130_fd_sc_hd__clkbuf_16)
     3    0.008512    0.052499    0.202857    0.482350 ^ clkbuf_1_1__f_clk/X (sky130_fd_sc_hd__clkbuf_16)
                                                         clknet_1_1__leaf_clk (net)
                      0.052499    0.000089    0.482439 ^ _272_/CLK (sky130_fd_sc_hd__dfstp_1)
     1    0.003091    0.054104    0.695077    1.177517 v _272_/Q (sky130_fd_sc_hd__dfstp_1)
                                                         i2c_clk (net)
                      0.054104    0.000033    1.177549 v fanout38/A (sky130_fd_sc_hd__clkbuf_2)
     7    0.025913    0.186278    0.288800    1.466350 v fanout38/X (sky130_fd_sc_hd__clkbuf_2)
                                                         net38 (net)
                      0.186278    0.000235    1.466585 v fanout35/A (sky130_fd_sc_hd__buf_2)
    10    0.031084    0.153344    0.390428    1.857013 v fanout35/X (sky130_fd_sc_hd__buf_2)
                                                         net35 (net)
                      0.153344    0.000401    1.857414 v _175_/A (sky130_fd_sc_hd__xnor2_1)
     1    0.003781    0.087076    0.264574    2.121989 v _175_/Y (sky130_fd_sc_hd__xnor2_1)
                                                         _033_ (net)
                      0.087076    0.000062    2.122051 v _272_/D (sky130_fd_sc_hd__dfstp_1)
                                              2.122051   data arrival time

                                  0.000000    0.000000   clock clk (rise edge)
                                  0.000000    0.000000   clock source latency
     1    0.010273    0.082995    0.053769    0.053769 ^ clk (in)
                                                         clk (net)
                      0.082995    0.000000    0.053769 ^ clkbuf_0_clk/A (sky130_fd_sc_hd__clkbuf_16)
     2    0.018651    0.065742    0.225589    0.279358 ^ clkbuf_0_clk/X (sky130_fd_sc_hd__clkbuf_16)
                                                         clknet_0_clk (net)
                      0.065742    0.000135    0.279493 ^ clkbuf_1_1__f_clk/A (sky130_fd_sc_hd__clkbuf_16)
     3    0.008512    0.052499    0.202857    0.482350 ^ clkbuf_1_1__f_clk/X (sky130_fd_sc_hd__clkbuf_16)
                                                         clknet_1_1__leaf_clk (net)
                      0.052499    0.000089    0.482439 ^ _272_/CLK (sky130_fd_sc_hd__dfstp_1)
                                  0.250000    0.732439   clock uncertainty
                                  0.000000    0.732439   clock reconvergence pessimism
                                 -0.015220    0.717219   library hold time
                                              0.717219   data required time
---------------------------------------------------------------------------------------------
                                              0.717219   data required time
                                             -2.122051   data arrival time
---------------------------------------------------------------------------------------------
                                              1.404832   slack (MET)


Startpoint: _314_ (rising edge-triggered flip-flop clocked by clk)
Endpoint: _314_ (rising edge-triggered flip-flop clocked by clk)
Path Group: clk
Path Type: min

Fanout         Cap        Slew       Delay        Time   Description
---------------------------------------------------------------------------------------------
                                  0.000000    0.000000   clock clk (rise edge)
                                  0.000000    0.000000   clock source latency
     1    0.010273    0.082995    0.053769    0.053769 ^ clk (in)
                                                         clk (net)
                      0.082995    0.000000    0.053769 ^ clkbuf_0_clk/A (sky130_fd_sc_hd__clkbuf_16)
     2    0.018651    0.065742    0.225589    0.279358 ^ clkbuf_0_clk/X (sky130_fd_sc_hd__clkbuf_16)
                                                         clknet_0_clk (net)
                      0.065742    0.000174    0.279532 ^ clkbuf_1_0__f_clk/A (sky130_fd_sc_hd__clkbuf_16)
     2    0.004499    0.047111    0.195252    0.474784 ^ clkbuf_1_0__f_clk/X (sky130_fd_sc_hd__clkbuf_16)
                                                         clknet_1_0__leaf_clk (net)
                      0.047111    0.000028    0.474812 ^ _314_/CLK (sky130_fd_sc_hd__dfrtp_1)
     3    0.008191    0.143253    0.686620    1.161432 ^ _314_/Q (sky130_fd_sc_hd__dfrtp_1)
                                                         clk_counter[0] (net)
                      0.143253    0.000050    1.161482 ^ hold1/A (sky130_fd_sc_hd__dlygate4sd3_1)
     1    0.005059    0.122519    1.102538    2.264020 ^ hold1/X (sky130_fd_sc_hd__dlygate4sd3_1)
                                                         net41 (net)
                      0.122519    0.000049    2.264069 ^ _142_/A (sky130_fd_sc_hd__inv_2)
     3    0.009230    0.053454    0.096264    2.360333 v _142_/Y (sky130_fd_sc_hd__inv_2)
                                                         _000_ (net)
                      0.053454    0.000081    2.360414 v _314_/D (sky130_fd_sc_hd__dfrtp_1)
                                              2.360414   data arrival time

                                  0.000000    0.000000   clock clk (rise edge)
                                  0.000000    0.000000   clock source latency
     1    0.010273    0.082995    0.053769    0.053769 ^ clk (in)
                                                         clk (net)
                      0.082995    0.000000    0.053769 ^ clkbuf_0_clk/A (sky130_fd_sc_hd__clkbuf_16)
     2    0.018651    0.065742    0.225589    0.279358 ^ clkbuf_0_clk/X (sky130_fd_sc_hd__clkbuf_16)
                                                         clknet_0_clk (net)
                      0.065742    0.000174    0.279532 ^ clkbuf_1_0__f_clk/A (sky130_fd_sc_hd__clkbuf_16)
     2    0.004499    0.047111    0.195252    0.474784 ^ clkbuf_1_0__f_clk/X (sky130_fd_sc_hd__clkbuf_16)
                                                         clknet_1_0__leaf_clk (net)
                      0.047111    0.000028    0.474812 ^ _314_/CLK (sky130_fd_sc_hd__dfrtp_1)
                                  0.250000    0.724812   clock uncertainty
                                  0.000000    0.724812   clock reconvergence pessimism
                                 -0.096657    0.628155   library hold time
                                              0.628155   data required time
---------------------------------------------------------------------------------------------
                                              0.628155   data required time
                                             -2.360414   data arrival time
---------------------------------------------------------------------------------------------
                                              1.732260   slack (MET)


Startpoint: rst (input port clocked by clk)
Endpoint: _315_ (removal check against rising-edge clock clk)
Path Group: asynchronous
Path Type: min

Fanout         Cap        Slew       Delay        Time   Description
---------------------------------------------------------------------------------------------
                                  0.000000    0.000000   clock clk (rise edge)
                                  0.000000    0.000000   clock network delay (propagated)
                                  4.000000    4.000000 v input external delay
     1    0.002574    0.017607    0.008505    4.008505 v rst (in)
                                                         rst (net)
                      0.017607    0.000000    4.008505 v input17/A (sky130_fd_sc_hd__buf_1)
     2    0.013265    0.158824    0.224476    4.232981 v input17/X (sky130_fd_sc_hd__buf_1)
                                                         net17 (net)
                      0.158824    0.000151    4.233131 v fanout40/A (sky130_fd_sc_hd__clkbuf_4)
    10    0.047651    0.181341    0.400856    4.633987 v fanout40/X (sky130_fd_sc_hd__clkbuf_4)
                                                         net40 (net)
                      0.181344    0.001009    4.634996 v _270_/A (sky130_fd_sc_hd__inv_2)
     1    0.004088    0.064208    0.115986    4.750982 ^ _270_/Y (sky130_fd_sc_hd__inv_2)
                                                         _031_ (net)
                      0.064208    0.000039    4.751021 ^ _315_/RESET_B (sky130_fd_sc_hd__dfrtp_1)
                                              4.751021   data arrival time

                                  0.000000    0.000000   clock clk (rise edge)
                                  0.000000    0.000000   clock source latency
     1    0.010273    0.082995    0.053769    0.053769 ^ clk (in)
                                                         clk (net)
                      0.082995    0.000000    0.053769 ^ clkbuf_0_clk/A (sky130_fd_sc_hd__clkbuf_16)
     2    0.018651    0.065742    0.225589    0.279358 ^ clkbuf_0_clk/X (sky130_fd_sc_hd__clkbuf_16)
                                                         clknet_0_clk (net)
                      0.065742    0.000135    0.279493 ^ clkbuf_1_1__f_clk/A (sky130_fd_sc_hd__clkbuf_16)
     3    0.008512    0.052499    0.202857    0.482350 ^ clkbuf_1_1__f_clk/X (sky130_fd_sc_hd__clkbuf_16)
                                                         clknet_1_1__leaf_clk (net)
                      0.052499    0.000090    0.482441 ^ _315_/CLK (sky130_fd_sc_hd__dfrtp_1)
                                  0.250000    0.732441   clock uncertainty
                                  0.000000    0.732441   clock reconvergence pessimism
                                  0.650394    1.382835   library removal time
                                              1.382835   data required time
---------------------------------------------------------------------------------------------
                                              1.382835   data required time
                                             -4.751021   data arrival time
---------------------------------------------------------------------------------------------
                                              3.368186   slack (MET)


Startpoint: rst (input port clocked by clk)
Endpoint: _314_ (removal check against rising-edge clock clk)
Path Group: asynchronous
Path Type: min

Fanout         Cap        Slew       Delay        Time   Description
---------------------------------------------------------------------------------------------
                                  0.000000    0.000000   clock clk (rise edge)
                                  0.000000    0.000000   clock network delay (propagated)
                                  4.000000    4.000000 v input external delay
     1    0.002574    0.017607    0.008505    4.008505 v rst (in)
                                                         rst (net)
                      0.017607    0.000000    4.008505 v input17/A (sky130_fd_sc_hd__buf_1)
     2    0.013265    0.158824    0.224476    4.232981 v input17/X (sky130_fd_sc_hd__buf_1)
                                                         net17 (net)
                      0.158824    0.000151    4.233131 v fanout40/A (sky130_fd_sc_hd__clkbuf_4)
    10    0.047651    0.181341    0.400856    4.633987 v fanout40/X (sky130_fd_sc_hd__clkbuf_4)
                                                         net40 (net)
                      0.181343    0.000964    4.634951 v _269_/A (sky130_fd_sc_hd__inv_2)
     1    0.004475    0.066599    0.119175    4.754126 ^ _269_/Y (sky130_fd_sc_hd__inv_2)
                                                         _030_ (net)
                      0.066599    0.000053    4.754179 ^ _314_/RESET_B (sky130_fd_sc_hd__dfrtp_1)
                                              4.754179   data arrival time

                                  0.000000    0.000000   clock clk (rise edge)
                                  0.000000    0.000000   clock source latency
     1    0.010273    0.082995    0.053769    0.053769 ^ clk (in)
                                                         clk (net)
                      0.082995    0.000000    0.053769 ^ clkbuf_0_clk/A (sky130_fd_sc_hd__clkbuf_16)
     2    0.018651    0.065742    0.225589    0.279358 ^ clkbuf_0_clk/X (sky130_fd_sc_hd__clkbuf_16)
                                                         clknet_0_clk (net)
                      0.065742    0.000174    0.279532 ^ clkbuf_1_0__f_clk/A (sky130_fd_sc_hd__clkbuf_16)
     2    0.004499    0.047111    0.195252    0.474784 ^ clkbuf_1_0__f_clk/X (sky130_fd_sc_hd__clkbuf_16)
                                                         clknet_1_0__leaf_clk (net)
                      0.047111    0.000028    0.474812 ^ _314_/CLK (sky130_fd_sc_hd__dfrtp_1)
                                  0.250000    0.724812   clock uncertainty
                                  0.000000    0.724812   clock reconvergence pessimism
                                  0.649503    1.374315   library removal time
                                              1.374315   data required time
---------------------------------------------------------------------------------------------
                                              1.374315   data required time
                                             -4.754179   data arrival time
---------------------------------------------------------------------------------------------
                                              3.379864   slack (MET)


Startpoint: rst (input port clocked by clk)
Endpoint: _316_ (removal check against rising-edge clock clk)
Path Group: asynchronous
Path Type: min

Fanout         Cap        Slew       Delay        Time   Description
---------------------------------------------------------------------------------------------
                                  0.000000    0.000000   clock clk (rise edge)
                                  0.000000    0.000000   clock network delay (propagated)
                                  4.000000    4.000000 v input external delay
     1    0.002574    0.017607    0.008505    4.008505 v rst (in)
                                                         rst (net)
                      0.017607    0.000000    4.008505 v input17/A (sky130_fd_sc_hd__buf_1)
     2    0.013265    0.158824    0.224476    4.232981 v input17/X (sky130_fd_sc_hd__buf_1)
                                                         net17 (net)
                      0.158824    0.000151    4.233131 v fanout40/A (sky130_fd_sc_hd__clkbuf_4)
    10    0.047651    0.181341    0.400856    4.633987 v fanout40/X (sky130_fd_sc_hd__clkbuf_4)
                                                         net40 (net)
                      0.181342    0.000809    4.634797 v _271_/A (sky130_fd_sc_hd__inv_2)
     1    0.005550    0.073518    0.128022    4.762819 ^ _271_/Y (sky130_fd_sc_hd__inv_2)
                                                         _032_ (net)
                      0.073518    0.000088    4.762907 ^ _316_/RESET_B (sky130_fd_sc_hd__dfrtp_1)
                                              4.762907   data arrival time

                                  0.000000    0.000000   clock clk (rise edge)
                                  0.000000    0.000000   clock source latency
     1    0.010273    0.082995    0.053769    0.053769 ^ clk (in)
                                                         clk (net)
                      0.082995    0.000000    0.053769 ^ clkbuf_0_clk/A (sky130_fd_sc_hd__clkbuf_16)
     2    0.018651    0.065742    0.225589    0.279358 ^ clkbuf_0_clk/X (sky130_fd_sc_hd__clkbuf_16)
                                                         clknet_0_clk (net)
                      0.065742    0.000174    0.279532 ^ clkbuf_1_0__f_clk/A (sky130_fd_sc_hd__clkbuf_16)
     2    0.004499    0.047111    0.195252    0.474784 ^ clkbuf_1_0__f_clk/X (sky130_fd_sc_hd__clkbuf_16)
                                                         clknet_1_0__leaf_clk (net)
                      0.047111    0.000044    0.474827 ^ _316_/CLK (sky130_fd_sc_hd__dfrtp_1)
                                  0.250000    0.724827   clock uncertainty
                                  0.000000    0.724827   clock reconvergence pessimism
                                  0.651630    1.376457   library removal time
                                              1.376457   data required time
---------------------------------------------------------------------------------------------
                                              1.376457   data required time
                                             -4.762907   data arrival time
---------------------------------------------------------------------------------------------
                                              3.386449   slack (MET)


Startpoint: rst (input port clocked by clk)
Endpoint: _272_ (removal check against rising-edge clock clk)
Path Group: asynchronous
Path Type: min

Fanout         Cap        Slew       Delay        Time   Description
---------------------------------------------------------------------------------------------
                                  0.000000    0.000000   clock clk (rise edge)
                                  0.000000    0.000000   clock network delay (propagated)
                                  4.000000    4.000000 v input external delay
     1    0.002574    0.017607    0.008505    4.008505 v rst (in)
                                                         rst (net)
                      0.017607    0.000000    4.008505 v input17/A (sky130_fd_sc_hd__buf_1)
     2    0.013265    0.158824    0.224476    4.232981 v input17/X (sky130_fd_sc_hd__buf_1)
                                                         net17 (net)
                      0.158824    0.000151    4.233131 v fanout40/A (sky130_fd_sc_hd__clkbuf_4)
    10    0.047651    0.181341    0.400856    4.633987 v fanout40/X (sky130_fd_sc_hd__clkbuf_4)
                                                         net40 (net)
                      0.181344    0.001014    4.635001 v _256_/A (sky130_fd_sc_hd__inv_2)
     1    0.003704    0.061948    0.112826    4.747828 ^ _256_/Y (sky130_fd_sc_hd__inv_2)
                                                         _013_ (net)
                      0.061948    0.000033    4.747861 ^ _272_/SET_B (sky130_fd_sc_hd__dfstp_1)
                                              4.747861   data arrival time

                                  0.000000    0.000000   clock clk (rise edge)
                                  0.000000    0.000000   clock source latency
     1    0.010273    0.082995    0.053769    0.053769 ^ clk (in)
                                                         clk (net)
                      0.082995    0.000000    0.053769 ^ clkbuf_0_clk/A (sky130_fd_sc_hd__clkbuf_16)
     2    0.018651    0.065742    0.225589    0.279358 ^ clkbuf_0_clk/X (sky130_fd_sc_hd__clkbuf_16)
                                                         clknet_0_clk (net)
                      0.065742    0.000135    0.279493 ^ clkbuf_1_1__f_clk/A (sky130_fd_sc_hd__clkbuf_16)
     3    0.008512    0.052499    0.202857    0.482350 ^ clkbuf_1_1__f_clk/X (sky130_fd_sc_hd__clkbuf_16)
                                                         clknet_1_1__leaf_clk (net)
                      0.052499    0.000089    0.482439 ^ _272_/CLK (sky130_fd_sc_hd__dfstp_1)
                                  0.250000    0.732439   clock uncertainty
                                  0.000000    0.732439   clock reconvergence pessimism
                                  0.297786    1.030226   library removal time
                                              1.030226   data required time
---------------------------------------------------------------------------------------------
                                              1.030226   data required time
                                             -4.747861   data arrival time
---------------------------------------------------------------------------------------------
                                              3.717635   slack (MET)


Startpoint: _272_ (rising edge-triggered flip-flop clocked by clk)
Endpoint: i2c_scl (output port clocked by clk)
Path Group: clk
Path Type: min

Fanout         Cap        Slew       Delay        Time   Description
---------------------------------------------------------------------------------------------
                                  0.000000    0.000000   clock clk (rise edge)
                                  0.000000    0.000000   clock source latency
     1    0.010273    0.082995    0.053769    0.053769 ^ clk (in)
                                                         clk (net)
                      0.082995    0.000000    0.053769 ^ clkbuf_0_clk/A (sky130_fd_sc_hd__clkbuf_16)
     2    0.018651    0.065742    0.225589    0.279358 ^ clkbuf_0_clk/X (sky130_fd_sc_hd__clkbuf_16)
                                                         clknet_0_clk (net)
                      0.065742    0.000135    0.279493 ^ clkbuf_1_1__f_clk/A (sky130_fd_sc_hd__clkbuf_16)
     3    0.008512    0.052499    0.202857    0.482350 ^ clkbuf_1_1__f_clk/X (sky130_fd_sc_hd__clkbuf_16)
                                                         clknet_1_1__leaf_clk (net)
                      0.052499    0.000089    0.482439 ^ _272_/CLK (sky130_fd_sc_hd__dfstp_1)
     1    0.003091    0.054104    0.695077    1.177517 v _272_/Q (sky130_fd_sc_hd__dfstp_1)
                                                         i2c_clk (net)
                      0.054104    0.000033    1.177549 v fanout38/A (sky130_fd_sc_hd__clkbuf_2)
     7    0.025913    0.186278    0.288800    1.466350 v fanout38/X (sky130_fd_sc_hd__clkbuf_2)
                                                         net38 (net)
                      0.186278    0.000425    1.466775 v fanout34/A (sky130_fd_sc_hd__buf_2)
    10    0.029288    0.146296    0.384613    1.851389 v fanout34/X (sky130_fd_sc_hd__buf_2)
                                                         net34 (net)
                      0.146296    0.000336    1.851725 v _138_/A (sky130_fd_sc_hd__inv_2)
     2    0.011066    0.098491    0.142756    1.994480 ^ _138_/Y (sky130_fd_sc_hd__inv_2)
                                                         _025_ (net)
                      0.098491    0.000048    1.994528 ^ _187_/A (sky130_fd_sc_hd__nand2_4)
     1    0.034805    0.163927    0.178153    2.172681 v _187_/Y (sky130_fd_sc_hd__nand2_4)
                                                         i2c_scl (net)
     0    0.034805    0.163929    0.000510    2.173191 v i2c_scl (inout)
                                                         i2c_scl (net)
                                              2.173191   data arrival time

                                  0.000000    0.000000   clock clk (rise edge)
                                  0.000000    0.000000   clock network delay (propagated)
                                  0.250000    0.250000   clock uncertainty
                                  0.000000    0.250000   clock reconvergence pessimism
                                 -4.000000   -3.750000   output external delay
                                             -3.750000   data required time
---------------------------------------------------------------------------------------------
                                             -3.750000   data required time
                                             -2.173191   data arrival time
---------------------------------------------------------------------------------------------
                                              5.923191   slack (MET)


Startpoint: rst (input port clocked by clk)
Endpoint: ready (output port clocked by clk)
Path Group: clk
Path Type: min

Fanout         Cap        Slew       Delay        Time   Description
---------------------------------------------------------------------------------------------
                                  0.000000    0.000000   clock clk (rise edge)
                                  0.000000    0.000000   clock network delay (propagated)
                                  4.000000    4.000000 v input external delay
     1    0.002574    0.017607    0.008505    4.008505 v rst (in)
                                                         rst (net)
                      0.017607    0.000000    4.008505 v input17/A (sky130_fd_sc_hd__buf_1)
     2    0.013265    0.158824    0.224476    4.232981 v input17/X (sky130_fd_sc_hd__buf_1)
                                                         net17 (net)
                      0.158824    0.000151    4.233131 v fanout40/A (sky130_fd_sc_hd__clkbuf_4)
    10    0.047651    0.181341    0.400856    4.633987 v fanout40/X (sky130_fd_sc_hd__clkbuf_4)
                                                         net40 (net)
                      0.181341    0.000376    4.634364 v _186_/A (sky130_fd_sc_hd__nor2_1)
     1    0.002226    0.117604    0.197130    4.831493 ^ _186_/Y (sky130_fd_sc_hd__nor2_1)
                                                         net27 (net)
                      0.117604    0.000021    4.831515 ^ output27/A (sky130_fd_sc_hd__buf_2)
     1    0.034099    0.270888    0.365136    5.196651 ^ output27/X (sky130_fd_sc_hd__buf_2)
                                                         ready (net)
                      0.270888    0.000242    5.196894 ^ ready (out)
                                              5.196894   data arrival time

                                  0.000000    0.000000   clock clk (rise edge)
                                  0.000000    0.000000   clock network delay (propagated)
                                  0.250000    0.250000   clock uncertainty
                                  0.000000    0.250000   clock reconvergence pessimism
                                 -4.000000   -3.750000   output external delay
                                             -3.750000   data required time
---------------------------------------------------------------------------------------------
                                             -3.750000   data required time
                                             -5.196894   data arrival time
---------------------------------------------------------------------------------------------
                                              8.946894   slack (MET)



%OL_END_REPORT
%OL_CREATE_REPORT max.rpt

===========================================================================
report_checks -path_delay max (Setup)
============================================================================
======================= min_ss_100C_1v60 Corner ===================================

Startpoint: rst (input port clocked by clk)
Endpoint: ready (output port clocked by clk)
Path Group: clk
Path Type: max

Fanout         Cap        Slew       Delay        Time   Description
---------------------------------------------------------------------------------------------
                                  0.000000    0.000000   clock clk (rise edge)
                                  0.000000    0.000000   clock network delay (propagated)
                                  4.000000    4.000000 ^ input external delay
     1    0.002703    0.031618    0.015261    4.015261 ^ rst (in)
                                                         rst (net)
                      0.031618    0.000000    4.015261 ^ input17/A (sky130_fd_sc_hd__buf_1)
     2    0.013786    0.269653    0.275875    4.291136 ^ input17/X (sky130_fd_sc_hd__buf_1)
                                                         net17 (net)
                      0.269653    0.000157    4.291294 ^ fanout40/A (sky130_fd_sc_hd__clkbuf_4)
    10    0.050230    0.249414    0.471434    4.762727 ^ fanout40/X (sky130_fd_sc_hd__clkbuf_4)
                                                         net40 (net)
                      0.249414    0.000397    4.763124 ^ _186_/A (sky130_fd_sc_hd__nor2_1)
     1    0.002098    0.066910    0.144478    4.907601 v _186_/Y (sky130_fd_sc_hd__nor2_1)
                                                         net27 (net)
                      0.066910    0.000020    4.907621 v output27/A (sky130_fd_sc_hd__buf_2)
     1    0.034099    0.165132    0.342908    5.250530 v output27/X (sky130_fd_sc_hd__buf_2)
                                                         ready (net)
                      0.165132    0.000242    5.250772 v ready (out)
                                              5.250772   data arrival time

                                 20.000000   20.000000   clock clk (rise edge)
                                  0.000000   20.000000   clock network delay (propagated)
                                 -0.250000   19.750002   clock uncertainty
                                  0.000000   19.750002   clock reconvergence pessimism
                                 -4.000000   15.750001   output external delay
                                             15.750001   data required time
---------------------------------------------------------------------------------------------
                                             15.750001   data required time
                                             -5.250772   data arrival time
---------------------------------------------------------------------------------------------
                                             10.499228   slack (MET)


Startpoint: _272_ (rising edge-triggered flip-flop clocked by clk)
Endpoint: i2c_scl (output port clocked by clk)
Path Group: clk
Path Type: max

Fanout         Cap        Slew       Delay        Time   Description
---------------------------------------------------------------------------------------------
                                  0.000000    0.000000   clock clk (rise edge)
                                  0.000000    0.000000   clock source latency
     1    0.010273    0.082995    0.053769    0.053769 ^ clk (in)
                                                         clk (net)
                      0.082995    0.000000    0.053769 ^ clkbuf_0_clk/A (sky130_fd_sc_hd__clkbuf_16)
     2    0.018651    0.065742    0.225589    0.279358 ^ clkbuf_0_clk/X (sky130_fd_sc_hd__clkbuf_16)
                                                         clknet_0_clk (net)
                      0.065742    0.000135    0.279493 ^ clkbuf_1_1__f_clk/A (sky130_fd_sc_hd__clkbuf_16)
     3    0.008512    0.052499    0.202857    0.482350 ^ clkbuf_1_1__f_clk/X (sky130_fd_sc_hd__clkbuf_16)
                                                         clknet_1_1__leaf_clk (net)
                      0.052499    0.000089    0.482439 ^ _272_/CLK (sky130_fd_sc_hd__dfstp_1)
     1    0.003276    0.082640    1.060522    1.542961 ^ _272_/Q (sky130_fd_sc_hd__dfstp_1)
                                                         i2c_clk (net)
                      0.082640    0.000035    1.542996 ^ fanout38/A (sky130_fd_sc_hd__clkbuf_2)
     7    0.026961    0.235333    0.316937    1.859933 ^ fanout38/X (sky130_fd_sc_hd__clkbuf_2)
                                                         net38 (net)
                      0.235333    0.000443    1.860376 ^ fanout34/A (sky130_fd_sc_hd__buf_2)
    10    0.030882    0.247305    0.402120    2.262496 ^ fanout34/X (sky130_fd_sc_hd__buf_2)
                                                         net34 (net)
                      0.247305    0.000355    2.262851 ^ _138_/A (sky130_fd_sc_hd__inv_2)
     2    0.010404    0.077540    0.147202    2.410053 v _138_/Y (sky130_fd_sc_hd__inv_2)
                                                         _025_ (net)
                      0.077540    0.000045    2.410098 v _187_/A (sky130_fd_sc_hd__nand2_4)
     1    0.034805    0.183265    0.179861    2.589959 ^ _187_/Y (sky130_fd_sc_hd__nand2_4)
                                                         i2c_scl (net)
     0    0.034805    0.183265    0.000510    2.590469 ^ i2c_scl (inout)
                                                         i2c_scl (net)
                                              2.590469   data arrival time

                                 20.000000   20.000000   clock clk (rise edge)
                                  0.000000   20.000000   clock network delay (propagated)
                                 -0.250000   19.750002   clock uncertainty
                                  0.000000   19.750002   clock reconvergence pessimism
                                 -4.000000   15.750001   output external delay
                                             15.750001   data required time
---------------------------------------------------------------------------------------------
                                             15.750001   data required time
                                             -2.590469   data arrival time
---------------------------------------------------------------------------------------------
                                             13.159533   slack (MET)


Startpoint: _314_ (rising edge-triggered flip-flop clocked by clk)
Endpoint: _272_ (rising edge-triggered flip-flop clocked by clk)
Path Group: clk
Path Type: max

Fanout         Cap        Slew       Delay        Time   Description
---------------------------------------------------------------------------------------------
                                  0.000000    0.000000   clock clk (rise edge)
                                  0.000000    0.000000   clock source latency
     1    0.010273    0.082995    0.053769    0.053769 ^ clk (in)
                                                         clk (net)
                      0.082995    0.000000    0.053769 ^ clkbuf_0_clk/A (sky130_fd_sc_hd__clkbuf_16)
     2    0.018651    0.065742    0.225589    0.279358 ^ clkbuf_0_clk/X (sky130_fd_sc_hd__clkbuf_16)
                                                         clknet_0_clk (net)
                      0.065742    0.000174    0.279532 ^ clkbuf_1_0__f_clk/A (sky130_fd_sc_hd__clkbuf_16)
     2    0.004499    0.047111    0.195252    0.474784 ^ clkbuf_1_0__f_clk/X (sky130_fd_sc_hd__clkbuf_16)
                                                         clknet_1_0__leaf_clk (net)
                      0.047111    0.000028    0.474812 ^ _314_/CLK (sky130_fd_sc_hd__dfrtp_1)
     3    0.008191    0.143253    0.686620    1.161432 ^ _314_/Q (sky130_fd_sc_hd__dfrtp_1)
                                                         clk_counter[0] (net)
                      0.143253    0.000050    1.161482 ^ hold1/A (sky130_fd_sc_hd__dlygate4sd3_1)
     1    0.005059    0.122519    1.102538    2.264020 ^ hold1/X (sky130_fd_sc_hd__dlygate4sd3_1)
                                                         net41 (net)
                      0.122519    0.000049    2.264069 ^ _142_/A (sky130_fd_sc_hd__inv_2)
     3    0.009230    0.053454    0.096264    2.360333 v _142_/Y (sky130_fd_sc_hd__inv_2)
                                                         _000_ (net)
                      0.053454    0.000088    2.360421 v _174_/A (sky130_fd_sc_hd__or3_1)
     1    0.002039    0.129223    0.816744    3.177165 v _174_/X (sky130_fd_sc_hd__or3_1)
                                                         _097_ (net)
                      0.129223    0.000019    3.177184 v hold4/A (sky130_fd_sc_hd__dlygate4sd3_1)
     1    0.004688    0.131190    1.182089    4.359273 v hold4/X (sky130_fd_sc_hd__dlygate4sd3_1)
                                                         net44 (net)
                      0.131190    0.000022    4.359295 v _175_/B (sky130_fd_sc_hd__xnor2_1)
     1    0.003919    0.223043    0.265127    4.624422 ^ _175_/Y (sky130_fd_sc_hd__xnor2_1)
                                                         _033_ (net)
                      0.223043    0.000065    4.624487 ^ _272_/D (sky130_fd_sc_hd__dfstp_1)
                                              4.624487   data arrival time

                                 20.000000   20.000000   clock clk (rise edge)
                                  0.000000   20.000000   clock source latency
     1    0.010273    0.082995    0.053769   20.053768 ^ clk (in)
                                                         clk (net)
                      0.082995    0.000000   20.053768 ^ clkbuf_0_clk/A (sky130_fd_sc_hd__clkbuf_16)
     2    0.018651    0.065742    0.225588   20.279358 ^ clkbuf_0_clk/X (sky130_fd_sc_hd__clkbuf_16)
                                                         clknet_0_clk (net)
                      0.065742    0.000137   20.279493 ^ clkbuf_1_1__f_clk/A (sky130_fd_sc_hd__clkbuf_16)
     3    0.008512    0.052499    0.202856   20.482351 ^ clkbuf_1_1__f_clk/X (sky130_fd_sc_hd__clkbuf_16)
                                                         clknet_1_1__leaf_clk (net)
                      0.052499    0.000089   20.482439 ^ _272_/CLK (sky130_fd_sc_hd__dfstp_1)
                                 -0.250000   20.232441   clock uncertainty
                                  0.000000   20.232441   clock reconvergence pessimism
                                 -0.159163   20.073277   library setup time
                                             20.073277   data required time
---------------------------------------------------------------------------------------------
                                             20.073277   data required time
                                             -4.624487   data arrival time
---------------------------------------------------------------------------------------------
                                             15.448792   slack (MET)


Startpoint: rst (input port clocked by clk)
Endpoint: _272_ (recovery check against rising-edge clock clk)
Path Group: asynchronous
Path Type: max

Fanout         Cap        Slew       Delay        Time   Description
---------------------------------------------------------------------------------------------
                                  0.000000    0.000000   clock clk (rise edge)
                                  0.000000    0.000000   clock network delay (propagated)
                                  4.000000    4.000000 v input external delay
     1    0.002574    0.017607    0.008505    4.008505 v rst (in)
                                                         rst (net)
                      0.017607    0.000000    4.008505 v input17/A (sky130_fd_sc_hd__buf_1)
     2    0.013265    0.158824    0.224476    4.232981 v input17/X (sky130_fd_sc_hd__buf_1)
                                                         net17 (net)
                      0.158824    0.000151    4.233131 v fanout40/A (sky130_fd_sc_hd__clkbuf_4)
    10    0.047651    0.181341    0.400856    4.633987 v fanout40/X (sky130_fd_sc_hd__clkbuf_4)
                                                         net40 (net)
                      0.181344    0.001014    4.635001 v _256_/A (sky130_fd_sc_hd__inv_2)
     1    0.003704    0.061948    0.112826    4.747828 ^ _256_/Y (sky130_fd_sc_hd__inv_2)
                                                         _013_ (net)
                      0.061948    0.000033    4.747861 ^ _272_/SET_B (sky130_fd_sc_hd__dfstp_1)
                                              4.747861   data arrival time

                                 20.000000   20.000000   clock clk (rise edge)
                                  0.000000   20.000000   clock source latency
     1    0.010273    0.082995    0.053769   20.053768 ^ clk (in)
                                                         clk (net)
                      0.082995    0.000000   20.053768 ^ clkbuf_0_clk/A (sky130_fd_sc_hd__clkbuf_16)
     2    0.018651    0.065742    0.225588   20.279358 ^ clkbuf_0_clk/X (sky130_fd_sc_hd__clkbuf_16)
                                                         clknet_0_clk (net)
                      0.065742    0.000137   20.279493 ^ clkbuf_1_1__f_clk/A (sky130_fd_sc_hd__clkbuf_16)
     3    0.008512    0.052499    0.202856   20.482351 ^ clkbuf_1_1__f_clk/X (sky130_fd_sc_hd__clkbuf_16)
                                                         clknet_1_1__leaf_clk (net)
                      0.052499    0.000089   20.482439 ^ _272_/CLK (sky130_fd_sc_hd__dfstp_1)
                                 -0.250000   20.232441   clock uncertainty
                                  0.000000   20.232441   clock reconvergence pessimism
                                  0.264137   20.496578   library recovery time
                                             20.496578   data required time
---------------------------------------------------------------------------------------------
                                             20.496578   data required time
                                             -4.747861   data arrival time
---------------------------------------------------------------------------------------------
                                             15.748716   slack (MET)


Startpoint: rst (input port clocked by clk)
Endpoint: _316_ (recovery check against rising-edge clock clk)
Path Group: asynchronous
Path Type: max

Fanout         Cap        Slew       Delay        Time   Description
---------------------------------------------------------------------------------------------
                                  0.000000    0.000000   clock clk (rise edge)
                                  0.000000    0.000000   clock network delay (propagated)
                                  4.000000    4.000000 v input external delay
     1    0.002574    0.017607    0.008505    4.008505 v rst (in)
                                                         rst (net)
                      0.017607    0.000000    4.008505 v input17/A (sky130_fd_sc_hd__buf_1)
     2    0.013265    0.158824    0.224476    4.232981 v input17/X (sky130_fd_sc_hd__buf_1)
                                                         net17 (net)
                      0.158824    0.000151    4.233131 v fanout40/A (sky130_fd_sc_hd__clkbuf_4)
    10    0.047651    0.181341    0.400856    4.633987 v fanout40/X (sky130_fd_sc_hd__clkbuf_4)
                                                         net40 (net)
                      0.181342    0.000809    4.634797 v _271_/A (sky130_fd_sc_hd__inv_2)
     1    0.005550    0.073518    0.128022    4.762819 ^ _271_/Y (sky130_fd_sc_hd__inv_2)
                                                         _032_ (net)
                      0.073518    0.000088    4.762907 ^ _316_/RESET_B (sky130_fd_sc_hd__dfrtp_1)
                                              4.762907   data arrival time

                                 20.000000   20.000000   clock clk (rise edge)
                                  0.000000   20.000000   clock source latency
     1    0.010273    0.082995    0.053769   20.053768 ^ clk (in)
                                                         clk (net)
                      0.082995    0.000000   20.053768 ^ clkbuf_0_clk/A (sky130_fd_sc_hd__clkbuf_16)
     2    0.018651    0.065742    0.225588   20.279358 ^ clkbuf_0_clk/X (sky130_fd_sc_hd__clkbuf_16)
                                                         clknet_0_clk (net)
                      0.065742    0.000174   20.279531 ^ clkbuf_1_0__f_clk/A (sky130_fd_sc_hd__clkbuf_16)
     2    0.004499    0.047111    0.195252   20.474783 ^ clkbuf_1_0__f_clk/X (sky130_fd_sc_hd__clkbuf_16)
                                                         clknet_1_0__leaf_clk (net)
                      0.047111    0.000044   20.474827 ^ _316_/CLK (sky130_fd_sc_hd__dfrtp_1)
                                 -0.250000   20.224829   clock uncertainty
                                  0.000000   20.224829   clock reconvergence pessimism
                                  0.453655   20.678484   library recovery time
                                             20.678484   data required time
---------------------------------------------------------------------------------------------
                                             20.678484   data required time
                                             -4.762907   data arrival time
---------------------------------------------------------------------------------------------
                                             15.915577   slack (MET)


Startpoint: rst (input port clocked by clk)
Endpoint: _314_ (recovery check against rising-edge clock clk)
Path Group: asynchronous
Path Type: max

Fanout         Cap        Slew       Delay        Time   Description
---------------------------------------------------------------------------------------------
                                  0.000000    0.000000   clock clk (rise edge)
                                  0.000000    0.000000   clock network delay (propagated)
                                  4.000000    4.000000 v input external delay
     1    0.002574    0.017607    0.008505    4.008505 v rst (in)
                                                         rst (net)
                      0.017607    0.000000    4.008505 v input17/A (sky130_fd_sc_hd__buf_1)
     2    0.013265    0.158824    0.224476    4.232981 v input17/X (sky130_fd_sc_hd__buf_1)
                                                         net17 (net)
                      0.158824    0.000151    4.233131 v fanout40/A (sky130_fd_sc_hd__clkbuf_4)
    10    0.047651    0.181341    0.400856    4.633987 v fanout40/X (sky130_fd_sc_hd__clkbuf_4)
                                                         net40 (net)
                      0.181343    0.000964    4.634951 v _269_/A (sky130_fd_sc_hd__inv_2)
     1    0.004475    0.066599    0.119175    4.754126 ^ _269_/Y (sky130_fd_sc_hd__inv_2)
                                                         _030_ (net)
                      0.066599    0.000053    4.754179 ^ _314_/RESET_B (sky130_fd_sc_hd__dfrtp_1)
                                              4.754179   data arrival time

                                 20.000000   20.000000   clock clk (rise edge)
                                  0.000000   20.000000   clock source latency
     1    0.010273    0.082995    0.053769   20.053768 ^ clk (in)
                                                         clk (net)
                      0.082995    0.000000   20.053768 ^ clkbuf_0_clk/A (sky130_fd_sc_hd__clkbuf_16)
     2    0.018651    0.065742    0.225588   20.279358 ^ clkbuf_0_clk/X (sky130_fd_sc_hd__clkbuf_16)
                                                         clknet_0_clk (net)
                      0.065742    0.000174   20.279531 ^ clkbuf_1_0__f_clk/A (sky130_fd_sc_hd__clkbuf_16)
     2    0.004499    0.047111    0.195252   20.474783 ^ clkbuf_1_0__f_clk/X (sky130_fd_sc_hd__clkbuf_16)
                                                         clknet_1_0__leaf_clk (net)
                      0.047111    0.000028   20.474812 ^ _314_/CLK (sky130_fd_sc_hd__dfrtp_1)
                                 -0.250000   20.224813   clock uncertainty
                                  0.000000   20.224813   clock reconvergence pessimism
                                  0.456222   20.681034   library recovery time
                                             20.681034   data required time
---------------------------------------------------------------------------------------------
                                             20.681034   data required time
                                             -4.754179   data arrival time
---------------------------------------------------------------------------------------------
                                             15.926855   slack (MET)


Startpoint: rst (input port clocked by clk)
Endpoint: _315_ (recovery check against rising-edge clock clk)
Path Group: asynchronous
Path Type: max

Fanout         Cap        Slew       Delay        Time   Description
---------------------------------------------------------------------------------------------
                                  0.000000    0.000000   clock clk (rise edge)
                                  0.000000    0.000000   clock network delay (propagated)
                                  4.000000    4.000000 v input external delay
     1    0.002574    0.017607    0.008505    4.008505 v rst (in)
                                                         rst (net)
                      0.017607    0.000000    4.008505 v input17/A (sky130_fd_sc_hd__buf_1)
     2    0.013265    0.158824    0.224476    4.232981 v input17/X (sky130_fd_sc_hd__buf_1)
                                                         net17 (net)
                      0.158824    0.000151    4.233131 v fanout40/A (sky130_fd_sc_hd__clkbuf_4)
    10    0.047651    0.181341    0.400856    4.633987 v fanout40/X (sky130_fd_sc_hd__clkbuf_4)
                                                         net40 (net)
                      0.181344    0.001009    4.634996 v _270_/A (sky130_fd_sc_hd__inv_2)
     1    0.004088    0.064208    0.115986    4.750982 ^ _270_/Y (sky130_fd_sc_hd__inv_2)
                                                         _031_ (net)
                      0.064208    0.000039    4.751021 ^ _315_/RESET_B (sky130_fd_sc_hd__dfrtp_1)
                                              4.751021   data arrival time

                                 20.000000   20.000000   clock clk (rise edge)
                                  0.000000   20.000000   clock source latency
     1    0.010273    0.082995    0.053769   20.053768 ^ clk (in)
                                                         clk (net)
                      0.082995    0.000000   20.053768 ^ clkbuf_0_clk/A (sky130_fd_sc_hd__clkbuf_16)
     2    0.018651    0.065742    0.225588   20.279358 ^ clkbuf_0_clk/X (sky130_fd_sc_hd__clkbuf_16)
                                                         clknet_0_clk (net)
                      0.065742    0.000137   20.279493 ^ clkbuf_1_1__f_clk/A (sky130_fd_sc_hd__clkbuf_16)
     3    0.008512    0.052499    0.202856   20.482351 ^ clkbuf_1_1__f_clk/X (sky130_fd_sc_hd__clkbuf_16)
                                                         clknet_1_1__leaf_clk (net)
                      0.052499    0.000091   20.482441 ^ _315_/CLK (sky130_fd_sc_hd__dfrtp_1)
                                 -0.250000   20.232443   clock uncertainty
                                  0.000000   20.232443   clock reconvergence pessimism
                                  0.458902   20.691345   library recovery time
                                             20.691345   data required time
---------------------------------------------------------------------------------------------
                                             20.691345   data required time
                                             -4.751021   data arrival time
---------------------------------------------------------------------------------------------
                                             15.940323   slack (MET)


Startpoint: _316_ (rising edge-triggered flip-flop clocked by clk)
Endpoint: _315_ (rising edge-triggered flip-flop clocked by clk)
Path Group: clk
Path Type: max

Fanout         Cap        Slew       Delay        Time   Description
---------------------------------------------------------------------------------------------
                                  0.000000    0.000000   clock clk (rise edge)
                                  0.000000    0.000000   clock source latency
     1    0.010273    0.082995    0.053769    0.053769 ^ clk (in)
                                                         clk (net)
                      0.082995    0.000000    0.053769 ^ clkbuf_0_clk/A (sky130_fd_sc_hd__clkbuf_16)
     2    0.018651    0.065742    0.225589    0.279358 ^ clkbuf_0_clk/X (sky130_fd_sc_hd__clkbuf_16)
                                                         clknet_0_clk (net)
                      0.065742    0.000174    0.279532 ^ clkbuf_1_0__f_clk/A (sky130_fd_sc_hd__clkbuf_16)
     2    0.004499    0.047111    0.195252    0.474784 ^ clkbuf_1_0__f_clk/X (sky130_fd_sc_hd__clkbuf_16)
                                                         clknet_1_0__leaf_clk (net)
                      0.047111    0.000044    0.474827 ^ _316_/CLK (sky130_fd_sc_hd__dfrtp_1)
     2    0.005997    0.103345    0.755626    1.230454 v _316_/Q (sky130_fd_sc_hd__dfrtp_1)
                                                         clk_counter[2] (net)
                      0.103345    0.000064    1.230518 v hold2/A (sky130_fd_sc_hd__dlygate4sd3_1)
     2    0.009119    0.171042    1.220005    2.450522 v hold2/X (sky130_fd_sc_hd__dlygate4sd3_1)
                                                         net42 (net)
                      0.171042    0.000066    2.450589 v _190_/A2 (sky130_fd_sc_hd__o211a_1)
     1    0.003954    0.082220    0.428898    2.879486 v _190_/X (sky130_fd_sc_hd__o211a_1)
                                                         _001_ (net)
                      0.082220    0.000055    2.879541 v _315_/D (sky130_fd_sc_hd__dfrtp_1)
                                              2.879541   data arrival time

                                 20.000000   20.000000   clock clk (rise edge)
                                  0.000000   20.000000   clock source latency
     1    0.010273    0.082995    0.053769   20.053768 ^ clk (in)
                                                         clk (net)
                      0.082995    0.000000   20.053768 ^ clkbuf_0_clk/A (sky130_fd_sc_hd__clkbuf_16)
     2    0.018651    0.065742    0.225588   20.279358 ^ clkbuf_0_clk/X (sky130_fd_sc_hd__clkbuf_16)
                                                         clknet_0_clk (net)
                      0.065742    0.000137   20.279493 ^ clkbuf_1_1__f_clk/A (sky130_fd_sc_hd__clkbuf_16)
     3    0.008512    0.052499    0.202856   20.482351 ^ clkbuf_1_1__f_clk/X (sky130_fd_sc_hd__clkbuf_16)
                                                         clknet_1_1__leaf_clk (net)
                      0.052499    0.000091   20.482441 ^ _315_/CLK (sky130_fd_sc_hd__dfrtp_1)
                                 -0.250000   20.232443   clock uncertainty
                                  0.000000   20.232443   clock reconvergence pessimism
                                 -0.286326   19.946115   library setup time
                                             19.946115   data required time
---------------------------------------------------------------------------------------------
                                             19.946115   data required time
                                             -2.879541   data arrival time
---------------------------------------------------------------------------------------------
                                             17.066576   slack (MET)


Startpoint: _316_ (rising edge-triggered flip-flop clocked by clk)
Endpoint: _316_ (rising edge-triggered flip-flop clocked by clk)
Path Group: clk
Path Type: max

Fanout         Cap        Slew       Delay        Time   Description
---------------------------------------------------------------------------------------------
                                  0.000000    0.000000   clock clk (rise edge)
                                  0.000000    0.000000   clock source latency
     1    0.010273    0.082995    0.053769    0.053769 ^ clk (in)
                                                         clk (net)
                      0.082995    0.000000    0.053769 ^ clkbuf_0_clk/A (sky130_fd_sc_hd__clkbuf_16)
     2    0.018651    0.065742    0.225589    0.279358 ^ clkbuf_0_clk/X (sky130_fd_sc_hd__clkbuf_16)
                                                         clknet_0_clk (net)
                      0.065742    0.000174    0.279532 ^ clkbuf_1_0__f_clk/A (sky130_fd_sc_hd__clkbuf_16)
     2    0.004499    0.047111    0.195252    0.474784 ^ clkbuf_1_0__f_clk/X (sky130_fd_sc_hd__clkbuf_16)
                                                         clknet_1_0__leaf_clk (net)
                      0.047111    0.000044    0.474827 ^ _316_/CLK (sky130_fd_sc_hd__dfrtp_1)
     2    0.005997    0.103345    0.755626    1.230454 v _316_/Q (sky130_fd_sc_hd__dfrtp_1)
                                                         clk_counter[2] (net)
                      0.103345    0.000064    1.230518 v hold2/A (sky130_fd_sc_hd__dlygate4sd3_1)
     2    0.009119    0.171042    1.220005    2.450522 v hold2/X (sky130_fd_sc_hd__dlygate4sd3_1)
                                                         net42 (net)
                      0.171042    0.000033    2.450555 v _191_/A (sky130_fd_sc_hd__xnor2_1)
     1    0.002410    0.085779    0.256185    2.706741 v _191_/Y (sky130_fd_sc_hd__xnor2_1)
                                                         _002_ (net)
                      0.085779    0.000024    2.706765 v _316_/D (sky130_fd_sc_hd__dfrtp_1)
                                              2.706765   data arrival time

                                 20.000000   20.000000   clock clk (rise edge)
                                  0.000000   20.000000   clock source latency
     1    0.010273    0.082995    0.053769   20.053768 ^ clk (in)
                                                         clk (net)
                      0.082995    0.000000   20.053768 ^ clkbuf_0_clk/A (sky130_fd_sc_hd__clkbuf_16)
     2    0.018651    0.065742    0.225588   20.279358 ^ clkbuf_0_clk/X (sky130_fd_sc_hd__clkbuf_16)
                                                         clknet_0_clk (net)
                      0.065742    0.000174   20.279531 ^ clkbuf_1_0__f_clk/A (sky130_fd_sc_hd__clkbuf_16)
     2    0.004499    0.047111    0.195252   20.474783 ^ clkbuf_1_0__f_clk/X (sky130_fd_sc_hd__clkbuf_16)
                                                         clknet_1_0__leaf_clk (net)
                      0.047111    0.000044   20.474827 ^ _316_/CLK (sky130_fd_sc_hd__dfrtp_1)
                                 -0.250000   20.224829   clock uncertainty
                                  0.000000   20.224829   clock reconvergence pessimism
                                 -0.289248   19.935581   library setup time
                                             19.935581   data required time
---------------------------------------------------------------------------------------------
                                             19.935581   data required time
                                             -2.706765   data arrival time
---------------------------------------------------------------------------------------------
                                             17.228817   slack (MET)


Startpoint: _314_ (rising edge-triggered flip-flop clocked by clk)
Endpoint: _314_ (rising edge-triggered flip-flop clocked by clk)
Path Group: clk
Path Type: max

Fanout         Cap        Slew       Delay        Time   Description
---------------------------------------------------------------------------------------------
                                  0.000000    0.000000   clock clk (rise edge)
                                  0.000000    0.000000   clock source latency
     1    0.010273    0.082995    0.053769    0.053769 ^ clk (in)
                                                         clk (net)
                      0.082995    0.000000    0.053769 ^ clkbuf_0_clk/A (sky130_fd_sc_hd__clkbuf_16)
     2    0.018651    0.065742    0.225589    0.279358 ^ clkbuf_0_clk/X (sky130_fd_sc_hd__clkbuf_16)
                                                         clknet_0_clk (net)
                      0.065742    0.000174    0.279532 ^ clkbuf_1_0__f_clk/A (sky130_fd_sc_hd__clkbuf_16)
     2    0.004499    0.047111    0.195252    0.474784 ^ clkbuf_1_0__f_clk/X (sky130_fd_sc_hd__clkbuf_16)
                                                         clknet_1_0__leaf_clk (net)
                      0.047111    0.000028    0.474812 ^ _314_/CLK (sky130_fd_sc_hd__dfrtp_1)
     3    0.007866    0.119124    0.772839    1.247651 v _314_/Q (sky130_fd_sc_hd__dfrtp_1)
                                                         clk_counter[0] (net)
                      0.119124    0.000047    1.247698 v hold1/A (sky130_fd_sc_hd__dlygate4sd3_1)
     1    0.004750    0.127126    1.177859    2.425557 v hold1/X (sky130_fd_sc_hd__dlygate4sd3_1)
                                                         net41 (net)
                      0.127126    0.000046    2.425603 v _142_/A (sky130_fd_sc_hd__inv_2)
     3    0.009587    0.086510    0.126461    2.552064 ^ _142_/Y (sky130_fd_sc_hd__inv_2)
                                                         _000_ (net)
                      0.086510    0.000083    2.552148 ^ _314_/D (sky130_fd_sc_hd__dfrtp_1)
                                              2.552148   data arrival time

                                 20.000000   20.000000   clock clk (rise edge)
                                  0.000000   20.000000   clock source latency
     1    0.010273    0.082995    0.053769   20.053768 ^ clk (in)
                                                         clk (net)
                      0.082995    0.000000   20.053768 ^ clkbuf_0_clk/A (sky130_fd_sc_hd__clkbuf_16)
     2    0.018651    0.065742    0.225588   20.279358 ^ clkbuf_0_clk/X (sky130_fd_sc_hd__clkbuf_16)
                                                         clknet_0_clk (net)
                      0.065742    0.000174   20.279531 ^ clkbuf_1_0__f_clk/A (sky130_fd_sc_hd__clkbuf_16)
     2    0.004499    0.047111    0.195252   20.474783 ^ clkbuf_1_0__f_clk/X (sky130_fd_sc_hd__clkbuf_16)
                                                         clknet_1_0__leaf_clk (net)
                      0.047111    0.000028   20.474812 ^ _314_/CLK (sky130_fd_sc_hd__dfrtp_1)
                                 -0.250000   20.224813   clock uncertainty
                                  0.000000   20.224813   clock reconvergence pessimism
                                 -0.141192   20.083620   library setup time
                                             20.083620   data required time
---------------------------------------------------------------------------------------------
                                             20.083620   data required time
                                             -2.552148   data arrival time
---------------------------------------------------------------------------------------------
                                             17.531473   slack (MET)



%OL_END_REPORT
%OL_CREATE_REPORT checks.rpt

===========================================================================
report_checks -unconstrained
===========================================================================
======================= min_ss_100C_1v60 Corner ===================================

Startpoint: rst (input port clocked by clk)
Endpoint: _272_ (recovery check against rising-edge clock clk)
Path Group: asynchronous
Path Type: max

Fanout         Cap        Slew       Delay        Time   Description
---------------------------------------------------------------------------------------------
                                  0.000000    0.000000   clock clk (rise edge)
                                  0.000000    0.000000   clock network delay (propagated)
                                  4.000000    4.000000 v input external delay
     1    0.002574    0.017607    0.008505    4.008505 v rst (in)
                                                         rst (net)
                      0.017607    0.000000    4.008505 v input17/A (sky130_fd_sc_hd__buf_1)
     2    0.013265    0.158824    0.224476    4.232981 v input17/X (sky130_fd_sc_hd__buf_1)
                                                         net17 (net)
                      0.158824    0.000151    4.233131 v fanout40/A (sky130_fd_sc_hd__clkbuf_4)
    10    0.047651    0.181341    0.400856    4.633987 v fanout40/X (sky130_fd_sc_hd__clkbuf_4)
                                                         net40 (net)
                      0.181344    0.001014    4.635001 v _256_/A (sky130_fd_sc_hd__inv_2)
     1    0.003704    0.061948    0.112826    4.747828 ^ _256_/Y (sky130_fd_sc_hd__inv_2)
                                                         _013_ (net)
                      0.061948    0.000033    4.747861 ^ _272_/SET_B (sky130_fd_sc_hd__dfstp_1)
                                              4.747861   data arrival time

                                 20.000000   20.000000   clock clk (rise edge)
                                  0.000000   20.000000   clock source latency
     1    0.010273    0.082995    0.053769   20.053768 ^ clk (in)
                                                         clk (net)
                      0.082995    0.000000   20.053768 ^ clkbuf_0_clk/A (sky130_fd_sc_hd__clkbuf_16)
     2    0.018651    0.065742    0.225588   20.279358 ^ clkbuf_0_clk/X (sky130_fd_sc_hd__clkbuf_16)
                                                         clknet_0_clk (net)
                      0.065742    0.000137   20.279493 ^ clkbuf_1_1__f_clk/A (sky130_fd_sc_hd__clkbuf_16)
     3    0.008512    0.052499    0.202856   20.482351 ^ clkbuf_1_1__f_clk/X (sky130_fd_sc_hd__clkbuf_16)
                                                         clknet_1_1__leaf_clk (net)
                      0.052499    0.000089   20.482439 ^ _272_/CLK (sky130_fd_sc_hd__dfstp_1)
                                 -0.250000   20.232441   clock uncertainty
                                  0.000000   20.232441   clock reconvergence pessimism
                                  0.264137   20.496578   library recovery time
                                             20.496578   data required time
---------------------------------------------------------------------------------------------
                                             20.496578   data required time
                                             -4.747861   data arrival time
---------------------------------------------------------------------------------------------
                                             15.748716   slack (MET)


Startpoint: rst (input port clocked by clk)
Endpoint: ready (output port clocked by clk)
Path Group: clk
Path Type: max

Fanout         Cap        Slew       Delay        Time   Description
---------------------------------------------------------------------------------------------
                                  0.000000    0.000000   clock clk (rise edge)
                                  0.000000    0.000000   clock network delay (propagated)
                                  4.000000    4.000000 ^ input external delay
     1    0.002703    0.031618    0.015261    4.015261 ^ rst (in)
                                                         rst (net)
                      0.031618    0.000000    4.015261 ^ input17/A (sky130_fd_sc_hd__buf_1)
     2    0.013786    0.269653    0.275875    4.291136 ^ input17/X (sky130_fd_sc_hd__buf_1)
                                                         net17 (net)
                      0.269653    0.000157    4.291294 ^ fanout40/A (sky130_fd_sc_hd__clkbuf_4)
    10    0.050230    0.249414    0.471434    4.762727 ^ fanout40/X (sky130_fd_sc_hd__clkbuf_4)
                                                         net40 (net)
                      0.249414    0.000397    4.763124 ^ _186_/A (sky130_fd_sc_hd__nor2_1)
     1    0.002098    0.066910    0.144478    4.907601 v _186_/Y (sky130_fd_sc_hd__nor2_1)
                                                         net27 (net)
                      0.066910    0.000020    4.907621 v output27/A (sky130_fd_sc_hd__buf_2)
     1    0.034099    0.165132    0.342908    5.250530 v output27/X (sky130_fd_sc_hd__buf_2)
                                                         ready (net)
                      0.165132    0.000242    5.250772 v ready (out)
                                              5.250772   data arrival time

                                 20.000000   20.000000   clock clk (rise edge)
                                  0.000000   20.000000   clock network delay (propagated)
                                 -0.250000   19.750002   clock uncertainty
                                  0.000000   19.750002   clock reconvergence pessimism
                                 -4.000000   15.750001   output external delay
                                             15.750001   data required time
---------------------------------------------------------------------------------------------
                                             15.750001   data required time
                                             -5.250772   data arrival time
---------------------------------------------------------------------------------------------
                                             10.499228   slack (MET)




===========================================================================
report_checks --slack_max -0.01
============================================================================
======================= min_ss_100C_1v60 Corner ===================================

No paths found.


===========================================================================
 report_check_types -max_slew -max_cap -max_fanout -violators
============================================================================
======================= min_ss_100C_1v60 Corner ===================================



===========================================================================
report_parasitic_annotation -report_unannotated
============================================================================
Found 1 unannotated drivers.
 clkload0/X
Found 0 partially unannotated drivers.

===========================================================================
max slew violation count 0
%OL_METRIC_I design__max_slew_violation__count__corner:min_ss_100C_1v60 0
max fanout violation count 0
%OL_METRIC_I design__max_fanout_violation__count__corner:min_ss_100C_1v60 0
max cap violation count 0
%OL_METRIC_I design__max_cap_violation__count__corner:min_ss_100C_1v60 0
============================================================================

===========================================================================
check_setup -verbose -unconstrained_endpoints -multiple_clock -no_clock -no_input_delay -loops -generated_clocks
===========================================================================
Warning: There are 41 unclocked register/latch pins.
  _273_/CLK
  _274_/CLK
  _275_/CLK
  _276_/CLK
  _277_/CLK
  _278_/CLK
  _279_/CLK
  _280_/CLK
  _281_/CLK
  _282_/CLK
  _283_/CLK
  _284_/CLK
  _285_/CLK
  _286_/CLK
  _287_/CLK
  _288_/CLK
  _289_/CLK
  _290_/CLK
  _291_/CLK
  _292_/CLK
  _293_/CLK
  _294_/CLK
  _295_/CLK
  _296_/CLK
  _297_/CLK
  _298_/CLK
  _299_/CLK
  _300_/CLK
  _301_/CLK
  _302_/CLK
  _303_/CLK
  _304_/CLK
  _305_/CLK
  _306_/CLK
  _307_/CLK
  _308_/CLK
  _309_/CLK
  _310_/CLK
  _311_/CLK
  _312_/CLK
  _313_/CLK
Warning: There are 50 unconstrained endpoints.
  data_out[0]
  data_out[1]
  data_out[2]
  data_out[3]
  data_out[4]
  data_out[5]
  data_out[6]
  data_out[7]
  i2c_sda
  _273_/D
  _274_/D
  _275_/D
  _276_/D
  _277_/D
  _278_/D
  _279_/D
  _280_/D
  _281_/D
  _282_/D
  _283_/D
  _284_/D
  _285_/D
  _286_/D
  _287_/D
  _288_/D
  _289_/D
  _290_/D
  _291_/D
  _292_/D
  _293_/D
  _294_/D
  _295_/D
  _296_/D
  _297_/D
  _298_/D
  _299_/D
  _300_/D
  _301_/D
  _302_/D
  _303_/D
  _304_/D
  _305_/D
  _306_/D
  _307_/D
  _308_/D
  _309_/D
  _310_/D
  _311_/D
  _312_/D
  _313_/D
%OL_END_REPORT
%OL_CREATE_REPORT power.rpt

===========================================================================
 report_power
============================================================================
======================= min_ss_100C_1v60 Corner ===================================

Group                    Internal    Switching      Leakage        Total
                            Power        Power        Power        Power (Watts)
------------------------------------------------------------------------
Sequential           1.256707e-05 1.795492e-05 7.127609e-07 3.123475e-05  35.0%
Combinational        1.831689e-05 1.235254e-05 8.262401e-07 3.149567e-05  35.3%
Clock                2.238409e-05 4.052796e-06 6.408361e-08 2.650097e-05  29.7%
Macro                0.000000e+00 0.000000e+00 0.000000e+00 0.000000e+00   0.0%
Pad                  0.000000e+00 0.000000e+00 0.000000e+00 0.000000e+00   0.0%
------------------------------------------------------------------------
Total                5.326804e-05 3.436026e-05 1.603085e-06 8.923138e-05 100.0%
                            59.7%        38.5%         1.8%
%OL_METRIC_F power__internal__total 5.326803875504993e-5
%OL_METRIC_F power__switching__total 3.436025508563034e-5
%OL_METRIC_F power__leakage__total 1.6030854794735205e-6
%OL_METRIC_F power__total 8.923137647798285e-5

%OL_END_REPORT
%OL_CREATE_REPORT skew.min.rpt

===========================================================================
Clock Skew (Hold)
============================================================================
%OL_METRIC_F clock__skew__worst_hold__corner:min_ss_100C_1v60 -0.2576289532406245
======================= min_ss_100C_1v60 Corner ===================================

Clock clk
0.474812 source latency _314_/CLK ^
-0.482441 target latency _315_/CLK ^
-0.250000 clock uncertainty
0.000000 CRPR
--------------
-0.257629 hold skew

%OL_END_REPORT
%OL_CREATE_REPORT skew.max.rpt

===========================================================================
Clock Skew (Setup)
============================================================================
%OL_METRIC_F clock__skew__worst_setup__corner:min_ss_100C_1v60 0.25761341011784017
======================= min_ss_100C_1v60 Corner ===================================

Clock clk
0.482441 source latency _315_/CLK ^
-0.474827 target latency _316_/CLK ^
0.250000 clock uncertainty
0.000000 CRPR
--------------
0.257613 setup skew

%OL_END_REPORT
%OL_CREATE_REPORT ws.min.rpt

===========================================================================
Worst Slack (Hold)
============================================================================
%OL_METRIC_F timing__hold__ws__corner:min_ss_100C_1v60 0.9648784266895847
min_ss_100C_1v60: 0.9648784266895847
%OL_END_REPORT
%OL_CREATE_REPORT ws.max.rpt

===========================================================================
Worst Slack (Setup)
============================================================================
%OL_METRIC_F timing__setup__ws__corner:min_ss_100C_1v60 10.499228450487216
min_ss_100C_1v60: 10.499228450487216
%OL_END_REPORT
%OL_CREATE_REPORT tns.min.rpt

===========================================================================
Total Negative Slack (Hold)
============================================================================
%OL_METRIC_F timing__hold__tns__corner:min_ss_100C_1v60 0.0
min_ss_100C_1v60: 0.0
%OL_END_REPORT
%OL_CREATE_REPORT tns.max.rpt

===========================================================================
Total Negative Slack (Setup)
============================================================================
%OL_METRIC_F timing__setup__tns__corner:min_ss_100C_1v60 0.0
min_ss_100C_1v60: 0.0
%OL_END_REPORT
%OL_CREATE_REPORT wns.min.rpt

===========================================================================
Worst Negative Slack (Hold)
============================================================================
%OL_METRIC_F timing__hold__wns__corner:min_ss_100C_1v60 0
min_ss_100C_1v60: 0
%OL_END_REPORT
%OL_CREATE_REPORT wns.max.rpt

===========================================================================
Worst Negative Slack (Setup)
============================================================================
%OL_METRIC_F timing__setup__wns__corner:min_ss_100C_1v60 0.0
min_ss_100C_1v60: 0.0
%OL_END_REPORT
%OL_CREATE_REPORT violator_list.rpt

===========================================================================
Violator List
============================================================================
%OL_METRIC_I timing__hold_vio__count__corner:min_ss_100C_1v60 0
%OL_METRIC_F timing__hold_r2r__ws__corner:min_ss_100C_1v60 0.964878
%OL_METRIC_I timing__hold_r2r_vio__count__corner:min_ss_100C_1v60 0
%OL_METRIC_I timing__setup_vio__count__corner:min_ss_100C_1v60 0
%OL_METRIC_F timing__setup_r2r__ws__corner:min_ss_100C_1v60 15.448792
%OL_METRIC_I timing__setup_r2r_vio__count__corner:min_ss_100C_1v60 0
%OL_END_REPORT
%OL_CREATE_REPORT unpropagated.rpt
%OL_END_REPORT
%OL_CREATE_REPORT clock.rpt
Clock: clk
Sources: clk 
Generated: no
Virtual: yes
Propagated: no
Period: 20.000000

===========================================================================
report_clock_properties
============================================================================
Clock                   Period          Waveform
----------------------------------------------------
clk                  20.000000    0.000000 10.000000

===========================================================================
report_clock_latency
============================================================================
Clock clk
rise -> rise
    min     max
0.000000 0.000000 source latency
0.474812         network latency _314_/CLK
        2.273787 network latency _294_/CLK
---------------
0.474812 2.273787 latency
        1.798975 skew

rise -> fall
    min     max
0.000000 0.000000 source latency
1.467129         network latency _293_/CLK
        2.410098 network latency _295_/CLK
---------------
1.467129 2.410098 latency
        0.942969 skew

fall -> fall
    min     max
0.000000 0.000000 source latency
0.499925         network latency _314_/CLK
        0.506161 network latency _315_/CLK
---------------
0.499925 0.506161 latency
        0.006236 skew



===========================================================================
report_clock_min_period
============================================================================
clk period_min = 4.55 fmax = 219.72
%OL_END_REPORT
Writing SDF files for all corners…
Removing Clock latencies before writing libs…
Writing timing models for all corners…
Writing timing models for the min_ss_100C_1v60 corner to /home/davidsales/Documentos/Coding/Main_HDL/Synthesis/designs/i2c_master/runs/RUN_2026-02-24_21-34-25/54-openroad-stapostpnr/min_ss_100C_1v60/i2c_master_controller__min_ss_100C_1v60.lib…
