Clock: clk
Sources: clk 
Generated: no
Virtual: no
Propagated: no
Period: 20.000000

===========================================================================
report_clock_properties
============================================================================
Clock                   Period          Waveform
----------------------------------------------------
clk                  20.000000    0.000000 10.000000

===========================================================================
report_clock_latency
============================================================================
Clock clk
rise -> rise
    min     max
0.000000 0.000000 source latency
0.025841         network latency _272_/CLK
        0.855866 network latency _273_/CLK
---------------
0.025841 0.855866 latency
        0.830025 skew

rise -> fall
    min     max
0.000000 0.000000 source latency
0.537021         network latency _273_/CLK
        0.924607 network latency _295_/CLK
---------------
0.537021 0.924607 latency
        0.387586 skew

fall -> fall
    min     max
0.000000 0.000000 source latency
0.011097         network latency _272_/CLK
        0.011097 network latency _272_/CLK
---------------
0.011097 0.011097 latency
        0.000000 skew



===========================================================================
report_clock_min_period
============================================================================
clk period_min = 1.38 fmax = 723.11
