
===========================================================================
report_checks -unconstrained
===========================================================================
======================= nom_ss_100C_1v60 Corner ===================================

Startpoint: rst (input port clocked by clk)
Endpoint: _272_ (recovery check against rising-edge clock clk)
Path Group: asynchronous
Path Type: max

Fanout         Cap        Slew       Delay        Time   Description
---------------------------------------------------------------------------------------------
                                  0.000000    0.000000   clock clk (rise edge)
                                  0.000000    0.000000   clock network delay (propagated)
                                  4.000000    4.000000 v input external delay
     1    0.002621    0.017780    0.008672    4.008672 v rst (in)
                                                         rst (net)
                      0.017780    0.000000    4.008672 v input17/A (sky130_fd_sc_hd__buf_1)
     2    0.014003    0.166868    0.230217    4.238889 v input17/X (sky130_fd_sc_hd__buf_1)
                                                         net17 (net)
                      0.166868    0.000336    4.239224 v fanout40/A (sky130_fd_sc_hd__clkbuf_4)
    10    0.048987    0.185807    0.407486    4.646711 v fanout40/X (sky130_fd_sc_hd__clkbuf_4)
                                                         net40 (net)
                      0.185825    0.001934    4.648645 v _256_/A (sky130_fd_sc_hd__inv_2)
     1    0.003771    0.063247    0.115012    4.763657 ^ _256_/Y (sky130_fd_sc_hd__inv_2)
                                                         _013_ (net)
                      0.063247    0.000080    4.763738 ^ _272_/SET_B (sky130_fd_sc_hd__dfstp_1)
                                              4.763738   data arrival time

                                 20.000000   20.000000   clock clk (rise edge)
                                  0.000000   20.000000   clock source latency
     1    0.010495    0.084531    0.054927   20.054928 ^ clk (in)
                                                         clk (net)
                      0.084533    0.000000   20.054928 ^ clkbuf_0_clk/A (sky130_fd_sc_hd__clkbuf_16)
     2    0.019016    0.066202    0.226720   20.281647 ^ clkbuf_0_clk/X (sky130_fd_sc_hd__clkbuf_16)
                                                         clknet_0_clk (net)
                      0.066202    0.000405   20.282053 ^ clkbuf_1_1__f_clk/A (sky130_fd_sc_hd__clkbuf_16)
     3    0.008778    0.052976    0.203540   20.485592 ^ clkbuf_1_1__f_clk/X (sky130_fd_sc_hd__clkbuf_16)
                                                         clknet_1_1__leaf_clk (net)
                      0.052976    0.000211   20.485804 ^ _272_/CLK (sky130_fd_sc_hd__dfstp_1)
                                 -0.250000   20.235806   clock uncertainty
                                  0.000000   20.235806   clock reconvergence pessimism
                                  0.264114   20.499918   library recovery time
                                             20.499918   data required time
---------------------------------------------------------------------------------------------
                                             20.499918   data required time
                                             -4.763738   data arrival time
---------------------------------------------------------------------------------------------
                                             15.736181   slack (MET)


Startpoint: rst (input port clocked by clk)
Endpoint: ready (output port clocked by clk)
Path Group: clk
Path Type: max

Fanout         Cap        Slew       Delay        Time   Description
---------------------------------------------------------------------------------------------
                                  0.000000    0.000000   clock clk (rise edge)
                                  0.000000    0.000000   clock network delay (propagated)
                                  4.000000    4.000000 ^ input external delay
     1    0.002750    0.031923    0.015528    4.015529 ^ rst (in)
                                                         rst (net)
                      0.031923    0.000000    4.015529 ^ input17/A (sky130_fd_sc_hd__buf_1)
     2    0.014524    0.283132    0.285345    4.300874 ^ input17/X (sky130_fd_sc_hd__buf_1)
                                                         net17 (net)
                      0.283132    0.000350    4.301224 ^ fanout40/A (sky130_fd_sc_hd__clkbuf_4)
    10    0.051566    0.255492    0.481136    4.782360 ^ fanout40/X (sky130_fd_sc_hd__clkbuf_4)
                                                         net40 (net)
                      0.255492    0.001037    4.783397 ^ _186_/A (sky130_fd_sc_hd__nor2_1)
     1    0.002140    0.068031    0.146571    4.929968 v _186_/Y (sky130_fd_sc_hd__nor2_1)
                                                         net27 (net)
                      0.068031    0.000060    4.930028 v output27/A (sky130_fd_sc_hd__buf_2)
     1    0.034164    0.165521    0.343307    5.273335 v output27/X (sky130_fd_sc_hd__buf_2)
                                                         ready (net)
                      0.165522    0.000706    5.274041 v ready (out)
                                              5.274041   data arrival time

                                 20.000000   20.000000   clock clk (rise edge)
                                  0.000000   20.000000   clock network delay (propagated)
                                 -0.250000   19.750002   clock uncertainty
                                  0.000000   19.750002   clock reconvergence pessimism
                                 -4.000000   15.750001   output external delay
                                             15.750001   data required time
---------------------------------------------------------------------------------------------
                                             15.750001   data required time
                                             -5.274041   data arrival time
---------------------------------------------------------------------------------------------
                                             10.475960   slack (MET)




===========================================================================
report_checks --slack_max -0.01
============================================================================
======================= nom_ss_100C_1v60 Corner ===================================

No paths found.


===========================================================================
 report_check_types -max_slew -max_cap -max_fanout -violators
============================================================================
======================= nom_ss_100C_1v60 Corner ===================================



===========================================================================
report_parasitic_annotation -report_unannotated
============================================================================
Found 1 unannotated drivers.
 clkload0/X
Found 0 partially unannotated drivers.

===========================================================================
max slew violation count 0
max fanout violation count 0
max cap violation count 0
============================================================================

===========================================================================
check_setup -verbose -unconstrained_endpoints -multiple_clock -no_clock -no_input_delay -loops -generated_clocks
===========================================================================
Warning: There are 41 unclocked register/latch pins.
  _273_/CLK
  _274_/CLK
  _275_/CLK
  _276_/CLK
  _277_/CLK
  _278_/CLK
  _279_/CLK
  _280_/CLK
  _281_/CLK
  _282_/CLK
  _283_/CLK
  _284_/CLK
  _285_/CLK
  _286_/CLK
  _287_/CLK
  _288_/CLK
  _289_/CLK
  _290_/CLK
  _291_/CLK
  _292_/CLK
  _293_/CLK
  _294_/CLK
  _295_/CLK
  _296_/CLK
  _297_/CLK
  _298_/CLK
  _299_/CLK
  _300_/CLK
  _301_/CLK
  _302_/CLK
  _303_/CLK
  _304_/CLK
  _305_/CLK
  _306_/CLK
  _307_/CLK
  _308_/CLK
  _309_/CLK
  _310_/CLK
  _311_/CLK
  _312_/CLK
  _313_/CLK
Warning: There are 50 unconstrained endpoints.
  data_out[0]
  data_out[1]
  data_out[2]
  data_out[3]
  data_out[4]
  data_out[5]
  data_out[6]
  data_out[7]
  i2c_sda
  _273_/D
  _274_/D
  _275_/D
  _276_/D
  _277_/D
  _278_/D
  _279_/D
  _280_/D
  _281_/D
  _282_/D
  _283_/D
  _284_/D
  _285_/D
  _286_/D
  _287_/D
  _288_/D
  _289_/D
  _290_/D
  _291_/D
  _292_/D
  _293_/D
  _294_/D
  _295_/D
  _296_/D
  _297_/D
  _298_/D
  _299_/D
  _300_/D
  _301_/D
  _302_/D
  _303_/D
  _304_/D
  _305_/D
  _306_/D
  _307_/D
  _308_/D
  _309_/D
  _310_/D
  _311_/D
  _312_/D
  _313_/D
