
===========================================================================
report_checks -path_delay max (Setup)
============================================================================
======================= nom_ss_100C_1v60 Corner ===================================

Startpoint: rst (input port clocked by clk)
Endpoint: ready (output port clocked by clk)
Path Group: clk
Path Type: max

Fanout         Cap        Slew       Delay        Time   Description
---------------------------------------------------------------------------------------------
                                  0.000000    0.000000   clock clk (rise edge)
                                  0.000000    0.000000   clock network delay (propagated)
                                  4.000000    4.000000 ^ input external delay
     1    0.002750    0.031923    0.015528    4.015529 ^ rst (in)
                                                         rst (net)
                      0.031923    0.000000    4.015529 ^ input17/A (sky130_fd_sc_hd__buf_1)
     2    0.014524    0.283132    0.285345    4.300874 ^ input17/X (sky130_fd_sc_hd__buf_1)
                                                         net17 (net)
                      0.283132    0.000350    4.301224 ^ fanout40/A (sky130_fd_sc_hd__clkbuf_4)
    10    0.051566    0.255492    0.481136    4.782360 ^ fanout40/X (sky130_fd_sc_hd__clkbuf_4)
                                                         net40 (net)
                      0.255492    0.001037    4.783397 ^ _186_/A (sky130_fd_sc_hd__nor2_1)
     1    0.002140    0.068031    0.146571    4.929968 v _186_/Y (sky130_fd_sc_hd__nor2_1)
                                                         net27 (net)
                      0.068031    0.000060    4.930028 v output27/A (sky130_fd_sc_hd__buf_2)
     1    0.034164    0.165521    0.343307    5.273335 v output27/X (sky130_fd_sc_hd__buf_2)
                                                         ready (net)
                      0.165522    0.000706    5.274041 v ready (out)
                                              5.274041   data arrival time

                                 20.000000   20.000000   clock clk (rise edge)
                                  0.000000   20.000000   clock network delay (propagated)
                                 -0.250000   19.750002   clock uncertainty
                                  0.000000   19.750002   clock reconvergence pessimism
                                 -4.000000   15.750001   output external delay
                                             15.750001   data required time
---------------------------------------------------------------------------------------------
                                             15.750001   data required time
                                             -5.274041   data arrival time
---------------------------------------------------------------------------------------------
                                             10.475960   slack (MET)


Startpoint: _272_ (rising edge-triggered flip-flop clocked by clk)
Endpoint: i2c_scl (output port clocked by clk)
Path Group: clk
Path Type: max

Fanout         Cap        Slew       Delay        Time   Description
---------------------------------------------------------------------------------------------
                                  0.000000    0.000000   clock clk (rise edge)
                                  0.000000    0.000000   clock source latency
     1    0.010495    0.084531    0.054927    0.054927 ^ clk (in)
                                                         clk (net)
                      0.084533    0.000000    0.054927 ^ clkbuf_0_clk/A (sky130_fd_sc_hd__clkbuf_16)
     2    0.019016    0.066202    0.226720    0.281646 ^ clkbuf_0_clk/X (sky130_fd_sc_hd__clkbuf_16)
                                                         clknet_0_clk (net)
                      0.066202    0.000405    0.282051 ^ clkbuf_1_1__f_clk/A (sky130_fd_sc_hd__clkbuf_16)
     3    0.008778    0.052976    0.203540    0.485591 ^ clkbuf_1_1__f_clk/X (sky130_fd_sc_hd__clkbuf_16)
                                                         clknet_1_1__leaf_clk (net)
                      0.052976    0.000213    0.485804 ^ _272_/CLK (sky130_fd_sc_hd__dfstp_1)
     1    0.003415    0.084012    1.062501    1.548305 ^ _272_/Q (sky130_fd_sc_hd__dfstp_1)
                                                         i2c_clk (net)
                      0.084012    0.000101    1.548406 ^ fanout38/A (sky130_fd_sc_hd__clkbuf_2)
     7    0.028390    0.246997    0.325314    1.873720 ^ fanout38/X (sky130_fd_sc_hd__clkbuf_2)
                                                         net38 (net)
                      0.246997    0.000888    1.874608 ^ fanout34/A (sky130_fd_sc_hd__buf_2)
    10    0.031685    0.253430    0.410572    2.285180 ^ fanout34/X (sky130_fd_sc_hd__buf_2)
                                                         net34 (net)
                      0.253430    0.000820    2.286000 ^ _138_/A (sky130_fd_sc_hd__inv_2)
     2    0.010445    0.078768    0.148960    2.434960 v _138_/Y (sky130_fd_sc_hd__inv_2)
                                                         _025_ (net)
                      0.078768    0.000192    2.435152 v _187_/A (sky130_fd_sc_hd__nand2_4)
     1    0.034914    0.183698    0.180503    2.615655 ^ _187_/Y (sky130_fd_sc_hd__nand2_4)
                                                         i2c_scl (net)
     0    0.034914    0.183769    0.000933    2.616588 ^ i2c_scl (inout)
                                                         i2c_scl (net)
                                              2.616588   data arrival time

                                 20.000000   20.000000   clock clk (rise edge)
                                  0.000000   20.000000   clock network delay (propagated)
                                 -0.250000   19.750002   clock uncertainty
                                  0.000000   19.750002   clock reconvergence pessimism
                                 -4.000000   15.750001   output external delay
                                             15.750001   data required time
---------------------------------------------------------------------------------------------
                                             15.750001   data required time
                                             -2.616588   data arrival time
---------------------------------------------------------------------------------------------
                                             13.133413   slack (MET)


Startpoint: _314_ (rising edge-triggered flip-flop clocked by clk)
Endpoint: _272_ (rising edge-triggered flip-flop clocked by clk)
Path Group: clk
Path Type: max

Fanout         Cap        Slew       Delay        Time   Description
---------------------------------------------------------------------------------------------
                                  0.000000    0.000000   clock clk (rise edge)
                                  0.000000    0.000000   clock source latency
     1    0.010495    0.084531    0.054927    0.054927 ^ clk (in)
                                                         clk (net)
                      0.084533    0.000000    0.054927 ^ clkbuf_0_clk/A (sky130_fd_sc_hd__clkbuf_16)
     2    0.019016    0.066202    0.226720    0.281646 ^ clkbuf_0_clk/X (sky130_fd_sc_hd__clkbuf_16)
                                                         clknet_0_clk (net)
                      0.066202    0.000462    0.282109 ^ clkbuf_1_0__f_clk/A (sky130_fd_sc_hd__clkbuf_16)
     2    0.004585    0.047231    0.195612    0.477721 ^ clkbuf_1_0__f_clk/X (sky130_fd_sc_hd__clkbuf_16)
                                                         clknet_1_0__leaf_clk (net)
                      0.047232    0.000094    0.477815 ^ _314_/CLK (sky130_fd_sc_hd__dfrtp_1)
     3    0.008496    0.147043    0.689829    1.167643 ^ _314_/Q (sky130_fd_sc_hd__dfrtp_1)
                                                         clk_counter[0] (net)
                      0.147043    0.000153    1.167796 ^ hold1/A (sky130_fd_sc_hd__dlygate4sd3_1)
     1    0.005107    0.123137    1.104573    2.272369 ^ hold1/X (sky130_fd_sc_hd__dlygate4sd3_1)
                                                         net41 (net)
                      0.123137    0.000153    2.272522 ^ _142_/A (sky130_fd_sc_hd__inv_2)
     3    0.009663    0.055183    0.097922    2.370444 v _142_/Y (sky130_fd_sc_hd__inv_2)
                                                         _000_ (net)
                      0.055183    0.000224    2.370667 v _174_/A (sky130_fd_sc_hd__or3_1)
     1    0.002101    0.127545    0.818510    3.189177 v _174_/X (sky130_fd_sc_hd__or3_1)
                                                         _097_ (net)
                      0.127545    0.000061    3.189239 v hold4/A (sky130_fd_sc_hd__dlygate4sd3_1)
     1    0.004722    0.127048    1.181629    4.370867 v hold4/X (sky130_fd_sc_hd__dlygate4sd3_1)
                                                         net44 (net)
                      0.127048    0.000095    4.370962 v _175_/B (sky130_fd_sc_hd__xnor2_1)
     1    0.004108    0.228900    0.268112    4.639074 ^ _175_/Y (sky130_fd_sc_hd__xnor2_1)
                                                         _033_ (net)
                      0.228900    0.000164    4.639238 ^ _272_/D (sky130_fd_sc_hd__dfstp_1)
                                              4.639238   data arrival time

                                 20.000000   20.000000   clock clk (rise edge)
                                  0.000000   20.000000   clock source latency
     1    0.010495    0.084531    0.054927   20.054928 ^ clk (in)
                                                         clk (net)
                      0.084533    0.000000   20.054928 ^ clkbuf_0_clk/A (sky130_fd_sc_hd__clkbuf_16)
     2    0.019016    0.066202    0.226720   20.281647 ^ clkbuf_0_clk/X (sky130_fd_sc_hd__clkbuf_16)
                                                         clknet_0_clk (net)
                      0.066202    0.000405   20.282053 ^ clkbuf_1_1__f_clk/A (sky130_fd_sc_hd__clkbuf_16)
     3    0.008778    0.052976    0.203540   20.485592 ^ clkbuf_1_1__f_clk/X (sky130_fd_sc_hd__clkbuf_16)
                                                         clknet_1_1__leaf_clk (net)
                      0.052976    0.000211   20.485804 ^ _272_/CLK (sky130_fd_sc_hd__dfstp_1)
                                 -0.250000   20.235806   clock uncertainty
                                  0.000000   20.235806   clock reconvergence pessimism
                                 -0.160425   20.075380   library setup time
                                             20.075380   data required time
---------------------------------------------------------------------------------------------
                                             20.075380   data required time
                                             -4.639238   data arrival time
---------------------------------------------------------------------------------------------
                                             15.436142   slack (MET)


Startpoint: rst (input port clocked by clk)
Endpoint: _272_ (recovery check against rising-edge clock clk)
Path Group: asynchronous
Path Type: max

Fanout         Cap        Slew       Delay        Time   Description
---------------------------------------------------------------------------------------------
                                  0.000000    0.000000   clock clk (rise edge)
                                  0.000000    0.000000   clock network delay (propagated)
                                  4.000000    4.000000 v input external delay
     1    0.002621    0.017780    0.008672    4.008672 v rst (in)
                                                         rst (net)
                      0.017780    0.000000    4.008672 v input17/A (sky130_fd_sc_hd__buf_1)
     2    0.014003    0.166868    0.230217    4.238889 v input17/X (sky130_fd_sc_hd__buf_1)
                                                         net17 (net)
                      0.166868    0.000336    4.239224 v fanout40/A (sky130_fd_sc_hd__clkbuf_4)
    10    0.048987    0.185807    0.407486    4.646711 v fanout40/X (sky130_fd_sc_hd__clkbuf_4)
                                                         net40 (net)
                      0.185825    0.001934    4.648645 v _256_/A (sky130_fd_sc_hd__inv_2)
     1    0.003771    0.063247    0.115012    4.763657 ^ _256_/Y (sky130_fd_sc_hd__inv_2)
                                                         _013_ (net)
                      0.063247    0.000080    4.763738 ^ _272_/SET_B (sky130_fd_sc_hd__dfstp_1)
                                              4.763738   data arrival time

                                 20.000000   20.000000   clock clk (rise edge)
                                  0.000000   20.000000   clock source latency
     1    0.010495    0.084531    0.054927   20.054928 ^ clk (in)
                                                         clk (net)
                      0.084533    0.000000   20.054928 ^ clkbuf_0_clk/A (sky130_fd_sc_hd__clkbuf_16)
     2    0.019016    0.066202    0.226720   20.281647 ^ clkbuf_0_clk/X (sky130_fd_sc_hd__clkbuf_16)
                                                         clknet_0_clk (net)
                      0.066202    0.000405   20.282053 ^ clkbuf_1_1__f_clk/A (sky130_fd_sc_hd__clkbuf_16)
     3    0.008778    0.052976    0.203540   20.485592 ^ clkbuf_1_1__f_clk/X (sky130_fd_sc_hd__clkbuf_16)
                                                         clknet_1_1__leaf_clk (net)
                      0.052976    0.000211   20.485804 ^ _272_/CLK (sky130_fd_sc_hd__dfstp_1)
                                 -0.250000   20.235806   clock uncertainty
                                  0.000000   20.235806   clock reconvergence pessimism
                                  0.264114   20.499918   library recovery time
                                             20.499918   data required time
---------------------------------------------------------------------------------------------
                                             20.499918   data required time
                                             -4.763738   data arrival time
---------------------------------------------------------------------------------------------
                                             15.736181   slack (MET)


Startpoint: rst (input port clocked by clk)
Endpoint: _316_ (recovery check against rising-edge clock clk)
Path Group: asynchronous
Path Type: max

Fanout         Cap        Slew       Delay        Time   Description
---------------------------------------------------------------------------------------------
                                  0.000000    0.000000   clock clk (rise edge)
                                  0.000000    0.000000   clock network delay (propagated)
                                  4.000000    4.000000 v input external delay
     1    0.002621    0.017780    0.008672    4.008672 v rst (in)
                                                         rst (net)
                      0.017780    0.000000    4.008672 v input17/A (sky130_fd_sc_hd__buf_1)
     2    0.014003    0.166868    0.230217    4.238889 v input17/X (sky130_fd_sc_hd__buf_1)
                                                         net17 (net)
                      0.166868    0.000336    4.239224 v fanout40/A (sky130_fd_sc_hd__clkbuf_4)
    10    0.048987    0.185807    0.407486    4.646711 v fanout40/X (sky130_fd_sc_hd__clkbuf_4)
                                                         net40 (net)
                      0.185819    0.001637    4.648347 v _271_/A (sky130_fd_sc_hd__inv_2)
     1    0.005819    0.075999    0.131536    4.779884 ^ _271_/Y (sky130_fd_sc_hd__inv_2)
                                                         _032_ (net)
                      0.075999    0.000166    4.780050 ^ _316_/RESET_B (sky130_fd_sc_hd__dfrtp_1)
                                              4.780050   data arrival time

                                 20.000000   20.000000   clock clk (rise edge)
                                  0.000000   20.000000   clock source latency
     1    0.010495    0.084531    0.054927   20.054928 ^ clk (in)
                                                         clk (net)
                      0.084533    0.000000   20.054928 ^ clkbuf_0_clk/A (sky130_fd_sc_hd__clkbuf_16)
     2    0.019016    0.066202    0.226720   20.281647 ^ clkbuf_0_clk/X (sky130_fd_sc_hd__clkbuf_16)
                                                         clknet_0_clk (net)
                      0.066202    0.000462   20.282108 ^ clkbuf_1_0__f_clk/A (sky130_fd_sc_hd__clkbuf_16)
     2    0.004585    0.047231    0.195612   20.477722 ^ clkbuf_1_0__f_clk/X (sky130_fd_sc_hd__clkbuf_16)
                                                         clknet_1_0__leaf_clk (net)
                      0.047232    0.000117   20.477839 ^ _316_/CLK (sky130_fd_sc_hd__dfrtp_1)
                                 -0.250000   20.227840   clock uncertainty
                                  0.000000   20.227840   clock reconvergence pessimism
                                  0.452775   20.680614   library recovery time
                                             20.680614   data required time
---------------------------------------------------------------------------------------------
                                             20.680614   data required time
                                             -4.780050   data arrival time
---------------------------------------------------------------------------------------------
                                             15.900565   slack (MET)


Startpoint: rst (input port clocked by clk)
Endpoint: _314_ (recovery check against rising-edge clock clk)
Path Group: asynchronous
Path Type: max

Fanout         Cap        Slew       Delay        Time   Description
---------------------------------------------------------------------------------------------
                                  0.000000    0.000000   clock clk (rise edge)
                                  0.000000    0.000000   clock network delay (propagated)
                                  4.000000    4.000000 v input external delay
     1    0.002621    0.017780    0.008672    4.008672 v rst (in)
                                                         rst (net)
                      0.017780    0.000000    4.008672 v input17/A (sky130_fd_sc_hd__buf_1)
     2    0.014003    0.166868    0.230217    4.238889 v input17/X (sky130_fd_sc_hd__buf_1)
                                                         net17 (net)
                      0.166868    0.000336    4.239224 v fanout40/A (sky130_fd_sc_hd__clkbuf_4)
    10    0.048987    0.185807    0.407486    4.646711 v fanout40/X (sky130_fd_sc_hd__clkbuf_4)
                                                         net40 (net)
                      0.185824    0.001861    4.648571 v _269_/A (sky130_fd_sc_hd__inv_2)
     1    0.004609    0.068391    0.122005    4.770576 ^ _269_/Y (sky130_fd_sc_hd__inv_2)
                                                         _030_ (net)
                      0.068391    0.000115    4.770690 ^ _314_/RESET_B (sky130_fd_sc_hd__dfrtp_1)
                                              4.770690   data arrival time

                                 20.000000   20.000000   clock clk (rise edge)
                                  0.000000   20.000000   clock source latency
     1    0.010495    0.084531    0.054927   20.054928 ^ clk (in)
                                                         clk (net)
                      0.084533    0.000000   20.054928 ^ clkbuf_0_clk/A (sky130_fd_sc_hd__clkbuf_16)
     2    0.019016    0.066202    0.226720   20.281647 ^ clkbuf_0_clk/X (sky130_fd_sc_hd__clkbuf_16)
                                                         clknet_0_clk (net)
                      0.066202    0.000462   20.282108 ^ clkbuf_1_0__f_clk/A (sky130_fd_sc_hd__clkbuf_16)
     2    0.004585    0.047231    0.195612   20.477722 ^ clkbuf_1_0__f_clk/X (sky130_fd_sc_hd__clkbuf_16)
                                                         clknet_1_0__leaf_clk (net)
                      0.047232    0.000094   20.477816 ^ _314_/CLK (sky130_fd_sc_hd__dfrtp_1)
                                 -0.250000   20.227816   clock uncertainty
                                  0.000000   20.227816   clock reconvergence pessimism
                                  0.455597   20.683413   library recovery time
                                             20.683413   data required time
---------------------------------------------------------------------------------------------
                                             20.683413   data required time
                                             -4.770690   data arrival time
---------------------------------------------------------------------------------------------
                                             15.912723   slack (MET)


Startpoint: rst (input port clocked by clk)
Endpoint: _315_ (recovery check against rising-edge clock clk)
Path Group: asynchronous
Path Type: max

Fanout         Cap        Slew       Delay        Time   Description
---------------------------------------------------------------------------------------------
                                  0.000000    0.000000   clock clk (rise edge)
                                  0.000000    0.000000   clock network delay (propagated)
                                  4.000000    4.000000 v input external delay
     1    0.002621    0.017780    0.008672    4.008672 v rst (in)
                                                         rst (net)
                      0.017780    0.000000    4.008672 v input17/A (sky130_fd_sc_hd__buf_1)
     2    0.014003    0.166868    0.230217    4.238889 v input17/X (sky130_fd_sc_hd__buf_1)
                                                         net17 (net)
                      0.166868    0.000336    4.239224 v fanout40/A (sky130_fd_sc_hd__clkbuf_4)
    10    0.048987    0.185807    0.407486    4.646711 v fanout40/X (sky130_fd_sc_hd__clkbuf_4)
                                                         net40 (net)
                      0.185825    0.001927    4.648638 v _270_/A (sky130_fd_sc_hd__inv_2)
     1    0.004172    0.065650    0.118360    4.766998 ^ _270_/Y (sky130_fd_sc_hd__inv_2)
                                                         _031_ (net)
                      0.065650    0.000094    4.767091 ^ _315_/RESET_B (sky130_fd_sc_hd__dfrtp_1)
                                              4.767091   data arrival time

                                 20.000000   20.000000   clock clk (rise edge)
                                  0.000000   20.000000   clock source latency
     1    0.010495    0.084531    0.054927   20.054928 ^ clk (in)
                                                         clk (net)
                      0.084533    0.000000   20.054928 ^ clkbuf_0_clk/A (sky130_fd_sc_hd__clkbuf_16)
     2    0.019016    0.066202    0.226720   20.281647 ^ clkbuf_0_clk/X (sky130_fd_sc_hd__clkbuf_16)
                                                         clknet_0_clk (net)
                      0.066202    0.000405   20.282053 ^ clkbuf_1_1__f_clk/A (sky130_fd_sc_hd__clkbuf_16)
     3    0.008778    0.052976    0.203540   20.485592 ^ clkbuf_1_1__f_clk/X (sky130_fd_sc_hd__clkbuf_16)
                                                         clknet_1_1__leaf_clk (net)
                      0.052976    0.000215   20.485807 ^ _315_/CLK (sky130_fd_sc_hd__dfrtp_1)
                                 -0.250000   20.235807   clock uncertainty
                                  0.000000   20.235807   clock reconvergence pessimism
                                  0.458526   20.694334   library recovery time
                                             20.694334   data required time
---------------------------------------------------------------------------------------------
                                             20.694334   data required time
                                             -4.767091   data arrival time
---------------------------------------------------------------------------------------------
                                             15.927242   slack (MET)


Startpoint: _316_ (rising edge-triggered flip-flop clocked by clk)
Endpoint: _315_ (rising edge-triggered flip-flop clocked by clk)
Path Group: clk
Path Type: max

Fanout         Cap        Slew       Delay        Time   Description
---------------------------------------------------------------------------------------------
                                  0.000000    0.000000   clock clk (rise edge)
                                  0.000000    0.000000   clock source latency
     1    0.010495    0.084531    0.054927    0.054927 ^ clk (in)
                                                         clk (net)
                      0.084533    0.000000    0.054927 ^ clkbuf_0_clk/A (sky130_fd_sc_hd__clkbuf_16)
     2    0.019016    0.066202    0.226720    0.281646 ^ clkbuf_0_clk/X (sky130_fd_sc_hd__clkbuf_16)
                                                         clknet_0_clk (net)
                      0.066202    0.000462    0.282109 ^ clkbuf_1_0__f_clk/A (sky130_fd_sc_hd__clkbuf_16)
     2    0.004585    0.047231    0.195612    0.477721 ^ clkbuf_1_0__f_clk/X (sky130_fd_sc_hd__clkbuf_16)
                                                         clknet_1_0__leaf_clk (net)
                      0.047232    0.000117    0.477839 ^ _316_/CLK (sky130_fd_sc_hd__dfrtp_1)
     2    0.006334    0.106127    0.758729    1.236567 v _316_/Q (sky130_fd_sc_hd__dfrtp_1)
                                                         clk_counter[2] (net)
                      0.106127    0.000167    1.236734 v hold2/A (sky130_fd_sc_hd__dlygate4sd3_1)
     2    0.009430    0.169578    1.224798    2.461532 v hold2/X (sky130_fd_sc_hd__dlygate4sd3_1)
                                                         net42 (net)
                      0.169578    0.000185    2.461717 v _190_/A2 (sky130_fd_sc_hd__o211a_1)
     1    0.004239    0.084861    0.431769    2.893486 v _190_/X (sky130_fd_sc_hd__o211a_1)
                                                         _001_ (net)
                      0.084861    0.000135    2.893621 v _315_/D (sky130_fd_sc_hd__dfrtp_1)
                                              2.893621   data arrival time

                                 20.000000   20.000000   clock clk (rise edge)
                                  0.000000   20.000000   clock source latency
     1    0.010495    0.084531    0.054927   20.054928 ^ clk (in)
                                                         clk (net)
                      0.084533    0.000000   20.054928 ^ clkbuf_0_clk/A (sky130_fd_sc_hd__clkbuf_16)
     2    0.019016    0.066202    0.226720   20.281647 ^ clkbuf_0_clk/X (sky130_fd_sc_hd__clkbuf_16)
                                                         clknet_0_clk (net)
                      0.066202    0.000405   20.282053 ^ clkbuf_1_1__f_clk/A (sky130_fd_sc_hd__clkbuf_16)
     3    0.008778    0.052976    0.203540   20.485592 ^ clkbuf_1_1__f_clk/X (sky130_fd_sc_hd__clkbuf_16)
                                                         clknet_1_1__leaf_clk (net)
                      0.052976    0.000215   20.485807 ^ _315_/CLK (sky130_fd_sc_hd__dfrtp_1)
                                 -0.250000   20.235807   clock uncertainty
                                  0.000000   20.235807   clock reconvergence pessimism
                                 -0.287301   19.948507   library setup time
                                             19.948507   data required time
---------------------------------------------------------------------------------------------
                                             19.948507   data required time
                                             -2.893621   data arrival time
---------------------------------------------------------------------------------------------
                                             17.054886   slack (MET)


Startpoint: _316_ (rising edge-triggered flip-flop clocked by clk)
Endpoint: _316_ (rising edge-triggered flip-flop clocked by clk)
Path Group: clk
Path Type: max

Fanout         Cap        Slew       Delay        Time   Description
---------------------------------------------------------------------------------------------
                                  0.000000    0.000000   clock clk (rise edge)
                                  0.000000    0.000000   clock source latency
     1    0.010495    0.084531    0.054927    0.054927 ^ clk (in)
                                                         clk (net)
                      0.084533    0.000000    0.054927 ^ clkbuf_0_clk/A (sky130_fd_sc_hd__clkbuf_16)
     2    0.019016    0.066202    0.226720    0.281646 ^ clkbuf_0_clk/X (sky130_fd_sc_hd__clkbuf_16)
                                                         clknet_0_clk (net)
                      0.066202    0.000462    0.282109 ^ clkbuf_1_0__f_clk/A (sky130_fd_sc_hd__clkbuf_16)
     2    0.004585    0.047231    0.195612    0.477721 ^ clkbuf_1_0__f_clk/X (sky130_fd_sc_hd__clkbuf_16)
                                                         clknet_1_0__leaf_clk (net)
                      0.047232    0.000117    0.477839 ^ _316_/CLK (sky130_fd_sc_hd__dfrtp_1)
     2    0.006334    0.106127    0.758729    1.236567 v _316_/Q (sky130_fd_sc_hd__dfrtp_1)
                                                         clk_counter[2] (net)
                      0.106127    0.000167    1.236734 v hold2/A (sky130_fd_sc_hd__dlygate4sd3_1)
     2    0.009430    0.169578    1.224798    2.461532 v hold2/X (sky130_fd_sc_hd__dlygate4sd3_1)
                                                         net42 (net)
                      0.169578    0.000143    2.461676 v _191_/A (sky130_fd_sc_hd__xnor2_1)
     1    0.002467    0.086596    0.256180    2.717856 v _191_/Y (sky130_fd_sc_hd__xnor2_1)
                                                         _002_ (net)
                      0.086596    0.000072    2.717927 v _316_/D (sky130_fd_sc_hd__dfrtp_1)
                                              2.717927   data arrival time

                                 20.000000   20.000000   clock clk (rise edge)
                                  0.000000   20.000000   clock source latency
     1    0.010495    0.084531    0.054927   20.054928 ^ clk (in)
                                                         clk (net)
                      0.084533    0.000000   20.054928 ^ clkbuf_0_clk/A (sky130_fd_sc_hd__clkbuf_16)
     2    0.019016    0.066202    0.226720   20.281647 ^ clkbuf_0_clk/X (sky130_fd_sc_hd__clkbuf_16)
                                                         clknet_0_clk (net)
                      0.066202    0.000462   20.282108 ^ clkbuf_1_0__f_clk/A (sky130_fd_sc_hd__clkbuf_16)
     2    0.004585    0.047231    0.195612   20.477722 ^ clkbuf_1_0__f_clk/X (sky130_fd_sc_hd__clkbuf_16)
                                                         clknet_1_0__leaf_clk (net)
                      0.047232    0.000117   20.477839 ^ _316_/CLK (sky130_fd_sc_hd__dfrtp_1)
                                 -0.250000   20.227840   clock uncertainty
                                  0.000000   20.227840   clock reconvergence pessimism
                                 -0.289556   19.938282   library setup time
                                             19.938282   data required time
---------------------------------------------------------------------------------------------
                                             19.938282   data required time
                                             -2.717927   data arrival time
---------------------------------------------------------------------------------------------
                                             17.220356   slack (MET)


Startpoint: _314_ (rising edge-triggered flip-flop clocked by clk)
Endpoint: _314_ (rising edge-triggered flip-flop clocked by clk)
Path Group: clk
Path Type: max

Fanout         Cap        Slew       Delay        Time   Description
---------------------------------------------------------------------------------------------
                                  0.000000    0.000000   clock clk (rise edge)
                                  0.000000    0.000000   clock source latency
     1    0.010495    0.084531    0.054927    0.054927 ^ clk (in)
                                                         clk (net)
                      0.084533    0.000000    0.054927 ^ clkbuf_0_clk/A (sky130_fd_sc_hd__clkbuf_16)
     2    0.019016    0.066202    0.226720    0.281646 ^ clkbuf_0_clk/X (sky130_fd_sc_hd__clkbuf_16)
                                                         clknet_0_clk (net)
                      0.066202    0.000462    0.282109 ^ clkbuf_1_0__f_clk/A (sky130_fd_sc_hd__clkbuf_16)
     2    0.004585    0.047231    0.195612    0.477721 ^ clkbuf_1_0__f_clk/X (sky130_fd_sc_hd__clkbuf_16)
                                                         clknet_1_0__leaf_clk (net)
                      0.047232    0.000094    0.477815 ^ _314_/CLK (sky130_fd_sc_hd__dfrtp_1)
     3    0.008171    0.121831    0.775633    1.253448 v _314_/Q (sky130_fd_sc_hd__dfrtp_1)
                                                         clk_counter[0] (net)
                      0.121831    0.000145    1.253593 v hold1/A (sky130_fd_sc_hd__dlygate4sd3_1)
     1    0.004798    0.127461    1.179698    2.433291 v hold1/X (sky130_fd_sc_hd__dlygate4sd3_1)
                                                         net41 (net)
                      0.127461    0.000143    2.433435 v _142_/A (sky130_fd_sc_hd__inv_2)
     3    0.010020    0.089314    0.128792    2.562227 ^ _142_/Y (sky130_fd_sc_hd__inv_2)
                                                         _000_ (net)
                      0.089314    0.000225    2.562452 ^ _314_/D (sky130_fd_sc_hd__dfrtp_1)
                                              2.562452   data arrival time

                                 20.000000   20.000000   clock clk (rise edge)
                                  0.000000   20.000000   clock source latency
     1    0.010495    0.084531    0.054927   20.054928 ^ clk (in)
                                                         clk (net)
                      0.084533    0.000000   20.054928 ^ clkbuf_0_clk/A (sky130_fd_sc_hd__clkbuf_16)
     2    0.019016    0.066202    0.226720   20.281647 ^ clkbuf_0_clk/X (sky130_fd_sc_hd__clkbuf_16)
                                                         clknet_0_clk (net)
                      0.066202    0.000462   20.282108 ^ clkbuf_1_0__f_clk/A (sky130_fd_sc_hd__clkbuf_16)
     2    0.004585    0.047231    0.195612   20.477722 ^ clkbuf_1_0__f_clk/X (sky130_fd_sc_hd__clkbuf_16)
                                                         clknet_1_0__leaf_clk (net)
                      0.047232    0.000094   20.477816 ^ _314_/CLK (sky130_fd_sc_hd__dfrtp_1)
                                 -0.250000   20.227816   clock uncertainty
                                  0.000000   20.227816   clock reconvergence pessimism
                                 -0.141878   20.085939   library setup time
                                             20.085939   data required time
---------------------------------------------------------------------------------------------
                                             20.085939   data required time
                                             -2.562452   data arrival time
---------------------------------------------------------------------------------------------
                                             17.523487   slack (MET)



