
===========================================================================
report_checks -path_delay min (Hold)
============================================================================
======================= nom_ss_100C_1v60 Corner ===================================

Startpoint: _314_ (rising edge-triggered flip-flop clocked by clk)
Endpoint: _316_ (rising edge-triggered flip-flop clocked by clk)
Path Group: clk
Path Type: min

Fanout         Cap        Slew       Delay        Time   Description
---------------------------------------------------------------------------------------------
                                  0.000000    0.000000   clock clk (rise edge)
                                  0.000000    0.000000   clock source latency
     1    0.010495    0.084531    0.054927    0.054927 ^ clk (in)
                                                         clk (net)
                      0.084533    0.000000    0.054927 ^ clkbuf_0_clk/A (sky130_fd_sc_hd__clkbuf_16)
     2    0.019016    0.066202    0.226720    0.281646 ^ clkbuf_0_clk/X (sky130_fd_sc_hd__clkbuf_16)
                                                         clknet_0_clk (net)
                      0.066202    0.000462    0.282109 ^ clkbuf_1_0__f_clk/A (sky130_fd_sc_hd__clkbuf_16)
     2    0.004585    0.047231    0.195612    0.477721 ^ clkbuf_1_0__f_clk/X (sky130_fd_sc_hd__clkbuf_16)
                                                         clknet_1_0__leaf_clk (net)
                      0.047232    0.000094    0.477815 ^ _314_/CLK (sky130_fd_sc_hd__dfrtp_1)
     3    0.008171    0.121831    0.775633    1.253448 v _314_/Q (sky130_fd_sc_hd__dfrtp_1)
                                                         clk_counter[0] (net)
                      0.121831    0.000199    1.253647 v _188_/A (sky130_fd_sc_hd__nand2_1)
     2    0.010952    0.173530    0.195463    1.449111 ^ _188_/Y (sky130_fd_sc_hd__nand2_1)
                                                         _103_ (net)
                      0.173531    0.000346    1.449456 ^ _191_/B (sky130_fd_sc_hd__xnor2_1)
     1    0.002467    0.070676    0.151089    1.600545 v _191_/Y (sky130_fd_sc_hd__xnor2_1)
                                                         _002_ (net)
                      0.070676    0.000072    1.600617 v _316_/D (sky130_fd_sc_hd__dfrtp_1)
                                              1.600617   data arrival time

                                  0.000000    0.000000   clock clk (rise edge)
                                  0.000000    0.000000   clock source latency
     1    0.010495    0.084531    0.054927    0.054927 ^ clk (in)
                                                         clk (net)
                      0.084533    0.000000    0.054927 ^ clkbuf_0_clk/A (sky130_fd_sc_hd__clkbuf_16)
     2    0.019016    0.066202    0.226720    0.281646 ^ clkbuf_0_clk/X (sky130_fd_sc_hd__clkbuf_16)
                                                         clknet_0_clk (net)
                      0.066202    0.000462    0.282109 ^ clkbuf_1_0__f_clk/A (sky130_fd_sc_hd__clkbuf_16)
     2    0.004585    0.047231    0.195612    0.477721 ^ clkbuf_1_0__f_clk/X (sky130_fd_sc_hd__clkbuf_16)
                                                         clknet_1_0__leaf_clk (net)
                      0.047232    0.000117    0.477839 ^ _316_/CLK (sky130_fd_sc_hd__dfrtp_1)
                                  0.250000    0.727838   clock uncertainty
                                  0.000000    0.727838   clock reconvergence pessimism
                                 -0.103021    0.624818   library hold time
                                              0.624818   data required time
---------------------------------------------------------------------------------------------
                                              0.624818   data required time
                                             -1.600617   data arrival time
---------------------------------------------------------------------------------------------
                                              0.975799   slack (MET)


Startpoint: _314_ (rising edge-triggered flip-flop clocked by clk)
Endpoint: _315_ (rising edge-triggered flip-flop clocked by clk)
Path Group: clk
Path Type: min

Fanout         Cap        Slew       Delay        Time   Description
---------------------------------------------------------------------------------------------
                                  0.000000    0.000000   clock clk (rise edge)
                                  0.000000    0.000000   clock source latency
     1    0.010495    0.084531    0.054927    0.054927 ^ clk (in)
                                                         clk (net)
                      0.084533    0.000000    0.054927 ^ clkbuf_0_clk/A (sky130_fd_sc_hd__clkbuf_16)
     2    0.019016    0.066202    0.226720    0.281646 ^ clkbuf_0_clk/X (sky130_fd_sc_hd__clkbuf_16)
                                                         clknet_0_clk (net)
                      0.066202    0.000462    0.282109 ^ clkbuf_1_0__f_clk/A (sky130_fd_sc_hd__clkbuf_16)
     2    0.004585    0.047231    0.195612    0.477721 ^ clkbuf_1_0__f_clk/X (sky130_fd_sc_hd__clkbuf_16)
                                                         clknet_1_0__leaf_clk (net)
                      0.047232    0.000094    0.477815 ^ _314_/CLK (sky130_fd_sc_hd__dfrtp_1)
     3    0.008496    0.147043    0.689829    1.167643 ^ _314_/Q (sky130_fd_sc_hd__dfrtp_1)
                                                         clk_counter[0] (net)
                      0.147043    0.000146    1.167790 ^ _189_/A (sky130_fd_sc_hd__or2_1)
     1    0.004197    0.083714    0.212293    1.380083 ^ _189_/X (sky130_fd_sc_hd__or2_1)
                                                         _104_ (net)
                      0.083714    0.000140    1.380222 ^ _190_/C1 (sky130_fd_sc_hd__o211a_1)
     1    0.004254    0.090224    0.298615    1.678837 ^ _190_/X (sky130_fd_sc_hd__o211a_1)
                                                         _001_ (net)
                      0.090224    0.000136    1.678973 ^ _315_/D (sky130_fd_sc_hd__dfrtp_1)
                                              1.678973   data arrival time

                                  0.000000    0.000000   clock clk (rise edge)
                                  0.000000    0.000000   clock source latency
     1    0.010495    0.084531    0.054927    0.054927 ^ clk (in)
                                                         clk (net)
                      0.084533    0.000000    0.054927 ^ clkbuf_0_clk/A (sky130_fd_sc_hd__clkbuf_16)
     2    0.019016    0.066202    0.226720    0.281646 ^ clkbuf_0_clk/X (sky130_fd_sc_hd__clkbuf_16)
                                                         clknet_0_clk (net)
                      0.066202    0.000405    0.282051 ^ clkbuf_1_1__f_clk/A (sky130_fd_sc_hd__clkbuf_16)
     3    0.008778    0.052976    0.203540    0.485591 ^ clkbuf_1_1__f_clk/X (sky130_fd_sc_hd__clkbuf_16)
                                                         clknet_1_1__leaf_clk (net)
                      0.052976    0.000215    0.485806 ^ _315_/CLK (sky130_fd_sc_hd__dfrtp_1)
                                  0.250000    0.735806   clock uncertainty
                                  0.000000    0.735806   clock reconvergence pessimism
                                 -0.084351    0.651455   library hold time
                                              0.651455   data required time
---------------------------------------------------------------------------------------------
                                              0.651455   data required time
                                             -1.678973   data arrival time
---------------------------------------------------------------------------------------------
                                              1.027518   slack (MET)


Startpoint: _272_ (rising edge-triggered flip-flop clocked by clk)
Endpoint: _272_ (rising edge-triggered flip-flop clocked by clk)
Path Group: clk
Path Type: min

Fanout         Cap        Slew       Delay        Time   Description
---------------------------------------------------------------------------------------------
                                  0.000000    0.000000   clock clk (rise edge)
                                  0.000000    0.000000   clock source latency
     1    0.010495    0.084531    0.054927    0.054927 ^ clk (in)
                                                         clk (net)
                      0.084533    0.000000    0.054927 ^ clkbuf_0_clk/A (sky130_fd_sc_hd__clkbuf_16)
     2    0.019016    0.066202    0.226720    0.281646 ^ clkbuf_0_clk/X (sky130_fd_sc_hd__clkbuf_16)
                                                         clknet_0_clk (net)
                      0.066202    0.000405    0.282051 ^ clkbuf_1_1__f_clk/A (sky130_fd_sc_hd__clkbuf_16)
     3    0.008778    0.052976    0.203540    0.485591 ^ clkbuf_1_1__f_clk/X (sky130_fd_sc_hd__clkbuf_16)
                                                         clknet_1_1__leaf_clk (net)
                      0.052976    0.000213    0.485804 ^ _272_/CLK (sky130_fd_sc_hd__dfstp_1)
     1    0.003230    0.055187    0.696570    1.182374 v _272_/Q (sky130_fd_sc_hd__dfstp_1)
                                                         i2c_clk (net)
                      0.055187    0.000095    1.182469 v fanout38/A (sky130_fd_sc_hd__clkbuf_2)
     7    0.027342    0.195762    0.295830    1.478299 v fanout38/X (sky130_fd_sc_hd__clkbuf_2)
                                                         net38 (net)
                      0.195762    0.000570    1.478870 v fanout35/A (sky130_fd_sc_hd__buf_2)
    10    0.032146    0.157672    0.398093    1.876962 v fanout35/X (sky130_fd_sc_hd__buf_2)
                                                         net35 (net)
                      0.157675    0.000870    1.877833 v _175_/A (sky130_fd_sc_hd__xnor2_1)
     1    0.003970    0.089660    0.268910    2.146742 v _175_/Y (sky130_fd_sc_hd__xnor2_1)
                                                         _033_ (net)
                      0.089660    0.000158    2.146900 v _272_/D (sky130_fd_sc_hd__dfstp_1)
                                              2.146900   data arrival time

                                  0.000000    0.000000   clock clk (rise edge)
                                  0.000000    0.000000   clock source latency
     1    0.010495    0.084531    0.054927    0.054927 ^ clk (in)
                                                         clk (net)
                      0.084533    0.000000    0.054927 ^ clkbuf_0_clk/A (sky130_fd_sc_hd__clkbuf_16)
     2    0.019016    0.066202    0.226720    0.281646 ^ clkbuf_0_clk/X (sky130_fd_sc_hd__clkbuf_16)
                                                         clknet_0_clk (net)
                      0.066202    0.000405    0.282051 ^ clkbuf_1_1__f_clk/A (sky130_fd_sc_hd__clkbuf_16)
     3    0.008778    0.052976    0.203540    0.485591 ^ clkbuf_1_1__f_clk/X (sky130_fd_sc_hd__clkbuf_16)
                                                         clknet_1_1__leaf_clk (net)
                      0.052976    0.000213    0.485804 ^ _272_/CLK (sky130_fd_sc_hd__dfstp_1)
                                  0.250000    0.735804   clock uncertainty
                                  0.000000    0.735804   clock reconvergence pessimism
                                 -0.015654    0.720150   library hold time
                                              0.720150   data required time
---------------------------------------------------------------------------------------------
                                              0.720150   data required time
                                             -2.146900   data arrival time
---------------------------------------------------------------------------------------------
                                              1.426750   slack (MET)


Startpoint: _314_ (rising edge-triggered flip-flop clocked by clk)
Endpoint: _314_ (rising edge-triggered flip-flop clocked by clk)
Path Group: clk
Path Type: min

Fanout         Cap        Slew       Delay        Time   Description
---------------------------------------------------------------------------------------------
                                  0.000000    0.000000   clock clk (rise edge)
                                  0.000000    0.000000   clock source latency
     1    0.010495    0.084531    0.054927    0.054927 ^ clk (in)
                                                         clk (net)
                      0.084533    0.000000    0.054927 ^ clkbuf_0_clk/A (sky130_fd_sc_hd__clkbuf_16)
     2    0.019016    0.066202    0.226720    0.281646 ^ clkbuf_0_clk/X (sky130_fd_sc_hd__clkbuf_16)
                                                         clknet_0_clk (net)
                      0.066202    0.000462    0.282109 ^ clkbuf_1_0__f_clk/A (sky130_fd_sc_hd__clkbuf_16)
     2    0.004585    0.047231    0.195612    0.477721 ^ clkbuf_1_0__f_clk/X (sky130_fd_sc_hd__clkbuf_16)
                                                         clknet_1_0__leaf_clk (net)
                      0.047232    0.000094    0.477815 ^ _314_/CLK (sky130_fd_sc_hd__dfrtp_1)
     3    0.008496    0.147043    0.689829    1.167643 ^ _314_/Q (sky130_fd_sc_hd__dfrtp_1)
                                                         clk_counter[0] (net)
                      0.147043    0.000153    1.167796 ^ hold1/A (sky130_fd_sc_hd__dlygate4sd3_1)
     1    0.005107    0.123137    1.104573    2.272369 ^ hold1/X (sky130_fd_sc_hd__dlygate4sd3_1)
                                                         net41 (net)
                      0.123137    0.000153    2.272522 ^ _142_/A (sky130_fd_sc_hd__inv_2)
     3    0.009663    0.055183    0.097922    2.370444 v _142_/Y (sky130_fd_sc_hd__inv_2)
                                                         _000_ (net)
                      0.055183    0.000219    2.370662 v _314_/D (sky130_fd_sc_hd__dfrtp_1)
                                              2.370662   data arrival time

                                  0.000000    0.000000   clock clk (rise edge)
                                  0.000000    0.000000   clock source latency
     1    0.010495    0.084531    0.054927    0.054927 ^ clk (in)
                                                         clk (net)
                      0.084533    0.000000    0.054927 ^ clkbuf_0_clk/A (sky130_fd_sc_hd__clkbuf_16)
     2    0.019016    0.066202    0.226720    0.281646 ^ clkbuf_0_clk/X (sky130_fd_sc_hd__clkbuf_16)
                                                         clknet_0_clk (net)
                      0.066202    0.000462    0.282109 ^ clkbuf_1_0__f_clk/A (sky130_fd_sc_hd__clkbuf_16)
     2    0.004585    0.047231    0.195612    0.477721 ^ clkbuf_1_0__f_clk/X (sky130_fd_sc_hd__clkbuf_16)
                                                         clknet_1_0__leaf_clk (net)
                      0.047232    0.000094    0.477815 ^ _314_/CLK (sky130_fd_sc_hd__dfrtp_1)
                                  0.250000    0.727815   clock uncertainty
                                  0.000000    0.727815   clock reconvergence pessimism
                                 -0.097269    0.630545   library hold time
                                              0.630545   data required time
---------------------------------------------------------------------------------------------
                                              0.630545   data required time
                                             -2.370662   data arrival time
---------------------------------------------------------------------------------------------
                                              1.740117   slack (MET)


Startpoint: rst (input port clocked by clk)
Endpoint: _315_ (removal check against rising-edge clock clk)
Path Group: asynchronous
Path Type: min

Fanout         Cap        Slew       Delay        Time   Description
---------------------------------------------------------------------------------------------
                                  0.000000    0.000000   clock clk (rise edge)
                                  0.000000    0.000000   clock network delay (propagated)
                                  4.000000    4.000000 v input external delay
     1    0.002621    0.017780    0.008672    4.008672 v rst (in)
                                                         rst (net)
                      0.017780    0.000000    4.008672 v input17/A (sky130_fd_sc_hd__buf_1)
     2    0.014003    0.166868    0.230217    4.238889 v input17/X (sky130_fd_sc_hd__buf_1)
                                                         net17 (net)
                      0.166868    0.000336    4.239224 v fanout40/A (sky130_fd_sc_hd__clkbuf_4)
    10    0.048987    0.185807    0.407486    4.646711 v fanout40/X (sky130_fd_sc_hd__clkbuf_4)
                                                         net40 (net)
                      0.185825    0.001927    4.648638 v _270_/A (sky130_fd_sc_hd__inv_2)
     1    0.004172    0.065650    0.118360    4.766998 ^ _270_/Y (sky130_fd_sc_hd__inv_2)
                                                         _031_ (net)
                      0.065650    0.000094    4.767091 ^ _315_/RESET_B (sky130_fd_sc_hd__dfrtp_1)
                                              4.767091   data arrival time

                                  0.000000    0.000000   clock clk (rise edge)
                                  0.000000    0.000000   clock source latency
     1    0.010495    0.084531    0.054927    0.054927 ^ clk (in)
                                                         clk (net)
                      0.084533    0.000000    0.054927 ^ clkbuf_0_clk/A (sky130_fd_sc_hd__clkbuf_16)
     2    0.019016    0.066202    0.226720    0.281646 ^ clkbuf_0_clk/X (sky130_fd_sc_hd__clkbuf_16)
                                                         clknet_0_clk (net)
                      0.066202    0.000405    0.282051 ^ clkbuf_1_1__f_clk/A (sky130_fd_sc_hd__clkbuf_16)
     3    0.008778    0.052976    0.203540    0.485591 ^ clkbuf_1_1__f_clk/X (sky130_fd_sc_hd__clkbuf_16)
                                                         clknet_1_1__leaf_clk (net)
                      0.052976    0.000215    0.485806 ^ _315_/CLK (sky130_fd_sc_hd__dfrtp_1)
                                  0.250000    0.735806   clock uncertainty
                                  0.000000    0.735806   clock reconvergence pessimism
                                  0.650981    1.386788   library removal time
                                              1.386788   data required time
---------------------------------------------------------------------------------------------
                                              1.386788   data required time
                                             -4.767091   data arrival time
---------------------------------------------------------------------------------------------
                                              3.380304   slack (MET)


Startpoint: rst (input port clocked by clk)
Endpoint: _314_ (removal check against rising-edge clock clk)
Path Group: asynchronous
Path Type: min

Fanout         Cap        Slew       Delay        Time   Description
---------------------------------------------------------------------------------------------
                                  0.000000    0.000000   clock clk (rise edge)
                                  0.000000    0.000000   clock network delay (propagated)
                                  4.000000    4.000000 v input external delay
     1    0.002621    0.017780    0.008672    4.008672 v rst (in)
                                                         rst (net)
                      0.017780    0.000000    4.008672 v input17/A (sky130_fd_sc_hd__buf_1)
     2    0.014003    0.166868    0.230217    4.238889 v input17/X (sky130_fd_sc_hd__buf_1)
                                                         net17 (net)
                      0.166868    0.000336    4.239224 v fanout40/A (sky130_fd_sc_hd__clkbuf_4)
    10    0.048987    0.185807    0.407486    4.646711 v fanout40/X (sky130_fd_sc_hd__clkbuf_4)
                                                         net40 (net)
                      0.185824    0.001861    4.648571 v _269_/A (sky130_fd_sc_hd__inv_2)
     1    0.004609    0.068391    0.122005    4.770576 ^ _269_/Y (sky130_fd_sc_hd__inv_2)
                                                         _030_ (net)
                      0.068391    0.000115    4.770690 ^ _314_/RESET_B (sky130_fd_sc_hd__dfrtp_1)
                                              4.770690   data arrival time

                                  0.000000    0.000000   clock clk (rise edge)
                                  0.000000    0.000000   clock source latency
     1    0.010495    0.084531    0.054927    0.054927 ^ clk (in)
                                                         clk (net)
                      0.084533    0.000000    0.054927 ^ clkbuf_0_clk/A (sky130_fd_sc_hd__clkbuf_16)
     2    0.019016    0.066202    0.226720    0.281646 ^ clkbuf_0_clk/X (sky130_fd_sc_hd__clkbuf_16)
                                                         clknet_0_clk (net)
                      0.066202    0.000462    0.282109 ^ clkbuf_1_0__f_clk/A (sky130_fd_sc_hd__clkbuf_16)
     2    0.004585    0.047231    0.195612    0.477721 ^ clkbuf_1_0__f_clk/X (sky130_fd_sc_hd__clkbuf_16)
                                                         clknet_1_0__leaf_clk (net)
                      0.047232    0.000094    0.477815 ^ _314_/CLK (sky130_fd_sc_hd__dfrtp_1)
                                  0.250000    0.727815   clock uncertainty
                                  0.000000    0.727815   clock reconvergence pessimism
                                  0.650090    1.377905   library removal time
                                              1.377905   data required time
---------------------------------------------------------------------------------------------
                                              1.377905   data required time
                                             -4.770690   data arrival time
---------------------------------------------------------------------------------------------
                                              3.392786   slack (MET)


Startpoint: rst (input port clocked by clk)
Endpoint: _316_ (removal check against rising-edge clock clk)
Path Group: asynchronous
Path Type: min

Fanout         Cap        Slew       Delay        Time   Description
---------------------------------------------------------------------------------------------
                                  0.000000    0.000000   clock clk (rise edge)
                                  0.000000    0.000000   clock network delay (propagated)
                                  4.000000    4.000000 v input external delay
     1    0.002621    0.017780    0.008672    4.008672 v rst (in)
                                                         rst (net)
                      0.017780    0.000000    4.008672 v input17/A (sky130_fd_sc_hd__buf_1)
     2    0.014003    0.166868    0.230217    4.238889 v input17/X (sky130_fd_sc_hd__buf_1)
                                                         net17 (net)
                      0.166868    0.000336    4.239224 v fanout40/A (sky130_fd_sc_hd__clkbuf_4)
    10    0.048987    0.185807    0.407486    4.646711 v fanout40/X (sky130_fd_sc_hd__clkbuf_4)
                                                         net40 (net)
                      0.185819    0.001637    4.648347 v _271_/A (sky130_fd_sc_hd__inv_2)
     1    0.005819    0.075999    0.131536    4.779884 ^ _271_/Y (sky130_fd_sc_hd__inv_2)
                                                         _032_ (net)
                      0.075999    0.000166    4.780050 ^ _316_/RESET_B (sky130_fd_sc_hd__dfrtp_1)
                                              4.780050   data arrival time

                                  0.000000    0.000000   clock clk (rise edge)
                                  0.000000    0.000000   clock source latency
     1    0.010495    0.084531    0.054927    0.054927 ^ clk (in)
                                                         clk (net)
                      0.084533    0.000000    0.054927 ^ clkbuf_0_clk/A (sky130_fd_sc_hd__clkbuf_16)
     2    0.019016    0.066202    0.226720    0.281646 ^ clkbuf_0_clk/X (sky130_fd_sc_hd__clkbuf_16)
                                                         clknet_0_clk (net)
                      0.066202    0.000462    0.282109 ^ clkbuf_1_0__f_clk/A (sky130_fd_sc_hd__clkbuf_16)
     2    0.004585    0.047231    0.195612    0.477721 ^ clkbuf_1_0__f_clk/X (sky130_fd_sc_hd__clkbuf_16)
                                                         clknet_1_0__leaf_clk (net)
                      0.047232    0.000117    0.477839 ^ _316_/CLK (sky130_fd_sc_hd__dfrtp_1)
                                  0.250000    0.727838   clock uncertainty
                                  0.000000    0.727838   clock reconvergence pessimism
                                  0.652429    1.380267   library removal time
                                              1.380267   data required time
---------------------------------------------------------------------------------------------
                                              1.380267   data required time
                                             -4.780050   data arrival time
---------------------------------------------------------------------------------------------
                                              3.399783   slack (MET)


Startpoint: rst (input port clocked by clk)
Endpoint: _272_ (removal check against rising-edge clock clk)
Path Group: asynchronous
Path Type: min

Fanout         Cap        Slew       Delay        Time   Description
---------------------------------------------------------------------------------------------
                                  0.000000    0.000000   clock clk (rise edge)
                                  0.000000    0.000000   clock network delay (propagated)
                                  4.000000    4.000000 v input external delay
     1    0.002621    0.017780    0.008672    4.008672 v rst (in)
                                                         rst (net)
                      0.017780    0.000000    4.008672 v input17/A (sky130_fd_sc_hd__buf_1)
     2    0.014003    0.166868    0.230217    4.238889 v input17/X (sky130_fd_sc_hd__buf_1)
                                                         net17 (net)
                      0.166868    0.000336    4.239224 v fanout40/A (sky130_fd_sc_hd__clkbuf_4)
    10    0.048987    0.185807    0.407486    4.646711 v fanout40/X (sky130_fd_sc_hd__clkbuf_4)
                                                         net40 (net)
                      0.185825    0.001934    4.648645 v _256_/A (sky130_fd_sc_hd__inv_2)
     1    0.003771    0.063247    0.115012    4.763657 ^ _256_/Y (sky130_fd_sc_hd__inv_2)
                                                         _013_ (net)
                      0.063247    0.000080    4.763738 ^ _272_/SET_B (sky130_fd_sc_hd__dfstp_1)
                                              4.763738   data arrival time

                                  0.000000    0.000000   clock clk (rise edge)
                                  0.000000    0.000000   clock source latency
     1    0.010495    0.084531    0.054927    0.054927 ^ clk (in)
                                                         clk (net)
                      0.084533    0.000000    0.054927 ^ clkbuf_0_clk/A (sky130_fd_sc_hd__clkbuf_16)
     2    0.019016    0.066202    0.226720    0.281646 ^ clkbuf_0_clk/X (sky130_fd_sc_hd__clkbuf_16)
                                                         clknet_0_clk (net)
                      0.066202    0.000405    0.282051 ^ clkbuf_1_1__f_clk/A (sky130_fd_sc_hd__clkbuf_16)
     3    0.008778    0.052976    0.203540    0.485591 ^ clkbuf_1_1__f_clk/X (sky130_fd_sc_hd__clkbuf_16)
                                                         clknet_1_1__leaf_clk (net)
                      0.052976    0.000213    0.485804 ^ _272_/CLK (sky130_fd_sc_hd__dfstp_1)
                                  0.250000    0.735804   clock uncertainty
                                  0.000000    0.735804   clock reconvergence pessimism
                                  0.297775    1.033579   library removal time
                                              1.033579   data required time
---------------------------------------------------------------------------------------------
                                              1.033579   data required time
                                             -4.763738   data arrival time
---------------------------------------------------------------------------------------------
                                              3.730159   slack (MET)


Startpoint: _272_ (rising edge-triggered flip-flop clocked by clk)
Endpoint: i2c_scl (output port clocked by clk)
Path Group: clk
Path Type: min

Fanout         Cap        Slew       Delay        Time   Description
---------------------------------------------------------------------------------------------
                                  0.000000    0.000000   clock clk (rise edge)
                                  0.000000    0.000000   clock source latency
     1    0.010495    0.084531    0.054927    0.054927 ^ clk (in)
                                                         clk (net)
                      0.084533    0.000000    0.054927 ^ clkbuf_0_clk/A (sky130_fd_sc_hd__clkbuf_16)
     2    0.019016    0.066202    0.226720    0.281646 ^ clkbuf_0_clk/X (sky130_fd_sc_hd__clkbuf_16)
                                                         clknet_0_clk (net)
                      0.066202    0.000405    0.282051 ^ clkbuf_1_1__f_clk/A (sky130_fd_sc_hd__clkbuf_16)
     3    0.008778    0.052976    0.203540    0.485591 ^ clkbuf_1_1__f_clk/X (sky130_fd_sc_hd__clkbuf_16)
                                                         clknet_1_1__leaf_clk (net)
                      0.052976    0.000213    0.485804 ^ _272_/CLK (sky130_fd_sc_hd__dfstp_1)
     1    0.003230    0.055187    0.696570    1.182374 v _272_/Q (sky130_fd_sc_hd__dfstp_1)
                                                         i2c_clk (net)
                      0.055187    0.000095    1.182469 v fanout38/A (sky130_fd_sc_hd__clkbuf_2)
     7    0.027342    0.195762    0.295830    1.478299 v fanout38/X (sky130_fd_sc_hd__clkbuf_2)
                                                         net38 (net)
                      0.195763    0.000854    1.479154 v fanout34/A (sky130_fd_sc_hd__buf_2)
    10    0.030091    0.149592    0.391446    1.870600 v fanout34/X (sky130_fd_sc_hd__buf_2)
                                                         net34 (net)
                      0.149594    0.000778    1.871377 v _138_/A (sky130_fd_sc_hd__inv_2)
     2    0.011107    0.099228    0.144349    2.015727 ^ _138_/Y (sky130_fd_sc_hd__inv_2)
                                                         _025_ (net)
                      0.099228    0.000204    2.015930 ^ _187_/A (sky130_fd_sc_hd__nand2_4)
     1    0.034914    0.164488    0.178509    2.194439 v _187_/Y (sky130_fd_sc_hd__nand2_4)
                                                         i2c_scl (net)
     0    0.034914    0.164496    0.000933    2.195371 v i2c_scl (inout)
                                                         i2c_scl (net)
                                              2.195371   data arrival time

                                  0.000000    0.000000   clock clk (rise edge)
                                  0.000000    0.000000   clock network delay (propagated)
                                  0.250000    0.250000   clock uncertainty
                                  0.000000    0.250000   clock reconvergence pessimism
                                 -4.000000   -3.750000   output external delay
                                             -3.750000   data required time
---------------------------------------------------------------------------------------------
                                             -3.750000   data required time
                                             -2.195371   data arrival time
---------------------------------------------------------------------------------------------
                                              5.945372   slack (MET)


Startpoint: rst (input port clocked by clk)
Endpoint: ready (output port clocked by clk)
Path Group: clk
Path Type: min

Fanout         Cap        Slew       Delay        Time   Description
---------------------------------------------------------------------------------------------
                                  0.000000    0.000000   clock clk (rise edge)
                                  0.000000    0.000000   clock network delay (propagated)
                                  4.000000    4.000000 v input external delay
     1    0.002621    0.017780    0.008672    4.008672 v rst (in)
                                                         rst (net)
                      0.017780    0.000000    4.008672 v input17/A (sky130_fd_sc_hd__buf_1)
     2    0.014003    0.166868    0.230217    4.238889 v input17/X (sky130_fd_sc_hd__buf_1)
                                                         net17 (net)
                      0.166868    0.000336    4.239224 v fanout40/A (sky130_fd_sc_hd__clkbuf_4)
    10    0.048987    0.185807    0.407486    4.646711 v fanout40/X (sky130_fd_sc_hd__clkbuf_4)
                                                         net40 (net)
                      0.185809    0.000985    4.647695 v _186_/A (sky130_fd_sc_hd__nor2_1)
     1    0.002268    0.115694    0.199723    4.847418 ^ _186_/Y (sky130_fd_sc_hd__nor2_1)
                                                         net27 (net)
                      0.115694    0.000064    4.847482 ^ output27/A (sky130_fd_sc_hd__buf_2)
     1    0.034164    0.271465    0.364255    5.211738 ^ output27/X (sky130_fd_sc_hd__buf_2)
                                                         ready (net)
                      0.271465    0.000706    5.212443 ^ ready (out)
                                              5.212443   data arrival time

                                  0.000000    0.000000   clock clk (rise edge)
                                  0.000000    0.000000   clock network delay (propagated)
                                  0.250000    0.250000   clock uncertainty
                                  0.000000    0.250000   clock reconvergence pessimism
                                 -4.000000   -3.750000   output external delay
                                             -3.750000   data required time
---------------------------------------------------------------------------------------------
                                             -3.750000   data required time
                                             -5.212443   data arrival time
---------------------------------------------------------------------------------------------
                                              8.962443   slack (MET)



