Reading timing models for corner nom_ss_100C_1v60…
Reading cell library for the 'nom_ss_100C_1v60' corner at '/home/davidsales/.ciel/ciel/sky130/versions/0fe599b2afb6708d281543108caf8310912f54af/sky130A/libs.ref/sky130_fd_sc_hd/lib/sky130_fd_sc_hd__ss_100C_1v60.lib'…
Reading top-level netlist at '/home/davidsales/Documentos/Coding/Main_HDL/Synthesis/designs/i2c_master/runs/RUN_2026-02-24_21-34-25/51-openroad-fillinsertion/i2c_master_controller.nl.v'…
Linking design 'i2c_master_controller' from netlist…
Warning: /home/davidsales/Documentos/Coding/Main_HDL/Synthesis/designs/i2c_master/runs/RUN_2026-02-24_21-34-25/51-openroad-fillinsertion/i2c_master_controller.nl.v line 950, module sky130_fd_sc_hd__tapvpwrvgnd_1 not found. Creating black box for TAP_TAPCELL_ROW_0_50.
Warning: /home/davidsales/Documentos/Coding/Main_HDL/Synthesis/designs/i2c_master/runs/RUN_2026-02-24_21-34-25/51-openroad-fillinsertion/i2c_master_controller.nl.v line 1112, module sky130_ef_sc_hd__decap_12 not found. Creating black box for FILLER_0_3.
Warning: /home/davidsales/Documentos/Coding/Main_HDL/Synthesis/designs/i2c_master/runs/RUN_2026-02-24_21-34-25/51-openroad-fillinsertion/i2c_master_controller.nl.v line 1118, module sky130_fd_sc_hd__fill_2 not found. Creating black box for FILLER_0_54.
Warning: /home/davidsales/Documentos/Coding/Main_HDL/Synthesis/designs/i2c_master/runs/RUN_2026-02-24_21-34-25/51-openroad-fillinsertion/i2c_master_controller.nl.v line 1125, module sky130_fd_sc_hd__fill_1 not found. Creating black box for FILLER_0_111.
Reading design constraints file at '/nix/store/41c5n1rfapbw2k2daig2yag6mbsifckg-python3-3.11.9-env/lib/python3.11/site-packages/librelane/scripts/base.sdc'…
[INFO] Using clock clk…
[INFO] Setting output delay to: 4.0
[INFO] Setting input delay to: 4.0
[INFO] Setting load to: 0.033442
[INFO] Setting clock uncertainty to: 0.25
[INFO] Setting clock transition to: 0.1499999999999999944488848768742172978818416595458984375
[INFO] Setting timing derate to: 5%
Reading top-level design parasitics for the 'nom_ss_100C_1v60' corner at '/home/davidsales/Documentos/Coding/Main_HDL/Synthesis/designs/i2c_master/runs/RUN_2026-02-24_21-34-25/53-openroad-rcx/nom/i2c_master_controller.nom.spef'…
%OL_CREATE_REPORT min.rpt

===========================================================================
report_checks -path_delay min (Hold)
============================================================================
======================= nom_ss_100C_1v60 Corner ===================================

Startpoint: _314_ (rising edge-triggered flip-flop clocked by clk)
Endpoint: _316_ (rising edge-triggered flip-flop clocked by clk)
Path Group: clk
Path Type: min

Fanout         Cap        Slew       Delay        Time   Description
---------------------------------------------------------------------------------------------
                                  0.000000    0.000000   clock clk (rise edge)
                                  0.000000    0.000000   clock source latency
     1    0.010495    0.084531    0.054927    0.054927 ^ clk (in)
                                                         clk (net)
                      0.084533    0.000000    0.054927 ^ clkbuf_0_clk/A (sky130_fd_sc_hd__clkbuf_16)
     2    0.019016    0.066202    0.226720    0.281646 ^ clkbuf_0_clk/X (sky130_fd_sc_hd__clkbuf_16)
                                                         clknet_0_clk (net)
                      0.066202    0.000462    0.282109 ^ clkbuf_1_0__f_clk/A (sky130_fd_sc_hd__clkbuf_16)
     2    0.004585    0.047231    0.195612    0.477721 ^ clkbuf_1_0__f_clk/X (sky130_fd_sc_hd__clkbuf_16)
                                                         clknet_1_0__leaf_clk (net)
                      0.047232    0.000094    0.477815 ^ _314_/CLK (sky130_fd_sc_hd__dfrtp_1)
     3    0.008171    0.121831    0.775633    1.253448 v _314_/Q (sky130_fd_sc_hd__dfrtp_1)
                                                         clk_counter[0] (net)
                      0.121831    0.000199    1.253647 v _188_/A (sky130_fd_sc_hd__nand2_1)
     2    0.010952    0.173530    0.195463    1.449111 ^ _188_/Y (sky130_fd_sc_hd__nand2_1)
                                                         _103_ (net)
                      0.173531    0.000346    1.449456 ^ _191_/B (sky130_fd_sc_hd__xnor2_1)
     1    0.002467    0.070676    0.151089    1.600545 v _191_/Y (sky130_fd_sc_hd__xnor2_1)
                                                         _002_ (net)
                      0.070676    0.000072    1.600617 v _316_/D (sky130_fd_sc_hd__dfrtp_1)
                                              1.600617   data arrival time

                                  0.000000    0.000000   clock clk (rise edge)
                                  0.000000    0.000000   clock source latency
     1    0.010495    0.084531    0.054927    0.054927 ^ clk (in)
                                                         clk (net)
                      0.084533    0.000000    0.054927 ^ clkbuf_0_clk/A (sky130_fd_sc_hd__clkbuf_16)
     2    0.019016    0.066202    0.226720    0.281646 ^ clkbuf_0_clk/X (sky130_fd_sc_hd__clkbuf_16)
                                                         clknet_0_clk (net)
                      0.066202    0.000462    0.282109 ^ clkbuf_1_0__f_clk/A (sky130_fd_sc_hd__clkbuf_16)
     2    0.004585    0.047231    0.195612    0.477721 ^ clkbuf_1_0__f_clk/X (sky130_fd_sc_hd__clkbuf_16)
                                                         clknet_1_0__leaf_clk (net)
                      0.047232    0.000117    0.477839 ^ _316_/CLK (sky130_fd_sc_hd__dfrtp_1)
                                  0.250000    0.727838   clock uncertainty
                                  0.000000    0.727838   clock reconvergence pessimism
                                 -0.103021    0.624818   library hold time
                                              0.624818   data required time
---------------------------------------------------------------------------------------------
                                              0.624818   data required time
                                             -1.600617   data arrival time
---------------------------------------------------------------------------------------------
                                              0.975799   slack (MET)


Startpoint: _314_ (rising edge-triggered flip-flop clocked by clk)
Endpoint: _315_ (rising edge-triggered flip-flop clocked by clk)
Path Group: clk
Path Type: min

Fanout         Cap        Slew       Delay        Time   Description
---------------------------------------------------------------------------------------------
                                  0.000000    0.000000   clock clk (rise edge)
                                  0.000000    0.000000   clock source latency
     1    0.010495    0.084531    0.054927    0.054927 ^ clk (in)
                                                         clk (net)
                      0.084533    0.000000    0.054927 ^ clkbuf_0_clk/A (sky130_fd_sc_hd__clkbuf_16)
     2    0.019016    0.066202    0.226720    0.281646 ^ clkbuf_0_clk/X (sky130_fd_sc_hd__clkbuf_16)
                                                         clknet_0_clk (net)
                      0.066202    0.000462    0.282109 ^ clkbuf_1_0__f_clk/A (sky130_fd_sc_hd__clkbuf_16)
     2    0.004585    0.047231    0.195612    0.477721 ^ clkbuf_1_0__f_clk/X (sky130_fd_sc_hd__clkbuf_16)
                                                         clknet_1_0__leaf_clk (net)
                      0.047232    0.000094    0.477815 ^ _314_/CLK (sky130_fd_sc_hd__dfrtp_1)
     3    0.008496    0.147043    0.689829    1.167643 ^ _314_/Q (sky130_fd_sc_hd__dfrtp_1)
                                                         clk_counter[0] (net)
                      0.147043    0.000146    1.167790 ^ _189_/A (sky130_fd_sc_hd__or2_1)
     1    0.004197    0.083714    0.212293    1.380083 ^ _189_/X (sky130_fd_sc_hd__or2_1)
                                                         _104_ (net)
                      0.083714    0.000140    1.380222 ^ _190_/C1 (sky130_fd_sc_hd__o211a_1)
     1    0.004254    0.090224    0.298615    1.678837 ^ _190_/X (sky130_fd_sc_hd__o211a_1)
                                                         _001_ (net)
                      0.090224    0.000136    1.678973 ^ _315_/D (sky130_fd_sc_hd__dfrtp_1)
                                              1.678973   data arrival time

                                  0.000000    0.000000   clock clk (rise edge)
                                  0.000000    0.000000   clock source latency
     1    0.010495    0.084531    0.054927    0.054927 ^ clk (in)
                                                         clk (net)
                      0.084533    0.000000    0.054927 ^ clkbuf_0_clk/A (sky130_fd_sc_hd__clkbuf_16)
     2    0.019016    0.066202    0.226720    0.281646 ^ clkbuf_0_clk/X (sky130_fd_sc_hd__clkbuf_16)
                                                         clknet_0_clk (net)
                      0.066202    0.000405    0.282051 ^ clkbuf_1_1__f_clk/A (sky130_fd_sc_hd__clkbuf_16)
     3    0.008778    0.052976    0.203540    0.485591 ^ clkbuf_1_1__f_clk/X (sky130_fd_sc_hd__clkbuf_16)
                                                         clknet_1_1__leaf_clk (net)
                      0.052976    0.000215    0.485806 ^ _315_/CLK (sky130_fd_sc_hd__dfrtp_1)
                                  0.250000    0.735806   clock uncertainty
                                  0.000000    0.735806   clock reconvergence pessimism
                                 -0.084351    0.651455   library hold time
                                              0.651455   data required time
---------------------------------------------------------------------------------------------
                                              0.651455   data required time
                                             -1.678973   data arrival time
---------------------------------------------------------------------------------------------
                                              1.027518   slack (MET)


Startpoint: _272_ (rising edge-triggered flip-flop clocked by clk)
Endpoint: _272_ (rising edge-triggered flip-flop clocked by clk)
Path Group: clk
Path Type: min

Fanout         Cap        Slew       Delay        Time   Description
---------------------------------------------------------------------------------------------
                                  0.000000    0.000000   clock clk (rise edge)
                                  0.000000    0.000000   clock source latency
     1    0.010495    0.084531    0.054927    0.054927 ^ clk (in)
                                                         clk (net)
                      0.084533    0.000000    0.054927 ^ clkbuf_0_clk/A (sky130_fd_sc_hd__clkbuf_16)
     2    0.019016    0.066202    0.226720    0.281646 ^ clkbuf_0_clk/X (sky130_fd_sc_hd__clkbuf_16)
                                                         clknet_0_clk (net)
                      0.066202    0.000405    0.282051 ^ clkbuf_1_1__f_clk/A (sky130_fd_sc_hd__clkbuf_16)
     3    0.008778    0.052976    0.203540    0.485591 ^ clkbuf_1_1__f_clk/X (sky130_fd_sc_hd__clkbuf_16)
                                                         clknet_1_1__leaf_clk (net)
                      0.052976    0.000213    0.485804 ^ _272_/CLK (sky130_fd_sc_hd__dfstp_1)
     1    0.003230    0.055187    0.696570    1.182374 v _272_/Q (sky130_fd_sc_hd__dfstp_1)
                                                         i2c_clk (net)
                      0.055187    0.000095    1.182469 v fanout38/A (sky130_fd_sc_hd__clkbuf_2)
     7    0.027342    0.195762    0.295830    1.478299 v fanout38/X (sky130_fd_sc_hd__clkbuf_2)
                                                         net38 (net)
                      0.195762    0.000570    1.478870 v fanout35/A (sky130_fd_sc_hd__buf_2)
    10    0.032146    0.157672    0.398093    1.876962 v fanout35/X (sky130_fd_sc_hd__buf_2)
                                                         net35 (net)
                      0.157675    0.000870    1.877833 v _175_/A (sky130_fd_sc_hd__xnor2_1)
     1    0.003970    0.089660    0.268910    2.146742 v _175_/Y (sky130_fd_sc_hd__xnor2_1)
                                                         _033_ (net)
                      0.089660    0.000158    2.146900 v _272_/D (sky130_fd_sc_hd__dfstp_1)
                                              2.146900   data arrival time

                                  0.000000    0.000000   clock clk (rise edge)
                                  0.000000    0.000000   clock source latency
     1    0.010495    0.084531    0.054927    0.054927 ^ clk (in)
                                                         clk (net)
                      0.084533    0.000000    0.054927 ^ clkbuf_0_clk/A (sky130_fd_sc_hd__clkbuf_16)
     2    0.019016    0.066202    0.226720    0.281646 ^ clkbuf_0_clk/X (sky130_fd_sc_hd__clkbuf_16)
                                                         clknet_0_clk (net)
                      0.066202    0.000405    0.282051 ^ clkbuf_1_1__f_clk/A (sky130_fd_sc_hd__clkbuf_16)
     3    0.008778    0.052976    0.203540    0.485591 ^ clkbuf_1_1__f_clk/X (sky130_fd_sc_hd__clkbuf_16)
                                                         clknet_1_1__leaf_clk (net)
                      0.052976    0.000213    0.485804 ^ _272_/CLK (sky130_fd_sc_hd__dfstp_1)
                                  0.250000    0.735804   clock uncertainty
                                  0.000000    0.735804   clock reconvergence pessimism
                                 -0.015654    0.720150   library hold time
                                              0.720150   data required time
---------------------------------------------------------------------------------------------
                                              0.720150   data required time
                                             -2.146900   data arrival time
---------------------------------------------------------------------------------------------
                                              1.426750   slack (MET)


Startpoint: _314_ (rising edge-triggered flip-flop clocked by clk)
Endpoint: _314_ (rising edge-triggered flip-flop clocked by clk)
Path Group: clk
Path Type: min

Fanout         Cap        Slew       Delay        Time   Description
---------------------------------------------------------------------------------------------
                                  0.000000    0.000000   clock clk (rise edge)
                                  0.000000    0.000000   clock source latency
     1    0.010495    0.084531    0.054927    0.054927 ^ clk (in)
                                                         clk (net)
                      0.084533    0.000000    0.054927 ^ clkbuf_0_clk/A (sky130_fd_sc_hd__clkbuf_16)
     2    0.019016    0.066202    0.226720    0.281646 ^ clkbuf_0_clk/X (sky130_fd_sc_hd__clkbuf_16)
                                                         clknet_0_clk (net)
                      0.066202    0.000462    0.282109 ^ clkbuf_1_0__f_clk/A (sky130_fd_sc_hd__clkbuf_16)
     2    0.004585    0.047231    0.195612    0.477721 ^ clkbuf_1_0__f_clk/X (sky130_fd_sc_hd__clkbuf_16)
                                                         clknet_1_0__leaf_clk (net)
                      0.047232    0.000094    0.477815 ^ _314_/CLK (sky130_fd_sc_hd__dfrtp_1)
     3    0.008496    0.147043    0.689829    1.167643 ^ _314_/Q (sky130_fd_sc_hd__dfrtp_1)
                                                         clk_counter[0] (net)
                      0.147043    0.000153    1.167796 ^ hold1/A (sky130_fd_sc_hd__dlygate4sd3_1)
     1    0.005107    0.123137    1.104573    2.272369 ^ hold1/X (sky130_fd_sc_hd__dlygate4sd3_1)
                                                         net41 (net)
                      0.123137    0.000153    2.272522 ^ _142_/A (sky130_fd_sc_hd__inv_2)
     3    0.009663    0.055183    0.097922    2.370444 v _142_/Y (sky130_fd_sc_hd__inv_2)
                                                         _000_ (net)
                      0.055183    0.000219    2.370662 v _314_/D (sky130_fd_sc_hd__dfrtp_1)
                                              2.370662   data arrival time

                                  0.000000    0.000000   clock clk (rise edge)
                                  0.000000    0.000000   clock source latency
     1    0.010495    0.084531    0.054927    0.054927 ^ clk (in)
                                                         clk (net)
                      0.084533    0.000000    0.054927 ^ clkbuf_0_clk/A (sky130_fd_sc_hd__clkbuf_16)
     2    0.019016    0.066202    0.226720    0.281646 ^ clkbuf_0_clk/X (sky130_fd_sc_hd__clkbuf_16)
                                                         clknet_0_clk (net)
                      0.066202    0.000462    0.282109 ^ clkbuf_1_0__f_clk/A (sky130_fd_sc_hd__clkbuf_16)
     2    0.004585    0.047231    0.195612    0.477721 ^ clkbuf_1_0__f_clk/X (sky130_fd_sc_hd__clkbuf_16)
                                                         clknet_1_0__leaf_clk (net)
                      0.047232    0.000094    0.477815 ^ _314_/CLK (sky130_fd_sc_hd__dfrtp_1)
                                  0.250000    0.727815   clock uncertainty
                                  0.000000    0.727815   clock reconvergence pessimism
                                 -0.097269    0.630545   library hold time
                                              0.630545   data required time
---------------------------------------------------------------------------------------------
                                              0.630545   data required time
                                             -2.370662   data arrival time
---------------------------------------------------------------------------------------------
                                              1.740117   slack (MET)


Startpoint: rst (input port clocked by clk)
Endpoint: _315_ (removal check against rising-edge clock clk)
Path Group: asynchronous
Path Type: min

Fanout         Cap        Slew       Delay        Time   Description
---------------------------------------------------------------------------------------------
                                  0.000000    0.000000   clock clk (rise edge)
                                  0.000000    0.000000   clock network delay (propagated)
                                  4.000000    4.000000 v input external delay
     1    0.002621    0.017780    0.008672    4.008672 v rst (in)
                                                         rst (net)
                      0.017780    0.000000    4.008672 v input17/A (sky130_fd_sc_hd__buf_1)
     2    0.014003    0.166868    0.230217    4.238889 v input17/X (sky130_fd_sc_hd__buf_1)
                                                         net17 (net)
                      0.166868    0.000336    4.239224 v fanout40/A (sky130_fd_sc_hd__clkbuf_4)
    10    0.048987    0.185807    0.407486    4.646711 v fanout40/X (sky130_fd_sc_hd__clkbuf_4)
                                                         net40 (net)
                      0.185825    0.001927    4.648638 v _270_/A (sky130_fd_sc_hd__inv_2)
     1    0.004172    0.065650    0.118360    4.766998 ^ _270_/Y (sky130_fd_sc_hd__inv_2)
                                                         _031_ (net)
                      0.065650    0.000094    4.767091 ^ _315_/RESET_B (sky130_fd_sc_hd__dfrtp_1)
                                              4.767091   data arrival time

                                  0.000000    0.000000   clock clk (rise edge)
                                  0.000000    0.000000   clock source latency
     1    0.010495    0.084531    0.054927    0.054927 ^ clk (in)
                                                         clk (net)
                      0.084533    0.000000    0.054927 ^ clkbuf_0_clk/A (sky130_fd_sc_hd__clkbuf_16)
     2    0.019016    0.066202    0.226720    0.281646 ^ clkbuf_0_clk/X (sky130_fd_sc_hd__clkbuf_16)
                                                         clknet_0_clk (net)
                      0.066202    0.000405    0.282051 ^ clkbuf_1_1__f_clk/A (sky130_fd_sc_hd__clkbuf_16)
     3    0.008778    0.052976    0.203540    0.485591 ^ clkbuf_1_1__f_clk/X (sky130_fd_sc_hd__clkbuf_16)
                                                         clknet_1_1__leaf_clk (net)
                      0.052976    0.000215    0.485806 ^ _315_/CLK (sky130_fd_sc_hd__dfrtp_1)
                                  0.250000    0.735806   clock uncertainty
                                  0.000000    0.735806   clock reconvergence pessimism
                                  0.650981    1.386788   library removal time
                                              1.386788   data required time
---------------------------------------------------------------------------------------------
                                              1.386788   data required time
                                             -4.767091   data arrival time
---------------------------------------------------------------------------------------------
                                              3.380304   slack (MET)


Startpoint: rst (input port clocked by clk)
Endpoint: _314_ (removal check against rising-edge clock clk)
Path Group: asynchronous
Path Type: min

Fanout         Cap        Slew       Delay        Time   Description
---------------------------------------------------------------------------------------------
                                  0.000000    0.000000   clock clk (rise edge)
                                  0.000000    0.000000   clock network delay (propagated)
                                  4.000000    4.000000 v input external delay
     1    0.002621    0.017780    0.008672    4.008672 v rst (in)
                                                         rst (net)
                      0.017780    0.000000    4.008672 v input17/A (sky130_fd_sc_hd__buf_1)
     2    0.014003    0.166868    0.230217    4.238889 v input17/X (sky130_fd_sc_hd__buf_1)
                                                         net17 (net)
                      0.166868    0.000336    4.239224 v fanout40/A (sky130_fd_sc_hd__clkbuf_4)
    10    0.048987    0.185807    0.407486    4.646711 v fanout40/X (sky130_fd_sc_hd__clkbuf_4)
                                                         net40 (net)
                      0.185824    0.001861    4.648571 v _269_/A (sky130_fd_sc_hd__inv_2)
     1    0.004609    0.068391    0.122005    4.770576 ^ _269_/Y (sky130_fd_sc_hd__inv_2)
                                                         _030_ (net)
                      0.068391    0.000115    4.770690 ^ _314_/RESET_B (sky130_fd_sc_hd__dfrtp_1)
                                              4.770690   data arrival time

                                  0.000000    0.000000   clock clk (rise edge)
                                  0.000000    0.000000   clock source latency
     1    0.010495    0.084531    0.054927    0.054927 ^ clk (in)
                                                         clk (net)
                      0.084533    0.000000    0.054927 ^ clkbuf_0_clk/A (sky130_fd_sc_hd__clkbuf_16)
     2    0.019016    0.066202    0.226720    0.281646 ^ clkbuf_0_clk/X (sky130_fd_sc_hd__clkbuf_16)
                                                         clknet_0_clk (net)
                      0.066202    0.000462    0.282109 ^ clkbuf_1_0__f_clk/A (sky130_fd_sc_hd__clkbuf_16)
     2    0.004585    0.047231    0.195612    0.477721 ^ clkbuf_1_0__f_clk/X (sky130_fd_sc_hd__clkbuf_16)
                                                         clknet_1_0__leaf_clk (net)
                      0.047232    0.000094    0.477815 ^ _314_/CLK (sky130_fd_sc_hd__dfrtp_1)
                                  0.250000    0.727815   clock uncertainty
                                  0.000000    0.727815   clock reconvergence pessimism
                                  0.650090    1.377905   library removal time
                                              1.377905   data required time
---------------------------------------------------------------------------------------------
                                              1.377905   data required time
                                             -4.770690   data arrival time
---------------------------------------------------------------------------------------------
                                              3.392786   slack (MET)


Startpoint: rst (input port clocked by clk)
Endpoint: _316_ (removal check against rising-edge clock clk)
Path Group: asynchronous
Path Type: min

Fanout         Cap        Slew       Delay        Time   Description
---------------------------------------------------------------------------------------------
                                  0.000000    0.000000   clock clk (rise edge)
                                  0.000000    0.000000   clock network delay (propagated)
                                  4.000000    4.000000 v input external delay
     1    0.002621    0.017780    0.008672    4.008672 v rst (in)
                                                         rst (net)
                      0.017780    0.000000    4.008672 v input17/A (sky130_fd_sc_hd__buf_1)
     2    0.014003    0.166868    0.230217    4.238889 v input17/X (sky130_fd_sc_hd__buf_1)
                                                         net17 (net)
                      0.166868    0.000336    4.239224 v fanout40/A (sky130_fd_sc_hd__clkbuf_4)
    10    0.048987    0.185807    0.407486    4.646711 v fanout40/X (sky130_fd_sc_hd__clkbuf_4)
                                                         net40 (net)
                      0.185819    0.001637    4.648347 v _271_/A (sky130_fd_sc_hd__inv_2)
     1    0.005819    0.075999    0.131536    4.779884 ^ _271_/Y (sky130_fd_sc_hd__inv_2)
                                                         _032_ (net)
                      0.075999    0.000166    4.780050 ^ _316_/RESET_B (sky130_fd_sc_hd__dfrtp_1)
                                              4.780050   data arrival time

                                  0.000000    0.000000   clock clk (rise edge)
                                  0.000000    0.000000   clock source latency
     1    0.010495    0.084531    0.054927    0.054927 ^ clk (in)
                                                         clk (net)
                      0.084533    0.000000    0.054927 ^ clkbuf_0_clk/A (sky130_fd_sc_hd__clkbuf_16)
     2    0.019016    0.066202    0.226720    0.281646 ^ clkbuf_0_clk/X (sky130_fd_sc_hd__clkbuf_16)
                                                         clknet_0_clk (net)
                      0.066202    0.000462    0.282109 ^ clkbuf_1_0__f_clk/A (sky130_fd_sc_hd__clkbuf_16)
     2    0.004585    0.047231    0.195612    0.477721 ^ clkbuf_1_0__f_clk/X (sky130_fd_sc_hd__clkbuf_16)
                                                         clknet_1_0__leaf_clk (net)
                      0.047232    0.000117    0.477839 ^ _316_/CLK (sky130_fd_sc_hd__dfrtp_1)
                                  0.250000    0.727838   clock uncertainty
                                  0.000000    0.727838   clock reconvergence pessimism
                                  0.652429    1.380267   library removal time
                                              1.380267   data required time
---------------------------------------------------------------------------------------------
                                              1.380267   data required time
                                             -4.780050   data arrival time
---------------------------------------------------------------------------------------------
                                              3.399783   slack (MET)


Startpoint: rst (input port clocked by clk)
Endpoint: _272_ (removal check against rising-edge clock clk)
Path Group: asynchronous
Path Type: min

Fanout         Cap        Slew       Delay        Time   Description
---------------------------------------------------------------------------------------------
                                  0.000000    0.000000   clock clk (rise edge)
                                  0.000000    0.000000   clock network delay (propagated)
                                  4.000000    4.000000 v input external delay
     1    0.002621    0.017780    0.008672    4.008672 v rst (in)
                                                         rst (net)
                      0.017780    0.000000    4.008672 v input17/A (sky130_fd_sc_hd__buf_1)
     2    0.014003    0.166868    0.230217    4.238889 v input17/X (sky130_fd_sc_hd__buf_1)
                                                         net17 (net)
                      0.166868    0.000336    4.239224 v fanout40/A (sky130_fd_sc_hd__clkbuf_4)
    10    0.048987    0.185807    0.407486    4.646711 v fanout40/X (sky130_fd_sc_hd__clkbuf_4)
                                                         net40 (net)
                      0.185825    0.001934    4.648645 v _256_/A (sky130_fd_sc_hd__inv_2)
     1    0.003771    0.063247    0.115012    4.763657 ^ _256_/Y (sky130_fd_sc_hd__inv_2)
                                                         _013_ (net)
                      0.063247    0.000080    4.763738 ^ _272_/SET_B (sky130_fd_sc_hd__dfstp_1)
                                              4.763738   data arrival time

                                  0.000000    0.000000   clock clk (rise edge)
                                  0.000000    0.000000   clock source latency
     1    0.010495    0.084531    0.054927    0.054927 ^ clk (in)
                                                         clk (net)
                      0.084533    0.000000    0.054927 ^ clkbuf_0_clk/A (sky130_fd_sc_hd__clkbuf_16)
     2    0.019016    0.066202    0.226720    0.281646 ^ clkbuf_0_clk/X (sky130_fd_sc_hd__clkbuf_16)
                                                         clknet_0_clk (net)
                      0.066202    0.000405    0.282051 ^ clkbuf_1_1__f_clk/A (sky130_fd_sc_hd__clkbuf_16)
     3    0.008778    0.052976    0.203540    0.485591 ^ clkbuf_1_1__f_clk/X (sky130_fd_sc_hd__clkbuf_16)
                                                         clknet_1_1__leaf_clk (net)
                      0.052976    0.000213    0.485804 ^ _272_/CLK (sky130_fd_sc_hd__dfstp_1)
                                  0.250000    0.735804   clock uncertainty
                                  0.000000    0.735804   clock reconvergence pessimism
                                  0.297775    1.033579   library removal time
                                              1.033579   data required time
---------------------------------------------------------------------------------------------
                                              1.033579   data required time
                                             -4.763738   data arrival time
---------------------------------------------------------------------------------------------
                                              3.730159   slack (MET)


Startpoint: _272_ (rising edge-triggered flip-flop clocked by clk)
Endpoint: i2c_scl (output port clocked by clk)
Path Group: clk
Path Type: min

Fanout         Cap        Slew       Delay        Time   Description
---------------------------------------------------------------------------------------------
                                  0.000000    0.000000   clock clk (rise edge)
                                  0.000000    0.000000   clock source latency
     1    0.010495    0.084531    0.054927    0.054927 ^ clk (in)
                                                         clk (net)
                      0.084533    0.000000    0.054927 ^ clkbuf_0_clk/A (sky130_fd_sc_hd__clkbuf_16)
     2    0.019016    0.066202    0.226720    0.281646 ^ clkbuf_0_clk/X (sky130_fd_sc_hd__clkbuf_16)
                                                         clknet_0_clk (net)
                      0.066202    0.000405    0.282051 ^ clkbuf_1_1__f_clk/A (sky130_fd_sc_hd__clkbuf_16)
     3    0.008778    0.052976    0.203540    0.485591 ^ clkbuf_1_1__f_clk/X (sky130_fd_sc_hd__clkbuf_16)
                                                         clknet_1_1__leaf_clk (net)
                      0.052976    0.000213    0.485804 ^ _272_/CLK (sky130_fd_sc_hd__dfstp_1)
     1    0.003230    0.055187    0.696570    1.182374 v _272_/Q (sky130_fd_sc_hd__dfstp_1)
                                                         i2c_clk (net)
                      0.055187    0.000095    1.182469 v fanout38/A (sky130_fd_sc_hd__clkbuf_2)
     7    0.027342    0.195762    0.295830    1.478299 v fanout38/X (sky130_fd_sc_hd__clkbuf_2)
                                                         net38 (net)
                      0.195763    0.000854    1.479154 v fanout34/A (sky130_fd_sc_hd__buf_2)
    10    0.030091    0.149592    0.391446    1.870600 v fanout34/X (sky130_fd_sc_hd__buf_2)
                                                         net34 (net)
                      0.149594    0.000778    1.871377 v _138_/A (sky130_fd_sc_hd__inv_2)
     2    0.011107    0.099228    0.144349    2.015727 ^ _138_/Y (sky130_fd_sc_hd__inv_2)
                                                         _025_ (net)
                      0.099228    0.000204    2.015930 ^ _187_/A (sky130_fd_sc_hd__nand2_4)
     1    0.034914    0.164488    0.178509    2.194439 v _187_/Y (sky130_fd_sc_hd__nand2_4)
                                                         i2c_scl (net)
     0    0.034914    0.164496    0.000933    2.195371 v i2c_scl (inout)
                                                         i2c_scl (net)
                                              2.195371   data arrival time

                                  0.000000    0.000000   clock clk (rise edge)
                                  0.000000    0.000000   clock network delay (propagated)
                                  0.250000    0.250000   clock uncertainty
                                  0.000000    0.250000   clock reconvergence pessimism
                                 -4.000000   -3.750000   output external delay
                                             -3.750000   data required time
---------------------------------------------------------------------------------------------
                                             -3.750000   data required time
                                             -2.195371   data arrival time
---------------------------------------------------------------------------------------------
                                              5.945372   slack (MET)


Startpoint: rst (input port clocked by clk)
Endpoint: ready (output port clocked by clk)
Path Group: clk
Path Type: min

Fanout         Cap        Slew       Delay        Time   Description
---------------------------------------------------------------------------------------------
                                  0.000000    0.000000   clock clk (rise edge)
                                  0.000000    0.000000   clock network delay (propagated)
                                  4.000000    4.000000 v input external delay
     1    0.002621    0.017780    0.008672    4.008672 v rst (in)
                                                         rst (net)
                      0.017780    0.000000    4.008672 v input17/A (sky130_fd_sc_hd__buf_1)
     2    0.014003    0.166868    0.230217    4.238889 v input17/X (sky130_fd_sc_hd__buf_1)
                                                         net17 (net)
                      0.166868    0.000336    4.239224 v fanout40/A (sky130_fd_sc_hd__clkbuf_4)
    10    0.048987    0.185807    0.407486    4.646711 v fanout40/X (sky130_fd_sc_hd__clkbuf_4)
                                                         net40 (net)
                      0.185809    0.000985    4.647695 v _186_/A (sky130_fd_sc_hd__nor2_1)
     1    0.002268    0.115694    0.199723    4.847418 ^ _186_/Y (sky130_fd_sc_hd__nor2_1)
                                                         net27 (net)
                      0.115694    0.000064    4.847482 ^ output27/A (sky130_fd_sc_hd__buf_2)
     1    0.034164    0.271465    0.364255    5.211738 ^ output27/X (sky130_fd_sc_hd__buf_2)
                                                         ready (net)
                      0.271465    0.000706    5.212443 ^ ready (out)
                                              5.212443   data arrival time

                                  0.000000    0.000000   clock clk (rise edge)
                                  0.000000    0.000000   clock network delay (propagated)
                                  0.250000    0.250000   clock uncertainty
                                  0.000000    0.250000   clock reconvergence pessimism
                                 -4.000000   -3.750000   output external delay
                                             -3.750000   data required time
---------------------------------------------------------------------------------------------
                                             -3.750000   data required time
                                             -5.212443   data arrival time
---------------------------------------------------------------------------------------------
                                              8.962443   slack (MET)



%OL_END_REPORT
%OL_CREATE_REPORT max.rpt

===========================================================================
report_checks -path_delay max (Setup)
============================================================================
======================= nom_ss_100C_1v60 Corner ===================================

Startpoint: rst (input port clocked by clk)
Endpoint: ready (output port clocked by clk)
Path Group: clk
Path Type: max

Fanout         Cap        Slew       Delay        Time   Description
---------------------------------------------------------------------------------------------
                                  0.000000    0.000000   clock clk (rise edge)
                                  0.000000    0.000000   clock network delay (propagated)
                                  4.000000    4.000000 ^ input external delay
     1    0.002750    0.031923    0.015528    4.015529 ^ rst (in)
                                                         rst (net)
                      0.031923    0.000000    4.015529 ^ input17/A (sky130_fd_sc_hd__buf_1)
     2    0.014524    0.283132    0.285345    4.300874 ^ input17/X (sky130_fd_sc_hd__buf_1)
                                                         net17 (net)
                      0.283132    0.000350    4.301224 ^ fanout40/A (sky130_fd_sc_hd__clkbuf_4)
    10    0.051566    0.255492    0.481136    4.782360 ^ fanout40/X (sky130_fd_sc_hd__clkbuf_4)
                                                         net40 (net)
                      0.255492    0.001037    4.783397 ^ _186_/A (sky130_fd_sc_hd__nor2_1)
     1    0.002140    0.068031    0.146571    4.929968 v _186_/Y (sky130_fd_sc_hd__nor2_1)
                                                         net27 (net)
                      0.068031    0.000060    4.930028 v output27/A (sky130_fd_sc_hd__buf_2)
     1    0.034164    0.165521    0.343307    5.273335 v output27/X (sky130_fd_sc_hd__buf_2)
                                                         ready (net)
                      0.165522    0.000706    5.274041 v ready (out)
                                              5.274041   data arrival time

                                 20.000000   20.000000   clock clk (rise edge)
                                  0.000000   20.000000   clock network delay (propagated)
                                 -0.250000   19.750002   clock uncertainty
                                  0.000000   19.750002   clock reconvergence pessimism
                                 -4.000000   15.750001   output external delay
                                             15.750001   data required time
---------------------------------------------------------------------------------------------
                                             15.750001   data required time
                                             -5.274041   data arrival time
---------------------------------------------------------------------------------------------
                                             10.475960   slack (MET)


Startpoint: _272_ (rising edge-triggered flip-flop clocked by clk)
Endpoint: i2c_scl (output port clocked by clk)
Path Group: clk
Path Type: max

Fanout         Cap        Slew       Delay        Time   Description
---------------------------------------------------------------------------------------------
                                  0.000000    0.000000   clock clk (rise edge)
                                  0.000000    0.000000   clock source latency
     1    0.010495    0.084531    0.054927    0.054927 ^ clk (in)
                                                         clk (net)
                      0.084533    0.000000    0.054927 ^ clkbuf_0_clk/A (sky130_fd_sc_hd__clkbuf_16)
     2    0.019016    0.066202    0.226720    0.281646 ^ clkbuf_0_clk/X (sky130_fd_sc_hd__clkbuf_16)
                                                         clknet_0_clk (net)
                      0.066202    0.000405    0.282051 ^ clkbuf_1_1__f_clk/A (sky130_fd_sc_hd__clkbuf_16)
     3    0.008778    0.052976    0.203540    0.485591 ^ clkbuf_1_1__f_clk/X (sky130_fd_sc_hd__clkbuf_16)
                                                         clknet_1_1__leaf_clk (net)
                      0.052976    0.000213    0.485804 ^ _272_/CLK (sky130_fd_sc_hd__dfstp_1)
     1    0.003415    0.084012    1.062501    1.548305 ^ _272_/Q (sky130_fd_sc_hd__dfstp_1)
                                                         i2c_clk (net)
                      0.084012    0.000101    1.548406 ^ fanout38/A (sky130_fd_sc_hd__clkbuf_2)
     7    0.028390    0.246997    0.325314    1.873720 ^ fanout38/X (sky130_fd_sc_hd__clkbuf_2)
                                                         net38 (net)
                      0.246997    0.000888    1.874608 ^ fanout34/A (sky130_fd_sc_hd__buf_2)
    10    0.031685    0.253430    0.410572    2.285180 ^ fanout34/X (sky130_fd_sc_hd__buf_2)
                                                         net34 (net)
                      0.253430    0.000820    2.286000 ^ _138_/A (sky130_fd_sc_hd__inv_2)
     2    0.010445    0.078768    0.148960    2.434960 v _138_/Y (sky130_fd_sc_hd__inv_2)
                                                         _025_ (net)
                      0.078768    0.000192    2.435152 v _187_/A (sky130_fd_sc_hd__nand2_4)
     1    0.034914    0.183698    0.180503    2.615655 ^ _187_/Y (sky130_fd_sc_hd__nand2_4)
                                                         i2c_scl (net)
     0    0.034914    0.183769    0.000933    2.616588 ^ i2c_scl (inout)
                                                         i2c_scl (net)
                                              2.616588   data arrival time

                                 20.000000   20.000000   clock clk (rise edge)
                                  0.000000   20.000000   clock network delay (propagated)
                                 -0.250000   19.750002   clock uncertainty
                                  0.000000   19.750002   clock reconvergence pessimism
                                 -4.000000   15.750001   output external delay
                                             15.750001   data required time
---------------------------------------------------------------------------------------------
                                             15.750001   data required time
                                             -2.616588   data arrival time
---------------------------------------------------------------------------------------------
                                             13.133413   slack (MET)


Startpoint: _314_ (rising edge-triggered flip-flop clocked by clk)
Endpoint: _272_ (rising edge-triggered flip-flop clocked by clk)
Path Group: clk
Path Type: max

Fanout         Cap        Slew       Delay        Time   Description
---------------------------------------------------------------------------------------------
                                  0.000000    0.000000   clock clk (rise edge)
                                  0.000000    0.000000   clock source latency
     1    0.010495    0.084531    0.054927    0.054927 ^ clk (in)
                                                         clk (net)
                      0.084533    0.000000    0.054927 ^ clkbuf_0_clk/A (sky130_fd_sc_hd__clkbuf_16)
     2    0.019016    0.066202    0.226720    0.281646 ^ clkbuf_0_clk/X (sky130_fd_sc_hd__clkbuf_16)
                                                         clknet_0_clk (net)
                      0.066202    0.000462    0.282109 ^ clkbuf_1_0__f_clk/A (sky130_fd_sc_hd__clkbuf_16)
     2    0.004585    0.047231    0.195612    0.477721 ^ clkbuf_1_0__f_clk/X (sky130_fd_sc_hd__clkbuf_16)
                                                         clknet_1_0__leaf_clk (net)
                      0.047232    0.000094    0.477815 ^ _314_/CLK (sky130_fd_sc_hd__dfrtp_1)
     3    0.008496    0.147043    0.689829    1.167643 ^ _314_/Q (sky130_fd_sc_hd__dfrtp_1)
                                                         clk_counter[0] (net)
                      0.147043    0.000153    1.167796 ^ hold1/A (sky130_fd_sc_hd__dlygate4sd3_1)
     1    0.005107    0.123137    1.104573    2.272369 ^ hold1/X (sky130_fd_sc_hd__dlygate4sd3_1)
                                                         net41 (net)
                      0.123137    0.000153    2.272522 ^ _142_/A (sky130_fd_sc_hd__inv_2)
     3    0.009663    0.055183    0.097922    2.370444 v _142_/Y (sky130_fd_sc_hd__inv_2)
                                                         _000_ (net)
                      0.055183    0.000224    2.370667 v _174_/A (sky130_fd_sc_hd__or3_1)
     1    0.002101    0.127545    0.818510    3.189177 v _174_/X (sky130_fd_sc_hd__or3_1)
                                                         _097_ (net)
                      0.127545    0.000061    3.189239 v hold4/A (sky130_fd_sc_hd__dlygate4sd3_1)
     1    0.004722    0.127048    1.181629    4.370867 v hold4/X (sky130_fd_sc_hd__dlygate4sd3_1)
                                                         net44 (net)
                      0.127048    0.000095    4.370962 v _175_/B (sky130_fd_sc_hd__xnor2_1)
     1    0.004108    0.228900    0.268112    4.639074 ^ _175_/Y (sky130_fd_sc_hd__xnor2_1)
                                                         _033_ (net)
                      0.228900    0.000164    4.639238 ^ _272_/D (sky130_fd_sc_hd__dfstp_1)
                                              4.639238   data arrival time

                                 20.000000   20.000000   clock clk (rise edge)
                                  0.000000   20.000000   clock source latency
     1    0.010495    0.084531    0.054927   20.054928 ^ clk (in)
                                                         clk (net)
                      0.084533    0.000000   20.054928 ^ clkbuf_0_clk/A (sky130_fd_sc_hd__clkbuf_16)
     2    0.019016    0.066202    0.226720   20.281647 ^ clkbuf_0_clk/X (sky130_fd_sc_hd__clkbuf_16)
                                                         clknet_0_clk (net)
                      0.066202    0.000405   20.282053 ^ clkbuf_1_1__f_clk/A (sky130_fd_sc_hd__clkbuf_16)
     3    0.008778    0.052976    0.203540   20.485592 ^ clkbuf_1_1__f_clk/X (sky130_fd_sc_hd__clkbuf_16)
                                                         clknet_1_1__leaf_clk (net)
                      0.052976    0.000211   20.485804 ^ _272_/CLK (sky130_fd_sc_hd__dfstp_1)
                                 -0.250000   20.235806   clock uncertainty
                                  0.000000   20.235806   clock reconvergence pessimism
                                 -0.160425   20.075380   library setup time
                                             20.075380   data required time
---------------------------------------------------------------------------------------------
                                             20.075380   data required time
                                             -4.639238   data arrival time
---------------------------------------------------------------------------------------------
                                             15.436142   slack (MET)


Startpoint: rst (input port clocked by clk)
Endpoint: _272_ (recovery check against rising-edge clock clk)
Path Group: asynchronous
Path Type: max

Fanout         Cap        Slew       Delay        Time   Description
---------------------------------------------------------------------------------------------
                                  0.000000    0.000000   clock clk (rise edge)
                                  0.000000    0.000000   clock network delay (propagated)
                                  4.000000    4.000000 v input external delay
     1    0.002621    0.017780    0.008672    4.008672 v rst (in)
                                                         rst (net)
                      0.017780    0.000000    4.008672 v input17/A (sky130_fd_sc_hd__buf_1)
     2    0.014003    0.166868    0.230217    4.238889 v input17/X (sky130_fd_sc_hd__buf_1)
                                                         net17 (net)
                      0.166868    0.000336    4.239224 v fanout40/A (sky130_fd_sc_hd__clkbuf_4)
    10    0.048987    0.185807    0.407486    4.646711 v fanout40/X (sky130_fd_sc_hd__clkbuf_4)
                                                         net40 (net)
                      0.185825    0.001934    4.648645 v _256_/A (sky130_fd_sc_hd__inv_2)
     1    0.003771    0.063247    0.115012    4.763657 ^ _256_/Y (sky130_fd_sc_hd__inv_2)
                                                         _013_ (net)
                      0.063247    0.000080    4.763738 ^ _272_/SET_B (sky130_fd_sc_hd__dfstp_1)
                                              4.763738   data arrival time

                                 20.000000   20.000000   clock clk (rise edge)
                                  0.000000   20.000000   clock source latency
     1    0.010495    0.084531    0.054927   20.054928 ^ clk (in)
                                                         clk (net)
                      0.084533    0.000000   20.054928 ^ clkbuf_0_clk/A (sky130_fd_sc_hd__clkbuf_16)
     2    0.019016    0.066202    0.226720   20.281647 ^ clkbuf_0_clk/X (sky130_fd_sc_hd__clkbuf_16)
                                                         clknet_0_clk (net)
                      0.066202    0.000405   20.282053 ^ clkbuf_1_1__f_clk/A (sky130_fd_sc_hd__clkbuf_16)
     3    0.008778    0.052976    0.203540   20.485592 ^ clkbuf_1_1__f_clk/X (sky130_fd_sc_hd__clkbuf_16)
                                                         clknet_1_1__leaf_clk (net)
                      0.052976    0.000211   20.485804 ^ _272_/CLK (sky130_fd_sc_hd__dfstp_1)
                                 -0.250000   20.235806   clock uncertainty
                                  0.000000   20.235806   clock reconvergence pessimism
                                  0.264114   20.499918   library recovery time
                                             20.499918   data required time
---------------------------------------------------------------------------------------------
                                             20.499918   data required time
                                             -4.763738   data arrival time
---------------------------------------------------------------------------------------------
                                             15.736181   slack (MET)


Startpoint: rst (input port clocked by clk)
Endpoint: _316_ (recovery check against rising-edge clock clk)
Path Group: asynchronous
Path Type: max

Fanout         Cap        Slew       Delay        Time   Description
---------------------------------------------------------------------------------------------
                                  0.000000    0.000000   clock clk (rise edge)
                                  0.000000    0.000000   clock network delay (propagated)
                                  4.000000    4.000000 v input external delay
     1    0.002621    0.017780    0.008672    4.008672 v rst (in)
                                                         rst (net)
                      0.017780    0.000000    4.008672 v input17/A (sky130_fd_sc_hd__buf_1)
     2    0.014003    0.166868    0.230217    4.238889 v input17/X (sky130_fd_sc_hd__buf_1)
                                                         net17 (net)
                      0.166868    0.000336    4.239224 v fanout40/A (sky130_fd_sc_hd__clkbuf_4)
    10    0.048987    0.185807    0.407486    4.646711 v fanout40/X (sky130_fd_sc_hd__clkbuf_4)
                                                         net40 (net)
                      0.185819    0.001637    4.648347 v _271_/A (sky130_fd_sc_hd__inv_2)
     1    0.005819    0.075999    0.131536    4.779884 ^ _271_/Y (sky130_fd_sc_hd__inv_2)
                                                         _032_ (net)
                      0.075999    0.000166    4.780050 ^ _316_/RESET_B (sky130_fd_sc_hd__dfrtp_1)
                                              4.780050   data arrival time

                                 20.000000   20.000000   clock clk (rise edge)
                                  0.000000   20.000000   clock source latency
     1    0.010495    0.084531    0.054927   20.054928 ^ clk (in)
                                                         clk (net)
                      0.084533    0.000000   20.054928 ^ clkbuf_0_clk/A (sky130_fd_sc_hd__clkbuf_16)
     2    0.019016    0.066202    0.226720   20.281647 ^ clkbuf_0_clk/X (sky130_fd_sc_hd__clkbuf_16)
                                                         clknet_0_clk (net)
                      0.066202    0.000462   20.282108 ^ clkbuf_1_0__f_clk/A (sky130_fd_sc_hd__clkbuf_16)
     2    0.004585    0.047231    0.195612   20.477722 ^ clkbuf_1_0__f_clk/X (sky130_fd_sc_hd__clkbuf_16)
                                                         clknet_1_0__leaf_clk (net)
                      0.047232    0.000117   20.477839 ^ _316_/CLK (sky130_fd_sc_hd__dfrtp_1)
                                 -0.250000   20.227840   clock uncertainty
                                  0.000000   20.227840   clock reconvergence pessimism
                                  0.452775   20.680614   library recovery time
                                             20.680614   data required time
---------------------------------------------------------------------------------------------
                                             20.680614   data required time
                                             -4.780050   data arrival time
---------------------------------------------------------------------------------------------
                                             15.900565   slack (MET)


Startpoint: rst (input port clocked by clk)
Endpoint: _314_ (recovery check against rising-edge clock clk)
Path Group: asynchronous
Path Type: max

Fanout         Cap        Slew       Delay        Time   Description
---------------------------------------------------------------------------------------------
                                  0.000000    0.000000   clock clk (rise edge)
                                  0.000000    0.000000   clock network delay (propagated)
                                  4.000000    4.000000 v input external delay
     1    0.002621    0.017780    0.008672    4.008672 v rst (in)
                                                         rst (net)
                      0.017780    0.000000    4.008672 v input17/A (sky130_fd_sc_hd__buf_1)
     2    0.014003    0.166868    0.230217    4.238889 v input17/X (sky130_fd_sc_hd__buf_1)
                                                         net17 (net)
                      0.166868    0.000336    4.239224 v fanout40/A (sky130_fd_sc_hd__clkbuf_4)
    10    0.048987    0.185807    0.407486    4.646711 v fanout40/X (sky130_fd_sc_hd__clkbuf_4)
                                                         net40 (net)
                      0.185824    0.001861    4.648571 v _269_/A (sky130_fd_sc_hd__inv_2)
     1    0.004609    0.068391    0.122005    4.770576 ^ _269_/Y (sky130_fd_sc_hd__inv_2)
                                                         _030_ (net)
                      0.068391    0.000115    4.770690 ^ _314_/RESET_B (sky130_fd_sc_hd__dfrtp_1)
                                              4.770690   data arrival time

                                 20.000000   20.000000   clock clk (rise edge)
                                  0.000000   20.000000   clock source latency
     1    0.010495    0.084531    0.054927   20.054928 ^ clk (in)
                                                         clk (net)
                      0.084533    0.000000   20.054928 ^ clkbuf_0_clk/A (sky130_fd_sc_hd__clkbuf_16)
     2    0.019016    0.066202    0.226720   20.281647 ^ clkbuf_0_clk/X (sky130_fd_sc_hd__clkbuf_16)
                                                         clknet_0_clk (net)
                      0.066202    0.000462   20.282108 ^ clkbuf_1_0__f_clk/A (sky130_fd_sc_hd__clkbuf_16)
     2    0.004585    0.047231    0.195612   20.477722 ^ clkbuf_1_0__f_clk/X (sky130_fd_sc_hd__clkbuf_16)
                                                         clknet_1_0__leaf_clk (net)
                      0.047232    0.000094   20.477816 ^ _314_/CLK (sky130_fd_sc_hd__dfrtp_1)
                                 -0.250000   20.227816   clock uncertainty
                                  0.000000   20.227816   clock reconvergence pessimism
                                  0.455597   20.683413   library recovery time
                                             20.683413   data required time
---------------------------------------------------------------------------------------------
                                             20.683413   data required time
                                             -4.770690   data arrival time
---------------------------------------------------------------------------------------------
                                             15.912723   slack (MET)


Startpoint: rst (input port clocked by clk)
Endpoint: _315_ (recovery check against rising-edge clock clk)
Path Group: asynchronous
Path Type: max

Fanout         Cap        Slew       Delay        Time   Description
---------------------------------------------------------------------------------------------
                                  0.000000    0.000000   clock clk (rise edge)
                                  0.000000    0.000000   clock network delay (propagated)
                                  4.000000    4.000000 v input external delay
     1    0.002621    0.017780    0.008672    4.008672 v rst (in)
                                                         rst (net)
                      0.017780    0.000000    4.008672 v input17/A (sky130_fd_sc_hd__buf_1)
     2    0.014003    0.166868    0.230217    4.238889 v input17/X (sky130_fd_sc_hd__buf_1)
                                                         net17 (net)
                      0.166868    0.000336    4.239224 v fanout40/A (sky130_fd_sc_hd__clkbuf_4)
    10    0.048987    0.185807    0.407486    4.646711 v fanout40/X (sky130_fd_sc_hd__clkbuf_4)
                                                         net40 (net)
                      0.185825    0.001927    4.648638 v _270_/A (sky130_fd_sc_hd__inv_2)
     1    0.004172    0.065650    0.118360    4.766998 ^ _270_/Y (sky130_fd_sc_hd__inv_2)
                                                         _031_ (net)
                      0.065650    0.000094    4.767091 ^ _315_/RESET_B (sky130_fd_sc_hd__dfrtp_1)
                                              4.767091   data arrival time

                                 20.000000   20.000000   clock clk (rise edge)
                                  0.000000   20.000000   clock source latency
     1    0.010495    0.084531    0.054927   20.054928 ^ clk (in)
                                                         clk (net)
                      0.084533    0.000000   20.054928 ^ clkbuf_0_clk/A (sky130_fd_sc_hd__clkbuf_16)
     2    0.019016    0.066202    0.226720   20.281647 ^ clkbuf_0_clk/X (sky130_fd_sc_hd__clkbuf_16)
                                                         clknet_0_clk (net)
                      0.066202    0.000405   20.282053 ^ clkbuf_1_1__f_clk/A (sky130_fd_sc_hd__clkbuf_16)
     3    0.008778    0.052976    0.203540   20.485592 ^ clkbuf_1_1__f_clk/X (sky130_fd_sc_hd__clkbuf_16)
                                                         clknet_1_1__leaf_clk (net)
                      0.052976    0.000215   20.485807 ^ _315_/CLK (sky130_fd_sc_hd__dfrtp_1)
                                 -0.250000   20.235807   clock uncertainty
                                  0.000000   20.235807   clock reconvergence pessimism
                                  0.458526   20.694334   library recovery time
                                             20.694334   data required time
---------------------------------------------------------------------------------------------
                                             20.694334   data required time
                                             -4.767091   data arrival time
---------------------------------------------------------------------------------------------
                                             15.927242   slack (MET)


Startpoint: _316_ (rising edge-triggered flip-flop clocked by clk)
Endpoint: _315_ (rising edge-triggered flip-flop clocked by clk)
Path Group: clk
Path Type: max

Fanout         Cap        Slew       Delay        Time   Description
---------------------------------------------------------------------------------------------
                                  0.000000    0.000000   clock clk (rise edge)
                                  0.000000    0.000000   clock source latency
     1    0.010495    0.084531    0.054927    0.054927 ^ clk (in)
                                                         clk (net)
                      0.084533    0.000000    0.054927 ^ clkbuf_0_clk/A (sky130_fd_sc_hd__clkbuf_16)
     2    0.019016    0.066202    0.226720    0.281646 ^ clkbuf_0_clk/X (sky130_fd_sc_hd__clkbuf_16)
                                                         clknet_0_clk (net)
                      0.066202    0.000462    0.282109 ^ clkbuf_1_0__f_clk/A (sky130_fd_sc_hd__clkbuf_16)
     2    0.004585    0.047231    0.195612    0.477721 ^ clkbuf_1_0__f_clk/X (sky130_fd_sc_hd__clkbuf_16)
                                                         clknet_1_0__leaf_clk (net)
                      0.047232    0.000117    0.477839 ^ _316_/CLK (sky130_fd_sc_hd__dfrtp_1)
     2    0.006334    0.106127    0.758729    1.236567 v _316_/Q (sky130_fd_sc_hd__dfrtp_1)
                                                         clk_counter[2] (net)
                      0.106127    0.000167    1.236734 v hold2/A (sky130_fd_sc_hd__dlygate4sd3_1)
     2    0.009430    0.169578    1.224798    2.461532 v hold2/X (sky130_fd_sc_hd__dlygate4sd3_1)
                                                         net42 (net)
                      0.169578    0.000185    2.461717 v _190_/A2 (sky130_fd_sc_hd__o211a_1)
     1    0.004239    0.084861    0.431769    2.893486 v _190_/X (sky130_fd_sc_hd__o211a_1)
                                                         _001_ (net)
                      0.084861    0.000135    2.893621 v _315_/D (sky130_fd_sc_hd__dfrtp_1)
                                              2.893621   data arrival time

                                 20.000000   20.000000   clock clk (rise edge)
                                  0.000000   20.000000   clock source latency
     1    0.010495    0.084531    0.054927   20.054928 ^ clk (in)
                                                         clk (net)
                      0.084533    0.000000   20.054928 ^ clkbuf_0_clk/A (sky130_fd_sc_hd__clkbuf_16)
     2    0.019016    0.066202    0.226720   20.281647 ^ clkbuf_0_clk/X (sky130_fd_sc_hd__clkbuf_16)
                                                         clknet_0_clk (net)
                      0.066202    0.000405   20.282053 ^ clkbuf_1_1__f_clk/A (sky130_fd_sc_hd__clkbuf_16)
     3    0.008778    0.052976    0.203540   20.485592 ^ clkbuf_1_1__f_clk/X (sky130_fd_sc_hd__clkbuf_16)
                                                         clknet_1_1__leaf_clk (net)
                      0.052976    0.000215   20.485807 ^ _315_/CLK (sky130_fd_sc_hd__dfrtp_1)
                                 -0.250000   20.235807   clock uncertainty
                                  0.000000   20.235807   clock reconvergence pessimism
                                 -0.287301   19.948507   library setup time
                                             19.948507   data required time
---------------------------------------------------------------------------------------------
                                             19.948507   data required time
                                             -2.893621   data arrival time
---------------------------------------------------------------------------------------------
                                             17.054886   slack (MET)


Startpoint: _316_ (rising edge-triggered flip-flop clocked by clk)
Endpoint: _316_ (rising edge-triggered flip-flop clocked by clk)
Path Group: clk
Path Type: max

Fanout         Cap        Slew       Delay        Time   Description
---------------------------------------------------------------------------------------------
                                  0.000000    0.000000   clock clk (rise edge)
                                  0.000000    0.000000   clock source latency
     1    0.010495    0.084531    0.054927    0.054927 ^ clk (in)
                                                         clk (net)
                      0.084533    0.000000    0.054927 ^ clkbuf_0_clk/A (sky130_fd_sc_hd__clkbuf_16)
     2    0.019016    0.066202    0.226720    0.281646 ^ clkbuf_0_clk/X (sky130_fd_sc_hd__clkbuf_16)
                                                         clknet_0_clk (net)
                      0.066202    0.000462    0.282109 ^ clkbuf_1_0__f_clk/A (sky130_fd_sc_hd__clkbuf_16)
     2    0.004585    0.047231    0.195612    0.477721 ^ clkbuf_1_0__f_clk/X (sky130_fd_sc_hd__clkbuf_16)
                                                         clknet_1_0__leaf_clk (net)
                      0.047232    0.000117    0.477839 ^ _316_/CLK (sky130_fd_sc_hd__dfrtp_1)
     2    0.006334    0.106127    0.758729    1.236567 v _316_/Q (sky130_fd_sc_hd__dfrtp_1)
                                                         clk_counter[2] (net)
                      0.106127    0.000167    1.236734 v hold2/A (sky130_fd_sc_hd__dlygate4sd3_1)
     2    0.009430    0.169578    1.224798    2.461532 v hold2/X (sky130_fd_sc_hd__dlygate4sd3_1)
                                                         net42 (net)
                      0.169578    0.000143    2.461676 v _191_/A (sky130_fd_sc_hd__xnor2_1)
     1    0.002467    0.086596    0.256180    2.717856 v _191_/Y (sky130_fd_sc_hd__xnor2_1)
                                                         _002_ (net)
                      0.086596    0.000072    2.717927 v _316_/D (sky130_fd_sc_hd__dfrtp_1)
                                              2.717927   data arrival time

                                 20.000000   20.000000   clock clk (rise edge)
                                  0.000000   20.000000   clock source latency
     1    0.010495    0.084531    0.054927   20.054928 ^ clk (in)
                                                         clk (net)
                      0.084533    0.000000   20.054928 ^ clkbuf_0_clk/A (sky130_fd_sc_hd__clkbuf_16)
     2    0.019016    0.066202    0.226720   20.281647 ^ clkbuf_0_clk/X (sky130_fd_sc_hd__clkbuf_16)
                                                         clknet_0_clk (net)
                      0.066202    0.000462   20.282108 ^ clkbuf_1_0__f_clk/A (sky130_fd_sc_hd__clkbuf_16)
     2    0.004585    0.047231    0.195612   20.477722 ^ clkbuf_1_0__f_clk/X (sky130_fd_sc_hd__clkbuf_16)
                                                         clknet_1_0__leaf_clk (net)
                      0.047232    0.000117   20.477839 ^ _316_/CLK (sky130_fd_sc_hd__dfrtp_1)
                                 -0.250000   20.227840   clock uncertainty
                                  0.000000   20.227840   clock reconvergence pessimism
                                 -0.289556   19.938282   library setup time
                                             19.938282   data required time
---------------------------------------------------------------------------------------------
                                             19.938282   data required time
                                             -2.717927   data arrival time
---------------------------------------------------------------------------------------------
                                             17.220356   slack (MET)


Startpoint: _314_ (rising edge-triggered flip-flop clocked by clk)
Endpoint: _314_ (rising edge-triggered flip-flop clocked by clk)
Path Group: clk
Path Type: max

Fanout         Cap        Slew       Delay        Time   Description
---------------------------------------------------------------------------------------------
                                  0.000000    0.000000   clock clk (rise edge)
                                  0.000000    0.000000   clock source latency
     1    0.010495    0.084531    0.054927    0.054927 ^ clk (in)
                                                         clk (net)
                      0.084533    0.000000    0.054927 ^ clkbuf_0_clk/A (sky130_fd_sc_hd__clkbuf_16)
     2    0.019016    0.066202    0.226720    0.281646 ^ clkbuf_0_clk/X (sky130_fd_sc_hd__clkbuf_16)
                                                         clknet_0_clk (net)
                      0.066202    0.000462    0.282109 ^ clkbuf_1_0__f_clk/A (sky130_fd_sc_hd__clkbuf_16)
     2    0.004585    0.047231    0.195612    0.477721 ^ clkbuf_1_0__f_clk/X (sky130_fd_sc_hd__clkbuf_16)
                                                         clknet_1_0__leaf_clk (net)
                      0.047232    0.000094    0.477815 ^ _314_/CLK (sky130_fd_sc_hd__dfrtp_1)
     3    0.008171    0.121831    0.775633    1.253448 v _314_/Q (sky130_fd_sc_hd__dfrtp_1)
                                                         clk_counter[0] (net)
                      0.121831    0.000145    1.253593 v hold1/A (sky130_fd_sc_hd__dlygate4sd3_1)
     1    0.004798    0.127461    1.179698    2.433291 v hold1/X (sky130_fd_sc_hd__dlygate4sd3_1)
                                                         net41 (net)
                      0.127461    0.000143    2.433435 v _142_/A (sky130_fd_sc_hd__inv_2)
     3    0.010020    0.089314    0.128792    2.562227 ^ _142_/Y (sky130_fd_sc_hd__inv_2)
                                                         _000_ (net)
                      0.089314    0.000225    2.562452 ^ _314_/D (sky130_fd_sc_hd__dfrtp_1)
                                              2.562452   data arrival time

                                 20.000000   20.000000   clock clk (rise edge)
                                  0.000000   20.000000   clock source latency
     1    0.010495    0.084531    0.054927   20.054928 ^ clk (in)
                                                         clk (net)
                      0.084533    0.000000   20.054928 ^ clkbuf_0_clk/A (sky130_fd_sc_hd__clkbuf_16)
     2    0.019016    0.066202    0.226720   20.281647 ^ clkbuf_0_clk/X (sky130_fd_sc_hd__clkbuf_16)
                                                         clknet_0_clk (net)
                      0.066202    0.000462   20.282108 ^ clkbuf_1_0__f_clk/A (sky130_fd_sc_hd__clkbuf_16)
     2    0.004585    0.047231    0.195612   20.477722 ^ clkbuf_1_0__f_clk/X (sky130_fd_sc_hd__clkbuf_16)
                                                         clknet_1_0__leaf_clk (net)
                      0.047232    0.000094   20.477816 ^ _314_/CLK (sky130_fd_sc_hd__dfrtp_1)
                                 -0.250000   20.227816   clock uncertainty
                                  0.000000   20.227816   clock reconvergence pessimism
                                 -0.141878   20.085939   library setup time
                                             20.085939   data required time
---------------------------------------------------------------------------------------------
                                             20.085939   data required time
                                             -2.562452   data arrival time
---------------------------------------------------------------------------------------------
                                             17.523487   slack (MET)



%OL_END_REPORT
%OL_CREATE_REPORT checks.rpt

===========================================================================
report_checks -unconstrained
===========================================================================
======================= nom_ss_100C_1v60 Corner ===================================

Startpoint: rst (input port clocked by clk)
Endpoint: _272_ (recovery check against rising-edge clock clk)
Path Group: asynchronous
Path Type: max

Fanout         Cap        Slew       Delay        Time   Description
---------------------------------------------------------------------------------------------
                                  0.000000    0.000000   clock clk (rise edge)
                                  0.000000    0.000000   clock network delay (propagated)
                                  4.000000    4.000000 v input external delay
     1    0.002621    0.017780    0.008672    4.008672 v rst (in)
                                                         rst (net)
                      0.017780    0.000000    4.008672 v input17/A (sky130_fd_sc_hd__buf_1)
     2    0.014003    0.166868    0.230217    4.238889 v input17/X (sky130_fd_sc_hd__buf_1)
                                                         net17 (net)
                      0.166868    0.000336    4.239224 v fanout40/A (sky130_fd_sc_hd__clkbuf_4)
    10    0.048987    0.185807    0.407486    4.646711 v fanout40/X (sky130_fd_sc_hd__clkbuf_4)
                                                         net40 (net)
                      0.185825    0.001934    4.648645 v _256_/A (sky130_fd_sc_hd__inv_2)
     1    0.003771    0.063247    0.115012    4.763657 ^ _256_/Y (sky130_fd_sc_hd__inv_2)
                                                         _013_ (net)
                      0.063247    0.000080    4.763738 ^ _272_/SET_B (sky130_fd_sc_hd__dfstp_1)
                                              4.763738   data arrival time

                                 20.000000   20.000000   clock clk (rise edge)
                                  0.000000   20.000000   clock source latency
     1    0.010495    0.084531    0.054927   20.054928 ^ clk (in)
                                                         clk (net)
                      0.084533    0.000000   20.054928 ^ clkbuf_0_clk/A (sky130_fd_sc_hd__clkbuf_16)
     2    0.019016    0.066202    0.226720   20.281647 ^ clkbuf_0_clk/X (sky130_fd_sc_hd__clkbuf_16)
                                                         clknet_0_clk (net)
                      0.066202    0.000405   20.282053 ^ clkbuf_1_1__f_clk/A (sky130_fd_sc_hd__clkbuf_16)
     3    0.008778    0.052976    0.203540   20.485592 ^ clkbuf_1_1__f_clk/X (sky130_fd_sc_hd__clkbuf_16)
                                                         clknet_1_1__leaf_clk (net)
                      0.052976    0.000211   20.485804 ^ _272_/CLK (sky130_fd_sc_hd__dfstp_1)
                                 -0.250000   20.235806   clock uncertainty
                                  0.000000   20.235806   clock reconvergence pessimism
                                  0.264114   20.499918   library recovery time
                                             20.499918   data required time
---------------------------------------------------------------------------------------------
                                             20.499918   data required time
                                             -4.763738   data arrival time
---------------------------------------------------------------------------------------------
                                             15.736181   slack (MET)


Startpoint: rst (input port clocked by clk)
Endpoint: ready (output port clocked by clk)
Path Group: clk
Path Type: max

Fanout         Cap        Slew       Delay        Time   Description
---------------------------------------------------------------------------------------------
                                  0.000000    0.000000   clock clk (rise edge)
                                  0.000000    0.000000   clock network delay (propagated)
                                  4.000000    4.000000 ^ input external delay
     1    0.002750    0.031923    0.015528    4.015529 ^ rst (in)
                                                         rst (net)
                      0.031923    0.000000    4.015529 ^ input17/A (sky130_fd_sc_hd__buf_1)
     2    0.014524    0.283132    0.285345    4.300874 ^ input17/X (sky130_fd_sc_hd__buf_1)
                                                         net17 (net)
                      0.283132    0.000350    4.301224 ^ fanout40/A (sky130_fd_sc_hd__clkbuf_4)
    10    0.051566    0.255492    0.481136    4.782360 ^ fanout40/X (sky130_fd_sc_hd__clkbuf_4)
                                                         net40 (net)
                      0.255492    0.001037    4.783397 ^ _186_/A (sky130_fd_sc_hd__nor2_1)
     1    0.002140    0.068031    0.146571    4.929968 v _186_/Y (sky130_fd_sc_hd__nor2_1)
                                                         net27 (net)
                      0.068031    0.000060    4.930028 v output27/A (sky130_fd_sc_hd__buf_2)
     1    0.034164    0.165521    0.343307    5.273335 v output27/X (sky130_fd_sc_hd__buf_2)
                                                         ready (net)
                      0.165522    0.000706    5.274041 v ready (out)
                                              5.274041   data arrival time

                                 20.000000   20.000000   clock clk (rise edge)
                                  0.000000   20.000000   clock network delay (propagated)
                                 -0.250000   19.750002   clock uncertainty
                                  0.000000   19.750002   clock reconvergence pessimism
                                 -4.000000   15.750001   output external delay
                                             15.750001   data required time
---------------------------------------------------------------------------------------------
                                             15.750001   data required time
                                             -5.274041   data arrival time
---------------------------------------------------------------------------------------------
                                             10.475960   slack (MET)




===========================================================================
report_checks --slack_max -0.01
============================================================================
======================= nom_ss_100C_1v60 Corner ===================================

No paths found.


===========================================================================
 report_check_types -max_slew -max_cap -max_fanout -violators
============================================================================
======================= nom_ss_100C_1v60 Corner ===================================



===========================================================================
report_parasitic_annotation -report_unannotated
============================================================================
Found 1 unannotated drivers.
 clkload0/X
Found 0 partially unannotated drivers.

===========================================================================
max slew violation count 0
%OL_METRIC_I design__max_slew_violation__count__corner:nom_ss_100C_1v60 0
max fanout violation count 0
%OL_METRIC_I design__max_fanout_violation__count__corner:nom_ss_100C_1v60 0
max cap violation count 0
%OL_METRIC_I design__max_cap_violation__count__corner:nom_ss_100C_1v60 0
============================================================================

===========================================================================
check_setup -verbose -unconstrained_endpoints -multiple_clock -no_clock -no_input_delay -loops -generated_clocks
===========================================================================
Warning: There are 41 unclocked register/latch pins.
  _273_/CLK
  _274_/CLK
  _275_/CLK
  _276_/CLK
  _277_/CLK
  _278_/CLK
  _279_/CLK
  _280_/CLK
  _281_/CLK
  _282_/CLK
  _283_/CLK
  _284_/CLK
  _285_/CLK
  _286_/CLK
  _287_/CLK
  _288_/CLK
  _289_/CLK
  _290_/CLK
  _291_/CLK
  _292_/CLK
  _293_/CLK
  _294_/CLK
  _295_/CLK
  _296_/CLK
  _297_/CLK
  _298_/CLK
  _299_/CLK
  _300_/CLK
  _301_/CLK
  _302_/CLK
  _303_/CLK
  _304_/CLK
  _305_/CLK
  _306_/CLK
  _307_/CLK
  _308_/CLK
  _309_/CLK
  _310_/CLK
  _311_/CLK
  _312_/CLK
  _313_/CLK
Warning: There are 50 unconstrained endpoints.
  data_out[0]
  data_out[1]
  data_out[2]
  data_out[3]
  data_out[4]
  data_out[5]
  data_out[6]
  data_out[7]
  i2c_sda
  _273_/D
  _274_/D
  _275_/D
  _276_/D
  _277_/D
  _278_/D
  _279_/D
  _280_/D
  _281_/D
  _282_/D
  _283_/D
  _284_/D
  _285_/D
  _286_/D
  _287_/D
  _288_/D
  _289_/D
  _290_/D
  _291_/D
  _292_/D
  _293_/D
  _294_/D
  _295_/D
  _296_/D
  _297_/D
  _298_/D
  _299_/D
  _300_/D
  _301_/D
  _302_/D
  _303_/D
  _304_/D
  _305_/D
  _306_/D
  _307_/D
  _308_/D
  _309_/D
  _310_/D
  _311_/D
  _312_/D
  _313_/D
%OL_END_REPORT
%OL_CREATE_REPORT power.rpt

===========================================================================
 report_power
============================================================================
======================= nom_ss_100C_1v60 Corner ===================================

Group                    Internal    Switching      Leakage        Total
                            Power        Power        Power        Power (Watts)
------------------------------------------------------------------------
Sequential           1.250030e-05 1.856855e-05 7.127609e-07 3.178161e-05  35.2%
Combinational        1.833274e-05 1.276620e-05 8.262401e-07 3.192517e-05  35.4%
Clock                2.239299e-05 4.144559e-06 6.408361e-08 2.660163e-05  29.5%
Macro                0.000000e+00 0.000000e+00 0.000000e+00 0.000000e+00   0.0%
Pad                  0.000000e+00 0.000000e+00 0.000000e+00 0.000000e+00   0.0%
------------------------------------------------------------------------
Total                5.322603e-05 3.547932e-05 1.603085e-06 9.030844e-05 100.0%
                            58.9%        39.3%         1.8%
%OL_METRIC_F power__internal__total 5.322603101376444e-5
%OL_METRIC_F power__switching__total 3.54793228325434e-5
%OL_METRIC_F power__leakage__total 1.6030854794735205e-6
%OL_METRIC_F power__total 9.030843648361042e-5

%OL_END_REPORT
%OL_CREATE_REPORT skew.min.rpt

===========================================================================
Clock Skew (Hold)
============================================================================
%OL_METRIC_F clock__skew__worst_hold__corner:nom_ss_100C_1v60 -0.2579915520907221
======================= nom_ss_100C_1v60 Corner ===================================

Clock clk
0.477815 source latency _314_/CLK ^
-0.485806 target latency _315_/CLK ^
-0.250000 clock uncertainty
0.000000 CRPR
--------------
-0.257992 hold skew

%OL_END_REPORT
%OL_CREATE_REPORT skew.max.rpt

===========================================================================
Clock Skew (Setup)
============================================================================
%OL_METRIC_F clock__skew__worst_setup__corner:nom_ss_100C_1v60 0.2579679043396288
======================= nom_ss_100C_1v60 Corner ===================================

Clock clk
0.485806 source latency _315_/CLK ^
-0.477839 target latency _316_/CLK ^
0.250000 clock uncertainty
0.000000 CRPR
--------------
0.257968 setup skew

%OL_END_REPORT
%OL_CREATE_REPORT ws.min.rpt

===========================================================================
Worst Slack (Hold)
============================================================================
%OL_METRIC_F timing__hold__ws__corner:nom_ss_100C_1v60 0.9757994688470856
nom_ss_100C_1v60: 0.9757994688470856
%OL_END_REPORT
%OL_CREATE_REPORT ws.max.rpt

===========================================================================
Worst Slack (Setup)
============================================================================
%OL_METRIC_F timing__setup__ws__corner:nom_ss_100C_1v60 10.475959951589834
nom_ss_100C_1v60: 10.475959951589834
%OL_END_REPORT
%OL_CREATE_REPORT tns.min.rpt

===========================================================================
Total Negative Slack (Hold)
============================================================================
%OL_METRIC_F timing__hold__tns__corner:nom_ss_100C_1v60 0.0
nom_ss_100C_1v60: 0.0
%OL_END_REPORT
%OL_CREATE_REPORT tns.max.rpt

===========================================================================
Total Negative Slack (Setup)
============================================================================
%OL_METRIC_F timing__setup__tns__corner:nom_ss_100C_1v60 0.0
nom_ss_100C_1v60: 0.0
%OL_END_REPORT
%OL_CREATE_REPORT wns.min.rpt

===========================================================================
Worst Negative Slack (Hold)
============================================================================
%OL_METRIC_F timing__hold__wns__corner:nom_ss_100C_1v60 0
nom_ss_100C_1v60: 0
%OL_END_REPORT
%OL_CREATE_REPORT wns.max.rpt

===========================================================================
Worst Negative Slack (Setup)
============================================================================
%OL_METRIC_F timing__setup__wns__corner:nom_ss_100C_1v60 0.0
nom_ss_100C_1v60: 0.0
%OL_END_REPORT
%OL_CREATE_REPORT violator_list.rpt

===========================================================================
Violator List
============================================================================
%OL_METRIC_I timing__hold_vio__count__corner:nom_ss_100C_1v60 0
%OL_METRIC_F timing__hold_r2r__ws__corner:nom_ss_100C_1v60 0.975799
%OL_METRIC_I timing__hold_r2r_vio__count__corner:nom_ss_100C_1v60 0
%OL_METRIC_I timing__setup_vio__count__corner:nom_ss_100C_1v60 0
%OL_METRIC_F timing__setup_r2r__ws__corner:nom_ss_100C_1v60 15.436142
%OL_METRIC_I timing__setup_r2r_vio__count__corner:nom_ss_100C_1v60 0
%OL_END_REPORT
%OL_CREATE_REPORT unpropagated.rpt
%OL_END_REPORT
%OL_CREATE_REPORT clock.rpt
Clock: clk
Sources: clk 
Generated: no
Virtual: yes
Propagated: no
Period: 20.000000

===========================================================================
report_clock_properties
============================================================================
Clock                   Period          Waveform
----------------------------------------------------
clk                  20.000000    0.000000 10.000000

===========================================================================
report_clock_latency
============================================================================
Clock clk
rise -> rise
    min     max
0.000000 0.000000 source latency
0.477815         network latency _314_/CLK
        2.298336 network latency _294_/CLK
---------------
0.477815 2.298336 latency
        1.820521 skew

rise -> fall
    min     max
0.000000 0.000000 source latency
1.479671         network latency _293_/CLK
        2.435111 network latency _295_/CLK
---------------
1.479671 2.435111 latency
        0.955440 skew

fall -> fall
    min     max
0.000000 0.000000 source latency
0.502053         network latency _314_/CLK
        0.508606 network latency _315_/CLK
---------------
0.502053 0.508606 latency
        0.006552 skew



===========================================================================
report_clock_min_period
============================================================================
clk period_min = 4.56 fmax = 219.11
%OL_END_REPORT
Writing SDF files for all corners…
Removing Clock latencies before writing libs…
Writing timing models for all corners…
Writing timing models for the nom_ss_100C_1v60 corner to /home/davidsales/Documentos/Coding/Main_HDL/Synthesis/designs/i2c_master/runs/RUN_2026-02-24_21-34-25/54-openroad-stapostpnr/nom_ss_100C_1v60/i2c_master_controller__nom_ss_100C_1v60.lib…
