
===========================================================================
report_checks -path_delay max (Setup)
============================================================================
======================= min_tt_025C_1v80 Corner ===================================

Startpoint: rst (input port clocked by clk)
Endpoint: ready (output port clocked by clk)
Path Group: clk
Path Type: max

Fanout         Cap        Slew       Delay        Time   Description
---------------------------------------------------------------------------------------------
                                  0.000000    0.000000   clock clk (rise edge)
                                  0.000000    0.000000   clock network delay (propagated)
                                  4.000000    4.000000 ^ input external delay
     1    0.002769    0.019601    0.010192    4.010192 ^ rst (in)
                                                         rst (net)
                      0.019601    0.000000    4.010192 ^ input17/A (sky130_fd_sc_hd__buf_1)
     2    0.013826    0.168077    0.158974    4.169166 ^ input17/X (sky130_fd_sc_hd__buf_1)
                                                         net17 (net)
                      0.168077    0.000158    4.169323 ^ fanout40/A (sky130_fd_sc_hd__clkbuf_4)
    10    0.050571    0.157784    0.262911    4.432234 ^ fanout40/X (sky130_fd_sc_hd__clkbuf_4)
                                                         net40 (net)
                      0.157784    0.000399    4.432633 ^ _186_/A (sky130_fd_sc_hd__nor2_1)
     1    0.002120    0.041918    0.063051    4.495684 v _186_/Y (sky130_fd_sc_hd__nor2_1)
                                                         net27 (net)
                      0.041918    0.000020    4.495704 v output27/A (sky130_fd_sc_hd__buf_2)
     1    0.034099    0.088985    0.178790    4.674495 v output27/X (sky130_fd_sc_hd__buf_2)
                                                         ready (net)
                      0.088985    0.000242    4.674737 v ready (out)
                                              4.674737   data arrival time

                                 20.000000   20.000000   clock clk (rise edge)
                                  0.000000   20.000000   clock network delay (propagated)
                                 -0.250000   19.750002   clock uncertainty
                                  0.000000   19.750002   clock reconvergence pessimism
                                 -4.000000   15.750001   output external delay
                                             15.750001   data required time
---------------------------------------------------------------------------------------------
                                             15.750001   data required time
                                             -4.674737   data arrival time
---------------------------------------------------------------------------------------------
                                             11.075264   slack (MET)


Startpoint: _272_ (rising edge-triggered flip-flop clocked by clk)
Endpoint: i2c_scl (output port clocked by clk)
Path Group: clk
Path Type: max

Fanout         Cap        Slew       Delay        Time   Description
---------------------------------------------------------------------------------------------
                                  0.000000    0.000000   clock clk (rise edge)
                                  0.000000    0.000000   clock source latency
     1    0.010273    0.052642    0.034919    0.034919 ^ clk (in)
                                                         clk (net)
                      0.052643    0.000000    0.034919 ^ clkbuf_0_clk/A (sky130_fd_sc_hd__clkbuf_16)
     2    0.018651    0.040696    0.126922    0.161841 ^ clkbuf_0_clk/X (sky130_fd_sc_hd__clkbuf_16)
                                                         clknet_0_clk (net)
                      0.040697    0.000135    0.161976 ^ clkbuf_1_1__f_clk/A (sky130_fd_sc_hd__clkbuf_16)
     3    0.008692    0.032209    0.113048    0.275024 ^ clkbuf_1_1__f_clk/X (sky130_fd_sc_hd__clkbuf_16)
                                                         clknet_1_1__leaf_clk (net)
                      0.032209    0.000092    0.275116 ^ _272_/CLK (sky130_fd_sc_hd__dfstp_1)
     1    0.003298    0.048270    0.491253    0.766370 ^ _272_/Q (sky130_fd_sc_hd__dfstp_1)
                                                         i2c_clk (net)
                      0.048270    0.000035    0.766405 ^ fanout38/A (sky130_fd_sc_hd__clkbuf_2)
     7    0.027473    0.153576    0.182988    0.949392 ^ fanout38/X (sky130_fd_sc_hd__clkbuf_2)
                                                         net38 (net)
                      0.153626    0.000451    0.949844 ^ fanout34/A (sky130_fd_sc_hd__buf_2)
    10    0.032220    0.161080    0.228356    1.178200 ^ fanout34/X (sky130_fd_sc_hd__buf_2)
                                                         net34 (net)
                      0.161080    0.000371    1.178571 ^ _138_/A (sky130_fd_sc_hd__inv_2)
     2    0.010443    0.050963    0.067289    1.245860 v _138_/Y (sky130_fd_sc_hd__inv_2)
                                                         _025_ (net)
                      0.050963    0.000045    1.245905 v _187_/A (sky130_fd_sc_hd__nand2_4)
     1    0.034805    0.116273    0.111337    1.357243 ^ _187_/Y (sky130_fd_sc_hd__nand2_4)
                                                         i2c_scl (net)
     0    0.034805    0.116276    0.000510    1.357753 ^ i2c_scl (inout)
                                                         i2c_scl (net)
                                              1.357753   data arrival time

                                 20.000000   20.000000   clock clk (rise edge)
                                  0.000000   20.000000   clock network delay (propagated)
                                 -0.250000   19.750002   clock uncertainty
                                  0.000000   19.750002   clock reconvergence pessimism
                                 -4.000000   15.750001   output external delay
                                             15.750001   data required time
---------------------------------------------------------------------------------------------
                                             15.750001   data required time
                                             -1.357753   data arrival time
---------------------------------------------------------------------------------------------
                                             14.392249   slack (MET)


Startpoint: rst (input port clocked by clk)
Endpoint: _272_ (recovery check against rising-edge clock clk)
Path Group: asynchronous
Path Type: max

Fanout         Cap        Slew       Delay        Time   Description
---------------------------------------------------------------------------------------------
                                  0.000000    0.000000   clock clk (rise edge)
                                  0.000000    0.000000   clock network delay (propagated)
                                  4.000000    4.000000 v input external delay
     1    0.002593    0.008154    0.004069    4.004069 v rst (in)
                                                         rst (net)
                      0.008154    0.000000    4.004069 v input17/A (sky130_fd_sc_hd__buf_1)
     2    0.013216    0.082282    0.118249    4.122319 v input17/X (sky130_fd_sc_hd__buf_1)
                                                         net17 (net)
                      0.082282    0.000150    4.122468 v fanout40/A (sky130_fd_sc_hd__clkbuf_4)
    10    0.047480    0.103204    0.219565    4.342033 v fanout40/X (sky130_fd_sc_hd__clkbuf_4)
                                                         net40 (net)
                      0.103213    0.001009    4.343042 v _256_/A (sky130_fd_sc_hd__inv_2)
     1    0.004054    0.038638    0.066257    4.409300 ^ _256_/Y (sky130_fd_sc_hd__inv_2)
                                                         _013_ (net)
                      0.038638    0.000036    4.409336 ^ _272_/SET_B (sky130_fd_sc_hd__dfstp_1)
                                              4.409336   data arrival time

                                 20.000000   20.000000   clock clk (rise edge)
                                  0.000000   20.000000   clock source latency
     1    0.010273    0.052642    0.034918   20.034918 ^ clk (in)
                                                         clk (net)
                      0.052643    0.000000   20.034918 ^ clkbuf_0_clk/A (sky130_fd_sc_hd__clkbuf_16)
     2    0.018651    0.040696    0.126922   20.161840 ^ clkbuf_0_clk/X (sky130_fd_sc_hd__clkbuf_16)
                                                         clknet_0_clk (net)
                      0.040697    0.000135   20.161976 ^ clkbuf_1_1__f_clk/A (sky130_fd_sc_hd__clkbuf_16)
     3    0.008692    0.032209    0.113049   20.275024 ^ clkbuf_1_1__f_clk/X (sky130_fd_sc_hd__clkbuf_16)
                                                         clknet_1_1__leaf_clk (net)
                      0.032209    0.000092   20.275118 ^ _272_/CLK (sky130_fd_sc_hd__dfstp_1)
                                 -0.250000   20.025118   clock uncertainty
                                  0.000000   20.025118   clock reconvergence pessimism
                                  0.134528   20.159645   library recovery time
                                             20.159645   data required time
---------------------------------------------------------------------------------------------
                                             20.159645   data required time
                                             -4.409336   data arrival time
---------------------------------------------------------------------------------------------
                                             15.750310   slack (MET)


Startpoint: rst (input port clocked by clk)
Endpoint: _316_ (recovery check against rising-edge clock clk)
Path Group: asynchronous
Path Type: max

Fanout         Cap        Slew       Delay        Time   Description
---------------------------------------------------------------------------------------------
                                  0.000000    0.000000   clock clk (rise edge)
                                  0.000000    0.000000   clock network delay (propagated)
                                  4.000000    4.000000 v input external delay
     1    0.002593    0.008154    0.004069    4.004069 v rst (in)
                                                         rst (net)
                      0.008154    0.000000    4.004069 v input17/A (sky130_fd_sc_hd__buf_1)
     2    0.013216    0.082282    0.118249    4.122319 v input17/X (sky130_fd_sc_hd__buf_1)
                                                         net17 (net)
                      0.082282    0.000150    4.122468 v fanout40/A (sky130_fd_sc_hd__clkbuf_4)
    10    0.047480    0.103204    0.219565    4.342033 v fanout40/X (sky130_fd_sc_hd__clkbuf_4)
                                                         net40 (net)
                      0.103209    0.000806    4.342839 v _271_/A (sky130_fd_sc_hd__inv_2)
     1    0.005917    0.044756    0.073518    4.416357 ^ _271_/Y (sky130_fd_sc_hd__inv_2)
                                                         _032_ (net)
                      0.044756    0.000095    4.416452 ^ _316_/RESET_B (sky130_fd_sc_hd__dfrtp_1)
                                              4.416452   data arrival time

                                 20.000000   20.000000   clock clk (rise edge)
                                  0.000000   20.000000   clock source latency
     1    0.010273    0.052642    0.034918   20.034918 ^ clk (in)
                                                         clk (net)
                      0.052643    0.000000   20.034918 ^ clkbuf_0_clk/A (sky130_fd_sc_hd__clkbuf_16)
     2    0.018651    0.040696    0.126922   20.161840 ^ clkbuf_0_clk/X (sky130_fd_sc_hd__clkbuf_16)
                                                         clknet_0_clk (net)
                      0.040697    0.000174   20.162014 ^ clkbuf_1_0__f_clk/A (sky130_fd_sc_hd__clkbuf_16)
     2    0.004709    0.028497    0.108619   20.270634 ^ clkbuf_1_0__f_clk/X (sky130_fd_sc_hd__clkbuf_16)
                                                         clknet_1_0__leaf_clk (net)
                      0.028497    0.000046   20.270679 ^ _316_/CLK (sky130_fd_sc_hd__dfrtp_1)
                                 -0.250000   20.020681   clock uncertainty
                                  0.000000   20.020681   clock reconvergence pessimism
                                  0.225336   20.246017   library recovery time
                                             20.246017   data required time
---------------------------------------------------------------------------------------------
                                             20.246017   data required time
                                             -4.416452   data arrival time
---------------------------------------------------------------------------------------------
                                             15.829566   slack (MET)


Startpoint: rst (input port clocked by clk)
Endpoint: _314_ (recovery check against rising-edge clock clk)
Path Group: asynchronous
Path Type: max

Fanout         Cap        Slew       Delay        Time   Description
---------------------------------------------------------------------------------------------
                                  0.000000    0.000000   clock clk (rise edge)
                                  0.000000    0.000000   clock network delay (propagated)
                                  4.000000    4.000000 v input external delay
     1    0.002593    0.008154    0.004069    4.004069 v rst (in)
                                                         rst (net)
                      0.008154    0.000000    4.004069 v input17/A (sky130_fd_sc_hd__buf_1)
     2    0.013216    0.082282    0.118249    4.122319 v input17/X (sky130_fd_sc_hd__buf_1)
                                                         net17 (net)
                      0.082282    0.000150    4.122468 v fanout40/A (sky130_fd_sc_hd__clkbuf_4)
    10    0.047480    0.103204    0.219565    4.342033 v fanout40/X (sky130_fd_sc_hd__clkbuf_4)
                                                         net40 (net)
                      0.103212    0.000960    4.342993 v _269_/A (sky130_fd_sc_hd__inv_2)
     1    0.004842    0.041419    0.069637    4.412630 ^ _269_/Y (sky130_fd_sc_hd__inv_2)
                                                         _030_ (net)
                      0.041419    0.000058    4.412687 ^ _314_/RESET_B (sky130_fd_sc_hd__dfrtp_1)
                                              4.412687   data arrival time

                                 20.000000   20.000000   clock clk (rise edge)
                                  0.000000   20.000000   clock source latency
     1    0.010273    0.052642    0.034918   20.034918 ^ clk (in)
                                                         clk (net)
                      0.052643    0.000000   20.034918 ^ clkbuf_0_clk/A (sky130_fd_sc_hd__clkbuf_16)
     2    0.018651    0.040696    0.126922   20.161840 ^ clkbuf_0_clk/X (sky130_fd_sc_hd__clkbuf_16)
                                                         clknet_0_clk (net)
                      0.040697    0.000174   20.162014 ^ clkbuf_1_0__f_clk/A (sky130_fd_sc_hd__clkbuf_16)
     2    0.004709    0.028497    0.108619   20.270634 ^ clkbuf_1_0__f_clk/X (sky130_fd_sc_hd__clkbuf_16)
                                                         clknet_1_0__leaf_clk (net)
                      0.028497    0.000030   20.270664 ^ _314_/CLK (sky130_fd_sc_hd__dfrtp_1)
                                 -0.250000   20.020664   clock uncertainty
                                  0.000000   20.020664   clock reconvergence pessimism
                                  0.226202   20.246866   library recovery time
                                             20.246866   data required time
---------------------------------------------------------------------------------------------
                                             20.246866   data required time
                                             -4.412687   data arrival time
---------------------------------------------------------------------------------------------
                                             15.834179   slack (MET)


Startpoint: rst (input port clocked by clk)
Endpoint: _315_ (recovery check against rising-edge clock clk)
Path Group: asynchronous
Path Type: max

Fanout         Cap        Slew       Delay        Time   Description
---------------------------------------------------------------------------------------------
                                  0.000000    0.000000   clock clk (rise edge)
                                  0.000000    0.000000   clock network delay (propagated)
                                  4.000000    4.000000 v input external delay
     1    0.002593    0.008154    0.004069    4.004069 v rst (in)
                                                         rst (net)
                      0.008154    0.000000    4.004069 v input17/A (sky130_fd_sc_hd__buf_1)
     2    0.013216    0.082282    0.118249    4.122319 v input17/X (sky130_fd_sc_hd__buf_1)
                                                         net17 (net)
                      0.082282    0.000150    4.122468 v fanout40/A (sky130_fd_sc_hd__clkbuf_4)
    10    0.047480    0.103204    0.219565    4.342033 v fanout40/X (sky130_fd_sc_hd__clkbuf_4)
                                                         net40 (net)
                      0.103213    0.001005    4.343038 v _270_/A (sky130_fd_sc_hd__inv_2)
     1    0.004455    0.040220    0.068237    4.411274 ^ _270_/Y (sky130_fd_sc_hd__inv_2)
                                                         _031_ (net)
                      0.040220    0.000043    4.411317 ^ _315_/RESET_B (sky130_fd_sc_hd__dfrtp_1)
                                              4.411317   data arrival time

                                 20.000000   20.000000   clock clk (rise edge)
                                  0.000000   20.000000   clock source latency
     1    0.010273    0.052642    0.034918   20.034918 ^ clk (in)
                                                         clk (net)
                      0.052643    0.000000   20.034918 ^ clkbuf_0_clk/A (sky130_fd_sc_hd__clkbuf_16)
     2    0.018651    0.040696    0.126922   20.161840 ^ clkbuf_0_clk/X (sky130_fd_sc_hd__clkbuf_16)
                                                         clknet_0_clk (net)
                      0.040697    0.000135   20.161976 ^ clkbuf_1_1__f_clk/A (sky130_fd_sc_hd__clkbuf_16)
     3    0.008692    0.032209    0.113049   20.275024 ^ clkbuf_1_1__f_clk/X (sky130_fd_sc_hd__clkbuf_16)
                                                         clknet_1_1__leaf_clk (net)
                      0.032209    0.000092   20.275118 ^ _315_/CLK (sky130_fd_sc_hd__dfrtp_1)
                                 -0.250000   20.025118   clock uncertainty
                                  0.000000   20.025118   clock reconvergence pessimism
                                  0.227651   20.252769   library recovery time
                                             20.252769   data required time
---------------------------------------------------------------------------------------------
                                             20.252769   data required time
                                             -4.411317   data arrival time
---------------------------------------------------------------------------------------------
                                             15.841452   slack (MET)


Startpoint: _314_ (rising edge-triggered flip-flop clocked by clk)
Endpoint: _272_ (rising edge-triggered flip-flop clocked by clk)
Path Group: clk
Path Type: max

Fanout         Cap        Slew       Delay        Time   Description
---------------------------------------------------------------------------------------------
                                  0.000000    0.000000   clock clk (rise edge)
                                  0.000000    0.000000   clock source latency
     1    0.010273    0.052642    0.034919    0.034919 ^ clk (in)
                                                         clk (net)
                      0.052643    0.000000    0.034919 ^ clkbuf_0_clk/A (sky130_fd_sc_hd__clkbuf_16)
     2    0.018651    0.040696    0.126922    0.161841 ^ clkbuf_0_clk/X (sky130_fd_sc_hd__clkbuf_16)
                                                         clknet_0_clk (net)
                      0.040697    0.000174    0.162015 ^ clkbuf_1_0__f_clk/A (sky130_fd_sc_hd__clkbuf_16)
     2    0.004709    0.028497    0.108619    0.270634 ^ clkbuf_1_0__f_clk/X (sky130_fd_sc_hd__clkbuf_16)
                                                         clknet_1_0__leaf_clk (net)
                      0.028497    0.000030    0.270663 ^ _314_/CLK (sky130_fd_sc_hd__dfrtp_1)
     3    0.008384    0.088330    0.346550    0.617213 ^ _314_/Q (sky130_fd_sc_hd__dfrtp_1)
                                                         clk_counter[0] (net)
                      0.088330    0.000052    0.617265 ^ hold1/A (sky130_fd_sc_hd__dlygate4sd3_1)
     1    0.005092    0.072868    0.566278    1.183544 ^ hold1/X (sky130_fd_sc_hd__dlygate4sd3_1)
                                                         net41 (net)
                      0.072868    0.000050    1.183593 ^ _142_/A (sky130_fd_sc_hd__inv_2)
     3    0.009352    0.031452    0.046646    1.230239 v _142_/Y (sky130_fd_sc_hd__inv_2)
                                                         _000_ (net)
                      0.031452    0.000089    1.230328 v _174_/A (sky130_fd_sc_hd__or3_1)
     1    0.002090    0.060027    0.349926    1.580253 v _174_/X (sky130_fd_sc_hd__or3_1)
                                                         _097_ (net)
                      0.060027    0.000019    1.580273 v hold4/A (sky130_fd_sc_hd__dlygate4sd3_1)
     1    0.004760    0.062657    0.568780    2.149053 v hold4/X (sky130_fd_sc_hd__dlygate4sd3_1)
                                                         net44 (net)
                      0.062657    0.000022    2.149075 v _175_/B (sky130_fd_sc_hd__xnor2_1)
     1    0.004021    0.138828    0.151424    2.300498 ^ _175_/Y (sky130_fd_sc_hd__xnor2_1)
                                                         _033_ (net)
                      0.138828    0.000067    2.300565 ^ _272_/D (sky130_fd_sc_hd__dfstp_1)
                                              2.300565   data arrival time

                                 20.000000   20.000000   clock clk (rise edge)
                                  0.000000   20.000000   clock source latency
     1    0.010273    0.052642    0.034918   20.034918 ^ clk (in)
                                                         clk (net)
                      0.052643    0.000000   20.034918 ^ clkbuf_0_clk/A (sky130_fd_sc_hd__clkbuf_16)
     2    0.018651    0.040696    0.126922   20.161840 ^ clkbuf_0_clk/X (sky130_fd_sc_hd__clkbuf_16)
                                                         clknet_0_clk (net)
                      0.040697    0.000135   20.161976 ^ clkbuf_1_1__f_clk/A (sky130_fd_sc_hd__clkbuf_16)
     3    0.008692    0.032209    0.113049   20.275024 ^ clkbuf_1_1__f_clk/X (sky130_fd_sc_hd__clkbuf_16)
                                                         clknet_1_1__leaf_clk (net)
                      0.032209    0.000092   20.275118 ^ _272_/CLK (sky130_fd_sc_hd__dfstp_1)
                                 -0.250000   20.025118   clock uncertainty
                                  0.000000   20.025118   clock reconvergence pessimism
                                 -0.076636   19.948483   library setup time
                                             19.948483   data required time
---------------------------------------------------------------------------------------------
                                             19.948483   data required time
                                             -2.300565   data arrival time
---------------------------------------------------------------------------------------------
                                             17.647917   slack (MET)


Startpoint: _316_ (rising edge-triggered flip-flop clocked by clk)
Endpoint: _315_ (rising edge-triggered flip-flop clocked by clk)
Path Group: clk
Path Type: max

Fanout         Cap        Slew       Delay        Time   Description
---------------------------------------------------------------------------------------------
                                  0.000000    0.000000   clock clk (rise edge)
                                  0.000000    0.000000   clock source latency
     1    0.010273    0.052642    0.034919    0.034919 ^ clk (in)
                                                         clk (net)
                      0.052643    0.000000    0.034919 ^ clkbuf_0_clk/A (sky130_fd_sc_hd__clkbuf_16)
     2    0.018651    0.040696    0.126922    0.161841 ^ clkbuf_0_clk/X (sky130_fd_sc_hd__clkbuf_16)
                                                         clknet_0_clk (net)
                      0.040697    0.000174    0.162015 ^ clkbuf_1_0__f_clk/A (sky130_fd_sc_hd__clkbuf_16)
     2    0.004709    0.028497    0.108619    0.270634 ^ clkbuf_1_0__f_clk/X (sky130_fd_sc_hd__clkbuf_16)
                                                         clknet_1_0__leaf_clk (net)
                      0.028497    0.000046    0.270680 ^ _316_/CLK (sky130_fd_sc_hd__dfrtp_1)
     2    0.006099    0.054320    0.365471    0.636150 v _316_/Q (sky130_fd_sc_hd__dfrtp_1)
                                                         clk_counter[2] (net)
                      0.054320    0.000065    0.636216 v hold2/A (sky130_fd_sc_hd__dlygate4sd3_1)
     2    0.009118    0.082756    0.594062    1.230278 v hold2/X (sky130_fd_sc_hd__dlygate4sd3_1)
                                                         net42 (net)
                      0.082756    0.000066    1.230344 v _190_/A2 (sky130_fd_sc_hd__o211a_1)
     1    0.004065    0.044432    0.221312    1.451656 v _190_/X (sky130_fd_sc_hd__o211a_1)
                                                         _001_ (net)
                      0.044432    0.000057    1.451712 v _315_/D (sky130_fd_sc_hd__dfrtp_1)
                                              1.451712   data arrival time

                                 20.000000   20.000000   clock clk (rise edge)
                                  0.000000   20.000000   clock source latency
     1    0.010273    0.052642    0.034918   20.034918 ^ clk (in)
                                                         clk (net)
                      0.052643    0.000000   20.034918 ^ clkbuf_0_clk/A (sky130_fd_sc_hd__clkbuf_16)
     2    0.018651    0.040696    0.126922   20.161840 ^ clkbuf_0_clk/X (sky130_fd_sc_hd__clkbuf_16)
                                                         clknet_0_clk (net)
                      0.040697    0.000135   20.161976 ^ clkbuf_1_1__f_clk/A (sky130_fd_sc_hd__clkbuf_16)
     3    0.008692    0.032209    0.113049   20.275024 ^ clkbuf_1_1__f_clk/X (sky130_fd_sc_hd__clkbuf_16)
                                                         clknet_1_1__leaf_clk (net)
                      0.032209    0.000092   20.275118 ^ _315_/CLK (sky130_fd_sc_hd__dfrtp_1)
                                 -0.250000   20.025118   clock uncertainty
                                  0.000000   20.025118   clock reconvergence pessimism
                                 -0.116953   19.908167   library setup time
                                             19.908167   data required time
---------------------------------------------------------------------------------------------
                                             19.908167   data required time
                                             -1.451712   data arrival time
---------------------------------------------------------------------------------------------
                                             18.456455   slack (MET)


Startpoint: _316_ (rising edge-triggered flip-flop clocked by clk)
Endpoint: _316_ (rising edge-triggered flip-flop clocked by clk)
Path Group: clk
Path Type: max

Fanout         Cap        Slew       Delay        Time   Description
---------------------------------------------------------------------------------------------
                                  0.000000    0.000000   clock clk (rise edge)
                                  0.000000    0.000000   clock source latency
     1    0.010273    0.052642    0.034919    0.034919 ^ clk (in)
                                                         clk (net)
                      0.052643    0.000000    0.034919 ^ clkbuf_0_clk/A (sky130_fd_sc_hd__clkbuf_16)
     2    0.018651    0.040696    0.126922    0.161841 ^ clkbuf_0_clk/X (sky130_fd_sc_hd__clkbuf_16)
                                                         clknet_0_clk (net)
                      0.040697    0.000174    0.162015 ^ clkbuf_1_0__f_clk/A (sky130_fd_sc_hd__clkbuf_16)
     2    0.004709    0.028497    0.108619    0.270634 ^ clkbuf_1_0__f_clk/X (sky130_fd_sc_hd__clkbuf_16)
                                                         clknet_1_0__leaf_clk (net)
                      0.028497    0.000046    0.270680 ^ _316_/CLK (sky130_fd_sc_hd__dfrtp_1)
     2    0.006099    0.054320    0.365471    0.636150 v _316_/Q (sky130_fd_sc_hd__dfrtp_1)
                                                         clk_counter[2] (net)
                      0.054320    0.000065    0.636216 v hold2/A (sky130_fd_sc_hd__dlygate4sd3_1)
     2    0.009118    0.082756    0.594062    1.230278 v hold2/X (sky130_fd_sc_hd__dlygate4sd3_1)
                                                         net42 (net)
                      0.082756    0.000033    1.230311 v _191_/A (sky130_fd_sc_hd__xnor2_1)
     1    0.002521    0.044615    0.134443    1.364754 v _191_/Y (sky130_fd_sc_hd__xnor2_1)
                                                         _002_ (net)
                      0.044615    0.000026    1.364780 v _316_/D (sky130_fd_sc_hd__dfrtp_1)
                                              1.364780   data arrival time

                                 20.000000   20.000000   clock clk (rise edge)
                                  0.000000   20.000000   clock source latency
     1    0.010273    0.052642    0.034918   20.034918 ^ clk (in)
                                                         clk (net)
                      0.052643    0.000000   20.034918 ^ clkbuf_0_clk/A (sky130_fd_sc_hd__clkbuf_16)
     2    0.018651    0.040696    0.126922   20.161840 ^ clkbuf_0_clk/X (sky130_fd_sc_hd__clkbuf_16)
                                                         clknet_0_clk (net)
                      0.040697    0.000174   20.162014 ^ clkbuf_1_0__f_clk/A (sky130_fd_sc_hd__clkbuf_16)
     2    0.004709    0.028497    0.108619   20.270634 ^ clkbuf_1_0__f_clk/X (sky130_fd_sc_hd__clkbuf_16)
                                                         clknet_1_0__leaf_clk (net)
                      0.028497    0.000046   20.270679 ^ _316_/CLK (sky130_fd_sc_hd__dfrtp_1)
                                 -0.250000   20.020681   clock uncertainty
                                  0.000000   20.020681   clock reconvergence pessimism
                                 -0.117882   19.902800   library setup time
                                             19.902800   data required time
---------------------------------------------------------------------------------------------
                                             19.902800   data required time
                                             -1.364780   data arrival time
---------------------------------------------------------------------------------------------
                                             18.538019   slack (MET)


Startpoint: _314_ (rising edge-triggered flip-flop clocked by clk)
Endpoint: _314_ (rising edge-triggered flip-flop clocked by clk)
Path Group: clk
Path Type: max

Fanout         Cap        Slew       Delay        Time   Description
---------------------------------------------------------------------------------------------
                                  0.000000    0.000000   clock clk (rise edge)
                                  0.000000    0.000000   clock source latency
     1    0.010273    0.052642    0.034919    0.034919 ^ clk (in)
                                                         clk (net)
                      0.052643    0.000000    0.034919 ^ clkbuf_0_clk/A (sky130_fd_sc_hd__clkbuf_16)
     2    0.018651    0.040696    0.126922    0.161841 ^ clkbuf_0_clk/X (sky130_fd_sc_hd__clkbuf_16)
                                                         clknet_0_clk (net)
                      0.040697    0.000174    0.162015 ^ clkbuf_1_0__f_clk/A (sky130_fd_sc_hd__clkbuf_16)
     2    0.004709    0.028497    0.108619    0.270634 ^ clkbuf_1_0__f_clk/X (sky130_fd_sc_hd__clkbuf_16)
                                                         clknet_1_0__leaf_clk (net)
                      0.028497    0.000030    0.270663 ^ _314_/CLK (sky130_fd_sc_hd__dfrtp_1)
     3    0.007954    0.063568    0.375487    0.646150 v _314_/Q (sky130_fd_sc_hd__dfrtp_1)
                                                         clk_counter[0] (net)
                      0.063568    0.000048    0.646198 v hold1/A (sky130_fd_sc_hd__dlygate4sd3_1)
     1    0.004726    0.062526    0.570150    1.216348 v hold1/X (sky130_fd_sc_hd__dlygate4sd3_1)
                                                         net41 (net)
                      0.062526    0.000046    1.216394 v _142_/A (sky130_fd_sc_hd__inv_2)
     3    0.009842    0.052510    0.070439    1.286833 ^ _142_/Y (sky130_fd_sc_hd__inv_2)
                                                         _000_ (net)
                      0.052510    0.000087    1.286920 ^ _314_/D (sky130_fd_sc_hd__dfrtp_1)
                                              1.286920   data arrival time

                                 20.000000   20.000000   clock clk (rise edge)
                                  0.000000   20.000000   clock source latency
     1    0.010273    0.052642    0.034918   20.034918 ^ clk (in)
                                                         clk (net)
                      0.052643    0.000000   20.034918 ^ clkbuf_0_clk/A (sky130_fd_sc_hd__clkbuf_16)
     2    0.018651    0.040696    0.126922   20.161840 ^ clkbuf_0_clk/X (sky130_fd_sc_hd__clkbuf_16)
                                                         clknet_0_clk (net)
                      0.040697    0.000174   20.162014 ^ clkbuf_1_0__f_clk/A (sky130_fd_sc_hd__clkbuf_16)
     2    0.004709    0.028497    0.108619   20.270634 ^ clkbuf_1_0__f_clk/X (sky130_fd_sc_hd__clkbuf_16)
                                                         clknet_1_0__leaf_clk (net)
                      0.028497    0.000030   20.270664 ^ _314_/CLK (sky130_fd_sc_hd__dfrtp_1)
                                 -0.250000   20.020664   clock uncertainty
                                  0.000000   20.020664   clock reconvergence pessimism
                                 -0.064047   19.956617   library setup time
                                             19.956617   data required time
---------------------------------------------------------------------------------------------
                                             19.956617   data required time
                                             -1.286920   data arrival time
---------------------------------------------------------------------------------------------
                                             18.669697   slack (MET)



