142. Printing statistics.

=== i2c_master_controller ===

   Number of wires:                232
   Number of wire bits:            289
   Number of public wires:          19
   Number of public wire bits:      67
   Number of ports:                 10
   Number of port bits:             30
   Number of memories:               0
   Number of memory bits:            0
   Number of processes:              0
   Number of cells:                262
     $_ANDNOT_                      49
     $_AND_                          7
     $_MUX_                         60
     $_NAND_                         5
     $_NOR_                          6
     $_NOT_                         26
     $_ORNOT_                       13
     $_OR_                          45
     $_XNOR_                         2
     $_XOR_                          3
     sky130_fd_sc_hd__dfrtp_2       13
     sky130_fd_sc_hd__dfstp_2        4
     sky130_fd_sc_hd__dfxtp_2       28
     sky130_fd_sc_hd__ebufn_2        1

   Area for cell type $_NOT_ is unknown!
   Area for cell type $_AND_ is unknown!
   Area for cell type $_NAND_ is unknown!
   Area for cell type $_OR_ is unknown!
   Area for cell type $_NOR_ is unknown!
   Area for cell type $_XOR_ is unknown!
   Area for cell type $_XNOR_ is unknown!
   Area for cell type $_ANDNOT_ is unknown!
   Area for cell type $_ORNOT_ is unknown!
   Area for cell type $_MUX_ is unknown!

   Chip area for module '\i2c_master_controller': 1053.510400
     of which used for sequential elements: 1042.249600 (98.93%)

