136. Printing statistics.

=== i2c_master_controller ===

   Number of wires:                165
   Number of wire bits:            222
   Number of public wires:          19
   Number of public wire bits:      67
   Number of ports:                 10
   Number of port bits:             30
   Number of memories:               0
   Number of memory bits:            0
   Number of processes:              0
   Number of cells:                198
     $_ANDNOT_                      49
     $_AND_                          7
     $_DFFE_NP1P_                    2
     $_DFFE_PP1P_                    1
     $_DFFE_PP_                     16
     $_DFF_NP0_                      1
     $_DFF_PP0_                     12
     $_DFF_PP1_                      1
     $_MUX_                         17
     $_NAND_                         5
     $_NOR_                          6
     $_NOT_                          5
     $_ORNOT_                       13
     $_OR_                          45
     $_SDFFCE_PN0P_                  9
     $_SDFFCE_PN1P_                  3
     $_TBUF_                         1
     $_XNOR_                         2
     $_XOR_                          3

   Area for cell type $_NOT_ is unknown!
   Area for cell type $_AND_ is unknown!
   Area for cell type $_NAND_ is unknown!
   Area for cell type $_OR_ is unknown!
   Area for cell type $_NOR_ is unknown!
   Area for cell type $_XOR_ is unknown!
   Area for cell type $_XNOR_ is unknown!
   Area for cell type $_ANDNOT_ is unknown!
   Area for cell type $_ORNOT_ is unknown!
   Area for cell type $_MUX_ is unknown!
   Area for cell type $_TBUF_ is unknown!
   Area for cell type $_DFFE_PP_ is unknown!
   Area for cell type $_DFF_NP0_ is unknown!
   Area for cell type $_DFF_PP0_ is unknown!
   Area for cell type $_DFF_PP1_ is unknown!
   Area for cell type $_DFFE_NP1P_ is unknown!
   Area for cell type $_DFFE_PP1P_ is unknown!
   Area for cell type $_SDFFCE_PN0P_ is unknown!
   Area for cell type $_SDFFCE_PN1P_ is unknown!

