150. Printing statistics.

=== i2c_master_controller ===

   Number of wires:                182
   Number of wire bits:            202
   Number of public wires:          47
   Number of public wire bits:      67
   Number of ports:                 10
   Number of port bits:             30
   Number of memories:               0
   Number of memory bits:            0
   Number of processes:              0
   Number of cells:                183
     sky130_fd_sc_hd__a21o_2         3
     sky130_fd_sc_hd__a21oi_2        1
     sky130_fd_sc_hd__a221o_2        1
     sky130_fd_sc_hd__a221oi_2       1
     sky130_fd_sc_hd__a22o_2         4
     sky130_fd_sc_hd__a2bb2o_2       2
     sky130_fd_sc_hd__a311o_2        1
     sky130_fd_sc_hd__a31o_2         5
     sky130_fd_sc_hd__a31oi_2        1
     sky130_fd_sc_hd__a32o_2         5
     sky130_fd_sc_hd__and2_2         4
     sky130_fd_sc_hd__and2b_2        1
     sky130_fd_sc_hd__and3_2         1
     sky130_fd_sc_hd__and3b_2        1
     sky130_fd_sc_hd__dfrtp_2       13
     sky130_fd_sc_hd__dfstp_2        4
     sky130_fd_sc_hd__dfxtp_2       28
     sky130_fd_sc_hd__ebufn_2        1
     sky130_fd_sc_hd__inv_2         30
     sky130_fd_sc_hd__mux2_1        22
     sky130_fd_sc_hd__nand2_2        5
     sky130_fd_sc_hd__nand2b_2       2
     sky130_fd_sc_hd__nor2_2         9
     sky130_fd_sc_hd__nor3_2         3
     sky130_fd_sc_hd__nor4_2         1
     sky130_fd_sc_hd__o211a_2        1
     sky130_fd_sc_hd__o21a_2         6
     sky130_fd_sc_hd__o21ba_2        1
     sky130_fd_sc_hd__o21bai_2       2
     sky130_fd_sc_hd__o221a_2        2
     sky130_fd_sc_hd__o22a_2         1
     sky130_fd_sc_hd__o31a_2         2
     sky130_fd_sc_hd__o32a_2         2
     sky130_fd_sc_hd__or2_2          5
     sky130_fd_sc_hd__or3_2          7
     sky130_fd_sc_hd__or3b_2         1
     sky130_fd_sc_hd__or4_2          1
     sky130_fd_sc_hd__or4bb_2        1
     sky130_fd_sc_hd__xnor2_2        2

   Chip area for module '\i2c_master_controller': 2182.092800
     of which used for sequential elements: 1042.249600 (47.76%)

