                                                                        Cells by Master                                                                         
┏━━━━━━━━━━━━━━━━━━━━━━━━━━━━━━━━━━━━━━━━━━━━━━━━━━━━━━━━━━━━━━━━━━━━━━━━━━━━━━━━━━━━━━━━━━━━━━━━━━━━━━━━━━━━━━━━━━━━━━━━━━━━━━━━━┳━━━━━━━━━━━━━━━━━━━━━━━━━━━━┓
┃ Cell                                                                                                                            ┃ Count                      ┃
┡━━━━━━━━━━━━━━━━━━━━━━━━━━━━━━━━━━━━━━━━━━━━━━━━━━━━━━━━━━━━━━━━━━━━━━━━━━━━━━━━━━━━━━━━━━━━━━━━━━━━━━━━━━━━━━━━━━━━━━━━━━━━━━━━━╇━━━━━━━━━━━━━━━━━━━━━━━━━━━━┩
│ sky130_ef_sc_hd__decap_12                                                                                                       │ 69                         │
│ sky130_fd_sc_hd__a21o_1                                                                                                         │ 3                          │
│ sky130_fd_sc_hd__a21oi_1                                                                                                        │ 1                          │
│ sky130_fd_sc_hd__a221o_1                                                                                                        │ 1                          │
│ sky130_fd_sc_hd__a221oi_1                                                                                                       │ 1                          │
│ sky130_fd_sc_hd__a22o_1                                                                                                         │ 4                          │
│ sky130_fd_sc_hd__a2bb2o_1                                                                                                       │ 2                          │
│ sky130_fd_sc_hd__a311o_1                                                                                                        │ 1                          │
│ sky130_fd_sc_hd__a31o_1                                                                                                         │ 5                          │
│ sky130_fd_sc_hd__a31oi_4                                                                                                        │ 1                          │
│ sky130_fd_sc_hd__a32o_1                                                                                                         │ 5                          │
│ sky130_fd_sc_hd__and2_1                                                                                                         │ 4                          │
│ sky130_fd_sc_hd__and2b_1                                                                                                        │ 1                          │
│ sky130_fd_sc_hd__and3_1                                                                                                         │ 1                          │
│ sky130_fd_sc_hd__and3b_1                                                                                                        │ 1                          │
│ sky130_fd_sc_hd__buf_1                                                                                                          │ 2                          │
│ sky130_fd_sc_hd__buf_2                                                                                                          │ 14                         │
│ sky130_fd_sc_hd__buf_4                                                                                                          │ 1                          │
│ sky130_fd_sc_hd__clkbuf_1                                                                                                       │ 18                         │
│ sky130_fd_sc_hd__clkbuf_16                                                                                                      │ 3                          │
│ sky130_fd_sc_hd__clkbuf_2                                                                                                       │ 3                          │
│ sky130_fd_sc_hd__clkbuf_4                                                                                                       │ 3                          │
│ sky130_fd_sc_hd__decap_3                                                                                                        │ 75                         │
│ sky130_fd_sc_hd__decap_4                                                                                                        │ 39                         │
│ sky130_fd_sc_hd__decap_6                                                                                                        │ 28                         │
│ sky130_fd_sc_hd__decap_8                                                                                                        │ 39                         │
│ sky130_fd_sc_hd__dfrtp_1                                                                                                        │ 11                         │
│ sky130_fd_sc_hd__dfrtp_2                                                                                                        │ 1                          │
│ sky130_fd_sc_hd__dfrtp_4                                                                                                        │ 1                          │
│ sky130_fd_sc_hd__dfstp_1                                                                                                        │ 4                          │
│ sky130_fd_sc_hd__dfxtp_1                                                                                                        │ 26                         │
│ sky130_fd_sc_hd__dfxtp_2                                                                                                        │ 2                          │
│ sky130_fd_sc_hd__dlygate4sd3_1                                                                                                  │ 4                          │
│ sky130_fd_sc_hd__ebufn_8                                                                                                        │ 1                          │
│ sky130_fd_sc_hd__fill_1                                                                                                         │ 80                         │
│ sky130_fd_sc_hd__fill_2                                                                                                         │ 36                         │
│ sky130_fd_sc_hd__inv_2                                                                                                          │ 30                         │
│ sky130_fd_sc_hd__mux2_1                                                                                                         │ 22                         │
│ sky130_fd_sc_hd__nand2_1                                                                                                        │ 3                          │
│ sky130_fd_sc_hd__nand2_2                                                                                                        │ 1                          │
│ sky130_fd_sc_hd__nand2_4                                                                                                        │ 1                          │
│ sky130_fd_sc_hd__nand2b_1                                                                                                       │ 1                          │
│ sky130_fd_sc_hd__nand2b_2                                                                                                       │ 1                          │
│ sky130_fd_sc_hd__nor2_1                                                                                                         │ 8                          │
│ sky130_fd_sc_hd__nor2_2                                                                                                         │ 1                          │
│ sky130_fd_sc_hd__nor3_1                                                                                                         │ 3                          │
│ sky130_fd_sc_hd__nor4_1                                                                                                         │ 1                          │
│ sky130_fd_sc_hd__o211a_1                                                                                                        │ 1                          │
│ sky130_fd_sc_hd__o21a_1                                                                                                         │ 6                          │
│ sky130_fd_sc_hd__o21ba_1                                                                                                        │ 1                          │
│ sky130_fd_sc_hd__o21bai_1                                                                                                       │ 2                          │
│ sky130_fd_sc_hd__o221a_1                                                                                                        │ 2                          │
│ sky130_fd_sc_hd__o22a_1                                                                                                         │ 1                          │
│ sky130_fd_sc_hd__o31a_1                                                                                                         │ 2                          │
│ sky130_fd_sc_hd__o32a_1                                                                                                         │ 2                          │
│ sky130_fd_sc_hd__or2_1                                                                                                          │ 4                          │
│ sky130_fd_sc_hd__or2_2                                                                                                          │ 1                          │
│ sky130_fd_sc_hd__or3_1                                                                                                          │ 6                          │
│ sky130_fd_sc_hd__or3_2                                                                                                          │ 1                          │
│ sky130_fd_sc_hd__or3b_1                                                                                                         │ 1                          │
│ sky130_fd_sc_hd__or4_1                                                                                                          │ 1                          │
│ sky130_fd_sc_hd__or4bb_1                                                                                                        │ 1                          │
│ sky130_fd_sc_hd__tapvpwrvgnd_1                                                                                                  │ 67                         │
│ sky130_fd_sc_hd__xnor2_1                                                                                                        │ 2                          │
└─────────────────────────────────────────────────────────────────────────────────────────────────────────────────────────────────┴────────────────────────────┘
