[WARNING ORD-0039] .openroad ignored with -python
                                Cells by Master                                 
┏━━━━━━━━━━━━━━━━━━━━━━━━━━━━━━━━━━━━━━━━━━━━━━━━━━━━━━━━━━━━━━━━┳━━━━━━━━━━━━━┓
┃ Cell                                                           ┃ Count       ┃
┡━━━━━━━━━━━━━━━━━━━━━━━━━━━━━━━━━━━━━━━━━━━━━━━━━━━━━━━━━━━━━━━━╇━━━━━━━━━━━━━┩
│ sky130_ef_sc_hd__decap_12                                      │ 69          │
│ sky130_fd_sc_hd__a21o_1                                        │ 3           │
│ sky130_fd_sc_hd__a21oi_1                                       │ 1           │
│ sky130_fd_sc_hd__a221o_1                                       │ 1           │
│ sky130_fd_sc_hd__a221oi_1                                      │ 1           │
│ sky130_fd_sc_hd__a22o_1                                        │ 4           │
│ sky130_fd_sc_hd__a2bb2o_1                                      │ 2           │
│ sky130_fd_sc_hd__a311o_1                                       │ 1           │
│ sky130_fd_sc_hd__a31o_1                                        │ 5           │
│ sky130_fd_sc_hd__a31oi_4                                       │ 1           │
│ sky130_fd_sc_hd__a32o_1                                        │ 5           │
│ sky130_fd_sc_hd__and2_1                                        │ 4           │
│ sky130_fd_sc_hd__and2b_1                                       │ 1           │
│ sky130_fd_sc_hd__and3_1                                        │ 1           │
│ sky130_fd_sc_hd__and3b_1                                       │ 1           │
│ sky130_fd_sc_hd__buf_1                                         │ 2           │
│ sky130_fd_sc_hd__buf_2                                         │ 14          │
│ sky130_fd_sc_hd__buf_4                                         │ 1           │
│ sky130_fd_sc_hd__clkbuf_1                                      │ 18          │
│ sky130_fd_sc_hd__clkbuf_16                                     │ 3           │
│ sky130_fd_sc_hd__clkbuf_2                                      │ 3           │
│ sky130_fd_sc_hd__clkbuf_4                                      │ 3           │
│ sky130_fd_sc_hd__decap_3                                       │ 75          │
│ sky130_fd_sc_hd__decap_4                                       │ 39          │
│ sky130_fd_sc_hd__decap_6                                       │ 28          │
│ sky130_fd_sc_hd__decap_8                                       │ 39          │
│ sky130_fd_sc_hd__dfrtp_1                                       │ 11          │
│ sky130_fd_sc_hd__dfrtp_2                                       │ 1           │
│ sky130_fd_sc_hd__dfrtp_4                                       │ 1           │
│ sky130_fd_sc_hd__dfstp_1                                       │ 4           │
│ sky130_fd_sc_hd__dfxtp_1                                       │ 26          │
│ sky130_fd_sc_hd__dfxtp_2                                       │ 2           │
│ sky130_fd_sc_hd__dlygate4sd3_1                                 │ 4           │
│ sky130_fd_sc_hd__ebufn_8                                       │ 1           │
│ sky130_fd_sc_hd__fill_1                                        │ 80          │
│ sky130_fd_sc_hd__fill_2                                        │ 36          │
│ sky130_fd_sc_hd__inv_2                                         │ 30          │
│ sky130_fd_sc_hd__mux2_1                                        │ 22          │
│ sky130_fd_sc_hd__nand2_1                                       │ 3           │
│ sky130_fd_sc_hd__nand2_2                                       │ 1           │
│ sky130_fd_sc_hd__nand2_4                                       │ 1           │
│ sky130_fd_sc_hd__nand2b_1                                      │ 1           │
│ sky130_fd_sc_hd__nand2b_2                                      │ 1           │
│ sky130_fd_sc_hd__nor2_1                                        │ 8           │
│ sky130_fd_sc_hd__nor2_2                                        │ 1           │
│ sky130_fd_sc_hd__nor3_1                                        │ 3           │
│ sky130_fd_sc_hd__nor4_1                                        │ 1           │
│ sky130_fd_sc_hd__o211a_1                                       │ 1           │
│ sky130_fd_sc_hd__o21a_1                                        │ 6           │
│ sky130_fd_sc_hd__o21ba_1                                       │ 1           │
│ sky130_fd_sc_hd__o21bai_1                                      │ 2           │
│ sky130_fd_sc_hd__o221a_1                                       │ 2           │
│ sky130_fd_sc_hd__o22a_1                                        │ 1           │
│ sky130_fd_sc_hd__o31a_1                                        │ 2           │
│ sky130_fd_sc_hd__o32a_1                                        │ 2           │
│ sky130_fd_sc_hd__or2_1                                         │ 4           │
│ sky130_fd_sc_hd__or2_2                                         │ 1           │
│ sky130_fd_sc_hd__or3_1                                         │ 6           │
│ sky130_fd_sc_hd__or3_2                                         │ 1           │
│ sky130_fd_sc_hd__or3b_1                                        │ 1           │
│ sky130_fd_sc_hd__or4_1                                         │ 1           │
│ sky130_fd_sc_hd__or4bb_1                                       │ 1           │
│ sky130_fd_sc_hd__tapvpwrvgnd_1                                 │ 67          │
│ sky130_fd_sc_hd__xnor2_1                                       │ 2           │
└────────────────────────────────────────────────────────────────┴─────────────┘
                               Cells by Function                                
┏━━━━━━━━━━━━━━━━━━━━━━━━━━━━━━━━━━━━━━━━━━━━━━━━━━━━━━━━━━━━━━━┳━━━━━━━━━━━━━━┓
┃ Cell Function                                                 ┃ Count        ┃
┡━━━━━━━━━━━━━━━━━━━━━━━━━━━━━━━━━━━━━━━━━━━━━━━━━━━━━━━━━━━━━━━╇━━━━━━━━━━━━━━┩
│ sky130_ef_sc_hd__decap                                        │ 69           │
│ sky130_fd_sc_hd__a21o                                         │ 3            │
│ sky130_fd_sc_hd__a21oi                                        │ 1            │
│ sky130_fd_sc_hd__a221o                                        │ 1            │
│ sky130_fd_sc_hd__a221oi                                       │ 1            │
│ sky130_fd_sc_hd__a22o                                         │ 4            │
│ sky130_fd_sc_hd__a2bb2o                                       │ 2            │
│ sky130_fd_sc_hd__a311o                                        │ 1            │
│ sky130_fd_sc_hd__a31o                                         │ 5            │
│ sky130_fd_sc_hd__a31oi                                        │ 1            │
│ sky130_fd_sc_hd__a32o                                         │ 5            │
│ sky130_fd_sc_hd__and2                                         │ 4            │
│ sky130_fd_sc_hd__and2b                                        │ 1            │
│ sky130_fd_sc_hd__and3                                         │ 1            │
│ sky130_fd_sc_hd__and3b                                        │ 1            │
│ sky130_fd_sc_hd__buf                                          │ 17           │
│ sky130_fd_sc_hd__clkbuf                                       │ 27           │
│ sky130_fd_sc_hd__decap                                        │ 181          │
│ sky130_fd_sc_hd__dfrtp                                        │ 13           │
│ sky130_fd_sc_hd__dfstp                                        │ 4            │
│ sky130_fd_sc_hd__dfxtp                                        │ 28           │
│ sky130_fd_sc_hd__dlygate4sd3                                  │ 4            │
│ sky130_fd_sc_hd__ebufn                                        │ 1            │
│ sky130_fd_sc_hd__fill                                         │ 116          │
│ sky130_fd_sc_hd__inv                                          │ 30           │
│ sky130_fd_sc_hd__mux2                                         │ 22           │
│ sky130_fd_sc_hd__nand2                                        │ 5            │
│ sky130_fd_sc_hd__nand2b                                       │ 2            │
│ sky130_fd_sc_hd__nor2                                         │ 9            │
│ sky130_fd_sc_hd__nor3                                         │ 3            │
│ sky130_fd_sc_hd__nor4                                         │ 1            │
│ sky130_fd_sc_hd__o211a                                        │ 1            │
│ sky130_fd_sc_hd__o21a                                         │ 6            │
│ sky130_fd_sc_hd__o21ba                                        │ 1            │
│ sky130_fd_sc_hd__o21bai                                       │ 2            │
│ sky130_fd_sc_hd__o221a                                        │ 2            │
│ sky130_fd_sc_hd__o22a                                         │ 1            │
│ sky130_fd_sc_hd__o31a                                         │ 2            │
│ sky130_fd_sc_hd__o32a                                         │ 2            │
│ sky130_fd_sc_hd__or2                                          │ 5            │
│ sky130_fd_sc_hd__or3                                          │ 7            │
│ sky130_fd_sc_hd__or3b                                         │ 1            │
│ sky130_fd_sc_hd__or4                                          │ 1            │
│ sky130_fd_sc_hd__or4bb                                        │ 1            │
│ sky130_fd_sc_hd__tapvpwrvgnd                                  │ 67           │
│ sky130_fd_sc_hd__xnor2                                        │ 2            │
└───────────────────────────────────────────────────────────────┴──────────────┘
                                  Cells by SCL                                  
┏━━━━━━━━━━━━━━━━━━━━━━━━━━━━━━━━━━━━━━━━━━━━━━━━━━━━━━━┳━━━━━━━━━━━━━━━━━━━━━━┓
┃ SCL                                                   ┃ Count                ┃
┡━━━━━━━━━━━━━━━━━━━━━━━━━━━━━━━━━━━━━━━━━━━━━━━━━━━━━━━╇━━━━━━━━━━━━━━━━━━━━━━┩
│ sky130_ef_sc_hd                                       │ 69                   │
│ sky130_fd_sc_hd                                       │ 595                  │
└───────────────────────────────────────────────────────┴──────────────────────┘
                             Buffers by Cell Master                             
┏━━━━━━━━━━━━━━━━━━━━━━━━━━━━━━━━━━━━━━━━━━━━━━━━━━━━━━━━━━━━━━━━┳━━━━━━━━━━━━━┓
┃ Buffer                                                         ┃ Count       ┃
┡━━━━━━━━━━━━━━━━━━━━━━━━━━━━━━━━━━━━━━━━━━━━━━━━━━━━━━━━━━━━━━━━╇━━━━━━━━━━━━━┩
│ sky130_fd_sc_hd__buf_1                                         │ 2           │
│ sky130_fd_sc_hd__buf_2                                         │ 14          │
│ sky130_fd_sc_hd__buf_4                                         │ 1           │
│ sky130_fd_sc_hd__clkbuf_1                                      │ 18          │
│ sky130_fd_sc_hd__clkbuf_16                                     │ 3           │
│ sky130_fd_sc_hd__clkbuf_2                                      │ 3           │
│ sky130_fd_sc_hd__clkbuf_4                                      │ 3           │
│ sky130_fd_sc_hd__dlygate4sd3_1                                 │ 4           │
└────────────────────────────────────────────────────────────────┴─────────────┘
