Clock: clk
Sources: clk 
Generated: no
Virtual: yes
Propagated: no
Period: 20.000000

===========================================================================
report_clock_properties
============================================================================
Clock                   Period          Waveform
----------------------------------------------------
clk                  20.000000    0.000000 10.000000

===========================================================================
report_clock_latency
============================================================================
Clock clk
rise -> rise
    min     max
0.000000 0.000000 source latency
0.264814         network latency _314_/CLK
        1.134143 network latency _286_/CLK
---------------
0.264814 1.134143 latency
        0.869329 skew

rise -> fall
    min     max
0.000000 0.000000 source latency
0.753289         network latency _293_/CLK
        1.195398 network latency _295_/CLK
---------------
0.753289 1.195398 latency
        0.442109 skew

fall -> fall
    min     max
0.000000 0.000000 source latency
0.274218         network latency _314_/CLK
        0.277240 network latency _315_/CLK
---------------
0.274218 0.277240 latency
        0.003022 skew



===========================================================================
report_clock_min_period
============================================================================
clk period_min = 2.32 fmax = 431.61
