
===========================================================================
report_checks -path_delay max (Setup)
============================================================================
======================= nom_tt_025C_1v80 Corner ===================================

Startpoint: rst (input port clocked by clk)
Endpoint: ready (output port clocked by clk)
Path Group: clk
Path Type: max

Fanout         Cap        Slew       Delay        Time   Description
---------------------------------------------------------------------------------------------
                                  0.000000    0.000000   clock clk (rise edge)
                                  0.000000    0.000000   clock network delay (propagated)
                                  4.000000    4.000000 v input external delay
     1    0.002472    0.007875    0.003859    4.003859 v rst (in)
                                                         rst (net)
                      0.007875    0.000000    4.003859 v input17/A (sky130_fd_sc_hd__buf_1)
     2    0.010060    0.064766    0.104897    4.108756 v input17/X (sky130_fd_sc_hd__buf_1)
                                                         net17 (net)
                      0.064766    0.000047    4.108802 v fanout40/A (sky130_fd_sc_hd__clkbuf_4)
    10    0.042520    0.094116    0.204428    4.313231 v fanout40/X (sky130_fd_sc_hd__clkbuf_4)
                                                         net40 (net)
                      0.094116    0.000040    4.313270 v _186_/A (sky130_fd_sc_hd__nor2_1)
     1    0.002226    0.070662    0.107379    4.420650 ^ _186_/Y (sky130_fd_sc_hd__nor2_1)
                                                         net27 (net)
                      0.070662    0.000004    4.420654 ^ output27/A (sky130_fd_sc_hd__buf_2)
     1    0.034041    0.169121    0.207188    4.627842 ^ output27/X (sky130_fd_sc_hd__buf_2)
                                                         ready (net)
                      0.169121    0.000095    4.627936 ^ ready (out)
                                              4.627936   data arrival time

                                 20.000000   20.000000   clock clk (rise edge)
                                  0.000000   20.000000   clock network delay (propagated)
                                 -0.250000   19.750002   clock uncertainty
                                  0.000000   19.750002   clock reconvergence pessimism
                                 -4.000000   15.750001   output external delay
                                             15.750001   data required time
---------------------------------------------------------------------------------------------
                                             15.750001   data required time
                                             -4.627936   data arrival time
---------------------------------------------------------------------------------------------
                                             11.122065   slack (MET)


Startpoint: _272_ (rising edge-triggered flip-flop clocked by clk)
Endpoint: i2c_scl (output port clocked by clk)
Path Group: clk
Path Type: max

Fanout         Cap        Slew       Delay        Time   Description
---------------------------------------------------------------------------------------------
                                  0.000000    0.000000   clock clk (rise edge)
                                  0.000000    0.000000   clock source latency
     1    0.009492    0.049149    0.032360    0.032360 ^ clk (in)
                                                         clk (net)
                      0.049150    0.000000    0.032360 ^ clkbuf_0_clk/A (sky130_fd_sc_hd__clkbuf_16)
     2    0.017181    0.039445    0.124287    0.156647 ^ clkbuf_0_clk/X (sky130_fd_sc_hd__clkbuf_16)
                                                         clknet_0_clk (net)
                      0.039445    0.000028    0.156675 ^ clkbuf_1_1__f_clk/A (sky130_fd_sc_hd__clkbuf_16)
     3    0.007680    0.031332    0.111632    0.268307 ^ clkbuf_1_1__f_clk/X (sky130_fd_sc_hd__clkbuf_16)
                                                         clknet_1_1__leaf_clk (net)
                      0.031332    0.000023    0.268330 ^ _272_/CLK (sky130_fd_sc_hd__dfstp_1)
     1    0.002849    0.047217    0.487429    0.755760 ^ _272_/Q (sky130_fd_sc_hd__dfstp_1)
                                                         i2c_clk (net)
                      0.047217    0.000007    0.755767 ^ fanout38/A (sky130_fd_sc_hd__clkbuf_2)
     7    0.022073    0.125420    0.163448    0.919215 ^ fanout38/X (sky130_fd_sc_hd__clkbuf_2)
                                                         net38 (net)
                      0.125420    0.000181    0.919396 ^ fanout34/A (sky130_fd_sc_hd__buf_2)
    10    0.029186    0.146781    0.210921    1.130317 ^ fanout34/X (sky130_fd_sc_hd__buf_2)
                                                         net34 (net)
                      0.146781    0.000089    1.130406 ^ _138_/A (sky130_fd_sc_hd__inv_2)
     2    0.010353    0.048639    0.064984    1.195390 v _138_/Y (sky130_fd_sc_hd__inv_2)
                                                         _025_ (net)
                      0.048639    0.000006    1.195395 v _187_/A (sky130_fd_sc_hd__nand2_4)
     1    0.034829    0.116340    0.110534    1.305930 ^ _187_/Y (sky130_fd_sc_hd__nand2_4)
                                                         i2c_scl (net)
     0    0.034829    0.116342    0.000308    1.306238 ^ i2c_scl (inout)
                                                         i2c_scl (net)
                                              1.306238   data arrival time

                                 20.000000   20.000000   clock clk (rise edge)
                                  0.000000   20.000000   clock network delay (propagated)
                                 -0.250000   19.750002   clock uncertainty
                                  0.000000   19.750002   clock reconvergence pessimism
                                 -4.000000   15.750001   output external delay
                                             15.750001   data required time
---------------------------------------------------------------------------------------------
                                             15.750001   data required time
                                             -1.306238   data arrival time
---------------------------------------------------------------------------------------------
                                             14.443763   slack (MET)


Startpoint: rst (input port clocked by clk)
Endpoint: _272_ (recovery check against rising-edge clock clk)
Path Group: asynchronous
Path Type: max

Fanout         Cap        Slew       Delay        Time   Description
---------------------------------------------------------------------------------------------
                                  0.000000    0.000000   clock clk (rise edge)
                                  0.000000    0.000000   clock network delay (propagated)
                                  4.000000    4.000000 v input external delay
     1    0.002472    0.007875    0.003859    4.003859 v rst (in)
                                                         rst (net)
                      0.007875    0.000000    4.003859 v input17/A (sky130_fd_sc_hd__buf_1)
     2    0.010060    0.064766    0.104897    4.108756 v input17/X (sky130_fd_sc_hd__buf_1)
                                                         net17 (net)
                      0.064766    0.000047    4.108802 v fanout40/A (sky130_fd_sc_hd__clkbuf_4)
    10    0.042520    0.094116    0.204428    4.313231 v fanout40/X (sky130_fd_sc_hd__clkbuf_4)
                                                         net40 (net)
                      0.094116    0.000332    4.313562 v _256_/A (sky130_fd_sc_hd__inv_2)
     1    0.003842    0.037043    0.061922    4.375484 ^ _256_/Y (sky130_fd_sc_hd__inv_2)
                                                         _013_ (net)
                      0.037043    0.000010    4.375494 ^ _272_/SET_B (sky130_fd_sc_hd__dfstp_1)
                                              4.375494   data arrival time

                                 20.000000   20.000000   clock clk (rise edge)
                                  0.000000   20.000000   clock source latency
     1    0.009492    0.049149    0.032360   20.032360 ^ clk (in)
                                                         clk (net)
                      0.049150    0.000000   20.032360 ^ clkbuf_0_clk/A (sky130_fd_sc_hd__clkbuf_16)
     2    0.017181    0.039445    0.124286   20.156647 ^ clkbuf_0_clk/X (sky130_fd_sc_hd__clkbuf_16)
                                                         clknet_0_clk (net)
                      0.039445    0.000028   20.156675 ^ clkbuf_1_1__f_clk/A (sky130_fd_sc_hd__clkbuf_16)
     3    0.007680    0.031332    0.111633   20.268309 ^ clkbuf_1_1__f_clk/X (sky130_fd_sc_hd__clkbuf_16)
                                                         clknet_1_1__leaf_clk (net)
                      0.031332    0.000023   20.268332 ^ _272_/CLK (sky130_fd_sc_hd__dfstp_1)
                                 -0.250000   20.018332   clock uncertainty
                                  0.000000   20.018332   clock reconvergence pessimism
                                  0.134436   20.152767   library recovery time
                                             20.152767   data required time
---------------------------------------------------------------------------------------------
                                             20.152767   data required time
                                             -4.375494   data arrival time
---------------------------------------------------------------------------------------------
                                             15.777273   slack (MET)


Startpoint: rst (input port clocked by clk)
Endpoint: _316_ (recovery check against rising-edge clock clk)
Path Group: asynchronous
Path Type: max

Fanout         Cap        Slew       Delay        Time   Description
---------------------------------------------------------------------------------------------
                                  0.000000    0.000000   clock clk (rise edge)
                                  0.000000    0.000000   clock network delay (propagated)
                                  4.000000    4.000000 v input external delay
     1    0.002472    0.007875    0.003859    4.003859 v rst (in)
                                                         rst (net)
                      0.007875    0.000000    4.003859 v input17/A (sky130_fd_sc_hd__buf_1)
     2    0.010060    0.064766    0.104897    4.108756 v input17/X (sky130_fd_sc_hd__buf_1)
                                                         net17 (net)
                      0.064766    0.000047    4.108802 v fanout40/A (sky130_fd_sc_hd__clkbuf_4)
    10    0.042520    0.094116    0.204428    4.313231 v fanout40/X (sky130_fd_sc_hd__clkbuf_4)
                                                         net40 (net)
                      0.094116    0.000233    4.313463 v _271_/A (sky130_fd_sc_hd__inv_2)
     1    0.005094    0.040290    0.067115    4.380578 ^ _271_/Y (sky130_fd_sc_hd__inv_2)
                                                         _032_ (net)
                      0.040290    0.000036    4.380614 ^ _316_/RESET_B (sky130_fd_sc_hd__dfrtp_1)
                                              4.380614   data arrival time

                                 20.000000   20.000000   clock clk (rise edge)
                                  0.000000   20.000000   clock source latency
     1    0.009492    0.049149    0.032360   20.032360 ^ clk (in)
                                                         clk (net)
                      0.049150    0.000000   20.032360 ^ clkbuf_0_clk/A (sky130_fd_sc_hd__clkbuf_16)
     2    0.017181    0.039445    0.124286   20.156647 ^ clkbuf_0_clk/X (sky130_fd_sc_hd__clkbuf_16)
                                                         clknet_0_clk (net)
                      0.039445    0.000039   20.156685 ^ clkbuf_1_0__f_clk/A (sky130_fd_sc_hd__clkbuf_16)
     2    0.004670    0.028463    0.108120   20.264805 ^ clkbuf_1_0__f_clk/X (sky130_fd_sc_hd__clkbuf_16)
                                                         clknet_1_0__leaf_clk (net)
                      0.028463    0.000018   20.264824 ^ _316_/CLK (sky130_fd_sc_hd__dfrtp_1)
                                 -0.250000   20.014824   clock uncertainty
                                  0.000000   20.014824   clock reconvergence pessimism
                                  0.226485   20.241308   library recovery time
                                             20.241308   data required time
---------------------------------------------------------------------------------------------
                                             20.241308   data required time
                                             -4.380614   data arrival time
---------------------------------------------------------------------------------------------
                                             15.860693   slack (MET)


Startpoint: rst (input port clocked by clk)
Endpoint: _314_ (recovery check against rising-edge clock clk)
Path Group: asynchronous
Path Type: max

Fanout         Cap        Slew       Delay        Time   Description
---------------------------------------------------------------------------------------------
                                  0.000000    0.000000   clock clk (rise edge)
                                  0.000000    0.000000   clock network delay (propagated)
                                  4.000000    4.000000 v input external delay
     1    0.002472    0.007875    0.003859    4.003859 v rst (in)
                                                         rst (net)
                      0.007875    0.000000    4.003859 v input17/A (sky130_fd_sc_hd__buf_1)
     2    0.010060    0.064766    0.104897    4.108756 v input17/X (sky130_fd_sc_hd__buf_1)
                                                         net17 (net)
                      0.064766    0.000047    4.108802 v fanout40/A (sky130_fd_sc_hd__clkbuf_4)
    10    0.042520    0.094116    0.204428    4.313231 v fanout40/X (sky130_fd_sc_hd__clkbuf_4)
                                                         net40 (net)
                      0.094116    0.000308    4.313539 v _269_/A (sky130_fd_sc_hd__inv_2)
     1    0.004551    0.038528    0.065196    4.378735 ^ _269_/Y (sky130_fd_sc_hd__inv_2)
                                                         _030_ (net)
                      0.038528    0.000022    4.378756 ^ _314_/RESET_B (sky130_fd_sc_hd__dfrtp_1)
                                              4.378756   data arrival time

                                 20.000000   20.000000   clock clk (rise edge)
                                  0.000000   20.000000   clock source latency
     1    0.009492    0.049149    0.032360   20.032360 ^ clk (in)
                                                         clk (net)
                      0.049150    0.000000   20.032360 ^ clkbuf_0_clk/A (sky130_fd_sc_hd__clkbuf_16)
     2    0.017181    0.039445    0.124286   20.156647 ^ clkbuf_0_clk/X (sky130_fd_sc_hd__clkbuf_16)
                                                         clknet_0_clk (net)
                      0.039445    0.000039   20.156685 ^ clkbuf_1_0__f_clk/A (sky130_fd_sc_hd__clkbuf_16)
     2    0.004670    0.028463    0.108120   20.264805 ^ clkbuf_1_0__f_clk/X (sky130_fd_sc_hd__clkbuf_16)
                                                         clknet_1_0__leaf_clk (net)
                      0.028463    0.000009   20.264814 ^ _314_/CLK (sky130_fd_sc_hd__dfrtp_1)
                                 -0.250000   20.014814   clock uncertainty
                                  0.000000   20.014814   clock reconvergence pessimism
                                  0.226942   20.241756   library recovery time
                                             20.241756   data required time
---------------------------------------------------------------------------------------------
                                             20.241756   data required time
                                             -4.378756   data arrival time
---------------------------------------------------------------------------------------------
                                             15.863002   slack (MET)


Startpoint: rst (input port clocked by clk)
Endpoint: _315_ (recovery check against rising-edge clock clk)
Path Group: asynchronous
Path Type: max

Fanout         Cap        Slew       Delay        Time   Description
---------------------------------------------------------------------------------------------
                                  0.000000    0.000000   clock clk (rise edge)
                                  0.000000    0.000000   clock network delay (propagated)
                                  4.000000    4.000000 v input external delay
     1    0.002472    0.007875    0.003859    4.003859 v rst (in)
                                                         rst (net)
                      0.007875    0.000000    4.003859 v input17/A (sky130_fd_sc_hd__buf_1)
     2    0.010060    0.064766    0.104897    4.108756 v input17/X (sky130_fd_sc_hd__buf_1)
                                                         net17 (net)
                      0.064766    0.000047    4.108802 v fanout40/A (sky130_fd_sc_hd__clkbuf_4)
    10    0.042520    0.094116    0.204428    4.313231 v fanout40/X (sky130_fd_sc_hd__clkbuf_4)
                                                         net40 (net)
                      0.094116    0.000328    4.313559 v _270_/A (sky130_fd_sc_hd__inv_2)
     1    0.004319    0.037744    0.064315    4.377874 ^ _270_/Y (sky130_fd_sc_hd__inv_2)
                                                         _031_ (net)
                      0.037744    0.000016    4.377889 ^ _315_/RESET_B (sky130_fd_sc_hd__dfrtp_1)
                                              4.377889   data arrival time

                                 20.000000   20.000000   clock clk (rise edge)
                                  0.000000   20.000000   clock source latency
     1    0.009492    0.049149    0.032360   20.032360 ^ clk (in)
                                                         clk (net)
                      0.049150    0.000000   20.032360 ^ clkbuf_0_clk/A (sky130_fd_sc_hd__clkbuf_16)
     2    0.017181    0.039445    0.124286   20.156647 ^ clkbuf_0_clk/X (sky130_fd_sc_hd__clkbuf_16)
                                                         clknet_0_clk (net)
                      0.039445    0.000028   20.156675 ^ clkbuf_1_1__f_clk/A (sky130_fd_sc_hd__clkbuf_16)
     3    0.007680    0.031332    0.111633   20.268309 ^ clkbuf_1_1__f_clk/X (sky130_fd_sc_hd__clkbuf_16)
                                                         clknet_1_1__leaf_clk (net)
                      0.031332    0.000023   20.268332 ^ _315_/CLK (sky130_fd_sc_hd__dfrtp_1)
                                 -0.250000   20.018332   clock uncertainty
                                  0.000000   20.018332   clock reconvergence pessimism
                                  0.228024   20.246357   library recovery time
                                             20.246357   data required time
---------------------------------------------------------------------------------------------
                                             20.246357   data required time
                                             -4.377889   data arrival time
---------------------------------------------------------------------------------------------
                                             15.868466   slack (MET)


Startpoint: _314_ (rising edge-triggered flip-flop clocked by clk)
Endpoint: _272_ (rising edge-triggered flip-flop clocked by clk)
Path Group: clk
Path Type: max

Fanout         Cap        Slew       Delay        Time   Description
---------------------------------------------------------------------------------------------
                                  0.000000    0.000000   clock clk (rise edge)
                                  0.000000    0.000000   clock source latency
     1    0.009492    0.049149    0.032360    0.032360 ^ clk (in)
                                                         clk (net)
                      0.049150    0.000000    0.032360 ^ clkbuf_0_clk/A (sky130_fd_sc_hd__clkbuf_16)
     2    0.017181    0.039445    0.124287    0.156647 ^ clkbuf_0_clk/X (sky130_fd_sc_hd__clkbuf_16)
                                                         clknet_0_clk (net)
                      0.039445    0.000038    0.156685 ^ clkbuf_1_0__f_clk/A (sky130_fd_sc_hd__clkbuf_16)
     2    0.004670    0.028463    0.108120    0.264805 ^ clkbuf_1_0__f_clk/X (sky130_fd_sc_hd__clkbuf_16)
                                                         clknet_1_0__leaf_clk (net)
                      0.028463    0.000008    0.264814 ^ _314_/CLK (sky130_fd_sc_hd__dfrtp_1)
     3    0.007142    0.080695    0.338198    0.603011 ^ _314_/Q (sky130_fd_sc_hd__dfrtp_1)
                                                         clk_counter[0] (net)
                      0.080695    0.000006    0.603017 ^ hold1/A (sky130_fd_sc_hd__dlygate4sd3_1)
     1    0.004988    0.074669    0.563309    1.166327 ^ hold1/X (sky130_fd_sc_hd__dlygate4sd3_1)
                                                         net41 (net)
                      0.074669    0.000009    1.166336 ^ _142_/A (sky130_fd_sc_hd__inv_2)
     3    0.007774    0.028745    0.043613    1.209949 v _142_/Y (sky130_fd_sc_hd__inv_2)
                                                         _000_ (net)
                      0.028745    0.000019    1.209967 v _174_/A (sky130_fd_sc_hd__or3_1)
     1    0.001922    0.060254    0.347386    1.557354 v _174_/X (sky130_fd_sc_hd__or3_1)
                                                         _097_ (net)
                      0.060254    0.000004    1.557358 v hold4/A (sky130_fd_sc_hd__dlygate4sd3_1)
     1    0.004654    0.064445    0.568202    2.125560 v hold4/X (sky130_fd_sc_hd__dlygate4sd3_1)
                                                         net44 (net)
                      0.064445    0.000004    2.125564 v _175_/B (sky130_fd_sc_hd__xnor2_1)
     1    0.002996    0.122303    0.136475    2.262039 ^ _175_/Y (sky130_fd_sc_hd__xnor2_1)
                                                         _033_ (net)
                      0.122303    0.000009    2.262048 ^ _272_/D (sky130_fd_sc_hd__dfstp_1)
                                              2.262048   data arrival time

                                 20.000000   20.000000   clock clk (rise edge)
                                  0.000000   20.000000   clock source latency
     1    0.009492    0.049149    0.032360   20.032360 ^ clk (in)
                                                         clk (net)
                      0.049150    0.000000   20.032360 ^ clkbuf_0_clk/A (sky130_fd_sc_hd__clkbuf_16)
     2    0.017181    0.039445    0.124286   20.156647 ^ clkbuf_0_clk/X (sky130_fd_sc_hd__clkbuf_16)
                                                         clknet_0_clk (net)
                      0.039445    0.000028   20.156675 ^ clkbuf_1_1__f_clk/A (sky130_fd_sc_hd__clkbuf_16)
     3    0.007680    0.031332    0.111633   20.268309 ^ clkbuf_1_1__f_clk/X (sky130_fd_sc_hd__clkbuf_16)
                                                         clknet_1_1__leaf_clk (net)
                      0.031332    0.000023   20.268332 ^ _272_/CLK (sky130_fd_sc_hd__dfstp_1)
                                 -0.250000   20.018332   clock uncertainty
                                  0.000000   20.018332   clock reconvergence pessimism
                                 -0.073213   19.945120   library setup time
                                             19.945120   data required time
---------------------------------------------------------------------------------------------
                                             19.945120   data required time
                                             -2.262048   data arrival time
---------------------------------------------------------------------------------------------
                                             17.683071   slack (MET)


Startpoint: _316_ (rising edge-triggered flip-flop clocked by clk)
Endpoint: _315_ (rising edge-triggered flip-flop clocked by clk)
Path Group: clk
Path Type: max

Fanout         Cap        Slew       Delay        Time   Description
---------------------------------------------------------------------------------------------
                                  0.000000    0.000000   clock clk (rise edge)
                                  0.000000    0.000000   clock source latency
     1    0.009492    0.049149    0.032360    0.032360 ^ clk (in)
                                                         clk (net)
                      0.049150    0.000000    0.032360 ^ clkbuf_0_clk/A (sky130_fd_sc_hd__clkbuf_16)
     2    0.017181    0.039445    0.124287    0.156647 ^ clkbuf_0_clk/X (sky130_fd_sc_hd__clkbuf_16)
                                                         clknet_0_clk (net)
                      0.039445    0.000038    0.156685 ^ clkbuf_1_0__f_clk/A (sky130_fd_sc_hd__clkbuf_16)
     2    0.004670    0.028463    0.108120    0.264805 ^ clkbuf_1_0__f_clk/X (sky130_fd_sc_hd__clkbuf_16)
                                                         clknet_1_0__leaf_clk (net)
                      0.028463    0.000018    0.264823 ^ _316_/CLK (sky130_fd_sc_hd__dfrtp_1)
     2    0.004948    0.048980    0.359274    0.624097 v _316_/Q (sky130_fd_sc_hd__dfrtp_1)
                                                         clk_counter[2] (net)
                      0.048980    0.000016    0.624113 v hold2/A (sky130_fd_sc_hd__dlygate4sd3_1)
     2    0.007983    0.080526    0.585138    1.209251 v hold2/X (sky130_fd_sc_hd__dlygate4sd3_1)
                                                         net42 (net)
                      0.080526    0.000014    1.209265 v _190_/A2 (sky130_fd_sc_hd__o211a_1)
     1    0.003057    0.039741    0.214148    1.423413 v _190_/X (sky130_fd_sc_hd__o211a_1)
                                                         _001_ (net)
                      0.039741    0.000013    1.423426 v _315_/D (sky130_fd_sc_hd__dfrtp_1)
                                              1.423426   data arrival time

                                 20.000000   20.000000   clock clk (rise edge)
                                  0.000000   20.000000   clock source latency
     1    0.009492    0.049149    0.032360   20.032360 ^ clk (in)
                                                         clk (net)
                      0.049150    0.000000   20.032360 ^ clkbuf_0_clk/A (sky130_fd_sc_hd__clkbuf_16)
     2    0.017181    0.039445    0.124286   20.156647 ^ clkbuf_0_clk/X (sky130_fd_sc_hd__clkbuf_16)
                                                         clknet_0_clk (net)
                      0.039445    0.000028   20.156675 ^ clkbuf_1_1__f_clk/A (sky130_fd_sc_hd__clkbuf_16)
     3    0.007680    0.031332    0.111633   20.268309 ^ clkbuf_1_1__f_clk/X (sky130_fd_sc_hd__clkbuf_16)
                                                         clknet_1_1__leaf_clk (net)
                      0.031332    0.000023   20.268332 ^ _315_/CLK (sky130_fd_sc_hd__dfrtp_1)
                                 -0.250000   20.018332   clock uncertainty
                                  0.000000   20.018332   clock reconvergence pessimism
                                 -0.115105   19.903229   library setup time
                                             19.903229   data required time
---------------------------------------------------------------------------------------------
                                             19.903229   data required time
                                             -1.423426   data arrival time
---------------------------------------------------------------------------------------------
                                             18.479801   slack (MET)


Startpoint: _316_ (rising edge-triggered flip-flop clocked by clk)
Endpoint: _316_ (rising edge-triggered flip-flop clocked by clk)
Path Group: clk
Path Type: max

Fanout         Cap        Slew       Delay        Time   Description
---------------------------------------------------------------------------------------------
                                  0.000000    0.000000   clock clk (rise edge)
                                  0.000000    0.000000   clock source latency
     1    0.009492    0.049149    0.032360    0.032360 ^ clk (in)
                                                         clk (net)
                      0.049150    0.000000    0.032360 ^ clkbuf_0_clk/A (sky130_fd_sc_hd__clkbuf_16)
     2    0.017181    0.039445    0.124287    0.156647 ^ clkbuf_0_clk/X (sky130_fd_sc_hd__clkbuf_16)
                                                         clknet_0_clk (net)
                      0.039445    0.000038    0.156685 ^ clkbuf_1_0__f_clk/A (sky130_fd_sc_hd__clkbuf_16)
     2    0.004670    0.028463    0.108120    0.264805 ^ clkbuf_1_0__f_clk/X (sky130_fd_sc_hd__clkbuf_16)
                                                         clknet_1_0__leaf_clk (net)
                      0.028463    0.000018    0.264823 ^ _316_/CLK (sky130_fd_sc_hd__dfrtp_1)
     2    0.004948    0.048980    0.359274    0.624097 v _316_/Q (sky130_fd_sc_hd__dfrtp_1)
                                                         clk_counter[2] (net)
                      0.048980    0.000016    0.624113 v hold2/A (sky130_fd_sc_hd__dlygate4sd3_1)
     2    0.007983    0.080526    0.585138    1.209251 v hold2/X (sky130_fd_sc_hd__dlygate4sd3_1)
                                                         net42 (net)
                      0.080526    0.000004    1.209255 v _191_/A (sky130_fd_sc_hd__xnor2_1)
     1    0.002424    0.044304    0.132766    1.342021 v _191_/Y (sky130_fd_sc_hd__xnor2_1)
                                                         _002_ (net)
                      0.044304    0.000007    1.342028 v _316_/D (sky130_fd_sc_hd__dfrtp_1)
                                              1.342028   data arrival time

                                 20.000000   20.000000   clock clk (rise edge)
                                  0.000000   20.000000   clock source latency
     1    0.009492    0.049149    0.032360   20.032360 ^ clk (in)
                                                         clk (net)
                      0.049150    0.000000   20.032360 ^ clkbuf_0_clk/A (sky130_fd_sc_hd__clkbuf_16)
     2    0.017181    0.039445    0.124286   20.156647 ^ clkbuf_0_clk/X (sky130_fd_sc_hd__clkbuf_16)
                                                         clknet_0_clk (net)
                      0.039445    0.000039   20.156685 ^ clkbuf_1_0__f_clk/A (sky130_fd_sc_hd__clkbuf_16)
     2    0.004670    0.028463    0.108120   20.264805 ^ clkbuf_1_0__f_clk/X (sky130_fd_sc_hd__clkbuf_16)
                                                         clknet_1_0__leaf_clk (net)
                      0.028463    0.000018   20.264824 ^ _316_/CLK (sky130_fd_sc_hd__dfrtp_1)
                                 -0.250000   20.014824   clock uncertainty
                                  0.000000   20.014824   clock reconvergence pessimism
                                 -0.117754   19.897072   library setup time
                                             19.897072   data required time
---------------------------------------------------------------------------------------------
                                             19.897072   data required time
                                             -1.342028   data arrival time
---------------------------------------------------------------------------------------------
                                             18.555042   slack (MET)


Startpoint: _314_ (rising edge-triggered flip-flop clocked by clk)
Endpoint: _314_ (rising edge-triggered flip-flop clocked by clk)
Path Group: clk
Path Type: max

Fanout         Cap        Slew       Delay        Time   Description
---------------------------------------------------------------------------------------------
                                  0.000000    0.000000   clock clk (rise edge)
                                  0.000000    0.000000   clock source latency
     1    0.009492    0.049149    0.032360    0.032360 ^ clk (in)
                                                         clk (net)
                      0.049150    0.000000    0.032360 ^ clkbuf_0_clk/A (sky130_fd_sc_hd__clkbuf_16)
     2    0.017181    0.039445    0.124287    0.156647 ^ clkbuf_0_clk/X (sky130_fd_sc_hd__clkbuf_16)
                                                         clknet_0_clk (net)
                      0.039445    0.000038    0.156685 ^ clkbuf_1_0__f_clk/A (sky130_fd_sc_hd__clkbuf_16)
     2    0.004670    0.028463    0.108120    0.264805 ^ clkbuf_1_0__f_clk/X (sky130_fd_sc_hd__clkbuf_16)
                                                         clknet_1_0__leaf_clk (net)
                      0.028463    0.000008    0.264814 ^ _314_/CLK (sky130_fd_sc_hd__dfrtp_1)
     3    0.006712    0.058741    0.368811    0.633625 v _314_/Q (sky130_fd_sc_hd__dfrtp_1)
                                                         clk_counter[0] (net)
                      0.058741    0.000005    0.633630 v hold1/A (sky130_fd_sc_hd__dlygate4sd3_1)
     1    0.004622    0.064281    0.567306    1.200936 v hold1/X (sky130_fd_sc_hd__dlygate4sd3_1)
                                                         net41 (net)
                      0.064281    0.000009    1.200944 v _142_/A (sky130_fd_sc_hd__inv_2)
     3    0.008264    0.046416    0.066109    1.267053 ^ _142_/Y (sky130_fd_sc_hd__inv_2)
                                                         _000_ (net)
                      0.046416    0.000022    1.267076 ^ _314_/D (sky130_fd_sc_hd__dfrtp_1)
                                              1.267076   data arrival time

                                 20.000000   20.000000   clock clk (rise edge)
                                  0.000000   20.000000   clock source latency
     1    0.009492    0.049149    0.032360   20.032360 ^ clk (in)
                                                         clk (net)
                      0.049150    0.000000   20.032360 ^ clkbuf_0_clk/A (sky130_fd_sc_hd__clkbuf_16)
     2    0.017181    0.039445    0.124286   20.156647 ^ clkbuf_0_clk/X (sky130_fd_sc_hd__clkbuf_16)
                                                         clknet_0_clk (net)
                      0.039445    0.000039   20.156685 ^ clkbuf_1_0__f_clk/A (sky130_fd_sc_hd__clkbuf_16)
     2    0.004670    0.028463    0.108120   20.264805 ^ clkbuf_1_0__f_clk/X (sky130_fd_sc_hd__clkbuf_16)
                                                         clknet_1_0__leaf_clk (net)
                      0.028463    0.000009   20.264814 ^ _314_/CLK (sky130_fd_sc_hd__dfrtp_1)
                                 -0.250000   20.014814   clock uncertainty
                                  0.000000   20.014814   clock reconvergence pessimism
                                 -0.062639   19.952175   library setup time
                                             19.952175   data required time
---------------------------------------------------------------------------------------------
                                             19.952175   data required time
                                             -1.267076   data arrival time
---------------------------------------------------------------------------------------------
                                             18.685101   slack (MET)



