Reading OpenROAD database at '/home/davidsales/Documentos/Coding/Main_HDL/Synthesis/designs/i2c_master/runs/RUN_2026-02-24_21-34-25/36-openroad-resizertimingpostcts/i2c_master_controller.odb'…
Reading library file at '/home/davidsales/.ciel/ciel/sky130/versions/0fe599b2afb6708d281543108caf8310912f54af/sky130A/libs.ref/sky130_fd_sc_hd/lib/sky130_fd_sc_hd__tt_025C_1v80.lib'…
Reading design constraints file at '/nix/store/41c5n1rfapbw2k2daig2yag6mbsifckg-python3-3.11.9-env/lib/python3.11/site-packages/librelane/scripts/base.sdc'…
[INFO] Using clock clk…
[INFO] Setting output delay to: 4.0
[INFO] Setting input delay to: 4.0
[INFO] Setting load to: 0.033442
[INFO] Setting clock uncertainty to: 0.25
[INFO] Setting clock transition to: 0.1499999999999999944488848768742172978818416595458984375
[INFO] Setting timing derate to: 5%
[INFO] Setting RC values…
[WARNING GRT-0097] No global routing found for nets.
%OL_CREATE_REPORT min.rpt

===========================================================================
report_checks -path_delay min (Hold)
============================================================================
======================= nom_tt_025C_1v80 Corner ===================================

Startpoint: _314_ (rising edge-triggered flip-flop clocked by clk)
Endpoint: _316_ (rising edge-triggered flip-flop clocked by clk)
Path Group: clk
Path Type: min

Fanout         Cap        Slew       Delay        Time   Description
---------------------------------------------------------------------------------------------
                                  0.000000    0.000000   clock clk (rise edge)
                                  0.000000    0.000000   clock source latency
     1    0.009492    0.049149    0.032360    0.032360 ^ clk (in)
                                                         clk (net)
                      0.049150    0.000000    0.032360 ^ clkbuf_0_clk/A (sky130_fd_sc_hd__clkbuf_16)
     2    0.017181    0.039445    0.124287    0.156647 ^ clkbuf_0_clk/X (sky130_fd_sc_hd__clkbuf_16)
                                                         clknet_0_clk (net)
                      0.039445    0.000038    0.156685 ^ clkbuf_1_0__f_clk/A (sky130_fd_sc_hd__clkbuf_16)
     2    0.004670    0.028463    0.108120    0.264805 ^ clkbuf_1_0__f_clk/X (sky130_fd_sc_hd__clkbuf_16)
                                                         clknet_1_0__leaf_clk (net)
                      0.028463    0.000008    0.264814 ^ _314_/CLK (sky130_fd_sc_hd__dfrtp_1)
     3    0.006712    0.058741    0.368811    0.633625 v _314_/Q (sky130_fd_sc_hd__dfrtp_1)
                                                         clk_counter[0] (net)
                      0.058741    0.000019    0.633644 v _188_/A (sky130_fd_sc_hd__nand2_1)
     2    0.009097    0.091005    0.099361    0.733005 ^ _188_/Y (sky130_fd_sc_hd__nand2_1)
                                                         _103_ (net)
                      0.091005    0.000048    0.733053 ^ _191_/B (sky130_fd_sc_hd__xnor2_1)
     1    0.002424    0.035624    0.065301    0.798354 v _191_/Y (sky130_fd_sc_hd__xnor2_1)
                                                         _002_ (net)
                      0.035624    0.000007    0.798361 v _316_/D (sky130_fd_sc_hd__dfrtp_1)
                                              0.798361   data arrival time

                                  0.000000    0.000000   clock clk (rise edge)
                                  0.000000    0.000000   clock source latency
     1    0.009492    0.049149    0.032360    0.032360 ^ clk (in)
                                                         clk (net)
                      0.049150    0.000000    0.032360 ^ clkbuf_0_clk/A (sky130_fd_sc_hd__clkbuf_16)
     2    0.017181    0.039445    0.124287    0.156647 ^ clkbuf_0_clk/X (sky130_fd_sc_hd__clkbuf_16)
                                                         clknet_0_clk (net)
                      0.039445    0.000038    0.156685 ^ clkbuf_1_0__f_clk/A (sky130_fd_sc_hd__clkbuf_16)
     2    0.004670    0.028463    0.108120    0.264805 ^ clkbuf_1_0__f_clk/X (sky130_fd_sc_hd__clkbuf_16)
                                                         clknet_1_0__leaf_clk (net)
                      0.028463    0.000018    0.264823 ^ _316_/CLK (sky130_fd_sc_hd__dfrtp_1)
                                  0.250000    0.514823   clock uncertainty
                                  0.000000    0.514823   clock reconvergence pessimism
                                 -0.045730    0.469093   library hold time
                                              0.469093   data required time
---------------------------------------------------------------------------------------------
                                              0.469093   data required time
                                             -0.798361   data arrival time
---------------------------------------------------------------------------------------------
                                              0.329268   slack (MET)


Startpoint: _314_ (rising edge-triggered flip-flop clocked by clk)
Endpoint: _315_ (rising edge-triggered flip-flop clocked by clk)
Path Group: clk
Path Type: min

Fanout         Cap        Slew       Delay        Time   Description
---------------------------------------------------------------------------------------------
                                  0.000000    0.000000   clock clk (rise edge)
                                  0.000000    0.000000   clock source latency
     1    0.009492    0.049149    0.032360    0.032360 ^ clk (in)
                                                         clk (net)
                      0.049150    0.000000    0.032360 ^ clkbuf_0_clk/A (sky130_fd_sc_hd__clkbuf_16)
     2    0.017181    0.039445    0.124287    0.156647 ^ clkbuf_0_clk/X (sky130_fd_sc_hd__clkbuf_16)
                                                         clknet_0_clk (net)
                      0.039445    0.000038    0.156685 ^ clkbuf_1_0__f_clk/A (sky130_fd_sc_hd__clkbuf_16)
     2    0.004670    0.028463    0.108120    0.264805 ^ clkbuf_1_0__f_clk/X (sky130_fd_sc_hd__clkbuf_16)
                                                         clknet_1_0__leaf_clk (net)
                      0.028463    0.000008    0.264814 ^ _314_/CLK (sky130_fd_sc_hd__dfrtp_1)
     3    0.007142    0.080695    0.338198    0.603011 ^ _314_/Q (sky130_fd_sc_hd__dfrtp_1)
                                                         clk_counter[0] (net)
                      0.080695    0.000020    0.603032 ^ _188_/A (sky130_fd_sc_hd__nand2_1)
     2    0.008749    0.071014    0.087232    0.690263 v _188_/Y (sky130_fd_sc_hd__nand2_1)
                                                         _103_ (net)
                      0.071014    0.000047    0.690310 v _190_/B1 (sky130_fd_sc_hd__o211a_1)
     1    0.003057    0.030819    0.132547    0.822858 v _190_/X (sky130_fd_sc_hd__o211a_1)
                                                         _001_ (net)
                      0.030819    0.000013    0.822871 v _315_/D (sky130_fd_sc_hd__dfrtp_1)
                                              0.822871   data arrival time

                                  0.000000    0.000000   clock clk (rise edge)
                                  0.000000    0.000000   clock source latency
     1    0.009492    0.049149    0.032360    0.032360 ^ clk (in)
                                                         clk (net)
                      0.049150    0.000000    0.032360 ^ clkbuf_0_clk/A (sky130_fd_sc_hd__clkbuf_16)
     2    0.017181    0.039445    0.124287    0.156647 ^ clkbuf_0_clk/X (sky130_fd_sc_hd__clkbuf_16)
                                                         clknet_0_clk (net)
                      0.039445    0.000028    0.156675 ^ clkbuf_1_1__f_clk/A (sky130_fd_sc_hd__clkbuf_16)
     3    0.007680    0.031332    0.111632    0.268307 ^ clkbuf_1_1__f_clk/X (sky130_fd_sc_hd__clkbuf_16)
                                                         clknet_1_1__leaf_clk (net)
                      0.031332    0.000024    0.268331 ^ _315_/CLK (sky130_fd_sc_hd__dfrtp_1)
                                  0.250000    0.518331   clock uncertainty
                                  0.000000    0.518331   clock reconvergence pessimism
                                 -0.043119    0.475212   library hold time
                                              0.475212   data required time
---------------------------------------------------------------------------------------------
                                              0.475212   data required time
                                             -0.822871   data arrival time
---------------------------------------------------------------------------------------------
                                              0.347659   slack (MET)


Startpoint: _272_ (rising edge-triggered flip-flop clocked by clk)
Endpoint: _272_ (rising edge-triggered flip-flop clocked by clk)
Path Group: clk
Path Type: min

Fanout         Cap        Slew       Delay        Time   Description
---------------------------------------------------------------------------------------------
                                  0.000000    0.000000   clock clk (rise edge)
                                  0.000000    0.000000   clock source latency
     1    0.009492    0.049149    0.032360    0.032360 ^ clk (in)
                                                         clk (net)
                      0.049150    0.000000    0.032360 ^ clkbuf_0_clk/A (sky130_fd_sc_hd__clkbuf_16)
     2    0.017181    0.039445    0.124287    0.156647 ^ clkbuf_0_clk/X (sky130_fd_sc_hd__clkbuf_16)
                                                         clknet_0_clk (net)
                      0.039445    0.000028    0.156675 ^ clkbuf_1_1__f_clk/A (sky130_fd_sc_hd__clkbuf_16)
     3    0.007680    0.031332    0.111632    0.268307 ^ clkbuf_1_1__f_clk/X (sky130_fd_sc_hd__clkbuf_16)
                                                         clknet_1_1__leaf_clk (net)
                      0.031332    0.000023    0.268330 ^ _272_/CLK (sky130_fd_sc_hd__dfstp_1)
     1    0.002619    0.027753    0.340579    0.608910 v _272_/Q (sky130_fd_sc_hd__dfstp_1)
                                                         i2c_clk (net)
                      0.027753    0.000006    0.608916 v fanout38/A (sky130_fd_sc_hd__clkbuf_2)
     7    0.020814    0.084716    0.144074    0.752990 v fanout38/X (sky130_fd_sc_hd__clkbuf_2)
                                                         net38 (net)
                      0.084716    0.000120    0.753110 v fanout35/A (sky130_fd_sc_hd__buf_2)
    10    0.028291    0.076453    0.187266    0.940377 v fanout35/X (sky130_fd_sc_hd__buf_2)
                                                         net35 (net)
                      0.076453    0.000075    0.940452 v _175_/A (sky130_fd_sc_hd__xnor2_1)
     1    0.002741    0.035802    0.132904    1.073356 v _175_/Y (sky130_fd_sc_hd__xnor2_1)
                                                         _033_ (net)
                      0.035802    0.000008    1.073364 v _272_/D (sky130_fd_sc_hd__dfstp_1)
                                              1.073364   data arrival time

                                  0.000000    0.000000   clock clk (rise edge)
                                  0.000000    0.000000   clock source latency
     1    0.009492    0.049149    0.032360    0.032360 ^ clk (in)
                                                         clk (net)
                      0.049150    0.000000    0.032360 ^ clkbuf_0_clk/A (sky130_fd_sc_hd__clkbuf_16)
     2    0.017181    0.039445    0.124287    0.156647 ^ clkbuf_0_clk/X (sky130_fd_sc_hd__clkbuf_16)
                                                         clknet_0_clk (net)
                      0.039445    0.000028    0.156675 ^ clkbuf_1_1__f_clk/A (sky130_fd_sc_hd__clkbuf_16)
     3    0.007680    0.031332    0.111632    0.268307 ^ clkbuf_1_1__f_clk/X (sky130_fd_sc_hd__clkbuf_16)
                                                         clknet_1_1__leaf_clk (net)
                      0.031332    0.000023    0.268330 ^ _272_/CLK (sky130_fd_sc_hd__dfstp_1)
                                  0.250000    0.518330   clock uncertainty
                                  0.000000    0.518330   clock reconvergence pessimism
                                 -0.013747    0.504583   library hold time
                                              0.504583   data required time
---------------------------------------------------------------------------------------------
                                              0.504583   data required time
                                             -1.073364   data arrival time
---------------------------------------------------------------------------------------------
                                              0.568780   slack (MET)


Startpoint: _314_ (rising edge-triggered flip-flop clocked by clk)
Endpoint: _314_ (rising edge-triggered flip-flop clocked by clk)
Path Group: clk
Path Type: min

Fanout         Cap        Slew       Delay        Time   Description
---------------------------------------------------------------------------------------------
                                  0.000000    0.000000   clock clk (rise edge)
                                  0.000000    0.000000   clock source latency
     1    0.009492    0.049149    0.032360    0.032360 ^ clk (in)
                                                         clk (net)
                      0.049150    0.000000    0.032360 ^ clkbuf_0_clk/A (sky130_fd_sc_hd__clkbuf_16)
     2    0.017181    0.039445    0.124287    0.156647 ^ clkbuf_0_clk/X (sky130_fd_sc_hd__clkbuf_16)
                                                         clknet_0_clk (net)
                      0.039445    0.000038    0.156685 ^ clkbuf_1_0__f_clk/A (sky130_fd_sc_hd__clkbuf_16)
     2    0.004670    0.028463    0.108120    0.264805 ^ clkbuf_1_0__f_clk/X (sky130_fd_sc_hd__clkbuf_16)
                                                         clknet_1_0__leaf_clk (net)
                      0.028463    0.000008    0.264814 ^ _314_/CLK (sky130_fd_sc_hd__dfrtp_1)
     3    0.007142    0.080695    0.338198    0.603011 ^ _314_/Q (sky130_fd_sc_hd__dfrtp_1)
                                                         clk_counter[0] (net)
                      0.080695    0.000006    0.603017 ^ hold1/A (sky130_fd_sc_hd__dlygate4sd3_1)
     1    0.004988    0.074669    0.563309    1.166327 ^ hold1/X (sky130_fd_sc_hd__dlygate4sd3_1)
                                                         net41 (net)
                      0.074669    0.000009    1.166336 ^ _142_/A (sky130_fd_sc_hd__inv_2)
     3    0.007774    0.028745    0.043613    1.209949 v _142_/Y (sky130_fd_sc_hd__inv_2)
                                                         _000_ (net)
                      0.028745    0.000021    1.209970 v _314_/D (sky130_fd_sc_hd__dfrtp_1)
                                              1.209970   data arrival time

                                  0.000000    0.000000   clock clk (rise edge)
                                  0.000000    0.000000   clock source latency
     1    0.009492    0.049149    0.032360    0.032360 ^ clk (in)
                                                         clk (net)
                      0.049150    0.000000    0.032360 ^ clkbuf_0_clk/A (sky130_fd_sc_hd__clkbuf_16)
     2    0.017181    0.039445    0.124287    0.156647 ^ clkbuf_0_clk/X (sky130_fd_sc_hd__clkbuf_16)
                                                         clknet_0_clk (net)
                      0.039445    0.000038    0.156685 ^ clkbuf_1_0__f_clk/A (sky130_fd_sc_hd__clkbuf_16)
     2    0.004670    0.028463    0.108120    0.264805 ^ clkbuf_1_0__f_clk/X (sky130_fd_sc_hd__clkbuf_16)
                                                         clknet_1_0__leaf_clk (net)
                      0.028463    0.000008    0.264814 ^ _314_/CLK (sky130_fd_sc_hd__dfrtp_1)
                                  0.250000    0.514814   clock uncertainty
                                  0.000000    0.514814   clock reconvergence pessimism
                                 -0.042929    0.471885   library hold time
                                              0.471885   data required time
---------------------------------------------------------------------------------------------
                                              0.471885   data required time
                                             -1.209970   data arrival time
---------------------------------------------------------------------------------------------
                                              0.738085   slack (MET)


Startpoint: rst (input port clocked by clk)
Endpoint: _315_ (removal check against rising-edge clock clk)
Path Group: asynchronous
Path Type: min

Fanout         Cap        Slew       Delay        Time   Description
---------------------------------------------------------------------------------------------
                                  0.000000    0.000000   clock clk (rise edge)
                                  0.000000    0.000000   clock network delay (propagated)
                                  4.000000    4.000000 v input external delay
     1    0.002472    0.007875    0.003859    4.003859 v rst (in)
                                                         rst (net)
                      0.007875    0.000000    4.003859 v input17/A (sky130_fd_sc_hd__buf_1)
     2    0.010060    0.064766    0.104897    4.108756 v input17/X (sky130_fd_sc_hd__buf_1)
                                                         net17 (net)
                      0.064766    0.000047    4.108802 v fanout40/A (sky130_fd_sc_hd__clkbuf_4)
    10    0.042520    0.094116    0.204428    4.313231 v fanout40/X (sky130_fd_sc_hd__clkbuf_4)
                                                         net40 (net)
                      0.094116    0.000328    4.313559 v _270_/A (sky130_fd_sc_hd__inv_2)
     1    0.004319    0.037744    0.064315    4.377874 ^ _270_/Y (sky130_fd_sc_hd__inv_2)
                                                         _031_ (net)
                      0.037744    0.000016    4.377889 ^ _315_/RESET_B (sky130_fd_sc_hd__dfrtp_1)
                                              4.377889   data arrival time

                                  0.000000    0.000000   clock clk (rise edge)
                                  0.000000    0.000000   clock source latency
     1    0.009492    0.049149    0.032360    0.032360 ^ clk (in)
                                                         clk (net)
                      0.049150    0.000000    0.032360 ^ clkbuf_0_clk/A (sky130_fd_sc_hd__clkbuf_16)
     2    0.017181    0.039445    0.124287    0.156647 ^ clkbuf_0_clk/X (sky130_fd_sc_hd__clkbuf_16)
                                                         clknet_0_clk (net)
                      0.039445    0.000028    0.156675 ^ clkbuf_1_1__f_clk/A (sky130_fd_sc_hd__clkbuf_16)
     3    0.007680    0.031332    0.111632    0.268307 ^ clkbuf_1_1__f_clk/X (sky130_fd_sc_hd__clkbuf_16)
                                                         clknet_1_1__leaf_clk (net)
                      0.031332    0.000024    0.268331 ^ _315_/CLK (sky130_fd_sc_hd__dfrtp_1)
                                  0.250000    0.518331   clock uncertainty
                                  0.000000    0.518331   clock reconvergence pessimism
                                  0.314526    0.832857   library removal time
                                              0.832857   data required time
---------------------------------------------------------------------------------------------
                                              0.832857   data required time
                                             -4.377889   data arrival time
---------------------------------------------------------------------------------------------
                                              3.545032   slack (MET)


Startpoint: rst (input port clocked by clk)
Endpoint: _314_ (removal check against rising-edge clock clk)
Path Group: asynchronous
Path Type: min

Fanout         Cap        Slew       Delay        Time   Description
---------------------------------------------------------------------------------------------
                                  0.000000    0.000000   clock clk (rise edge)
                                  0.000000    0.000000   clock network delay (propagated)
                                  4.000000    4.000000 v input external delay
     1    0.002472    0.007875    0.003859    4.003859 v rst (in)
                                                         rst (net)
                      0.007875    0.000000    4.003859 v input17/A (sky130_fd_sc_hd__buf_1)
     2    0.010060    0.064766    0.104897    4.108756 v input17/X (sky130_fd_sc_hd__buf_1)
                                                         net17 (net)
                      0.064766    0.000047    4.108802 v fanout40/A (sky130_fd_sc_hd__clkbuf_4)
    10    0.042520    0.094116    0.204428    4.313231 v fanout40/X (sky130_fd_sc_hd__clkbuf_4)
                                                         net40 (net)
                      0.094116    0.000308    4.313539 v _269_/A (sky130_fd_sc_hd__inv_2)
     1    0.004551    0.038528    0.065196    4.378735 ^ _269_/Y (sky130_fd_sc_hd__inv_2)
                                                         _030_ (net)
                      0.038528    0.000022    4.378756 ^ _314_/RESET_B (sky130_fd_sc_hd__dfrtp_1)
                                              4.378756   data arrival time

                                  0.000000    0.000000   clock clk (rise edge)
                                  0.000000    0.000000   clock source latency
     1    0.009492    0.049149    0.032360    0.032360 ^ clk (in)
                                                         clk (net)
                      0.049150    0.000000    0.032360 ^ clkbuf_0_clk/A (sky130_fd_sc_hd__clkbuf_16)
     2    0.017181    0.039445    0.124287    0.156647 ^ clkbuf_0_clk/X (sky130_fd_sc_hd__clkbuf_16)
                                                         clknet_0_clk (net)
                      0.039445    0.000038    0.156685 ^ clkbuf_1_0__f_clk/A (sky130_fd_sc_hd__clkbuf_16)
     2    0.004670    0.028463    0.108120    0.264805 ^ clkbuf_1_0__f_clk/X (sky130_fd_sc_hd__clkbuf_16)
                                                         clknet_1_0__leaf_clk (net)
                      0.028463    0.000008    0.264814 ^ _314_/CLK (sky130_fd_sc_hd__dfrtp_1)
                                  0.250000    0.514814   clock uncertainty
                                  0.000000    0.514814   clock reconvergence pessimism
                                  0.313959    0.828773   library removal time
                                              0.828773   data required time
---------------------------------------------------------------------------------------------
                                              0.828773   data required time
                                             -4.378756   data arrival time
---------------------------------------------------------------------------------------------
                                              3.549983   slack (MET)


Startpoint: rst (input port clocked by clk)
Endpoint: _316_ (removal check against rising-edge clock clk)
Path Group: asynchronous
Path Type: min

Fanout         Cap        Slew       Delay        Time   Description
---------------------------------------------------------------------------------------------
                                  0.000000    0.000000   clock clk (rise edge)
                                  0.000000    0.000000   clock network delay (propagated)
                                  4.000000    4.000000 v input external delay
     1    0.002472    0.007875    0.003859    4.003859 v rst (in)
                                                         rst (net)
                      0.007875    0.000000    4.003859 v input17/A (sky130_fd_sc_hd__buf_1)
     2    0.010060    0.064766    0.104897    4.108756 v input17/X (sky130_fd_sc_hd__buf_1)
                                                         net17 (net)
                      0.064766    0.000047    4.108802 v fanout40/A (sky130_fd_sc_hd__clkbuf_4)
    10    0.042520    0.094116    0.204428    4.313231 v fanout40/X (sky130_fd_sc_hd__clkbuf_4)
                                                         net40 (net)
                      0.094116    0.000233    4.313463 v _271_/A (sky130_fd_sc_hd__inv_2)
     1    0.005094    0.040290    0.067115    4.380578 ^ _271_/Y (sky130_fd_sc_hd__inv_2)
                                                         _032_ (net)
                      0.040290    0.000036    4.380614 ^ _316_/RESET_B (sky130_fd_sc_hd__dfrtp_1)
                                              4.380614   data arrival time

                                  0.000000    0.000000   clock clk (rise edge)
                                  0.000000    0.000000   clock source latency
     1    0.009492    0.049149    0.032360    0.032360 ^ clk (in)
                                                         clk (net)
                      0.049150    0.000000    0.032360 ^ clkbuf_0_clk/A (sky130_fd_sc_hd__clkbuf_16)
     2    0.017181    0.039445    0.124287    0.156647 ^ clkbuf_0_clk/X (sky130_fd_sc_hd__clkbuf_16)
                                                         clknet_0_clk (net)
                      0.039445    0.000038    0.156685 ^ clkbuf_1_0__f_clk/A (sky130_fd_sc_hd__clkbuf_16)
     2    0.004670    0.028463    0.108120    0.264805 ^ clkbuf_1_0__f_clk/X (sky130_fd_sc_hd__clkbuf_16)
                                                         clknet_1_0__leaf_clk (net)
                      0.028463    0.000018    0.264823 ^ _316_/CLK (sky130_fd_sc_hd__dfrtp_1)
                                  0.250000    0.514823   clock uncertainty
                                  0.000000    0.514823   clock reconvergence pessimism
                                  0.314444    0.829267   library removal time
                                              0.829267   data required time
---------------------------------------------------------------------------------------------
                                              0.829267   data required time
                                             -4.380614   data arrival time
---------------------------------------------------------------------------------------------
                                              3.551347   slack (MET)


Startpoint: rst (input port clocked by clk)
Endpoint: _272_ (removal check against rising-edge clock clk)
Path Group: asynchronous
Path Type: min

Fanout         Cap        Slew       Delay        Time   Description
---------------------------------------------------------------------------------------------
                                  0.000000    0.000000   clock clk (rise edge)
                                  0.000000    0.000000   clock network delay (propagated)
                                  4.000000    4.000000 v input external delay
     1    0.002472    0.007875    0.003859    4.003859 v rst (in)
                                                         rst (net)
                      0.007875    0.000000    4.003859 v input17/A (sky130_fd_sc_hd__buf_1)
     2    0.010060    0.064766    0.104897    4.108756 v input17/X (sky130_fd_sc_hd__buf_1)
                                                         net17 (net)
                      0.064766    0.000047    4.108802 v fanout40/A (sky130_fd_sc_hd__clkbuf_4)
    10    0.042520    0.094116    0.204428    4.313231 v fanout40/X (sky130_fd_sc_hd__clkbuf_4)
                                                         net40 (net)
                      0.094116    0.000332    4.313562 v _256_/A (sky130_fd_sc_hd__inv_2)
     1    0.003842    0.037043    0.061922    4.375484 ^ _256_/Y (sky130_fd_sc_hd__inv_2)
                                                         _013_ (net)
                      0.037043    0.000010    4.375494 ^ _272_/SET_B (sky130_fd_sc_hd__dfstp_1)
                                              4.375494   data arrival time

                                  0.000000    0.000000   clock clk (rise edge)
                                  0.000000    0.000000   clock source latency
     1    0.009492    0.049149    0.032360    0.032360 ^ clk (in)
                                                         clk (net)
                      0.049150    0.000000    0.032360 ^ clkbuf_0_clk/A (sky130_fd_sc_hd__clkbuf_16)
     2    0.017181    0.039445    0.124287    0.156647 ^ clkbuf_0_clk/X (sky130_fd_sc_hd__clkbuf_16)
                                                         clknet_0_clk (net)
                      0.039445    0.000028    0.156675 ^ clkbuf_1_1__f_clk/A (sky130_fd_sc_hd__clkbuf_16)
     3    0.007680    0.031332    0.111632    0.268307 ^ clkbuf_1_1__f_clk/X (sky130_fd_sc_hd__clkbuf_16)
                                                         clknet_1_1__leaf_clk (net)
                      0.031332    0.000023    0.268330 ^ _272_/CLK (sky130_fd_sc_hd__dfstp_1)
                                  0.250000    0.518330   clock uncertainty
                                  0.000000    0.518330   clock reconvergence pessimism
                                  0.151959    0.670290   library removal time
                                              0.670290   data required time
---------------------------------------------------------------------------------------------
                                              0.670290   data required time
                                             -4.375494   data arrival time
---------------------------------------------------------------------------------------------
                                              3.705204   slack (MET)


Startpoint: _272_ (rising edge-triggered flip-flop clocked by clk)
Endpoint: i2c_scl (output port clocked by clk)
Path Group: clk
Path Type: min

Fanout         Cap        Slew       Delay        Time   Description
---------------------------------------------------------------------------------------------
                                  0.000000    0.000000   clock clk (rise edge)
                                  0.000000    0.000000   clock source latency
     1    0.009492    0.049149    0.032360    0.032360 ^ clk (in)
                                                         clk (net)
                      0.049150    0.000000    0.032360 ^ clkbuf_0_clk/A (sky130_fd_sc_hd__clkbuf_16)
     2    0.017181    0.039445    0.124287    0.156647 ^ clkbuf_0_clk/X (sky130_fd_sc_hd__clkbuf_16)
                                                         clknet_0_clk (net)
                      0.039445    0.000028    0.156675 ^ clkbuf_1_1__f_clk/A (sky130_fd_sc_hd__clkbuf_16)
     3    0.007680    0.031332    0.111632    0.268307 ^ clkbuf_1_1__f_clk/X (sky130_fd_sc_hd__clkbuf_16)
                                                         clknet_1_1__leaf_clk (net)
                      0.031332    0.000023    0.268330 ^ _272_/CLK (sky130_fd_sc_hd__dfstp_1)
     1    0.002619    0.027753    0.340579    0.608910 v _272_/Q (sky130_fd_sc_hd__dfstp_1)
                                                         i2c_clk (net)
                      0.027753    0.000006    0.608916 v fanout38/A (sky130_fd_sc_hd__clkbuf_2)
     7    0.020814    0.084716    0.144074    0.752990 v fanout38/X (sky130_fd_sc_hd__clkbuf_2)
                                                         net38 (net)
                      0.084716    0.000170    0.753161 v fanout34/A (sky130_fd_sc_hd__buf_2)
    10    0.027134    0.074037    0.185033    0.938194 v fanout34/X (sky130_fd_sc_hd__buf_2)
                                                         net34 (net)
                      0.074037    0.000082    0.938276 v _138_/A (sky130_fd_sc_hd__inv_2)
     2    0.011033    0.060328    0.079372    1.017648 ^ _138_/Y (sky130_fd_sc_hd__inv_2)
                                                         _025_ (net)
                      0.060328    0.000006    1.017654 ^ _187_/A (sky130_fd_sc_hd__nand2_4)
     1    0.034829    0.081955    0.087196    1.104850 v _187_/Y (sky130_fd_sc_hd__nand2_4)
                                                         i2c_scl (net)
     0    0.034829    0.081957    0.000308    1.105158 v i2c_scl (inout)
                                                         i2c_scl (net)
                                              1.105158   data arrival time

                                  0.000000    0.000000   clock clk (rise edge)
                                  0.000000    0.000000   clock network delay (propagated)
                                  0.250000    0.250000   clock uncertainty
                                  0.000000    0.250000   clock reconvergence pessimism
                                 -4.000000   -3.750000   output external delay
                                             -3.750000   data required time
---------------------------------------------------------------------------------------------
                                             -3.750000   data required time
                                             -1.105158   data arrival time
---------------------------------------------------------------------------------------------
                                              4.855158   slack (MET)


Startpoint: rst (input port clocked by clk)
Endpoint: ready (output port clocked by clk)
Path Group: clk
Path Type: min

Fanout         Cap        Slew       Delay        Time   Description
---------------------------------------------------------------------------------------------
                                  0.000000    0.000000   clock clk (rise edge)
                                  0.000000    0.000000   clock network delay (propagated)
                                  4.000000    4.000000 ^ input external delay
     1    0.002648    0.019761    0.009762    4.009761 ^ rst (in)
                                                         rst (net)
                      0.019761    0.000000    4.009761 ^ input17/A (sky130_fd_sc_hd__buf_1)
     2    0.010670    0.132224    0.134281    4.144042 ^ input17/X (sky130_fd_sc_hd__buf_1)
                                                         net17 (net)
                      0.132224    0.000050    4.144092 ^ fanout40/A (sky130_fd_sc_hd__clkbuf_4)
    10    0.045611    0.144150    0.240884    4.384976 ^ fanout40/X (sky130_fd_sc_hd__clkbuf_4)
                                                         net40 (net)
                      0.144150    0.000043    4.385020 ^ _186_/A (sky130_fd_sc_hd__nor2_1)
     1    0.002066    0.025776    0.060874    4.445894 v _186_/Y (sky130_fd_sc_hd__nor2_1)
                                                         net27 (net)
                      0.025776    0.000004    4.445898 v output27/A (sky130_fd_sc_hd__buf_2)
     1    0.034041    0.088903    0.171846    4.617743 v output27/X (sky130_fd_sc_hd__buf_2)
                                                         ready (net)
                      0.088903    0.000095    4.617838 v ready (out)
                                              4.617838   data arrival time

                                  0.000000    0.000000   clock clk (rise edge)
                                  0.000000    0.000000   clock network delay (propagated)
                                  0.250000    0.250000   clock uncertainty
                                  0.000000    0.250000   clock reconvergence pessimism
                                 -4.000000   -3.750000   output external delay
                                             -3.750000   data required time
---------------------------------------------------------------------------------------------
                                             -3.750000   data required time
                                             -4.617838   data arrival time
---------------------------------------------------------------------------------------------
                                              8.367838   slack (MET)



%OL_END_REPORT
%OL_CREATE_REPORT max.rpt

===========================================================================
report_checks -path_delay max (Setup)
============================================================================
======================= nom_tt_025C_1v80 Corner ===================================

Startpoint: rst (input port clocked by clk)
Endpoint: ready (output port clocked by clk)
Path Group: clk
Path Type: max

Fanout         Cap        Slew       Delay        Time   Description
---------------------------------------------------------------------------------------------
                                  0.000000    0.000000   clock clk (rise edge)
                                  0.000000    0.000000   clock network delay (propagated)
                                  4.000000    4.000000 v input external delay
     1    0.002472    0.007875    0.003859    4.003859 v rst (in)
                                                         rst (net)
                      0.007875    0.000000    4.003859 v input17/A (sky130_fd_sc_hd__buf_1)
     2    0.010060    0.064766    0.104897    4.108756 v input17/X (sky130_fd_sc_hd__buf_1)
                                                         net17 (net)
                      0.064766    0.000047    4.108802 v fanout40/A (sky130_fd_sc_hd__clkbuf_4)
    10    0.042520    0.094116    0.204428    4.313231 v fanout40/X (sky130_fd_sc_hd__clkbuf_4)
                                                         net40 (net)
                      0.094116    0.000040    4.313270 v _186_/A (sky130_fd_sc_hd__nor2_1)
     1    0.002226    0.070662    0.107379    4.420650 ^ _186_/Y (sky130_fd_sc_hd__nor2_1)
                                                         net27 (net)
                      0.070662    0.000004    4.420654 ^ output27/A (sky130_fd_sc_hd__buf_2)
     1    0.034041    0.169121    0.207188    4.627842 ^ output27/X (sky130_fd_sc_hd__buf_2)
                                                         ready (net)
                      0.169121    0.000095    4.627936 ^ ready (out)
                                              4.627936   data arrival time

                                 20.000000   20.000000   clock clk (rise edge)
                                  0.000000   20.000000   clock network delay (propagated)
                                 -0.250000   19.750002   clock uncertainty
                                  0.000000   19.750002   clock reconvergence pessimism
                                 -4.000000   15.750001   output external delay
                                             15.750001   data required time
---------------------------------------------------------------------------------------------
                                             15.750001   data required time
                                             -4.627936   data arrival time
---------------------------------------------------------------------------------------------
                                             11.122065   slack (MET)


Startpoint: _272_ (rising edge-triggered flip-flop clocked by clk)
Endpoint: i2c_scl (output port clocked by clk)
Path Group: clk
Path Type: max

Fanout         Cap        Slew       Delay        Time   Description
---------------------------------------------------------------------------------------------
                                  0.000000    0.000000   clock clk (rise edge)
                                  0.000000    0.000000   clock source latency
     1    0.009492    0.049149    0.032360    0.032360 ^ clk (in)
                                                         clk (net)
                      0.049150    0.000000    0.032360 ^ clkbuf_0_clk/A (sky130_fd_sc_hd__clkbuf_16)
     2    0.017181    0.039445    0.124287    0.156647 ^ clkbuf_0_clk/X (sky130_fd_sc_hd__clkbuf_16)
                                                         clknet_0_clk (net)
                      0.039445    0.000028    0.156675 ^ clkbuf_1_1__f_clk/A (sky130_fd_sc_hd__clkbuf_16)
     3    0.007680    0.031332    0.111632    0.268307 ^ clkbuf_1_1__f_clk/X (sky130_fd_sc_hd__clkbuf_16)
                                                         clknet_1_1__leaf_clk (net)
                      0.031332    0.000023    0.268330 ^ _272_/CLK (sky130_fd_sc_hd__dfstp_1)
     1    0.002849    0.047217    0.487429    0.755760 ^ _272_/Q (sky130_fd_sc_hd__dfstp_1)
                                                         i2c_clk (net)
                      0.047217    0.000007    0.755767 ^ fanout38/A (sky130_fd_sc_hd__clkbuf_2)
     7    0.022073    0.125420    0.163448    0.919215 ^ fanout38/X (sky130_fd_sc_hd__clkbuf_2)
                                                         net38 (net)
                      0.125420    0.000181    0.919396 ^ fanout34/A (sky130_fd_sc_hd__buf_2)
    10    0.029186    0.146781    0.210921    1.130317 ^ fanout34/X (sky130_fd_sc_hd__buf_2)
                                                         net34 (net)
                      0.146781    0.000089    1.130406 ^ _138_/A (sky130_fd_sc_hd__inv_2)
     2    0.010353    0.048639    0.064984    1.195390 v _138_/Y (sky130_fd_sc_hd__inv_2)
                                                         _025_ (net)
                      0.048639    0.000006    1.195395 v _187_/A (sky130_fd_sc_hd__nand2_4)
     1    0.034829    0.116340    0.110534    1.305930 ^ _187_/Y (sky130_fd_sc_hd__nand2_4)
                                                         i2c_scl (net)
     0    0.034829    0.116342    0.000308    1.306238 ^ i2c_scl (inout)
                                                         i2c_scl (net)
                                              1.306238   data arrival time

                                 20.000000   20.000000   clock clk (rise edge)
                                  0.000000   20.000000   clock network delay (propagated)
                                 -0.250000   19.750002   clock uncertainty
                                  0.000000   19.750002   clock reconvergence pessimism
                                 -4.000000   15.750001   output external delay
                                             15.750001   data required time
---------------------------------------------------------------------------------------------
                                             15.750001   data required time
                                             -1.306238   data arrival time
---------------------------------------------------------------------------------------------
                                             14.443763   slack (MET)


Startpoint: rst (input port clocked by clk)
Endpoint: _272_ (recovery check against rising-edge clock clk)
Path Group: asynchronous
Path Type: max

Fanout         Cap        Slew       Delay        Time   Description
---------------------------------------------------------------------------------------------
                                  0.000000    0.000000   clock clk (rise edge)
                                  0.000000    0.000000   clock network delay (propagated)
                                  4.000000    4.000000 v input external delay
     1    0.002472    0.007875    0.003859    4.003859 v rst (in)
                                                         rst (net)
                      0.007875    0.000000    4.003859 v input17/A (sky130_fd_sc_hd__buf_1)
     2    0.010060    0.064766    0.104897    4.108756 v input17/X (sky130_fd_sc_hd__buf_1)
                                                         net17 (net)
                      0.064766    0.000047    4.108802 v fanout40/A (sky130_fd_sc_hd__clkbuf_4)
    10    0.042520    0.094116    0.204428    4.313231 v fanout40/X (sky130_fd_sc_hd__clkbuf_4)
                                                         net40 (net)
                      0.094116    0.000332    4.313562 v _256_/A (sky130_fd_sc_hd__inv_2)
     1    0.003842    0.037043    0.061922    4.375484 ^ _256_/Y (sky130_fd_sc_hd__inv_2)
                                                         _013_ (net)
                      0.037043    0.000010    4.375494 ^ _272_/SET_B (sky130_fd_sc_hd__dfstp_1)
                                              4.375494   data arrival time

                                 20.000000   20.000000   clock clk (rise edge)
                                  0.000000   20.000000   clock source latency
     1    0.009492    0.049149    0.032360   20.032360 ^ clk (in)
                                                         clk (net)
                      0.049150    0.000000   20.032360 ^ clkbuf_0_clk/A (sky130_fd_sc_hd__clkbuf_16)
     2    0.017181    0.039445    0.124286   20.156647 ^ clkbuf_0_clk/X (sky130_fd_sc_hd__clkbuf_16)
                                                         clknet_0_clk (net)
                      0.039445    0.000028   20.156675 ^ clkbuf_1_1__f_clk/A (sky130_fd_sc_hd__clkbuf_16)
     3    0.007680    0.031332    0.111633   20.268309 ^ clkbuf_1_1__f_clk/X (sky130_fd_sc_hd__clkbuf_16)
                                                         clknet_1_1__leaf_clk (net)
                      0.031332    0.000023   20.268332 ^ _272_/CLK (sky130_fd_sc_hd__dfstp_1)
                                 -0.250000   20.018332   clock uncertainty
                                  0.000000   20.018332   clock reconvergence pessimism
                                  0.134436   20.152767   library recovery time
                                             20.152767   data required time
---------------------------------------------------------------------------------------------
                                             20.152767   data required time
                                             -4.375494   data arrival time
---------------------------------------------------------------------------------------------
                                             15.777273   slack (MET)


Startpoint: rst (input port clocked by clk)
Endpoint: _316_ (recovery check against rising-edge clock clk)
Path Group: asynchronous
Path Type: max

Fanout         Cap        Slew       Delay        Time   Description
---------------------------------------------------------------------------------------------
                                  0.000000    0.000000   clock clk (rise edge)
                                  0.000000    0.000000   clock network delay (propagated)
                                  4.000000    4.000000 v input external delay
     1    0.002472    0.007875    0.003859    4.003859 v rst (in)
                                                         rst (net)
                      0.007875    0.000000    4.003859 v input17/A (sky130_fd_sc_hd__buf_1)
     2    0.010060    0.064766    0.104897    4.108756 v input17/X (sky130_fd_sc_hd__buf_1)
                                                         net17 (net)
                      0.064766    0.000047    4.108802 v fanout40/A (sky130_fd_sc_hd__clkbuf_4)
    10    0.042520    0.094116    0.204428    4.313231 v fanout40/X (sky130_fd_sc_hd__clkbuf_4)
                                                         net40 (net)
                      0.094116    0.000233    4.313463 v _271_/A (sky130_fd_sc_hd__inv_2)
     1    0.005094    0.040290    0.067115    4.380578 ^ _271_/Y (sky130_fd_sc_hd__inv_2)
                                                         _032_ (net)
                      0.040290    0.000036    4.380614 ^ _316_/RESET_B (sky130_fd_sc_hd__dfrtp_1)
                                              4.380614   data arrival time

                                 20.000000   20.000000   clock clk (rise edge)
                                  0.000000   20.000000   clock source latency
     1    0.009492    0.049149    0.032360   20.032360 ^ clk (in)
                                                         clk (net)
                      0.049150    0.000000   20.032360 ^ clkbuf_0_clk/A (sky130_fd_sc_hd__clkbuf_16)
     2    0.017181    0.039445    0.124286   20.156647 ^ clkbuf_0_clk/X (sky130_fd_sc_hd__clkbuf_16)
                                                         clknet_0_clk (net)
                      0.039445    0.000039   20.156685 ^ clkbuf_1_0__f_clk/A (sky130_fd_sc_hd__clkbuf_16)
     2    0.004670    0.028463    0.108120   20.264805 ^ clkbuf_1_0__f_clk/X (sky130_fd_sc_hd__clkbuf_16)
                                                         clknet_1_0__leaf_clk (net)
                      0.028463    0.000018   20.264824 ^ _316_/CLK (sky130_fd_sc_hd__dfrtp_1)
                                 -0.250000   20.014824   clock uncertainty
                                  0.000000   20.014824   clock reconvergence pessimism
                                  0.226485   20.241308   library recovery time
                                             20.241308   data required time
---------------------------------------------------------------------------------------------
                                             20.241308   data required time
                                             -4.380614   data arrival time
---------------------------------------------------------------------------------------------
                                             15.860693   slack (MET)


Startpoint: rst (input port clocked by clk)
Endpoint: _314_ (recovery check against rising-edge clock clk)
Path Group: asynchronous
Path Type: max

Fanout         Cap        Slew       Delay        Time   Description
---------------------------------------------------------------------------------------------
                                  0.000000    0.000000   clock clk (rise edge)
                                  0.000000    0.000000   clock network delay (propagated)
                                  4.000000    4.000000 v input external delay
     1    0.002472    0.007875    0.003859    4.003859 v rst (in)
                                                         rst (net)
                      0.007875    0.000000    4.003859 v input17/A (sky130_fd_sc_hd__buf_1)
     2    0.010060    0.064766    0.104897    4.108756 v input17/X (sky130_fd_sc_hd__buf_1)
                                                         net17 (net)
                      0.064766    0.000047    4.108802 v fanout40/A (sky130_fd_sc_hd__clkbuf_4)
    10    0.042520    0.094116    0.204428    4.313231 v fanout40/X (sky130_fd_sc_hd__clkbuf_4)
                                                         net40 (net)
                      0.094116    0.000308    4.313539 v _269_/A (sky130_fd_sc_hd__inv_2)
     1    0.004551    0.038528    0.065196    4.378735 ^ _269_/Y (sky130_fd_sc_hd__inv_2)
                                                         _030_ (net)
                      0.038528    0.000022    4.378756 ^ _314_/RESET_B (sky130_fd_sc_hd__dfrtp_1)
                                              4.378756   data arrival time

                                 20.000000   20.000000   clock clk (rise edge)
                                  0.000000   20.000000   clock source latency
     1    0.009492    0.049149    0.032360   20.032360 ^ clk (in)
                                                         clk (net)
                      0.049150    0.000000   20.032360 ^ clkbuf_0_clk/A (sky130_fd_sc_hd__clkbuf_16)
     2    0.017181    0.039445    0.124286   20.156647 ^ clkbuf_0_clk/X (sky130_fd_sc_hd__clkbuf_16)
                                                         clknet_0_clk (net)
                      0.039445    0.000039   20.156685 ^ clkbuf_1_0__f_clk/A (sky130_fd_sc_hd__clkbuf_16)
     2    0.004670    0.028463    0.108120   20.264805 ^ clkbuf_1_0__f_clk/X (sky130_fd_sc_hd__clkbuf_16)
                                                         clknet_1_0__leaf_clk (net)
                      0.028463    0.000009   20.264814 ^ _314_/CLK (sky130_fd_sc_hd__dfrtp_1)
                                 -0.250000   20.014814   clock uncertainty
                                  0.000000   20.014814   clock reconvergence pessimism
                                  0.226942   20.241756   library recovery time
                                             20.241756   data required time
---------------------------------------------------------------------------------------------
                                             20.241756   data required time
                                             -4.378756   data arrival time
---------------------------------------------------------------------------------------------
                                             15.863002   slack (MET)


Startpoint: rst (input port clocked by clk)
Endpoint: _315_ (recovery check against rising-edge clock clk)
Path Group: asynchronous
Path Type: max

Fanout         Cap        Slew       Delay        Time   Description
---------------------------------------------------------------------------------------------
                                  0.000000    0.000000   clock clk (rise edge)
                                  0.000000    0.000000   clock network delay (propagated)
                                  4.000000    4.000000 v input external delay
     1    0.002472    0.007875    0.003859    4.003859 v rst (in)
                                                         rst (net)
                      0.007875    0.000000    4.003859 v input17/A (sky130_fd_sc_hd__buf_1)
     2    0.010060    0.064766    0.104897    4.108756 v input17/X (sky130_fd_sc_hd__buf_1)
                                                         net17 (net)
                      0.064766    0.000047    4.108802 v fanout40/A (sky130_fd_sc_hd__clkbuf_4)
    10    0.042520    0.094116    0.204428    4.313231 v fanout40/X (sky130_fd_sc_hd__clkbuf_4)
                                                         net40 (net)
                      0.094116    0.000328    4.313559 v _270_/A (sky130_fd_sc_hd__inv_2)
     1    0.004319    0.037744    0.064315    4.377874 ^ _270_/Y (sky130_fd_sc_hd__inv_2)
                                                         _031_ (net)
                      0.037744    0.000016    4.377889 ^ _315_/RESET_B (sky130_fd_sc_hd__dfrtp_1)
                                              4.377889   data arrival time

                                 20.000000   20.000000   clock clk (rise edge)
                                  0.000000   20.000000   clock source latency
     1    0.009492    0.049149    0.032360   20.032360 ^ clk (in)
                                                         clk (net)
                      0.049150    0.000000   20.032360 ^ clkbuf_0_clk/A (sky130_fd_sc_hd__clkbuf_16)
     2    0.017181    0.039445    0.124286   20.156647 ^ clkbuf_0_clk/X (sky130_fd_sc_hd__clkbuf_16)
                                                         clknet_0_clk (net)
                      0.039445    0.000028   20.156675 ^ clkbuf_1_1__f_clk/A (sky130_fd_sc_hd__clkbuf_16)
     3    0.007680    0.031332    0.111633   20.268309 ^ clkbuf_1_1__f_clk/X (sky130_fd_sc_hd__clkbuf_16)
                                                         clknet_1_1__leaf_clk (net)
                      0.031332    0.000023   20.268332 ^ _315_/CLK (sky130_fd_sc_hd__dfrtp_1)
                                 -0.250000   20.018332   clock uncertainty
                                  0.000000   20.018332   clock reconvergence pessimism
                                  0.228024   20.246357   library recovery time
                                             20.246357   data required time
---------------------------------------------------------------------------------------------
                                             20.246357   data required time
                                             -4.377889   data arrival time
---------------------------------------------------------------------------------------------
                                             15.868466   slack (MET)


Startpoint: _314_ (rising edge-triggered flip-flop clocked by clk)
Endpoint: _272_ (rising edge-triggered flip-flop clocked by clk)
Path Group: clk
Path Type: max

Fanout         Cap        Slew       Delay        Time   Description
---------------------------------------------------------------------------------------------
                                  0.000000    0.000000   clock clk (rise edge)
                                  0.000000    0.000000   clock source latency
     1    0.009492    0.049149    0.032360    0.032360 ^ clk (in)
                                                         clk (net)
                      0.049150    0.000000    0.032360 ^ clkbuf_0_clk/A (sky130_fd_sc_hd__clkbuf_16)
     2    0.017181    0.039445    0.124287    0.156647 ^ clkbuf_0_clk/X (sky130_fd_sc_hd__clkbuf_16)
                                                         clknet_0_clk (net)
                      0.039445    0.000038    0.156685 ^ clkbuf_1_0__f_clk/A (sky130_fd_sc_hd__clkbuf_16)
     2    0.004670    0.028463    0.108120    0.264805 ^ clkbuf_1_0__f_clk/X (sky130_fd_sc_hd__clkbuf_16)
                                                         clknet_1_0__leaf_clk (net)
                      0.028463    0.000008    0.264814 ^ _314_/CLK (sky130_fd_sc_hd__dfrtp_1)
     3    0.007142    0.080695    0.338198    0.603011 ^ _314_/Q (sky130_fd_sc_hd__dfrtp_1)
                                                         clk_counter[0] (net)
                      0.080695    0.000006    0.603017 ^ hold1/A (sky130_fd_sc_hd__dlygate4sd3_1)
     1    0.004988    0.074669    0.563309    1.166327 ^ hold1/X (sky130_fd_sc_hd__dlygate4sd3_1)
                                                         net41 (net)
                      0.074669    0.000009    1.166336 ^ _142_/A (sky130_fd_sc_hd__inv_2)
     3    0.007774    0.028745    0.043613    1.209949 v _142_/Y (sky130_fd_sc_hd__inv_2)
                                                         _000_ (net)
                      0.028745    0.000019    1.209967 v _174_/A (sky130_fd_sc_hd__or3_1)
     1    0.001922    0.060254    0.347386    1.557354 v _174_/X (sky130_fd_sc_hd__or3_1)
                                                         _097_ (net)
                      0.060254    0.000004    1.557358 v hold4/A (sky130_fd_sc_hd__dlygate4sd3_1)
     1    0.004654    0.064445    0.568202    2.125560 v hold4/X (sky130_fd_sc_hd__dlygate4sd3_1)
                                                         net44 (net)
                      0.064445    0.000004    2.125564 v _175_/B (sky130_fd_sc_hd__xnor2_1)
     1    0.002996    0.122303    0.136475    2.262039 ^ _175_/Y (sky130_fd_sc_hd__xnor2_1)
                                                         _033_ (net)
                      0.122303    0.000009    2.262048 ^ _272_/D (sky130_fd_sc_hd__dfstp_1)
                                              2.262048   data arrival time

                                 20.000000   20.000000   clock clk (rise edge)
                                  0.000000   20.000000   clock source latency
     1    0.009492    0.049149    0.032360   20.032360 ^ clk (in)
                                                         clk (net)
                      0.049150    0.000000   20.032360 ^ clkbuf_0_clk/A (sky130_fd_sc_hd__clkbuf_16)
     2    0.017181    0.039445    0.124286   20.156647 ^ clkbuf_0_clk/X (sky130_fd_sc_hd__clkbuf_16)
                                                         clknet_0_clk (net)
                      0.039445    0.000028   20.156675 ^ clkbuf_1_1__f_clk/A (sky130_fd_sc_hd__clkbuf_16)
     3    0.007680    0.031332    0.111633   20.268309 ^ clkbuf_1_1__f_clk/X (sky130_fd_sc_hd__clkbuf_16)
                                                         clknet_1_1__leaf_clk (net)
                      0.031332    0.000023   20.268332 ^ _272_/CLK (sky130_fd_sc_hd__dfstp_1)
                                 -0.250000   20.018332   clock uncertainty
                                  0.000000   20.018332   clock reconvergence pessimism
                                 -0.073213   19.945120   library setup time
                                             19.945120   data required time
---------------------------------------------------------------------------------------------
                                             19.945120   data required time
                                             -2.262048   data arrival time
---------------------------------------------------------------------------------------------
                                             17.683071   slack (MET)


Startpoint: _316_ (rising edge-triggered flip-flop clocked by clk)
Endpoint: _315_ (rising edge-triggered flip-flop clocked by clk)
Path Group: clk
Path Type: max

Fanout         Cap        Slew       Delay        Time   Description
---------------------------------------------------------------------------------------------
                                  0.000000    0.000000   clock clk (rise edge)
                                  0.000000    0.000000   clock source latency
     1    0.009492    0.049149    0.032360    0.032360 ^ clk (in)
                                                         clk (net)
                      0.049150    0.000000    0.032360 ^ clkbuf_0_clk/A (sky130_fd_sc_hd__clkbuf_16)
     2    0.017181    0.039445    0.124287    0.156647 ^ clkbuf_0_clk/X (sky130_fd_sc_hd__clkbuf_16)
                                                         clknet_0_clk (net)
                      0.039445    0.000038    0.156685 ^ clkbuf_1_0__f_clk/A (sky130_fd_sc_hd__clkbuf_16)
     2    0.004670    0.028463    0.108120    0.264805 ^ clkbuf_1_0__f_clk/X (sky130_fd_sc_hd__clkbuf_16)
                                                         clknet_1_0__leaf_clk (net)
                      0.028463    0.000018    0.264823 ^ _316_/CLK (sky130_fd_sc_hd__dfrtp_1)
     2    0.004948    0.048980    0.359274    0.624097 v _316_/Q (sky130_fd_sc_hd__dfrtp_1)
                                                         clk_counter[2] (net)
                      0.048980    0.000016    0.624113 v hold2/A (sky130_fd_sc_hd__dlygate4sd3_1)
     2    0.007983    0.080526    0.585138    1.209251 v hold2/X (sky130_fd_sc_hd__dlygate4sd3_1)
                                                         net42 (net)
                      0.080526    0.000014    1.209265 v _190_/A2 (sky130_fd_sc_hd__o211a_1)
     1    0.003057    0.039741    0.214148    1.423413 v _190_/X (sky130_fd_sc_hd__o211a_1)
                                                         _001_ (net)
                      0.039741    0.000013    1.423426 v _315_/D (sky130_fd_sc_hd__dfrtp_1)
                                              1.423426   data arrival time

                                 20.000000   20.000000   clock clk (rise edge)
                                  0.000000   20.000000   clock source latency
     1    0.009492    0.049149    0.032360   20.032360 ^ clk (in)
                                                         clk (net)
                      0.049150    0.000000   20.032360 ^ clkbuf_0_clk/A (sky130_fd_sc_hd__clkbuf_16)
     2    0.017181    0.039445    0.124286   20.156647 ^ clkbuf_0_clk/X (sky130_fd_sc_hd__clkbuf_16)
                                                         clknet_0_clk (net)
                      0.039445    0.000028   20.156675 ^ clkbuf_1_1__f_clk/A (sky130_fd_sc_hd__clkbuf_16)
     3    0.007680    0.031332    0.111633   20.268309 ^ clkbuf_1_1__f_clk/X (sky130_fd_sc_hd__clkbuf_16)
                                                         clknet_1_1__leaf_clk (net)
                      0.031332    0.000023   20.268332 ^ _315_/CLK (sky130_fd_sc_hd__dfrtp_1)
                                 -0.250000   20.018332   clock uncertainty
                                  0.000000   20.018332   clock reconvergence pessimism
                                 -0.115105   19.903229   library setup time
                                             19.903229   data required time
---------------------------------------------------------------------------------------------
                                             19.903229   data required time
                                             -1.423426   data arrival time
---------------------------------------------------------------------------------------------
                                             18.479801   slack (MET)


Startpoint: _316_ (rising edge-triggered flip-flop clocked by clk)
Endpoint: _316_ (rising edge-triggered flip-flop clocked by clk)
Path Group: clk
Path Type: max

Fanout         Cap        Slew       Delay        Time   Description
---------------------------------------------------------------------------------------------
                                  0.000000    0.000000   clock clk (rise edge)
                                  0.000000    0.000000   clock source latency
     1    0.009492    0.049149    0.032360    0.032360 ^ clk (in)
                                                         clk (net)
                      0.049150    0.000000    0.032360 ^ clkbuf_0_clk/A (sky130_fd_sc_hd__clkbuf_16)
     2    0.017181    0.039445    0.124287    0.156647 ^ clkbuf_0_clk/X (sky130_fd_sc_hd__clkbuf_16)
                                                         clknet_0_clk (net)
                      0.039445    0.000038    0.156685 ^ clkbuf_1_0__f_clk/A (sky130_fd_sc_hd__clkbuf_16)
     2    0.004670    0.028463    0.108120    0.264805 ^ clkbuf_1_0__f_clk/X (sky130_fd_sc_hd__clkbuf_16)
                                                         clknet_1_0__leaf_clk (net)
                      0.028463    0.000018    0.264823 ^ _316_/CLK (sky130_fd_sc_hd__dfrtp_1)
     2    0.004948    0.048980    0.359274    0.624097 v _316_/Q (sky130_fd_sc_hd__dfrtp_1)
                                                         clk_counter[2] (net)
                      0.048980    0.000016    0.624113 v hold2/A (sky130_fd_sc_hd__dlygate4sd3_1)
     2    0.007983    0.080526    0.585138    1.209251 v hold2/X (sky130_fd_sc_hd__dlygate4sd3_1)
                                                         net42 (net)
                      0.080526    0.000004    1.209255 v _191_/A (sky130_fd_sc_hd__xnor2_1)
     1    0.002424    0.044304    0.132766    1.342021 v _191_/Y (sky130_fd_sc_hd__xnor2_1)
                                                         _002_ (net)
                      0.044304    0.000007    1.342028 v _316_/D (sky130_fd_sc_hd__dfrtp_1)
                                              1.342028   data arrival time

                                 20.000000   20.000000   clock clk (rise edge)
                                  0.000000   20.000000   clock source latency
     1    0.009492    0.049149    0.032360   20.032360 ^ clk (in)
                                                         clk (net)
                      0.049150    0.000000   20.032360 ^ clkbuf_0_clk/A (sky130_fd_sc_hd__clkbuf_16)
     2    0.017181    0.039445    0.124286   20.156647 ^ clkbuf_0_clk/X (sky130_fd_sc_hd__clkbuf_16)
                                                         clknet_0_clk (net)
                      0.039445    0.000039   20.156685 ^ clkbuf_1_0__f_clk/A (sky130_fd_sc_hd__clkbuf_16)
     2    0.004670    0.028463    0.108120   20.264805 ^ clkbuf_1_0__f_clk/X (sky130_fd_sc_hd__clkbuf_16)
                                                         clknet_1_0__leaf_clk (net)
                      0.028463    0.000018   20.264824 ^ _316_/CLK (sky130_fd_sc_hd__dfrtp_1)
                                 -0.250000   20.014824   clock uncertainty
                                  0.000000   20.014824   clock reconvergence pessimism
                                 -0.117754   19.897072   library setup time
                                             19.897072   data required time
---------------------------------------------------------------------------------------------
                                             19.897072   data required time
                                             -1.342028   data arrival time
---------------------------------------------------------------------------------------------
                                             18.555042   slack (MET)


Startpoint: _314_ (rising edge-triggered flip-flop clocked by clk)
Endpoint: _314_ (rising edge-triggered flip-flop clocked by clk)
Path Group: clk
Path Type: max

Fanout         Cap        Slew       Delay        Time   Description
---------------------------------------------------------------------------------------------
                                  0.000000    0.000000   clock clk (rise edge)
                                  0.000000    0.000000   clock source latency
     1    0.009492    0.049149    0.032360    0.032360 ^ clk (in)
                                                         clk (net)
                      0.049150    0.000000    0.032360 ^ clkbuf_0_clk/A (sky130_fd_sc_hd__clkbuf_16)
     2    0.017181    0.039445    0.124287    0.156647 ^ clkbuf_0_clk/X (sky130_fd_sc_hd__clkbuf_16)
                                                         clknet_0_clk (net)
                      0.039445    0.000038    0.156685 ^ clkbuf_1_0__f_clk/A (sky130_fd_sc_hd__clkbuf_16)
     2    0.004670    0.028463    0.108120    0.264805 ^ clkbuf_1_0__f_clk/X (sky130_fd_sc_hd__clkbuf_16)
                                                         clknet_1_0__leaf_clk (net)
                      0.028463    0.000008    0.264814 ^ _314_/CLK (sky130_fd_sc_hd__dfrtp_1)
     3    0.006712    0.058741    0.368811    0.633625 v _314_/Q (sky130_fd_sc_hd__dfrtp_1)
                                                         clk_counter[0] (net)
                      0.058741    0.000005    0.633630 v hold1/A (sky130_fd_sc_hd__dlygate4sd3_1)
     1    0.004622    0.064281    0.567306    1.200936 v hold1/X (sky130_fd_sc_hd__dlygate4sd3_1)
                                                         net41 (net)
                      0.064281    0.000009    1.200944 v _142_/A (sky130_fd_sc_hd__inv_2)
     3    0.008264    0.046416    0.066109    1.267053 ^ _142_/Y (sky130_fd_sc_hd__inv_2)
                                                         _000_ (net)
                      0.046416    0.000022    1.267076 ^ _314_/D (sky130_fd_sc_hd__dfrtp_1)
                                              1.267076   data arrival time

                                 20.000000   20.000000   clock clk (rise edge)
                                  0.000000   20.000000   clock source latency
     1    0.009492    0.049149    0.032360   20.032360 ^ clk (in)
                                                         clk (net)
                      0.049150    0.000000   20.032360 ^ clkbuf_0_clk/A (sky130_fd_sc_hd__clkbuf_16)
     2    0.017181    0.039445    0.124286   20.156647 ^ clkbuf_0_clk/X (sky130_fd_sc_hd__clkbuf_16)
                                                         clknet_0_clk (net)
                      0.039445    0.000039   20.156685 ^ clkbuf_1_0__f_clk/A (sky130_fd_sc_hd__clkbuf_16)
     2    0.004670    0.028463    0.108120   20.264805 ^ clkbuf_1_0__f_clk/X (sky130_fd_sc_hd__clkbuf_16)
                                                         clknet_1_0__leaf_clk (net)
                      0.028463    0.000009   20.264814 ^ _314_/CLK (sky130_fd_sc_hd__dfrtp_1)
                                 -0.250000   20.014814   clock uncertainty
                                  0.000000   20.014814   clock reconvergence pessimism
                                 -0.062639   19.952175   library setup time
                                             19.952175   data required time
---------------------------------------------------------------------------------------------
                                             19.952175   data required time
                                             -1.267076   data arrival time
---------------------------------------------------------------------------------------------
                                             18.685101   slack (MET)



%OL_END_REPORT
%OL_CREATE_REPORT checks.rpt

===========================================================================
report_checks -unconstrained
===========================================================================
======================= nom_tt_025C_1v80 Corner ===================================

Startpoint: rst (input port clocked by clk)
Endpoint: _272_ (recovery check against rising-edge clock clk)
Path Group: asynchronous
Path Type: max

Fanout         Cap        Slew       Delay        Time   Description
---------------------------------------------------------------------------------------------
                                  0.000000    0.000000   clock clk (rise edge)
                                  0.000000    0.000000   clock network delay (propagated)
                                  4.000000    4.000000 v input external delay
     1    0.002472    0.007875    0.003859    4.003859 v rst (in)
                                                         rst (net)
                      0.007875    0.000000    4.003859 v input17/A (sky130_fd_sc_hd__buf_1)
     2    0.010060    0.064766    0.104897    4.108756 v input17/X (sky130_fd_sc_hd__buf_1)
                                                         net17 (net)
                      0.064766    0.000047    4.108802 v fanout40/A (sky130_fd_sc_hd__clkbuf_4)
    10    0.042520    0.094116    0.204428    4.313231 v fanout40/X (sky130_fd_sc_hd__clkbuf_4)
                                                         net40 (net)
                      0.094116    0.000332    4.313562 v _256_/A (sky130_fd_sc_hd__inv_2)
     1    0.003842    0.037043    0.061922    4.375484 ^ _256_/Y (sky130_fd_sc_hd__inv_2)
                                                         _013_ (net)
                      0.037043    0.000010    4.375494 ^ _272_/SET_B (sky130_fd_sc_hd__dfstp_1)
                                              4.375494   data arrival time

                                 20.000000   20.000000   clock clk (rise edge)
                                  0.000000   20.000000   clock source latency
     1    0.009492    0.049149    0.032360   20.032360 ^ clk (in)
                                                         clk (net)
                      0.049150    0.000000   20.032360 ^ clkbuf_0_clk/A (sky130_fd_sc_hd__clkbuf_16)
     2    0.017181    0.039445    0.124286   20.156647 ^ clkbuf_0_clk/X (sky130_fd_sc_hd__clkbuf_16)
                                                         clknet_0_clk (net)
                      0.039445    0.000028   20.156675 ^ clkbuf_1_1__f_clk/A (sky130_fd_sc_hd__clkbuf_16)
     3    0.007680    0.031332    0.111633   20.268309 ^ clkbuf_1_1__f_clk/X (sky130_fd_sc_hd__clkbuf_16)
                                                         clknet_1_1__leaf_clk (net)
                      0.031332    0.000023   20.268332 ^ _272_/CLK (sky130_fd_sc_hd__dfstp_1)
                                 -0.250000   20.018332   clock uncertainty
                                  0.000000   20.018332   clock reconvergence pessimism
                                  0.134436   20.152767   library recovery time
                                             20.152767   data required time
---------------------------------------------------------------------------------------------
                                             20.152767   data required time
                                             -4.375494   data arrival time
---------------------------------------------------------------------------------------------
                                             15.777273   slack (MET)


Startpoint: rst (input port clocked by clk)
Endpoint: ready (output port clocked by clk)
Path Group: clk
Path Type: max

Fanout         Cap        Slew       Delay        Time   Description
---------------------------------------------------------------------------------------------
                                  0.000000    0.000000   clock clk (rise edge)
                                  0.000000    0.000000   clock network delay (propagated)
                                  4.000000    4.000000 v input external delay
     1    0.002472    0.007875    0.003859    4.003859 v rst (in)
                                                         rst (net)
                      0.007875    0.000000    4.003859 v input17/A (sky130_fd_sc_hd__buf_1)
     2    0.010060    0.064766    0.104897    4.108756 v input17/X (sky130_fd_sc_hd__buf_1)
                                                         net17 (net)
                      0.064766    0.000047    4.108802 v fanout40/A (sky130_fd_sc_hd__clkbuf_4)
    10    0.042520    0.094116    0.204428    4.313231 v fanout40/X (sky130_fd_sc_hd__clkbuf_4)
                                                         net40 (net)
                      0.094116    0.000040    4.313270 v _186_/A (sky130_fd_sc_hd__nor2_1)
     1    0.002226    0.070662    0.107379    4.420650 ^ _186_/Y (sky130_fd_sc_hd__nor2_1)
                                                         net27 (net)
                      0.070662    0.000004    4.420654 ^ output27/A (sky130_fd_sc_hd__buf_2)
     1    0.034041    0.169121    0.207188    4.627842 ^ output27/X (sky130_fd_sc_hd__buf_2)
                                                         ready (net)
                      0.169121    0.000095    4.627936 ^ ready (out)
                                              4.627936   data arrival time

                                 20.000000   20.000000   clock clk (rise edge)
                                  0.000000   20.000000   clock network delay (propagated)
                                 -0.250000   19.750002   clock uncertainty
                                  0.000000   19.750002   clock reconvergence pessimism
                                 -4.000000   15.750001   output external delay
                                             15.750001   data required time
---------------------------------------------------------------------------------------------
                                             15.750001   data required time
                                             -4.627936   data arrival time
---------------------------------------------------------------------------------------------
                                             11.122065   slack (MET)




===========================================================================
report_checks --slack_max -0.01
============================================================================
======================= nom_tt_025C_1v80 Corner ===================================

No paths found.


===========================================================================
 report_check_types -max_slew -max_cap -max_fanout -violators
============================================================================
======================= nom_tt_025C_1v80 Corner ===================================



===========================================================================
report_parasitic_annotation -report_unannotated
============================================================================
Found 1 unannotated drivers.
 clkload0/X
Found 2 partially unannotated drivers.
 i2c_scl
 i2c_sda

===========================================================================
max slew violation count 0
Writing metric design__max_slew_violation__count__corner:nom_tt_025C_1v80: 0
max fanout violation count 0
Writing metric design__max_fanout_violation__count__corner:nom_tt_025C_1v80: 0
max cap violation count 0
Writing metric design__max_cap_violation__count__corner:nom_tt_025C_1v80: 0
============================================================================

===========================================================================
check_setup -verbose -unconstrained_endpoints -multiple_clock -no_clock -no_input_delay -loops -generated_clocks
===========================================================================
Warning: There are 41 unclocked register/latch pins.
  _273_/CLK
  _274_/CLK
  _275_/CLK
  _276_/CLK
  _277_/CLK
  _278_/CLK
  _279_/CLK
  _280_/CLK
  _281_/CLK
  _282_/CLK
  _283_/CLK
  _284_/CLK
  _285_/CLK
  _286_/CLK
  _287_/CLK
  _288_/CLK
  _289_/CLK
  _290_/CLK
  _291_/CLK
  _292_/CLK
  _293_/CLK
  _294_/CLK
  _295_/CLK
  _296_/CLK
  _297_/CLK
  _298_/CLK
  _299_/CLK
  _300_/CLK
  _301_/CLK
  _302_/CLK
  _303_/CLK
  _304_/CLK
  _305_/CLK
  _306_/CLK
  _307_/CLK
  _308_/CLK
  _309_/CLK
  _310_/CLK
  _311_/CLK
  _312_/CLK
  _313_/CLK
Warning: There are 50 unconstrained endpoints.
  data_out[0]
  data_out[1]
  data_out[2]
  data_out[3]
  data_out[4]
  data_out[5]
  data_out[6]
  data_out[7]
  i2c_sda
  _273_/D
  _274_/D
  _275_/D
  _276_/D
  _277_/D
  _278_/D
  _279_/D
  _280_/D
  _281_/D
  _282_/D
  _283_/D
  _284_/D
  _285_/D
  _286_/D
  _287_/D
  _288_/D
  _289_/D
  _290_/D
  _291_/D
  _292_/D
  _293_/D
  _294_/D
  _295_/D
  _296_/D
  _297_/D
  _298_/D
  _299_/D
  _300_/D
  _301_/D
  _302_/D
  _303_/D
  _304_/D
  _305_/D
  _306_/D
  _307_/D
  _308_/D
  _309_/D
  _310_/D
  _311_/D
  _312_/D
  _313_/D
%OL_END_REPORT
%OL_CREATE_REPORT power.rpt

===========================================================================
 report_power
============================================================================
======================= nom_tt_025C_1v80 Corner ===================================

Group                    Internal    Switching      Leakage        Total
                            Power        Power        Power        Power (Watts)
------------------------------------------------------------------------
Sequential           1.649629e-05 2.018893e-05 4.428313e-10 3.668566e-05  34.8%
Combinational        2.255102e-05 1.394154e-05 6.231062e-10 3.649318e-05  34.6%
Clock                2.751167e-05 4.783901e-06 2.035719e-10 3.229578e-05  30.6%
Macro                0.000000e+00 0.000000e+00 0.000000e+00 0.000000e+00   0.0%
Pad                  0.000000e+00 0.000000e+00 0.000000e+00 0.000000e+00   0.0%
------------------------------------------------------------------------
Total                6.655898e-05 3.891438e-05 1.269513e-09 1.054746e-04 100.0%
                            63.1%        36.9%         0.0%
Writing metric power__internal__total: 6.655897595919669e-5
Writing metric power__switching__total: 3.891437881975435e-5
Writing metric power__leakage__total: 1.2695129392170657e-9
Writing metric power__total: 0.00010547462443355471

%OL_END_REPORT
%OL_CREATE_REPORT skew.min.rpt

===========================================================================
Clock Skew (Hold)
============================================================================
Writing metric clock__skew__worst_hold__corner:nom_tt_025C_1v80: -0.25351729766379094
======================= nom_tt_025C_1v80 Corner ===================================

Clock clk
0.264814 source latency _314_/CLK ^
-0.268331 target latency _315_/CLK ^
-0.250000 clock uncertainty
0.000000 CRPR
--------------
-0.253517 hold skew

%OL_END_REPORT
%OL_CREATE_REPORT skew.max.rpt

===========================================================================
Clock Skew (Setup)
============================================================================
Writing metric clock__skew__worst_setup__corner:nom_tt_025C_1v80: 0.2535081105680023
======================= nom_tt_025C_1v80 Corner ===================================

Clock clk
0.268331 source latency _315_/CLK ^
-0.264823 target latency _316_/CLK ^
0.250000 clock uncertainty
0.000000 CRPR
--------------
0.253508 setup skew

%OL_END_REPORT
%OL_CREATE_REPORT ws.min.rpt

===========================================================================
Worst Slack (Hold)
============================================================================
Writing metric timing__hold__ws__corner:nom_tt_025C_1v80: 0.32926784453191277
nom_tt_025C_1v80: 0.32926784453191277
%OL_END_REPORT
%OL_CREATE_REPORT ws.max.rpt

===========================================================================
Worst Slack (Setup)
============================================================================
Writing metric timing__setup__ws__corner:nom_tt_025C_1v80: 11.122064473095355
nom_tt_025C_1v80: 11.122064473095355
%OL_END_REPORT
%OL_CREATE_REPORT tns.min.rpt

===========================================================================
Total Negative Slack (Hold)
============================================================================
Writing metric timing__hold__tns__corner:nom_tt_025C_1v80: 0.0
nom_tt_025C_1v80: 0.0
%OL_END_REPORT
%OL_CREATE_REPORT tns.max.rpt

===========================================================================
Total Negative Slack (Setup)
============================================================================
Writing metric timing__setup__tns__corner:nom_tt_025C_1v80: 0.0
nom_tt_025C_1v80: 0.0
%OL_END_REPORT
%OL_CREATE_REPORT wns.min.rpt

===========================================================================
Worst Negative Slack (Hold)
============================================================================
Writing metric timing__hold__wns__corner:nom_tt_025C_1v80: 0
nom_tt_025C_1v80: 0
%OL_END_REPORT
%OL_CREATE_REPORT wns.max.rpt

===========================================================================
Worst Negative Slack (Setup)
============================================================================
Writing metric timing__setup__wns__corner:nom_tt_025C_1v80: 0.0
nom_tt_025C_1v80: 0.0
%OL_END_REPORT
%OL_CREATE_REPORT violator_list.rpt

===========================================================================
Violator List
============================================================================
Writing metric timing__hold_vio__count__corner:nom_tt_025C_1v80: 0
Writing metric timing__hold_r2r__ws__corner:nom_tt_025C_1v80: 0.329268
Writing metric timing__hold_r2r_vio__count__corner:nom_tt_025C_1v80: 0
Writing metric timing__setup_vio__count__corner:nom_tt_025C_1v80: 0
Writing metric timing__setup_r2r__ws__corner:nom_tt_025C_1v80: 17.683071
Writing metric timing__setup_r2r_vio__count__corner:nom_tt_025C_1v80: 0
%OL_END_REPORT
%OL_CREATE_REPORT unpropagated.rpt
%OL_END_REPORT
%OL_CREATE_REPORT clock.rpt
Clock: clk
Sources: clk 
Generated: no
Virtual: yes
Propagated: no
Period: 20.000000

===========================================================================
report_clock_properties
============================================================================
Clock                   Period          Waveform
----------------------------------------------------
clk                  20.000000    0.000000 10.000000

===========================================================================
report_clock_latency
============================================================================
Clock clk
rise -> rise
    min     max
0.000000 0.000000 source latency
0.264814         network latency _314_/CLK
        1.134143 network latency _286_/CLK
---------------
0.264814 1.134143 latency
        0.869329 skew

rise -> fall
    min     max
0.000000 0.000000 source latency
0.753289         network latency _293_/CLK
        1.195398 network latency _295_/CLK
---------------
0.753289 1.195398 latency
        0.442109 skew

fall -> fall
    min     max
0.000000 0.000000 source latency
0.274218         network latency _314_/CLK
        0.277240 network latency _315_/CLK
---------------
0.274218 0.277240 latency
        0.003022 skew



===========================================================================
report_clock_min_period
============================================================================
clk period_min = 2.32 fmax = 431.61
%OL_END_REPORT
