Clock: clk
Sources: clk 
Generated: no
Virtual: no
Propagated: no
Period: 20.000000

===========================================================================
report_clock_properties
============================================================================
Clock                   Period          Waveform
----------------------------------------------------
clk                  20.000000    0.000000 10.000000

===========================================================================
report_clock_latency
============================================================================
Clock clk
rise -> rise
    min     max
0.000000 0.000000 source latency
0.019725         network latency _272_/CLK
        0.564328 network latency _273_/CLK
---------------
0.019725 0.564328 latency
        0.544603 skew

rise -> fall
    min     max
0.000000 0.000000 source latency
0.354762         network latency _273_/CLK
        0.573581 network latency _295_/CLK
---------------
0.354762 0.573581 latency
        0.218819 skew

fall -> fall
    min     max
0.000000 0.000000 source latency
0.006721         network latency _272_/CLK
        0.006721 network latency _272_/CLK
---------------
0.006721 0.006721 latency
        0.000000 skew



===========================================================================
report_clock_min_period
============================================================================
clk period_min = 0.95 fmax = 1054.86
