
===========================================================================
report_checks -path_delay max (Setup)
============================================================================
======================= nom_ff_n40C_1v95 Corner ===================================

Startpoint: rst (input port clocked by clk)
Endpoint: ready (output port clocked by clk)
Path Group: clk
Path Type: max

Fanout         Cap        Slew       Delay        Time   Description
---------------------------------------------------------------------------------------------
                      0.150000    0.000000    0.000000   clock clk (rise edge)
                                  0.000000    0.000000   clock network delay (ideal)
                                  4.000000    4.000000 v input external delay
    20    0.082547    0.123818    0.091134    4.091134 v rst (in)
                                                         rst (net)
                      0.123818    0.000000    4.091134 v _186_/A (sky130_fd_sc_hd__nor2_2)
     1    0.033442    0.271166    0.258692    4.349826 ^ _186_/Y (sky130_fd_sc_hd__nor2_2)
                                                         ready (net)
                      0.271166    0.000000    4.349826 ^ ready (out)
                                              4.349826   data arrival time

                      0.150000   20.000000   20.000000   clock clk (rise edge)
                                  0.000000   20.000000   clock network delay (ideal)
                                 -0.250000   19.750002   clock uncertainty
                                  0.000000   19.750002   clock reconvergence pessimism
                                 -4.000000   15.750001   output external delay
                                             15.750001   data required time
---------------------------------------------------------------------------------------------
                                             15.750001   data required time
                                             -4.349826   data arrival time
---------------------------------------------------------------------------------------------
                                             11.400175   slack (MET)


Startpoint: _272_ (rising edge-triggered flip-flop clocked by clk)
Endpoint: i2c_scl (output port clocked by clk)
Path Group: clk
Path Type: max

Fanout         Cap        Slew       Delay        Time   Description
---------------------------------------------------------------------------------------------
                      0.150000    0.000000    0.000000   clock clk (rise edge)
                                  0.000000    0.000000   clock network delay (ideal)
                      0.150000    0.000000    0.000000 ^ _272_/CLK (sky130_fd_sc_hd__dfstp_2)
    42    0.097048    0.356388    0.564328    0.564328 ^ _272_/Q (sky130_fd_sc_hd__dfstp_2)
                                                         i2c_clk (net)
                      0.356388    0.000000    0.564328 ^ _138_/A (sky130_fd_sc_hd__inv_2)
     2    0.006129    0.059649    0.009253    0.573581 v _138_/Y (sky130_fd_sc_hd__inv_2)
                                                         _025_ (net)
                      0.059649    0.000000    0.573581 v _187_/A (sky130_fd_sc_hd__nand2_2)
     1    0.033442    0.140280    0.125003    0.698584 ^ _187_/Y (sky130_fd_sc_hd__nand2_2)
                                                         i2c_scl (net)
     0    0.033442    0.140280    0.000000    0.698584 ^ i2c_scl (inout)
                                                         i2c_scl (net)
                                              0.698584   data arrival time

                      0.150000   20.000000   20.000000   clock clk (rise edge)
                                  0.000000   20.000000   clock network delay (ideal)
                                 -0.250000   19.750002   clock uncertainty
                                  0.000000   19.750002   clock reconvergence pessimism
                                 -4.000000   15.750001   output external delay
                                             15.750001   data required time
---------------------------------------------------------------------------------------------
                                             15.750001   data required time
                                             -0.698584   data arrival time
---------------------------------------------------------------------------------------------
                                             15.051416   slack (MET)


Startpoint: rst (input port clocked by clk)
Endpoint: _272_ (recovery check against rising-edge clock clk)
Path Group: asynchronous
Path Type: max

Fanout         Cap        Slew       Delay        Time   Description
---------------------------------------------------------------------------------------------
                      0.150000    0.000000    0.000000   clock clk (rise edge)
                                  0.000000    0.000000   clock network delay (ideal)
                                  4.000000    4.000000 v input external delay
    20    0.082547    0.123818    0.091134    4.091134 v rst (in)
                                                         rst (net)
                      0.123818    0.000000    4.091134 v _256_/A (sky130_fd_sc_hd__inv_2)
     1    0.003562    0.036734    0.056657    4.147791 ^ _256_/Y (sky130_fd_sc_hd__inv_2)
                                                         _013_ (net)
                      0.036734    0.000000    4.147791 ^ _272_/SET_B (sky130_fd_sc_hd__dfstp_2)
                                              4.147791   data arrival time

                      0.150000   20.000000   20.000000   clock clk (rise edge)
                                  0.000000   20.000000   clock network delay (ideal)
                                 -0.250000   19.750002   clock uncertainty
                                  0.000000   19.750002   clock reconvergence pessimism
                                             19.750002 ^ _272_/CLK (sky130_fd_sc_hd__dfstp_2)
                                  0.100079   19.850080   library recovery time
                                             19.850080   data required time
---------------------------------------------------------------------------------------------
                                             19.850080   data required time
                                             -4.147791   data arrival time
---------------------------------------------------------------------------------------------
                                             15.702290   slack (MET)


Startpoint: rst (input port clocked by clk)
Endpoint: _314_ (recovery check against rising-edge clock clk)
Path Group: asynchronous
Path Type: max

Fanout         Cap        Slew       Delay        Time   Description
---------------------------------------------------------------------------------------------
                      0.150000    0.000000    0.000000   clock clk (rise edge)
                                  0.000000    0.000000   clock network delay (ideal)
                                  4.000000    4.000000 v input external delay
    20    0.082547    0.123818    0.091134    4.091134 v rst (in)
                                                         rst (net)
                      0.123818    0.000000    4.091134 v _269_/A (sky130_fd_sc_hd__inv_2)
     1    0.003617    0.036946    0.056930    4.148063 ^ _269_/Y (sky130_fd_sc_hd__inv_2)
                                                         _030_ (net)
                      0.036946    0.000000    4.148063 ^ _314_/RESET_B (sky130_fd_sc_hd__dfrtp_2)
                                              4.148063   data arrival time

                      0.150000   20.000000   20.000000   clock clk (rise edge)
                                  0.000000   20.000000   clock network delay (ideal)
                                 -0.250000   19.750002   clock uncertainty
                                  0.000000   19.750002   clock reconvergence pessimism
                                             19.750002 ^ _314_/CLK (sky130_fd_sc_hd__dfrtp_2)
                                  0.150282   19.900284   library recovery time
                                             19.900284   data required time
---------------------------------------------------------------------------------------------
                                             19.900284   data required time
                                             -4.148063   data arrival time
---------------------------------------------------------------------------------------------
                                             15.752219   slack (MET)


Startpoint: rst (input port clocked by clk)
Endpoint: _315_ (recovery check against rising-edge clock clk)
Path Group: asynchronous
Path Type: max

Fanout         Cap        Slew       Delay        Time   Description
---------------------------------------------------------------------------------------------
                      0.150000    0.000000    0.000000   clock clk (rise edge)
                                  0.000000    0.000000   clock network delay (ideal)
                                  4.000000    4.000000 v input external delay
    20    0.082547    0.123818    0.091134    4.091134 v rst (in)
                                                         rst (net)
                      0.123818    0.000000    4.091134 v _270_/A (sky130_fd_sc_hd__inv_2)
     1    0.003617    0.036946    0.056930    4.148063 ^ _270_/Y (sky130_fd_sc_hd__inv_2)
                                                         _031_ (net)
                      0.036946    0.000000    4.148063 ^ _315_/RESET_B (sky130_fd_sc_hd__dfrtp_2)
                                              4.148063   data arrival time

                      0.150000   20.000000   20.000000   clock clk (rise edge)
                                  0.000000   20.000000   clock network delay (ideal)
                                 -0.250000   19.750002   clock uncertainty
                                  0.000000   19.750002   clock reconvergence pessimism
                                             19.750002 ^ _315_/CLK (sky130_fd_sc_hd__dfrtp_2)
                                  0.150282   19.900284   library recovery time
                                             19.900284   data required time
---------------------------------------------------------------------------------------------
                                             19.900284   data required time
                                             -4.148063   data arrival time
---------------------------------------------------------------------------------------------
                                             15.752219   slack (MET)


Startpoint: rst (input port clocked by clk)
Endpoint: _316_ (recovery check against rising-edge clock clk)
Path Group: asynchronous
Path Type: max

Fanout         Cap        Slew       Delay        Time   Description
---------------------------------------------------------------------------------------------
                      0.150000    0.000000    0.000000   clock clk (rise edge)
                                  0.000000    0.000000   clock network delay (ideal)
                                  4.000000    4.000000 v input external delay
    20    0.082547    0.123818    0.091134    4.091134 v rst (in)
                                                         rst (net)
                      0.123818    0.000000    4.091134 v _271_/A (sky130_fd_sc_hd__inv_2)
     1    0.003617    0.036946    0.056930    4.148063 ^ _271_/Y (sky130_fd_sc_hd__inv_2)
                                                         _032_ (net)
                      0.036946    0.000000    4.148063 ^ _316_/RESET_B (sky130_fd_sc_hd__dfrtp_2)
                                              4.148063   data arrival time

                      0.150000   20.000000   20.000000   clock clk (rise edge)
                                  0.000000   20.000000   clock network delay (ideal)
                                 -0.250000   19.750002   clock uncertainty
                                  0.000000   19.750002   clock reconvergence pessimism
                                             19.750002 ^ _316_/CLK (sky130_fd_sc_hd__dfrtp_2)
                                  0.150282   19.900284   library recovery time
                                             19.900284   data required time
---------------------------------------------------------------------------------------------
                                             19.900284   data required time
                                             -4.148063   data arrival time
---------------------------------------------------------------------------------------------
                                             15.752219   slack (MET)


Startpoint: _314_ (rising edge-triggered flip-flop clocked by clk)
Endpoint: _272_ (rising edge-triggered flip-flop clocked by clk)
Path Group: clk
Path Type: max

Fanout         Cap        Slew       Delay        Time   Description
---------------------------------------------------------------------------------------------
                      0.150000    0.000000    0.000000   clock clk (rise edge)
                                  0.000000    0.000000   clock network delay (ideal)
                      0.150000    0.000000    0.000000 ^ _314_/CLK (sky130_fd_sc_hd__dfrtp_2)
     3    0.010902    0.052967    0.260233    0.260233 ^ _314_/Q (sky130_fd_sc_hd__dfrtp_2)
                                                         clk_counter[0] (net)
                      0.052967    0.000000    0.260233 ^ _142_/A (sky130_fd_sc_hd__inv_2)
     3    0.005907    0.019985    0.021950    0.282182 v _142_/Y (sky130_fd_sc_hd__inv_2)
                                                         _000_ (net)
                      0.019985    0.000000    0.282182 v _174_/A (sky130_fd_sc_hd__or3_2)
     1    0.008002    0.063990    0.282373    0.564556 v _174_/X (sky130_fd_sc_hd__or3_2)
                                                         _097_ (net)
                      0.063990    0.000000    0.564556 v _175_/B (sky130_fd_sc_hd__xnor2_2)
     1    0.002259    0.060067    0.087548    0.652103 v _175_/Y (sky130_fd_sc_hd__xnor2_2)
                                                         _033_ (net)
                      0.060067    0.000000    0.652103 v _272_/D (sky130_fd_sc_hd__dfstp_2)
                                              0.652103   data arrival time

                      0.150000   20.000000   20.000000   clock clk (rise edge)
                                  0.000000   20.000000   clock network delay (ideal)
                                 -0.250000   19.750002   clock uncertainty
                                  0.000000   19.750002   clock reconvergence pessimism
                                             19.750002 ^ _272_/CLK (sky130_fd_sc_hd__dfstp_2)
                                 -0.045886   19.704115   library setup time
                                             19.704115   data required time
---------------------------------------------------------------------------------------------
                                             19.704115   data required time
                                             -0.652103   data arrival time
---------------------------------------------------------------------------------------------
                                             19.052010   slack (MET)


Startpoint: _314_ (rising edge-triggered flip-flop clocked by clk)
Endpoint: _315_ (rising edge-triggered flip-flop clocked by clk)
Path Group: clk
Path Type: max

Fanout         Cap        Slew       Delay        Time   Description
---------------------------------------------------------------------------------------------
                      0.150000    0.000000    0.000000   clock clk (rise edge)
                                  0.000000    0.000000   clock network delay (ideal)
                      0.150000    0.000000    0.000000 ^ _314_/CLK (sky130_fd_sc_hd__dfrtp_2)
     3    0.010111    0.042494    0.283475    0.283475 v _314_/Q (sky130_fd_sc_hd__dfrtp_2)
                                                         clk_counter[0] (net)
                      0.042494    0.000000    0.283475 v _189_/A (sky130_fd_sc_hd__or2_2)
     1    0.002351    0.035481    0.169610    0.453085 v _189_/X (sky130_fd_sc_hd__or2_2)
                                                         _104_ (net)
                      0.035481    0.000000    0.453085 v _190_/C1 (sky130_fd_sc_hd__o211a_2)
     1    0.002059    0.028655    0.070099    0.523183 v _190_/X (sky130_fd_sc_hd__o211a_2)
                                                         _001_ (net)
                      0.028655    0.000000    0.523183 v _315_/D (sky130_fd_sc_hd__dfrtp_2)
                                              0.523183   data arrival time

                      0.150000   20.000000   20.000000   clock clk (rise edge)
                                  0.000000   20.000000   clock network delay (ideal)
                                 -0.250000   19.750002   clock uncertainty
                                  0.000000   19.750002   clock reconvergence pessimism
                                             19.750002 ^ _315_/CLK (sky130_fd_sc_hd__dfrtp_2)
                                 -0.061121   19.688881   library setup time
                                             19.688881   data required time
---------------------------------------------------------------------------------------------
                                             19.688881   data required time
                                             -0.523183   data arrival time
---------------------------------------------------------------------------------------------
                                             19.165697   slack (MET)


Startpoint: _314_ (rising edge-triggered flip-flop clocked by clk)
Endpoint: _316_ (rising edge-triggered flip-flop clocked by clk)
Path Group: clk
Path Type: max

Fanout         Cap        Slew       Delay        Time   Description
---------------------------------------------------------------------------------------------
                      0.150000    0.000000    0.000000   clock clk (rise edge)
                                  0.000000    0.000000   clock network delay (ideal)
                      0.150000    0.000000    0.000000 ^ _314_/CLK (sky130_fd_sc_hd__dfrtp_2)
     3    0.010111    0.042494    0.283475    0.283475 v _314_/Q (sky130_fd_sc_hd__dfrtp_2)
                                                         clk_counter[0] (net)
                      0.042494    0.000000    0.283475 v _188_/A (sky130_fd_sc_hd__nand2_2)
     2    0.010865    0.057376    0.058743    0.342218 ^ _188_/Y (sky130_fd_sc_hd__nand2_2)
                                                         _103_ (net)
                      0.057376    0.000000    0.342218 ^ _191_/B (sky130_fd_sc_hd__xnor2_2)
     1    0.002087    0.069629    0.061872    0.404090 ^ _191_/Y (sky130_fd_sc_hd__xnor2_2)
                                                         _002_ (net)
                      0.069629    0.000000    0.404090 ^ _316_/D (sky130_fd_sc_hd__dfrtp_2)
                                              0.404090   data arrival time

                      0.150000   20.000000   20.000000   clock clk (rise edge)
                                  0.000000   20.000000   clock network delay (ideal)
                                 -0.250000   19.750002   clock uncertainty
                                  0.000000   19.750002   clock reconvergence pessimism
                                             19.750002 ^ _316_/CLK (sky130_fd_sc_hd__dfrtp_2)
                                 -0.035601   19.714399   library setup time
                                             19.714399   data required time
---------------------------------------------------------------------------------------------
                                             19.714399   data required time
                                             -0.404090   data arrival time
---------------------------------------------------------------------------------------------
                                             19.310310   slack (MET)


Startpoint: _314_ (rising edge-triggered flip-flop clocked by clk)
Endpoint: _314_ (rising edge-triggered flip-flop clocked by clk)
Path Group: clk
Path Type: max

Fanout         Cap        Slew       Delay        Time   Description
---------------------------------------------------------------------------------------------
                      0.150000    0.000000    0.000000   clock clk (rise edge)
                                  0.000000    0.000000   clock network delay (ideal)
                      0.150000    0.000000    0.000000 ^ _314_/CLK (sky130_fd_sc_hd__dfrtp_2)
     3    0.010111    0.042494    0.283475    0.283475 v _314_/Q (sky130_fd_sc_hd__dfrtp_2)
                                                         clk_counter[0] (net)
                      0.042494    0.000000    0.283475 v _142_/A (sky130_fd_sc_hd__inv_2)
     3    0.006408    0.030051    0.041105    0.324580 ^ _142_/Y (sky130_fd_sc_hd__inv_2)
                                                         _000_ (net)
                      0.030051    0.000000    0.324580 ^ _314_/D (sky130_fd_sc_hd__dfrtp_2)
                                              0.324580   data arrival time

                      0.150000   20.000000   20.000000   clock clk (rise edge)
                                  0.000000   20.000000   clock network delay (ideal)
                                 -0.250000   19.750002   clock uncertainty
                                  0.000000   19.750002   clock reconvergence pessimism
                                             19.750002 ^ _314_/CLK (sky130_fd_sc_hd__dfrtp_2)
                                 -0.031820   19.718182   library setup time
                                             19.718182   data required time
---------------------------------------------------------------------------------------------
                                             19.718182   data required time
                                             -0.324580   data arrival time
---------------------------------------------------------------------------------------------
                                             19.393602   slack (MET)



