Reading timing models for corner nom_ff_n40C_1v95…
Reading cell library for the 'nom_ff_n40C_1v95' corner at '/home/davidsales/.ciel/ciel/sky130/versions/0fe599b2afb6708d281543108caf8310912f54af/sky130A/libs.ref/sky130_fd_sc_hd/lib/sky130_fd_sc_hd__ff_n40C_1v95.lib'…
Reading top-level netlist at '/home/davidsales/Documentos/Coding/Main_HDL/Synthesis/designs/i2c_master/runs/RUN_2026-02-24_21-34-25/06-yosys-synthesis/i2c_master_controller.nl.v'…
Linking design 'i2c_master_controller' from netlist…
Reading design constraints file at '/nix/store/41c5n1rfapbw2k2daig2yag6mbsifckg-python3-3.11.9-env/lib/python3.11/site-packages/librelane/scripts/base.sdc'…
[INFO] Using clock clk…
[INFO] Setting output delay to: 4.0
[INFO] Setting input delay to: 4.0
[INFO] Setting load to: 0.033442
[INFO] Setting clock uncertainty to: 0.25
[INFO] Setting clock transition to: 0.1499999999999999944488848768742172978818416595458984375
[INFO] Setting timing derate to: 5%
%OL_CREATE_REPORT min.rpt

===========================================================================
report_checks -path_delay min (Hold)
============================================================================
======================= nom_ff_n40C_1v95 Corner ===================================

Startpoint: _314_ (rising edge-triggered flip-flop clocked by clk)
Endpoint: _314_ (rising edge-triggered flip-flop clocked by clk)
Path Group: clk
Path Type: min

Fanout         Cap        Slew       Delay        Time   Description
---------------------------------------------------------------------------------------------
                      0.150000    0.000000    0.000000   clock clk (rise edge)
                                  0.000000    0.000000   clock network delay (ideal)
                      0.150000    0.000000    0.000000 ^ _314_/CLK (sky130_fd_sc_hd__dfrtp_2)
     3    0.010902    0.052967    0.260233    0.260233 ^ _314_/Q (sky130_fd_sc_hd__dfrtp_2)
                                                         clk_counter[0] (net)
                      0.052967    0.000000    0.260233 ^ _142_/A (sky130_fd_sc_hd__inv_2)
     3    0.005907    0.019985    0.021950    0.282182 v _142_/Y (sky130_fd_sc_hd__inv_2)
                                                         _000_ (net)
                      0.019985    0.000000    0.282182 v _314_/D (sky130_fd_sc_hd__dfrtp_2)
                                              0.282182   data arrival time

                      0.150000    0.000000    0.000000   clock clk (rise edge)
                                  0.000000    0.000000   clock network delay (ideal)
                                  0.250000    0.250000   clock uncertainty
                                  0.000000    0.250000   clock reconvergence pessimism
                                              0.250000 ^ _314_/CLK (sky130_fd_sc_hd__dfrtp_2)
                                 -0.013936    0.236064   library hold time
                                              0.236064   data required time
---------------------------------------------------------------------------------------------
                                              0.236064   data required time
                                             -0.282182   data arrival time
---------------------------------------------------------------------------------------------
                                              0.046118   slack (MET)


Startpoint: _316_ (rising edge-triggered flip-flop clocked by clk)
Endpoint: _316_ (rising edge-triggered flip-flop clocked by clk)
Path Group: clk
Path Type: min

Fanout         Cap        Slew       Delay        Time   Description
---------------------------------------------------------------------------------------------
                      0.150000    0.000000    0.000000   clock clk (rise edge)
                                  0.000000    0.000000   clock network delay (ideal)
                      0.150000    0.000000    0.000000 ^ _316_/CLK (sky130_fd_sc_hd__dfrtp_2)
     3    0.013034    0.059779    0.266425    0.266425 ^ _316_/Q (sky130_fd_sc_hd__dfrtp_2)
                                                         clk_counter[2] (net)
                      0.059779    0.000000    0.266425 ^ _191_/A (sky130_fd_sc_hd__xnor2_2)
     1    0.002059    0.018606    0.036675    0.303100 v _191_/Y (sky130_fd_sc_hd__xnor2_2)
                                                         _002_ (net)
                      0.018606    0.000000    0.303100 v _316_/D (sky130_fd_sc_hd__dfrtp_2)
                                              0.303100   data arrival time

                      0.150000    0.000000    0.000000   clock clk (rise edge)
                                  0.000000    0.000000   clock network delay (ideal)
                                  0.250000    0.250000   clock uncertainty
                                  0.000000    0.250000   clock reconvergence pessimism
                                              0.250000 ^ _316_/CLK (sky130_fd_sc_hd__dfrtp_2)
                                 -0.013493    0.236507   library hold time
                                              0.236507   data required time
---------------------------------------------------------------------------------------------
                                              0.236507   data required time
                                             -0.303100   data arrival time
---------------------------------------------------------------------------------------------
                                              0.066593   slack (MET)


Startpoint: _315_ (rising edge-triggered flip-flop clocked by clk)
Endpoint: _272_ (rising edge-triggered flip-flop clocked by clk)
Path Group: clk
Path Type: min

Fanout         Cap        Slew       Delay        Time   Description
---------------------------------------------------------------------------------------------
                      0.150000    0.000000    0.000000   clock clk (rise edge)
                                  0.000000    0.000000   clock network delay (ideal)
                      0.150000    0.000000    0.000000 ^ _315_/CLK (sky130_fd_sc_hd__dfrtp_2)
     3    0.007995    0.043681    0.251790    0.251790 ^ _315_/Q (sky130_fd_sc_hd__dfrtp_2)
                                                         clk_counter[1] (net)
                      0.043681    0.000000    0.251790 ^ _174_/B (sky130_fd_sc_hd__or3_2)
     1    0.008395    0.039681    0.084512    0.336301 ^ _174_/X (sky130_fd_sc_hd__or3_2)
                                                         _097_ (net)
                      0.039681    0.000000    0.336301 ^ _175_/B (sky130_fd_sc_hd__xnor2_2)
     1    0.002259    0.017870    0.029382    0.365683 v _175_/Y (sky130_fd_sc_hd__xnor2_2)
                                                         _033_ (net)
                      0.017870    0.000000    0.365683 v _272_/D (sky130_fd_sc_hd__dfstp_2)
                                              0.365683   data arrival time

                      0.150000    0.000000    0.000000   clock clk (rise edge)
                                  0.000000    0.000000   clock network delay (ideal)
                                  0.250000    0.250000   clock uncertainty
                                  0.000000    0.250000   clock reconvergence pessimism
                                              0.250000 ^ _272_/CLK (sky130_fd_sc_hd__dfstp_2)
                                  0.004478    0.254478   library hold time
                                              0.254478   data required time
---------------------------------------------------------------------------------------------
                                              0.254478   data required time
                                             -0.365683   data arrival time
---------------------------------------------------------------------------------------------
                                              0.111205   slack (MET)


Startpoint: _316_ (rising edge-triggered flip-flop clocked by clk)
Endpoint: _315_ (rising edge-triggered flip-flop clocked by clk)
Path Group: clk
Path Type: min

Fanout         Cap        Slew       Delay        Time   Description
---------------------------------------------------------------------------------------------
                      0.150000    0.000000    0.000000   clock clk (rise edge)
                                  0.000000    0.000000   clock network delay (ideal)
                      0.150000    0.000000    0.000000 ^ _316_/CLK (sky130_fd_sc_hd__dfrtp_2)
     3    0.013034    0.059779    0.266425    0.266425 ^ _316_/Q (sky130_fd_sc_hd__dfrtp_2)
                                                         clk_counter[2] (net)
                      0.059779    0.000000    0.266425 ^ _190_/A2 (sky130_fd_sc_hd__o211a_2)
     1    0.002087    0.023738    0.092615    0.359040 ^ _190_/X (sky130_fd_sc_hd__o211a_2)
                                                         _001_ (net)
                      0.023738    0.000000    0.359040 ^ _315_/D (sky130_fd_sc_hd__dfrtp_2)
                                              0.359040   data arrival time

                      0.150000    0.000000    0.000000   clock clk (rise edge)
                                  0.000000    0.000000   clock network delay (ideal)
                                  0.250000    0.250000   clock uncertainty
                                  0.000000    0.250000   clock reconvergence pessimism
                                              0.250000 ^ _315_/CLK (sky130_fd_sc_hd__dfrtp_2)
                                 -0.016082    0.233918   library hold time
                                              0.233918   data required time
---------------------------------------------------------------------------------------------
                                              0.233918   data required time
                                             -0.359040   data arrival time
---------------------------------------------------------------------------------------------
                                              0.125122   slack (MET)


Startpoint: rst (input port clocked by clk)
Endpoint: _314_ (removal check against rising-edge clock clk)
Path Group: asynchronous
Path Type: min

Fanout         Cap        Slew       Delay        Time   Description
---------------------------------------------------------------------------------------------
                      0.150000    0.000000    0.000000   clock clk (rise edge)
                                  0.000000    0.000000   clock network delay (ideal)
                                  4.000000    4.000000 v input external delay
    20    0.082547    0.123818    0.091134    4.091134 v rst (in)
                                                         rst (net)
                      0.123818    0.000000    4.091134 v _269_/A (sky130_fd_sc_hd__inv_2)
     1    0.003617    0.036946    0.056930    4.148063 ^ _269_/Y (sky130_fd_sc_hd__inv_2)
                                                         _030_ (net)
                      0.036946    0.000000    4.148063 ^ _314_/RESET_B (sky130_fd_sc_hd__dfrtp_2)
                                              4.148063   data arrival time

                      0.150000    0.000000    0.000000   clock clk (rise edge)
                                  0.000000    0.000000   clock network delay (ideal)
                                  0.250000    0.250000   clock uncertainty
                                  0.000000    0.250000   clock reconvergence pessimism
                                              0.250000 ^ _314_/CLK (sky130_fd_sc_hd__dfrtp_2)
                                  0.215080    0.465080   library removal time
                                              0.465080   data required time
---------------------------------------------------------------------------------------------
                                              0.465080   data required time
                                             -4.148063   data arrival time
---------------------------------------------------------------------------------------------
                                              3.682983   slack (MET)


Startpoint: rst (input port clocked by clk)
Endpoint: _315_ (removal check against rising-edge clock clk)
Path Group: asynchronous
Path Type: min

Fanout         Cap        Slew       Delay        Time   Description
---------------------------------------------------------------------------------------------
                      0.150000    0.000000    0.000000   clock clk (rise edge)
                                  0.000000    0.000000   clock network delay (ideal)
                                  4.000000    4.000000 v input external delay
    20    0.082547    0.123818    0.091134    4.091134 v rst (in)
                                                         rst (net)
                      0.123818    0.000000    4.091134 v _270_/A (sky130_fd_sc_hd__inv_2)
     1    0.003617    0.036946    0.056930    4.148063 ^ _270_/Y (sky130_fd_sc_hd__inv_2)
                                                         _031_ (net)
                      0.036946    0.000000    4.148063 ^ _315_/RESET_B (sky130_fd_sc_hd__dfrtp_2)
                                              4.148063   data arrival time

                      0.150000    0.000000    0.000000   clock clk (rise edge)
                                  0.000000    0.000000   clock network delay (ideal)
                                  0.250000    0.250000   clock uncertainty
                                  0.000000    0.250000   clock reconvergence pessimism
                                              0.250000 ^ _315_/CLK (sky130_fd_sc_hd__dfrtp_2)
                                  0.215080    0.465080   library removal time
                                              0.465080   data required time
---------------------------------------------------------------------------------------------
                                              0.465080   data required time
                                             -4.148063   data arrival time
---------------------------------------------------------------------------------------------
                                              3.682983   slack (MET)


Startpoint: rst (input port clocked by clk)
Endpoint: _316_ (removal check against rising-edge clock clk)
Path Group: asynchronous
Path Type: min

Fanout         Cap        Slew       Delay        Time   Description
---------------------------------------------------------------------------------------------
                      0.150000    0.000000    0.000000   clock clk (rise edge)
                                  0.000000    0.000000   clock network delay (ideal)
                                  4.000000    4.000000 v input external delay
    20    0.082547    0.123818    0.091134    4.091134 v rst (in)
                                                         rst (net)
                      0.123818    0.000000    4.091134 v _271_/A (sky130_fd_sc_hd__inv_2)
     1    0.003617    0.036946    0.056930    4.148063 ^ _271_/Y (sky130_fd_sc_hd__inv_2)
                                                         _032_ (net)
                      0.036946    0.000000    4.148063 ^ _316_/RESET_B (sky130_fd_sc_hd__dfrtp_2)
                                              4.148063   data arrival time

                      0.150000    0.000000    0.000000   clock clk (rise edge)
                                  0.000000    0.000000   clock network delay (ideal)
                                  0.250000    0.250000   clock uncertainty
                                  0.000000    0.250000   clock reconvergence pessimism
                                              0.250000 ^ _316_/CLK (sky130_fd_sc_hd__dfrtp_2)
                                  0.215080    0.465080   library removal time
                                              0.465080   data required time
---------------------------------------------------------------------------------------------
                                              0.465080   data required time
                                             -4.148063   data arrival time
---------------------------------------------------------------------------------------------
                                              3.682983   slack (MET)


Startpoint: rst (input port clocked by clk)
Endpoint: _272_ (removal check against rising-edge clock clk)
Path Group: asynchronous
Path Type: min

Fanout         Cap        Slew       Delay        Time   Description
---------------------------------------------------------------------------------------------
                      0.150000    0.000000    0.000000   clock clk (rise edge)
                                  0.000000    0.000000   clock network delay (ideal)
                                  4.000000    4.000000 v input external delay
    20    0.082547    0.123818    0.091134    4.091134 v rst (in)
                                                         rst (net)
                      0.123818    0.000000    4.091134 v _256_/A (sky130_fd_sc_hd__inv_2)
     1    0.003562    0.036734    0.056657    4.147791 ^ _256_/Y (sky130_fd_sc_hd__inv_2)
                                                         _013_ (net)
                      0.036734    0.000000    4.147791 ^ _272_/SET_B (sky130_fd_sc_hd__dfstp_2)
                                              4.147791   data arrival time

                      0.150000    0.000000    0.000000   clock clk (rise edge)
                                  0.000000    0.000000   clock network delay (ideal)
                                  0.250000    0.250000   clock uncertainty
                                  0.000000    0.250000   clock reconvergence pessimism
                                              0.250000 ^ _272_/CLK (sky130_fd_sc_hd__dfstp_2)
                                  0.115722    0.365722   library removal time
                                              0.365722   data required time
---------------------------------------------------------------------------------------------
                                              0.365722   data required time
                                             -4.147791   data arrival time
---------------------------------------------------------------------------------------------
                                              3.782069   slack (MET)


Startpoint: _272_ (rising edge-triggered flip-flop clocked by clk)
Endpoint: i2c_scl (output port clocked by clk)
Path Group: clk
Path Type: min

Fanout         Cap        Slew       Delay        Time   Description
---------------------------------------------------------------------------------------------
                      0.150000    0.000000    0.000000   clock clk (rise edge)
                                  0.000000    0.000000   clock network delay (ideal)
                      0.150000    0.000000    0.000000 ^ _272_/CLK (sky130_fd_sc_hd__dfstp_2)
    42    0.088199    0.140345    0.354762    0.354762 v _272_/Q (sky130_fd_sc_hd__dfstp_2)
                                                         i2c_clk (net)
                      0.140345    0.000000    0.354762 v _138_/A (sky130_fd_sc_hd__inv_2)
     2    0.006537    0.048374    0.072203    0.426964 ^ _138_/Y (sky130_fd_sc_hd__inv_2)
                                                         _025_ (net)
                      0.048374    0.000000    0.426964 ^ _187_/A (sky130_fd_sc_hd__nand2_2)
     1    0.033442    0.087245    0.081044    0.508008 v _187_/Y (sky130_fd_sc_hd__nand2_2)
                                                         i2c_scl (net)
     0    0.033442    0.087245    0.000000    0.508008 v i2c_scl (inout)
                                                         i2c_scl (net)
                                              0.508008   data arrival time

                      0.150000    0.000000    0.000000   clock clk (rise edge)
                                  0.000000    0.000000   clock network delay (ideal)
                                  0.250000    0.250000   clock uncertainty
                                  0.000000    0.250000   clock reconvergence pessimism
                                 -4.000000   -3.750000   output external delay
                                             -3.750000   data required time
---------------------------------------------------------------------------------------------
                                             -3.750000   data required time
                                             -0.508008   data arrival time
---------------------------------------------------------------------------------------------
                                              4.258008   slack (MET)


Startpoint: rst (input port clocked by clk)
Endpoint: ready (output port clocked by clk)
Path Group: clk
Path Type: min

Fanout         Cap        Slew       Delay        Time   Description
---------------------------------------------------------------------------------------------
                      0.150000    0.000000    0.000000   clock clk (rise edge)
                                  0.000000    0.000000   clock network delay (ideal)
                                  4.000000    4.000000 ^ input external delay
    20    0.089963    0.306709    0.210333    4.210333 ^ rst (in)
                                                         rst (net)
                      0.306709    0.000000    4.210333 ^ _186_/A (sky130_fd_sc_hd__nor2_2)
     1    0.033442    0.057832    0.097361    4.307694 v _186_/Y (sky130_fd_sc_hd__nor2_2)
                                                         ready (net)
                      0.057832    0.000000    4.307694 v ready (out)
                                              4.307694   data arrival time

                      0.150000    0.000000    0.000000   clock clk (rise edge)
                                  0.000000    0.000000   clock network delay (ideal)
                                  0.250000    0.250000   clock uncertainty
                                  0.000000    0.250000   clock reconvergence pessimism
                                 -4.000000   -3.750000   output external delay
                                             -3.750000   data required time
---------------------------------------------------------------------------------------------
                                             -3.750000   data required time
                                             -4.307694   data arrival time
---------------------------------------------------------------------------------------------
                                              8.057694   slack (MET)



%OL_END_REPORT
%OL_CREATE_REPORT max.rpt

===========================================================================
report_checks -path_delay max (Setup)
============================================================================
======================= nom_ff_n40C_1v95 Corner ===================================

Startpoint: rst (input port clocked by clk)
Endpoint: ready (output port clocked by clk)
Path Group: clk
Path Type: max

Fanout         Cap        Slew       Delay        Time   Description
---------------------------------------------------------------------------------------------
                      0.150000    0.000000    0.000000   clock clk (rise edge)
                                  0.000000    0.000000   clock network delay (ideal)
                                  4.000000    4.000000 v input external delay
    20    0.082547    0.123818    0.091134    4.091134 v rst (in)
                                                         rst (net)
                      0.123818    0.000000    4.091134 v _186_/A (sky130_fd_sc_hd__nor2_2)
     1    0.033442    0.271166    0.258692    4.349826 ^ _186_/Y (sky130_fd_sc_hd__nor2_2)
                                                         ready (net)
                      0.271166    0.000000    4.349826 ^ ready (out)
                                              4.349826   data arrival time

                      0.150000   20.000000   20.000000   clock clk (rise edge)
                                  0.000000   20.000000   clock network delay (ideal)
                                 -0.250000   19.750002   clock uncertainty
                                  0.000000   19.750002   clock reconvergence pessimism
                                 -4.000000   15.750001   output external delay
                                             15.750001   data required time
---------------------------------------------------------------------------------------------
                                             15.750001   data required time
                                             -4.349826   data arrival time
---------------------------------------------------------------------------------------------
                                             11.400175   slack (MET)


Startpoint: _272_ (rising edge-triggered flip-flop clocked by clk)
Endpoint: i2c_scl (output port clocked by clk)
Path Group: clk
Path Type: max

Fanout         Cap        Slew       Delay        Time   Description
---------------------------------------------------------------------------------------------
                      0.150000    0.000000    0.000000   clock clk (rise edge)
                                  0.000000    0.000000   clock network delay (ideal)
                      0.150000    0.000000    0.000000 ^ _272_/CLK (sky130_fd_sc_hd__dfstp_2)
    42    0.097048    0.356388    0.564328    0.564328 ^ _272_/Q (sky130_fd_sc_hd__dfstp_2)
                                                         i2c_clk (net)
                      0.356388    0.000000    0.564328 ^ _138_/A (sky130_fd_sc_hd__inv_2)
     2    0.006129    0.059649    0.009253    0.573581 v _138_/Y (sky130_fd_sc_hd__inv_2)
                                                         _025_ (net)
                      0.059649    0.000000    0.573581 v _187_/A (sky130_fd_sc_hd__nand2_2)
     1    0.033442    0.140280    0.125003    0.698584 ^ _187_/Y (sky130_fd_sc_hd__nand2_2)
                                                         i2c_scl (net)
     0    0.033442    0.140280    0.000000    0.698584 ^ i2c_scl (inout)
                                                         i2c_scl (net)
                                              0.698584   data arrival time

                      0.150000   20.000000   20.000000   clock clk (rise edge)
                                  0.000000   20.000000   clock network delay (ideal)
                                 -0.250000   19.750002   clock uncertainty
                                  0.000000   19.750002   clock reconvergence pessimism
                                 -4.000000   15.750001   output external delay
                                             15.750001   data required time
---------------------------------------------------------------------------------------------
                                             15.750001   data required time
                                             -0.698584   data arrival time
---------------------------------------------------------------------------------------------
                                             15.051416   slack (MET)


Startpoint: rst (input port clocked by clk)
Endpoint: _272_ (recovery check against rising-edge clock clk)
Path Group: asynchronous
Path Type: max

Fanout         Cap        Slew       Delay        Time   Description
---------------------------------------------------------------------------------------------
                      0.150000    0.000000    0.000000   clock clk (rise edge)
                                  0.000000    0.000000   clock network delay (ideal)
                                  4.000000    4.000000 v input external delay
    20    0.082547    0.123818    0.091134    4.091134 v rst (in)
                                                         rst (net)
                      0.123818    0.000000    4.091134 v _256_/A (sky130_fd_sc_hd__inv_2)
     1    0.003562    0.036734    0.056657    4.147791 ^ _256_/Y (sky130_fd_sc_hd__inv_2)
                                                         _013_ (net)
                      0.036734    0.000000    4.147791 ^ _272_/SET_B (sky130_fd_sc_hd__dfstp_2)
                                              4.147791   data arrival time

                      0.150000   20.000000   20.000000   clock clk (rise edge)
                                  0.000000   20.000000   clock network delay (ideal)
                                 -0.250000   19.750002   clock uncertainty
                                  0.000000   19.750002   clock reconvergence pessimism
                                             19.750002 ^ _272_/CLK (sky130_fd_sc_hd__dfstp_2)
                                  0.100079   19.850080   library recovery time
                                             19.850080   data required time
---------------------------------------------------------------------------------------------
                                             19.850080   data required time
                                             -4.147791   data arrival time
---------------------------------------------------------------------------------------------
                                             15.702290   slack (MET)


Startpoint: rst (input port clocked by clk)
Endpoint: _314_ (recovery check against rising-edge clock clk)
Path Group: asynchronous
Path Type: max

Fanout         Cap        Slew       Delay        Time   Description
---------------------------------------------------------------------------------------------
                      0.150000    0.000000    0.000000   clock clk (rise edge)
                                  0.000000    0.000000   clock network delay (ideal)
                                  4.000000    4.000000 v input external delay
    20    0.082547    0.123818    0.091134    4.091134 v rst (in)
                                                         rst (net)
                      0.123818    0.000000    4.091134 v _269_/A (sky130_fd_sc_hd__inv_2)
     1    0.003617    0.036946    0.056930    4.148063 ^ _269_/Y (sky130_fd_sc_hd__inv_2)
                                                         _030_ (net)
                      0.036946    0.000000    4.148063 ^ _314_/RESET_B (sky130_fd_sc_hd__dfrtp_2)
                                              4.148063   data arrival time

                      0.150000   20.000000   20.000000   clock clk (rise edge)
                                  0.000000   20.000000   clock network delay (ideal)
                                 -0.250000   19.750002   clock uncertainty
                                  0.000000   19.750002   clock reconvergence pessimism
                                             19.750002 ^ _314_/CLK (sky130_fd_sc_hd__dfrtp_2)
                                  0.150282   19.900284   library recovery time
                                             19.900284   data required time
---------------------------------------------------------------------------------------------
                                             19.900284   data required time
                                             -4.148063   data arrival time
---------------------------------------------------------------------------------------------
                                             15.752219   slack (MET)


Startpoint: rst (input port clocked by clk)
Endpoint: _315_ (recovery check against rising-edge clock clk)
Path Group: asynchronous
Path Type: max

Fanout         Cap        Slew       Delay        Time   Description
---------------------------------------------------------------------------------------------
                      0.150000    0.000000    0.000000   clock clk (rise edge)
                                  0.000000    0.000000   clock network delay (ideal)
                                  4.000000    4.000000 v input external delay
    20    0.082547    0.123818    0.091134    4.091134 v rst (in)
                                                         rst (net)
                      0.123818    0.000000    4.091134 v _270_/A (sky130_fd_sc_hd__inv_2)
     1    0.003617    0.036946    0.056930    4.148063 ^ _270_/Y (sky130_fd_sc_hd__inv_2)
                                                         _031_ (net)
                      0.036946    0.000000    4.148063 ^ _315_/RESET_B (sky130_fd_sc_hd__dfrtp_2)
                                              4.148063   data arrival time

                      0.150000   20.000000   20.000000   clock clk (rise edge)
                                  0.000000   20.000000   clock network delay (ideal)
                                 -0.250000   19.750002   clock uncertainty
                                  0.000000   19.750002   clock reconvergence pessimism
                                             19.750002 ^ _315_/CLK (sky130_fd_sc_hd__dfrtp_2)
                                  0.150282   19.900284   library recovery time
                                             19.900284   data required time
---------------------------------------------------------------------------------------------
                                             19.900284   data required time
                                             -4.148063   data arrival time
---------------------------------------------------------------------------------------------
                                             15.752219   slack (MET)


Startpoint: rst (input port clocked by clk)
Endpoint: _316_ (recovery check against rising-edge clock clk)
Path Group: asynchronous
Path Type: max

Fanout         Cap        Slew       Delay        Time   Description
---------------------------------------------------------------------------------------------
                      0.150000    0.000000    0.000000   clock clk (rise edge)
                                  0.000000    0.000000   clock network delay (ideal)
                                  4.000000    4.000000 v input external delay
    20    0.082547    0.123818    0.091134    4.091134 v rst (in)
                                                         rst (net)
                      0.123818    0.000000    4.091134 v _271_/A (sky130_fd_sc_hd__inv_2)
     1    0.003617    0.036946    0.056930    4.148063 ^ _271_/Y (sky130_fd_sc_hd__inv_2)
                                                         _032_ (net)
                      0.036946    0.000000    4.148063 ^ _316_/RESET_B (sky130_fd_sc_hd__dfrtp_2)
                                              4.148063   data arrival time

                      0.150000   20.000000   20.000000   clock clk (rise edge)
                                  0.000000   20.000000   clock network delay (ideal)
                                 -0.250000   19.750002   clock uncertainty
                                  0.000000   19.750002   clock reconvergence pessimism
                                             19.750002 ^ _316_/CLK (sky130_fd_sc_hd__dfrtp_2)
                                  0.150282   19.900284   library recovery time
                                             19.900284   data required time
---------------------------------------------------------------------------------------------
                                             19.900284   data required time
                                             -4.148063   data arrival time
---------------------------------------------------------------------------------------------
                                             15.752219   slack (MET)


Startpoint: _314_ (rising edge-triggered flip-flop clocked by clk)
Endpoint: _272_ (rising edge-triggered flip-flop clocked by clk)
Path Group: clk
Path Type: max

Fanout         Cap        Slew       Delay        Time   Description
---------------------------------------------------------------------------------------------
                      0.150000    0.000000    0.000000   clock clk (rise edge)
                                  0.000000    0.000000   clock network delay (ideal)
                      0.150000    0.000000    0.000000 ^ _314_/CLK (sky130_fd_sc_hd__dfrtp_2)
     3    0.010902    0.052967    0.260233    0.260233 ^ _314_/Q (sky130_fd_sc_hd__dfrtp_2)
                                                         clk_counter[0] (net)
                      0.052967    0.000000    0.260233 ^ _142_/A (sky130_fd_sc_hd__inv_2)
     3    0.005907    0.019985    0.021950    0.282182 v _142_/Y (sky130_fd_sc_hd__inv_2)
                                                         _000_ (net)
                      0.019985    0.000000    0.282182 v _174_/A (sky130_fd_sc_hd__or3_2)
     1    0.008002    0.063990    0.282373    0.564556 v _174_/X (sky130_fd_sc_hd__or3_2)
                                                         _097_ (net)
                      0.063990    0.000000    0.564556 v _175_/B (sky130_fd_sc_hd__xnor2_2)
     1    0.002259    0.060067    0.087548    0.652103 v _175_/Y (sky130_fd_sc_hd__xnor2_2)
                                                         _033_ (net)
                      0.060067    0.000000    0.652103 v _272_/D (sky130_fd_sc_hd__dfstp_2)
                                              0.652103   data arrival time

                      0.150000   20.000000   20.000000   clock clk (rise edge)
                                  0.000000   20.000000   clock network delay (ideal)
                                 -0.250000   19.750002   clock uncertainty
                                  0.000000   19.750002   clock reconvergence pessimism
                                             19.750002 ^ _272_/CLK (sky130_fd_sc_hd__dfstp_2)
                                 -0.045886   19.704115   library setup time
                                             19.704115   data required time
---------------------------------------------------------------------------------------------
                                             19.704115   data required time
                                             -0.652103   data arrival time
---------------------------------------------------------------------------------------------
                                             19.052010   slack (MET)


Startpoint: _314_ (rising edge-triggered flip-flop clocked by clk)
Endpoint: _315_ (rising edge-triggered flip-flop clocked by clk)
Path Group: clk
Path Type: max

Fanout         Cap        Slew       Delay        Time   Description
---------------------------------------------------------------------------------------------
                      0.150000    0.000000    0.000000   clock clk (rise edge)
                                  0.000000    0.000000   clock network delay (ideal)
                      0.150000    0.000000    0.000000 ^ _314_/CLK (sky130_fd_sc_hd__dfrtp_2)
     3    0.010111    0.042494    0.283475    0.283475 v _314_/Q (sky130_fd_sc_hd__dfrtp_2)
                                                         clk_counter[0] (net)
                      0.042494    0.000000    0.283475 v _189_/A (sky130_fd_sc_hd__or2_2)
     1    0.002351    0.035481    0.169610    0.453085 v _189_/X (sky130_fd_sc_hd__or2_2)
                                                         _104_ (net)
                      0.035481    0.000000    0.453085 v _190_/C1 (sky130_fd_sc_hd__o211a_2)
     1    0.002059    0.028655    0.070099    0.523183 v _190_/X (sky130_fd_sc_hd__o211a_2)
                                                         _001_ (net)
                      0.028655    0.000000    0.523183 v _315_/D (sky130_fd_sc_hd__dfrtp_2)
                                              0.523183   data arrival time

                      0.150000   20.000000   20.000000   clock clk (rise edge)
                                  0.000000   20.000000   clock network delay (ideal)
                                 -0.250000   19.750002   clock uncertainty
                                  0.000000   19.750002   clock reconvergence pessimism
                                             19.750002 ^ _315_/CLK (sky130_fd_sc_hd__dfrtp_2)
                                 -0.061121   19.688881   library setup time
                                             19.688881   data required time
---------------------------------------------------------------------------------------------
                                             19.688881   data required time
                                             -0.523183   data arrival time
---------------------------------------------------------------------------------------------
                                             19.165697   slack (MET)


Startpoint: _314_ (rising edge-triggered flip-flop clocked by clk)
Endpoint: _316_ (rising edge-triggered flip-flop clocked by clk)
Path Group: clk
Path Type: max

Fanout         Cap        Slew       Delay        Time   Description
---------------------------------------------------------------------------------------------
                      0.150000    0.000000    0.000000   clock clk (rise edge)
                                  0.000000    0.000000   clock network delay (ideal)
                      0.150000    0.000000    0.000000 ^ _314_/CLK (sky130_fd_sc_hd__dfrtp_2)
     3    0.010111    0.042494    0.283475    0.283475 v _314_/Q (sky130_fd_sc_hd__dfrtp_2)
                                                         clk_counter[0] (net)
                      0.042494    0.000000    0.283475 v _188_/A (sky130_fd_sc_hd__nand2_2)
     2    0.010865    0.057376    0.058743    0.342218 ^ _188_/Y (sky130_fd_sc_hd__nand2_2)
                                                         _103_ (net)
                      0.057376    0.000000    0.342218 ^ _191_/B (sky130_fd_sc_hd__xnor2_2)
     1    0.002087    0.069629    0.061872    0.404090 ^ _191_/Y (sky130_fd_sc_hd__xnor2_2)
                                                         _002_ (net)
                      0.069629    0.000000    0.404090 ^ _316_/D (sky130_fd_sc_hd__dfrtp_2)
                                              0.404090   data arrival time

                      0.150000   20.000000   20.000000   clock clk (rise edge)
                                  0.000000   20.000000   clock network delay (ideal)
                                 -0.250000   19.750002   clock uncertainty
                                  0.000000   19.750002   clock reconvergence pessimism
                                             19.750002 ^ _316_/CLK (sky130_fd_sc_hd__dfrtp_2)
                                 -0.035601   19.714399   library setup time
                                             19.714399   data required time
---------------------------------------------------------------------------------------------
                                             19.714399   data required time
                                             -0.404090   data arrival time
---------------------------------------------------------------------------------------------
                                             19.310310   slack (MET)


Startpoint: _314_ (rising edge-triggered flip-flop clocked by clk)
Endpoint: _314_ (rising edge-triggered flip-flop clocked by clk)
Path Group: clk
Path Type: max

Fanout         Cap        Slew       Delay        Time   Description
---------------------------------------------------------------------------------------------
                      0.150000    0.000000    0.000000   clock clk (rise edge)
                                  0.000000    0.000000   clock network delay (ideal)
                      0.150000    0.000000    0.000000 ^ _314_/CLK (sky130_fd_sc_hd__dfrtp_2)
     3    0.010111    0.042494    0.283475    0.283475 v _314_/Q (sky130_fd_sc_hd__dfrtp_2)
                                                         clk_counter[0] (net)
                      0.042494    0.000000    0.283475 v _142_/A (sky130_fd_sc_hd__inv_2)
     3    0.006408    0.030051    0.041105    0.324580 ^ _142_/Y (sky130_fd_sc_hd__inv_2)
                                                         _000_ (net)
                      0.030051    0.000000    0.324580 ^ _314_/D (sky130_fd_sc_hd__dfrtp_2)
                                              0.324580   data arrival time

                      0.150000   20.000000   20.000000   clock clk (rise edge)
                                  0.000000   20.000000   clock network delay (ideal)
                                 -0.250000   19.750002   clock uncertainty
                                  0.000000   19.750002   clock reconvergence pessimism
                                             19.750002 ^ _314_/CLK (sky130_fd_sc_hd__dfrtp_2)
                                 -0.031820   19.718182   library setup time
                                             19.718182   data required time
---------------------------------------------------------------------------------------------
                                             19.718182   data required time
                                             -0.324580   data arrival time
---------------------------------------------------------------------------------------------
                                             19.393602   slack (MET)



%OL_END_REPORT
%OL_CREATE_REPORT checks.rpt

===========================================================================
report_checks -unconstrained
===========================================================================
======================= nom_ff_n40C_1v95 Corner ===================================

Startpoint: rst (input port clocked by clk)
Endpoint: _272_ (recovery check against rising-edge clock clk)
Path Group: asynchronous
Path Type: max

Fanout         Cap        Slew       Delay        Time   Description
---------------------------------------------------------------------------------------------
                      0.150000    0.000000    0.000000   clock clk (rise edge)
                                  0.000000    0.000000   clock network delay (ideal)
                                  4.000000    4.000000 v input external delay
    20    0.082547    0.123818    0.091134    4.091134 v rst (in)
                                                         rst (net)
                      0.123818    0.000000    4.091134 v _256_/A (sky130_fd_sc_hd__inv_2)
     1    0.003562    0.036734    0.056657    4.147791 ^ _256_/Y (sky130_fd_sc_hd__inv_2)
                                                         _013_ (net)
                      0.036734    0.000000    4.147791 ^ _272_/SET_B (sky130_fd_sc_hd__dfstp_2)
                                              4.147791   data arrival time

                      0.150000   20.000000   20.000000   clock clk (rise edge)
                                  0.000000   20.000000   clock network delay (ideal)
                                 -0.250000   19.750002   clock uncertainty
                                  0.000000   19.750002   clock reconvergence pessimism
                                             19.750002 ^ _272_/CLK (sky130_fd_sc_hd__dfstp_2)
                                  0.100079   19.850080   library recovery time
                                             19.850080   data required time
---------------------------------------------------------------------------------------------
                                             19.850080   data required time
                                             -4.147791   data arrival time
---------------------------------------------------------------------------------------------
                                             15.702290   slack (MET)


Startpoint: rst (input port clocked by clk)
Endpoint: ready (output port clocked by clk)
Path Group: clk
Path Type: max

Fanout         Cap        Slew       Delay        Time   Description
---------------------------------------------------------------------------------------------
                      0.150000    0.000000    0.000000   clock clk (rise edge)
                                  0.000000    0.000000   clock network delay (ideal)
                                  4.000000    4.000000 v input external delay
    20    0.082547    0.123818    0.091134    4.091134 v rst (in)
                                                         rst (net)
                      0.123818    0.000000    4.091134 v _186_/A (sky130_fd_sc_hd__nor2_2)
     1    0.033442    0.271166    0.258692    4.349826 ^ _186_/Y (sky130_fd_sc_hd__nor2_2)
                                                         ready (net)
                      0.271166    0.000000    4.349826 ^ ready (out)
                                              4.349826   data arrival time

                      0.150000   20.000000   20.000000   clock clk (rise edge)
                                  0.000000   20.000000   clock network delay (ideal)
                                 -0.250000   19.750002   clock uncertainty
                                  0.000000   19.750002   clock reconvergence pessimism
                                 -4.000000   15.750001   output external delay
                                             15.750001   data required time
---------------------------------------------------------------------------------------------
                                             15.750001   data required time
                                             -4.349826   data arrival time
---------------------------------------------------------------------------------------------
                                             11.400175   slack (MET)




===========================================================================
report_checks --slack_max -0.01
============================================================================
======================= nom_ff_n40C_1v95 Corner ===================================

No paths found.


===========================================================================
 report_check_types -max_slew -max_cap -max_fanout -violators
============================================================================
======================= nom_ff_n40C_1v95 Corner ===================================

max fanout

Pin                                   Limit Fanout  Slack
---------------------------------------------------------
_272_/Q                                  10     42    -32 (VIOLATED)
rst                                      10     20    -10 (VIOLATED)
_209_/X                                  10     18     -8 (VIOLATED)
_275_/Q                                  10     12     -2 (VIOLATED)
_292_/Q                                  10     12     -2 (VIOLATED)



===========================================================================
report_parasitic_annotation -report_unannotated
============================================================================
Found 204 unannotated drivers.
 address[0]
 address[1]
 address[2]
 address[3]
 address[4]
 address[5]
 address[6]
 clk
 data_in[0]
 data_in[1]
 data_in[2]
 data_in[3]
 data_in[4]
 data_in[5]
 data_in[6]
 data_in[7]
 enable
 i2c_scl
 i2c_sda
 rst
 rw
 _135_/Y
 _136_/Y
 _137_/Y
 _138_/Y
 _139_/Y
 _140_/Y
 _141_/Y
 _142_/Y
 _143_/Y
 _144_/X
 _145_/Y
 _146_/X
 _147_/X
 _148_/Y
 _149_/X
 _150_/Y
 _151_/X
 _152_/Y
 _153_/Y
 _154_/X
 _155_/X
 _156_/X
 _157_/X
 _158_/X
 _159_/Y
 _160_/X
 _161_/X
 _162_/X
 _163_/X
 _164_/X
 _165_/X
 _166_/X
 _167_/X
 _168_/X
 _169_/Y
 _170_/X
 _171_/X
 _172_/X
 _173_/X
 _174_/X
 _175_/Y
 _176_/Y
 _177_/X
 _178_/Y
 _179_/Y
 _180_/X
 _181_/X
 _182_/X
 _183_/X
 _184_/Y
 _185_/X
 _186_/Y
 _187_/Y
 _188_/Y
 _189_/X
 _190_/X
 _191_/Y
 _192_/Y
 _193_/X
 _194_/X
 _195_/Y
 _196_/X
 _197_/X
 _198_/Y
 _199_/X
 _200_/Y
 _201_/Y
 _202_/X
 _203_/X
 _204_/Y
 _205_/X
 _206_/X
 _207_/Y
 _208_/X
 _209_/X
 _210_/Y
 _211_/Y
 _212_/X
 _213_/Y
 _214_/Y
 _215_/Y
 _216_/Y
 _217_/X
 _218_/X
 _219_/X
 _220_/X
 _221_/X
 _222_/X
 _223_/X
 _224_/X
 _225_/X
 _226_/X
 _227_/X
 _228_/X
 _229_/X
 _230_/X
 _231_/X
 _232_/X
 _233_/X
 _234_/X
 _235_/Y
 _236_/X
 _237_/X
 _238_/X
 _239_/X
 _240_/X
 _241_/X
 _242_/X
 _243_/X
 _244_/X
 _245_/X
 _246_/X
 _247_/X
 _248_/X
 _249_/X
 _250_/X
 _251_/X
 _252_/X
 _253_/X
 _254_/Y
 _255_/Y
 _256_/Y
 _257_/Y
 _258_/Y
 _259_/Y
 _260_/Y
 _261_/Y
 _262_/Y
 _263_/Y
 _264_/Y
 _265_/Y
 _266_/Y
 _267_/Y
 _268_/Y
 _269_/Y
 _270_/Y
 _271_/Y
 _272_/Q
 _273_/Q
 _274_/Q
 _275_/Q
 _276_/Q
 _277_/Q
 _278_/Q
 _279_/Q
 _280_/Q
 _281_/Q
 _282_/Q
 _283_/Q
 _284_/Q
 _285_/Q
 _286_/Q
 _287_/Q
 _288_/Q
 _289_/Q
 _290_/Q
 _291_/Q
 _292_/Q
 _293_/Q
 _294_/Q
 _295_/Q
 _296_/Q
 _297_/Q
 _298_/Q
 _299_/Q
 _300_/Q
 _301_/Q
 _302_/Q
 _303_/Q
 _304_/Q
 _305_/Q
 _306_/Q
 _307_/Q
 _308_/Q
 _309_/Q
 _310_/Q
 _311_/Q
 _312_/Q
 _313_/Q
 _314_/Q
 _315_/Q
 _316_/Q
 _317_/Z
Found 0 partially unannotated drivers.

===========================================================================
max slew violation count 0
%OL_METRIC_I design__max_slew_violation__count__corner:nom_ff_n40C_1v95 0
max fanout violation count 5
%OL_METRIC_I design__max_fanout_violation__count__corner:nom_ff_n40C_1v95 5
max cap violation count 0
%OL_METRIC_I design__max_cap_violation__count__corner:nom_ff_n40C_1v95 0
============================================================================

===========================================================================
check_setup -verbose -unconstrained_endpoints -multiple_clock -no_clock -no_input_delay -loops -generated_clocks
===========================================================================
Warning: There are 41 unclocked register/latch pins.
  _273_/CLK
  _274_/CLK
  _275_/CLK
  _276_/CLK
  _277_/CLK
  _278_/CLK
  _279_/CLK
  _280_/CLK
  _281_/CLK
  _282_/CLK
  _283_/CLK
  _284_/CLK
  _285_/CLK
  _286_/CLK
  _287_/CLK
  _288_/CLK
  _289_/CLK
  _290_/CLK
  _291_/CLK
  _292_/CLK
  _293_/CLK
  _294_/CLK
  _295_/CLK
  _296_/CLK
  _297_/CLK
  _298_/CLK
  _299_/CLK
  _300_/CLK
  _301_/CLK
  _302_/CLK
  _303_/CLK
  _304_/CLK
  _305_/CLK
  _306_/CLK
  _307_/CLK
  _308_/CLK
  _309_/CLK
  _310_/CLK
  _311_/CLK
  _312_/CLK
  _313_/CLK
Warning: There are 50 unconstrained endpoints.
  data_out[0]
  data_out[1]
  data_out[2]
  data_out[3]
  data_out[4]
  data_out[5]
  data_out[6]
  data_out[7]
  i2c_sda
  _273_/D
  _274_/D
  _275_/D
  _276_/D
  _277_/D
  _278_/D
  _279_/D
  _280_/D
  _281_/D
  _282_/D
  _283_/D
  _284_/D
  _285_/D
  _286_/D
  _287_/D
  _288_/D
  _289_/D
  _290_/D
  _291_/D
  _292_/D
  _293_/D
  _294_/D
  _295_/D
  _296_/D
  _297_/D
  _298_/D
  _299_/D
  _300_/D
  _301_/D
  _302_/D
  _303_/D
  _304_/D
  _305_/D
  _306_/D
  _307_/D
  _308_/D
  _309_/D
  _310_/D
  _311_/D
  _312_/D
  _313_/D
%OL_END_REPORT
%OL_CREATE_REPORT power.rpt

===========================================================================
 report_power
============================================================================
======================= nom_ff_n40C_1v95 Corner ===================================

Group                    Internal    Switching      Leakage        Total
                            Power        Power        Power        Power (Watts)
------------------------------------------------------------------------
Sequential           1.720901e-05 2.924688e-05 9.015784e-10 4.645679e-05  54.2%
Combinational        2.636468e-05 1.296917e-05 1.151838e-09 3.933501e-05  45.8%
Clock                0.000000e+00 0.000000e+00 0.000000e+00 0.000000e+00   0.0%
Macro                0.000000e+00 0.000000e+00 0.000000e+00 0.000000e+00   0.0%
Pad                  0.000000e+00 0.000000e+00 0.000000e+00 0.000000e+00   0.0%
------------------------------------------------------------------------
Total                4.357369e-05 4.221606e-05 2.053417e-09 8.579180e-05 100.0%
                            50.8%        49.2%         0.0%
%OL_METRIC_F power__internal__total 4.35736910731066e-5
%OL_METRIC_F power__switching__total 4.221605558996089e-5
%OL_METRIC_F power__leakage__total 2.053416547909137e-9
%OL_METRIC_F power__total 8.579179848311469e-5

%OL_END_REPORT
%OL_CREATE_REPORT skew.min.rpt

===========================================================================
Clock Skew (Hold)
============================================================================
%OL_METRIC_F clock__skew__worst_hold__corner:nom_ff_n40C_1v95 -0.25
======================= nom_ff_n40C_1v95 Corner ===================================

Clock clk
0.019725 source latency _272_/CLK ^
-0.019725 target latency _272_/CLK ^
-0.250000 clock uncertainty
0.000000 CRPR
--------------
-0.250000 hold skew

%OL_END_REPORT
%OL_CREATE_REPORT skew.max.rpt

===========================================================================
Clock Skew (Setup)
============================================================================
%OL_METRIC_F clock__skew__worst_setup__corner:nom_ff_n40C_1v95 0.25
======================= nom_ff_n40C_1v95 Corner ===================================

Clock clk
0.019725 source latency _272_/CLK ^
-0.019725 target latency _272_/CLK ^
0.250000 clock uncertainty
0.000000 CRPR
--------------
0.250000 setup skew

%OL_END_REPORT
%OL_CREATE_REPORT ws.min.rpt

===========================================================================
Worst Slack (Hold)
============================================================================
%OL_METRIC_F timing__hold__ws__corner:nom_ff_n40C_1v95 0.046118055124573135
nom_ff_n40C_1v95: 0.046118055124573135
%OL_END_REPORT
%OL_CREATE_REPORT ws.max.rpt

===========================================================================
Worst Slack (Setup)
============================================================================
%OL_METRIC_F timing__setup__ws__corner:nom_ff_n40C_1v95 11.40017534862947
nom_ff_n40C_1v95: 11.40017534862947
%OL_END_REPORT
%OL_CREATE_REPORT tns.min.rpt

===========================================================================
Total Negative Slack (Hold)
============================================================================
%OL_METRIC_F timing__hold__tns__corner:nom_ff_n40C_1v95 0.0
nom_ff_n40C_1v95: 0.0
%OL_END_REPORT
%OL_CREATE_REPORT tns.max.rpt

===========================================================================
Total Negative Slack (Setup)
============================================================================
%OL_METRIC_F timing__setup__tns__corner:nom_ff_n40C_1v95 0.0
nom_ff_n40C_1v95: 0.0
%OL_END_REPORT
%OL_CREATE_REPORT wns.min.rpt

===========================================================================
Worst Negative Slack (Hold)
============================================================================
%OL_METRIC_F timing__hold__wns__corner:nom_ff_n40C_1v95 0
nom_ff_n40C_1v95: 0
%OL_END_REPORT
%OL_CREATE_REPORT wns.max.rpt

===========================================================================
Worst Negative Slack (Setup)
============================================================================
%OL_METRIC_F timing__setup__wns__corner:nom_ff_n40C_1v95 0.0
nom_ff_n40C_1v95: 0.0
%OL_END_REPORT
%OL_CREATE_REPORT violator_list.rpt

===========================================================================
Violator List
============================================================================
%OL_METRIC_I timing__hold_vio__count__corner:nom_ff_n40C_1v95 0
%OL_METRIC_F timing__hold_r2r__ws__corner:nom_ff_n40C_1v95 0.046118
%OL_METRIC_I timing__hold_r2r_vio__count__corner:nom_ff_n40C_1v95 0
%OL_METRIC_I timing__setup_vio__count__corner:nom_ff_n40C_1v95 0
%OL_METRIC_F timing__setup_r2r__ws__corner:nom_ff_n40C_1v95 19.052010
%OL_METRIC_I timing__setup_r2r_vio__count__corner:nom_ff_n40C_1v95 0
%OL_END_REPORT
%OL_CREATE_REPORT unpropagated.rpt
clk
%OL_END_REPORT
%OL_CREATE_REPORT clock.rpt
Clock: clk
Sources: clk 
Generated: no
Virtual: no
Propagated: no
Period: 20.000000

===========================================================================
report_clock_properties
============================================================================
Clock                   Period          Waveform
----------------------------------------------------
clk                  20.000000    0.000000 10.000000

===========================================================================
report_clock_latency
============================================================================
Clock clk
rise -> rise
    min     max
0.000000 0.000000 source latency
0.019725         network latency _272_/CLK
        0.564328 network latency _273_/CLK
---------------
0.019725 0.564328 latency
        0.544603 skew

rise -> fall
    min     max
0.000000 0.000000 source latency
0.354762         network latency _273_/CLK
        0.573581 network latency _295_/CLK
---------------
0.354762 0.573581 latency
        0.218819 skew

fall -> fall
    min     max
0.000000 0.000000 source latency
0.006721         network latency _272_/CLK
        0.006721 network latency _272_/CLK
---------------
0.006721 0.006721 latency
        0.000000 skew



===========================================================================
report_clock_min_period
============================================================================
clk period_min = 0.95 fmax = 1054.86
%OL_END_REPORT
Writing SDF files for all corners…
