Clock: clk
Sources: clk 
Generated: no
Virtual: yes
Propagated: no
Period: 20.000000

===========================================================================
report_clock_properties
============================================================================
Clock                   Period          Waveform
----------------------------------------------------
clk                  20.000000    0.000000 10.000000

===========================================================================
report_clock_latency
============================================================================
Clock clk
rise -> rise
    min     max
0.000000 0.000000 source latency
0.264814         network latency _314_/CLK
        1.133607 network latency _286_/CLK
---------------
0.264814 1.133607 latency
        0.868793 skew

rise -> fall
    min     max
0.000000 0.000000 source latency
0.752751         network latency _293_/CLK
        1.194862 network latency _295_/CLK
---------------
0.752751 1.194862 latency
        0.442111 skew

fall -> fall
    min     max
0.000000 0.000000 source latency
0.274218         network latency _314_/CLK
        0.276783 network latency _315_/CLK
---------------
0.274218 0.276783 latency
        0.002565 skew



===========================================================================
report_clock_min_period
============================================================================
clk period_min = 1.32 fmax = 756.42
