Reading OpenROAD database at '/home/davidsales/Documentos/Coding/Main_HDL/Synthesis/designs/i2c_master/runs/RUN_2026-02-24_21-34-25/34-openroad-cts/i2c_master_controller.odb'…
Reading library file at '/home/davidsales/.ciel/ciel/sky130/versions/0fe599b2afb6708d281543108caf8310912f54af/sky130A/libs.ref/sky130_fd_sc_hd/lib/sky130_fd_sc_hd__tt_025C_1v80.lib'…
Reading design constraints file at '/nix/store/41c5n1rfapbw2k2daig2yag6mbsifckg-python3-3.11.9-env/lib/python3.11/site-packages/librelane/scripts/base.sdc'…
[INFO] Using clock clk…
[INFO] Setting output delay to: 4.0
[INFO] Setting input delay to: 4.0
[INFO] Setting load to: 0.033442
[INFO] Setting clock uncertainty to: 0.25
[INFO] Setting clock transition to: 0.1499999999999999944488848768742172978818416595458984375
[INFO] Setting timing derate to: 5%
[INFO] Setting RC values…
[WARNING GRT-0097] No global routing found for nets.
%OL_CREATE_REPORT min.rpt

===========================================================================
report_checks -path_delay min (Hold)
============================================================================
======================= nom_tt_025C_1v80 Corner ===================================

Startpoint: _314_ (rising edge-triggered flip-flop clocked by clk)
Endpoint: _314_ (rising edge-triggered flip-flop clocked by clk)
Path Group: clk
Path Type: min

Fanout         Cap        Slew       Delay        Time   Description
---------------------------------------------------------------------------------------------
                                  0.000000    0.000000   clock clk (rise edge)
                                  0.000000    0.000000   clock source latency
     1    0.009492    0.049149    0.032360    0.032360 ^ clk (in)
                                                         clk (net)
                      0.049150    0.000000    0.032360 ^ clkbuf_0_clk/A (sky130_fd_sc_hd__clkbuf_16)
     2    0.017181    0.039445    0.124287    0.156647 ^ clkbuf_0_clk/X (sky130_fd_sc_hd__clkbuf_16)
                                                         clknet_0_clk (net)
                      0.039445    0.000038    0.156685 ^ clkbuf_1_0__f_clk/A (sky130_fd_sc_hd__clkbuf_16)
     2    0.004670    0.028463    0.108120    0.264805 ^ clkbuf_1_0__f_clk/X (sky130_fd_sc_hd__clkbuf_16)
                                                         clknet_1_0__leaf_clk (net)
                      0.028463    0.000008    0.264814 ^ _314_/CLK (sky130_fd_sc_hd__dfrtp_1)
     3    0.010120    0.104201    0.357761    0.622575 ^ _314_/Q (sky130_fd_sc_hd__dfrtp_1)
                                                         clk_counter[0] (net)
                      0.104201    0.000011    0.622586 ^ _142_/A (sky130_fd_sc_hd__inv_2)
     3    0.007389    0.033709    0.048967    0.671552 v _142_/Y (sky130_fd_sc_hd__inv_2)
                                                         _000_ (net)
                      0.033709    0.000017    0.671569 v _314_/D (sky130_fd_sc_hd__dfrtp_1)
                                              0.671569   data arrival time

                                  0.000000    0.000000   clock clk (rise edge)
                                  0.000000    0.000000   clock source latency
     1    0.009492    0.049149    0.032360    0.032360 ^ clk (in)
                                                         clk (net)
                      0.049150    0.000000    0.032360 ^ clkbuf_0_clk/A (sky130_fd_sc_hd__clkbuf_16)
     2    0.017181    0.039445    0.124287    0.156647 ^ clkbuf_0_clk/X (sky130_fd_sc_hd__clkbuf_16)
                                                         clknet_0_clk (net)
                      0.039445    0.000038    0.156685 ^ clkbuf_1_0__f_clk/A (sky130_fd_sc_hd__clkbuf_16)
     2    0.004670    0.028463    0.108120    0.264805 ^ clkbuf_1_0__f_clk/X (sky130_fd_sc_hd__clkbuf_16)
                                                         clknet_1_0__leaf_clk (net)
                      0.028463    0.000008    0.264814 ^ _314_/CLK (sky130_fd_sc_hd__dfrtp_1)
                                  0.250000    0.514814   clock uncertainty
                                  0.000000    0.514814   clock reconvergence pessimism
                                 -0.044950    0.469863   library hold time
                                              0.469863   data required time
---------------------------------------------------------------------------------------------
                                              0.469863   data required time
                                             -0.671569   data arrival time
---------------------------------------------------------------------------------------------
                                              0.201706   slack (MET)


Startpoint: _316_ (rising edge-triggered flip-flop clocked by clk)
Endpoint: _316_ (rising edge-triggered flip-flop clocked by clk)
Path Group: clk
Path Type: min

Fanout         Cap        Slew       Delay        Time   Description
---------------------------------------------------------------------------------------------
                                  0.000000    0.000000   clock clk (rise edge)
                                  0.000000    0.000000   clock source latency
     1    0.009492    0.049149    0.032360    0.032360 ^ clk (in)
                                                         clk (net)
                      0.049150    0.000000    0.032360 ^ clkbuf_0_clk/A (sky130_fd_sc_hd__clkbuf_16)
     2    0.017181    0.039445    0.124287    0.156647 ^ clkbuf_0_clk/X (sky130_fd_sc_hd__clkbuf_16)
                                                         clknet_0_clk (net)
                      0.039445    0.000038    0.156685 ^ clkbuf_1_0__f_clk/A (sky130_fd_sc_hd__clkbuf_16)
     2    0.004670    0.028463    0.108120    0.264805 ^ clkbuf_1_0__f_clk/X (sky130_fd_sc_hd__clkbuf_16)
                                                         clknet_1_0__leaf_clk (net)
                      0.028463    0.000018    0.264823 ^ _316_/CLK (sky130_fd_sc_hd__dfrtp_1)
     3    0.010728    0.106155    0.361422    0.626245 ^ _316_/Q (sky130_fd_sc_hd__dfrtp_1)
                                                         clk_counter[2] (net)
                      0.106155    0.000047    0.626293 ^ _191_/A (sky130_fd_sc_hd__xnor2_1)
     1    0.002424    0.035672    0.077725    0.704018 v _191_/Y (sky130_fd_sc_hd__xnor2_1)
                                                         _002_ (net)
                      0.035672    0.000007    0.704024 v _316_/D (sky130_fd_sc_hd__dfrtp_1)
                                              0.704024   data arrival time

                                  0.000000    0.000000   clock clk (rise edge)
                                  0.000000    0.000000   clock source latency
     1    0.009492    0.049149    0.032360    0.032360 ^ clk (in)
                                                         clk (net)
                      0.049150    0.000000    0.032360 ^ clkbuf_0_clk/A (sky130_fd_sc_hd__clkbuf_16)
     2    0.017181    0.039445    0.124287    0.156647 ^ clkbuf_0_clk/X (sky130_fd_sc_hd__clkbuf_16)
                                                         clknet_0_clk (net)
                      0.039445    0.000038    0.156685 ^ clkbuf_1_0__f_clk/A (sky130_fd_sc_hd__clkbuf_16)
     2    0.004670    0.028463    0.108120    0.264805 ^ clkbuf_1_0__f_clk/X (sky130_fd_sc_hd__clkbuf_16)
                                                         clknet_1_0__leaf_clk (net)
                      0.028463    0.000018    0.264823 ^ _316_/CLK (sky130_fd_sc_hd__dfrtp_1)
                                  0.250000    0.514823   clock uncertainty
                                  0.000000    0.514823   clock reconvergence pessimism
                                 -0.045749    0.469073   library hold time
                                              0.469073   data required time
---------------------------------------------------------------------------------------------
                                              0.469073   data required time
                                             -0.704024   data arrival time
---------------------------------------------------------------------------------------------
                                              0.234951   slack (MET)


Startpoint: _316_ (rising edge-triggered flip-flop clocked by clk)
Endpoint: _315_ (rising edge-triggered flip-flop clocked by clk)
Path Group: clk
Path Type: min

Fanout         Cap        Slew       Delay        Time   Description
---------------------------------------------------------------------------------------------
                                  0.000000    0.000000   clock clk (rise edge)
                                  0.000000    0.000000   clock source latency
     1    0.009492    0.049149    0.032360    0.032360 ^ clk (in)
                                                         clk (net)
                      0.049150    0.000000    0.032360 ^ clkbuf_0_clk/A (sky130_fd_sc_hd__clkbuf_16)
     2    0.017181    0.039445    0.124287    0.156647 ^ clkbuf_0_clk/X (sky130_fd_sc_hd__clkbuf_16)
                                                         clknet_0_clk (net)
                      0.039445    0.000038    0.156685 ^ clkbuf_1_0__f_clk/A (sky130_fd_sc_hd__clkbuf_16)
     2    0.004670    0.028463    0.108120    0.264805 ^ clkbuf_1_0__f_clk/X (sky130_fd_sc_hd__clkbuf_16)
                                                         clknet_1_0__leaf_clk (net)
                      0.028463    0.000018    0.264823 ^ _316_/CLK (sky130_fd_sc_hd__dfrtp_1)
     3    0.010728    0.106155    0.361422    0.626245 ^ _316_/Q (sky130_fd_sc_hd__dfrtp_1)
                                                         clk_counter[2] (net)
                      0.106155    0.000042    0.626287 ^ _190_/A2 (sky130_fd_sc_hd__o211a_1)
     1    0.003114    0.042764    0.143562    0.769850 ^ _190_/X (sky130_fd_sc_hd__o211a_1)
                                                         _001_ (net)
                      0.042764    0.000013    0.769863 ^ _315_/D (sky130_fd_sc_hd__dfrtp_1)
                                              0.769863   data arrival time

                                  0.000000    0.000000   clock clk (rise edge)
                                  0.000000    0.000000   clock source latency
     1    0.009492    0.049149    0.032360    0.032360 ^ clk (in)
                                                         clk (net)
                      0.049150    0.000000    0.032360 ^ clkbuf_0_clk/A (sky130_fd_sc_hd__clkbuf_16)
     2    0.017181    0.039445    0.124287    0.156647 ^ clkbuf_0_clk/X (sky130_fd_sc_hd__clkbuf_16)
                                                         clknet_0_clk (net)
                      0.039445    0.000028    0.156675 ^ clkbuf_1_1__f_clk/A (sky130_fd_sc_hd__clkbuf_16)
     3    0.007261    0.030967    0.111230    0.267905 ^ clkbuf_1_1__f_clk/X (sky130_fd_sc_hd__clkbuf_16)
                                                         clknet_1_1__leaf_clk (net)
                      0.030967    0.000023    0.267928 ^ _315_/CLK (sky130_fd_sc_hd__dfrtp_1)
                                  0.250000    0.517928   clock uncertainty
                                  0.000000    0.517928   clock reconvergence pessimism
                                 -0.036212    0.481716   library hold time
                                              0.481716   data required time
---------------------------------------------------------------------------------------------
                                              0.481716   data required time
                                             -0.769863   data arrival time
---------------------------------------------------------------------------------------------
                                              0.288147   slack (MET)


Startpoint: _315_ (rising edge-triggered flip-flop clocked by clk)
Endpoint: _272_ (rising edge-triggered flip-flop clocked by clk)
Path Group: clk
Path Type: min

Fanout         Cap        Slew       Delay        Time   Description
---------------------------------------------------------------------------------------------
                                  0.000000    0.000000   clock clk (rise edge)
                                  0.000000    0.000000   clock source latency
     1    0.009492    0.049149    0.032360    0.032360 ^ clk (in)
                                                         clk (net)
                      0.049150    0.000000    0.032360 ^ clkbuf_0_clk/A (sky130_fd_sc_hd__clkbuf_16)
     2    0.017181    0.039445    0.124287    0.156647 ^ clkbuf_0_clk/X (sky130_fd_sc_hd__clkbuf_16)
                                                         clknet_0_clk (net)
                      0.039445    0.000028    0.156675 ^ clkbuf_1_1__f_clk/A (sky130_fd_sc_hd__clkbuf_16)
     3    0.007261    0.030967    0.111230    0.267905 ^ clkbuf_1_1__f_clk/X (sky130_fd_sc_hd__clkbuf_16)
                                                         clknet_1_1__leaf_clk (net)
                      0.030967    0.000023    0.267928 ^ _315_/CLK (sky130_fd_sc_hd__dfrtp_1)
     3    0.008130    0.088389    0.345796    0.613724 ^ _315_/Q (sky130_fd_sc_hd__dfrtp_1)
                                                         clk_counter[1] (net)
                      0.088389    0.000040    0.613764 ^ _174_/B (sky130_fd_sc_hd__or3_1)
     1    0.004950    0.057754    0.122400    0.736163 ^ _174_/X (sky130_fd_sc_hd__or3_1)
                                                         _097_ (net)
                      0.057754    0.000006    0.736169 ^ _175_/B (sky130_fd_sc_hd__xnor2_1)
     1    0.002741    0.034135    0.058597    0.794766 v _175_/Y (sky130_fd_sc_hd__xnor2_1)
                                                         _033_ (net)
                      0.034135    0.000008    0.794774 v _272_/D (sky130_fd_sc_hd__dfstp_1)
                                              0.794774   data arrival time

                                  0.000000    0.000000   clock clk (rise edge)
                                  0.000000    0.000000   clock source latency
     1    0.009492    0.049149    0.032360    0.032360 ^ clk (in)
                                                         clk (net)
                      0.049150    0.000000    0.032360 ^ clkbuf_0_clk/A (sky130_fd_sc_hd__clkbuf_16)
     2    0.017181    0.039445    0.124287    0.156647 ^ clkbuf_0_clk/X (sky130_fd_sc_hd__clkbuf_16)
                                                         clknet_0_clk (net)
                      0.039445    0.000028    0.156675 ^ clkbuf_1_1__f_clk/A (sky130_fd_sc_hd__clkbuf_16)
     3    0.007261    0.030967    0.111230    0.267905 ^ clkbuf_1_1__f_clk/X (sky130_fd_sc_hd__clkbuf_16)
                                                         clknet_1_1__leaf_clk (net)
                      0.030967    0.000022    0.267927 ^ _272_/CLK (sky130_fd_sc_hd__dfstp_1)
                                  0.250000    0.517927   clock uncertainty
                                  0.000000    0.517927   clock reconvergence pessimism
                                 -0.013297    0.504630   library hold time
                                              0.504630   data required time
---------------------------------------------------------------------------------------------
                                              0.504630   data required time
                                             -0.794774   data arrival time
---------------------------------------------------------------------------------------------
                                              0.290144   slack (MET)


Startpoint: rst (input port clocked by clk)
Endpoint: _315_ (removal check against rising-edge clock clk)
Path Group: asynchronous
Path Type: min

Fanout         Cap        Slew       Delay        Time   Description
---------------------------------------------------------------------------------------------
                                  0.000000    0.000000   clock clk (rise edge)
                                  0.000000    0.000000   clock network delay (propagated)
                                  4.000000    4.000000 v input external delay
     1    0.002472    0.007875    0.003859    4.003859 v rst (in)
                                                         rst (net)
                      0.007875    0.000000    4.003859 v input17/A (sky130_fd_sc_hd__buf_1)
     2    0.010060    0.064766    0.104897    4.108756 v input17/X (sky130_fd_sc_hd__buf_1)
                                                         net17 (net)
                      0.064766    0.000047    4.108802 v fanout40/A (sky130_fd_sc_hd__clkbuf_4)
    10    0.042322    0.093760    0.204124    4.312927 v fanout40/X (sky130_fd_sc_hd__clkbuf_4)
                                                         net40 (net)
                      0.093760    0.000326    4.313253 v _270_/A (sky130_fd_sc_hd__inv_2)
     1    0.004319    0.037666    0.064184    4.377437 ^ _270_/Y (sky130_fd_sc_hd__inv_2)
                                                         _031_ (net)
                      0.037666    0.000016    4.377452 ^ _315_/RESET_B (sky130_fd_sc_hd__dfrtp_1)
                                              4.377452   data arrival time

                                  0.000000    0.000000   clock clk (rise edge)
                                  0.000000    0.000000   clock source latency
     1    0.009492    0.049149    0.032360    0.032360 ^ clk (in)
                                                         clk (net)
                      0.049150    0.000000    0.032360 ^ clkbuf_0_clk/A (sky130_fd_sc_hd__clkbuf_16)
     2    0.017181    0.039445    0.124287    0.156647 ^ clkbuf_0_clk/X (sky130_fd_sc_hd__clkbuf_16)
                                                         clknet_0_clk (net)
                      0.039445    0.000028    0.156675 ^ clkbuf_1_1__f_clk/A (sky130_fd_sc_hd__clkbuf_16)
     3    0.007261    0.030967    0.111230    0.267905 ^ clkbuf_1_1__f_clk/X (sky130_fd_sc_hd__clkbuf_16)
                                                         clknet_1_1__leaf_clk (net)
                      0.030967    0.000023    0.267928 ^ _315_/CLK (sky130_fd_sc_hd__dfrtp_1)
                                  0.250000    0.517928   clock uncertainty
                                  0.000000    0.517928   clock reconvergence pessimism
                                  0.314405    0.832333   library removal time
                                              0.832333   data required time
---------------------------------------------------------------------------------------------
                                              0.832333   data required time
                                             -4.377452   data arrival time
---------------------------------------------------------------------------------------------
                                              3.545120   slack (MET)


Startpoint: rst (input port clocked by clk)
Endpoint: _314_ (removal check against rising-edge clock clk)
Path Group: asynchronous
Path Type: min

Fanout         Cap        Slew       Delay        Time   Description
---------------------------------------------------------------------------------------------
                                  0.000000    0.000000   clock clk (rise edge)
                                  0.000000    0.000000   clock network delay (propagated)
                                  4.000000    4.000000 v input external delay
     1    0.002472    0.007875    0.003859    4.003859 v rst (in)
                                                         rst (net)
                      0.007875    0.000000    4.003859 v input17/A (sky130_fd_sc_hd__buf_1)
     2    0.010060    0.064766    0.104897    4.108756 v input17/X (sky130_fd_sc_hd__buf_1)
                                                         net17 (net)
                      0.064766    0.000047    4.108802 v fanout40/A (sky130_fd_sc_hd__clkbuf_4)
    10    0.042322    0.093760    0.204124    4.312927 v fanout40/X (sky130_fd_sc_hd__clkbuf_4)
                                                         net40 (net)
                      0.093760    0.000306    4.313233 v _269_/A (sky130_fd_sc_hd__inv_2)
     1    0.004551    0.038451    0.065063    4.378296 ^ _269_/Y (sky130_fd_sc_hd__inv_2)
                                                         _030_ (net)
                      0.038451    0.000022    4.378318 ^ _314_/RESET_B (sky130_fd_sc_hd__dfrtp_1)
                                              4.378318   data arrival time

                                  0.000000    0.000000   clock clk (rise edge)
                                  0.000000    0.000000   clock source latency
     1    0.009492    0.049149    0.032360    0.032360 ^ clk (in)
                                                         clk (net)
                      0.049150    0.000000    0.032360 ^ clkbuf_0_clk/A (sky130_fd_sc_hd__clkbuf_16)
     2    0.017181    0.039445    0.124287    0.156647 ^ clkbuf_0_clk/X (sky130_fd_sc_hd__clkbuf_16)
                                                         clknet_0_clk (net)
                      0.039445    0.000038    0.156685 ^ clkbuf_1_0__f_clk/A (sky130_fd_sc_hd__clkbuf_16)
     2    0.004670    0.028463    0.108120    0.264805 ^ clkbuf_1_0__f_clk/X (sky130_fd_sc_hd__clkbuf_16)
                                                         clknet_1_0__leaf_clk (net)
                      0.028463    0.000008    0.264814 ^ _314_/CLK (sky130_fd_sc_hd__dfrtp_1)
                                  0.250000    0.514814   clock uncertainty
                                  0.000000    0.514814   clock reconvergence pessimism
                                  0.313938    0.828752   library removal time
                                              0.828752   data required time
---------------------------------------------------------------------------------------------
                                              0.828752   data required time
                                             -4.378318   data arrival time
---------------------------------------------------------------------------------------------
                                              3.549566   slack (MET)


Startpoint: rst (input port clocked by clk)
Endpoint: _316_ (removal check against rising-edge clock clk)
Path Group: asynchronous
Path Type: min

Fanout         Cap        Slew       Delay        Time   Description
---------------------------------------------------------------------------------------------
                                  0.000000    0.000000   clock clk (rise edge)
                                  0.000000    0.000000   clock network delay (propagated)
                                  4.000000    4.000000 v input external delay
     1    0.002472    0.007875    0.003859    4.003859 v rst (in)
                                                         rst (net)
                      0.007875    0.000000    4.003859 v input17/A (sky130_fd_sc_hd__buf_1)
     2    0.010060    0.064766    0.104897    4.108756 v input17/X (sky130_fd_sc_hd__buf_1)
                                                         net17 (net)
                      0.064766    0.000047    4.108802 v fanout40/A (sky130_fd_sc_hd__clkbuf_4)
    10    0.042322    0.093760    0.204124    4.312927 v fanout40/X (sky130_fd_sc_hd__clkbuf_4)
                                                         net40 (net)
                      0.093760    0.000227    4.313154 v _271_/A (sky130_fd_sc_hd__inv_2)
     1    0.004896    0.039573    0.066282    4.379436 ^ _271_/Y (sky130_fd_sc_hd__inv_2)
                                                         _032_ (net)
                      0.039573    0.000032    4.379467 ^ _316_/RESET_B (sky130_fd_sc_hd__dfrtp_1)
                                              4.379467   data arrival time

                                  0.000000    0.000000   clock clk (rise edge)
                                  0.000000    0.000000   clock source latency
     1    0.009492    0.049149    0.032360    0.032360 ^ clk (in)
                                                         clk (net)
                      0.049150    0.000000    0.032360 ^ clkbuf_0_clk/A (sky130_fd_sc_hd__clkbuf_16)
     2    0.017181    0.039445    0.124287    0.156647 ^ clkbuf_0_clk/X (sky130_fd_sc_hd__clkbuf_16)
                                                         clknet_0_clk (net)
                      0.039445    0.000038    0.156685 ^ clkbuf_1_0__f_clk/A (sky130_fd_sc_hd__clkbuf_16)
     2    0.004670    0.028463    0.108120    0.264805 ^ clkbuf_1_0__f_clk/X (sky130_fd_sc_hd__clkbuf_16)
                                                         clknet_1_0__leaf_clk (net)
                      0.028463    0.000018    0.264823 ^ _316_/CLK (sky130_fd_sc_hd__dfrtp_1)
                                  0.250000    0.514823   clock uncertainty
                                  0.000000    0.514823   clock reconvergence pessimism
                                  0.314247    0.829070   library removal time
                                              0.829070   data required time
---------------------------------------------------------------------------------------------
                                              0.829070   data required time
                                             -4.379467   data arrival time
---------------------------------------------------------------------------------------------
                                              3.550398   slack (MET)


Startpoint: rst (input port clocked by clk)
Endpoint: _272_ (removal check against rising-edge clock clk)
Path Group: asynchronous
Path Type: min

Fanout         Cap        Slew       Delay        Time   Description
---------------------------------------------------------------------------------------------
                                  0.000000    0.000000   clock clk (rise edge)
                                  0.000000    0.000000   clock network delay (propagated)
                                  4.000000    4.000000 v input external delay
     1    0.002472    0.007875    0.003859    4.003859 v rst (in)
                                                         rst (net)
                      0.007875    0.000000    4.003859 v input17/A (sky130_fd_sc_hd__buf_1)
     2    0.010060    0.064766    0.104897    4.108756 v input17/X (sky130_fd_sc_hd__buf_1)
                                                         net17 (net)
                      0.064766    0.000047    4.108802 v fanout40/A (sky130_fd_sc_hd__clkbuf_4)
    10    0.042322    0.093760    0.204124    4.312927 v fanout40/X (sky130_fd_sc_hd__clkbuf_4)
                                                         net40 (net)
                      0.093760    0.000330    4.313257 v _256_/A (sky130_fd_sc_hd__inv_2)
     1    0.003842    0.036966    0.061796    4.375052 ^ _256_/Y (sky130_fd_sc_hd__inv_2)
                                                         _013_ (net)
                      0.036966    0.000010    4.375062 ^ _272_/SET_B (sky130_fd_sc_hd__dfstp_1)
                                              4.375062   data arrival time

                                  0.000000    0.000000   clock clk (rise edge)
                                  0.000000    0.000000   clock source latency
     1    0.009492    0.049149    0.032360    0.032360 ^ clk (in)
                                                         clk (net)
                      0.049150    0.000000    0.032360 ^ clkbuf_0_clk/A (sky130_fd_sc_hd__clkbuf_16)
     2    0.017181    0.039445    0.124287    0.156647 ^ clkbuf_0_clk/X (sky130_fd_sc_hd__clkbuf_16)
                                                         clknet_0_clk (net)
                      0.039445    0.000028    0.156675 ^ clkbuf_1_1__f_clk/A (sky130_fd_sc_hd__clkbuf_16)
     3    0.007261    0.030967    0.111230    0.267905 ^ clkbuf_1_1__f_clk/X (sky130_fd_sc_hd__clkbuf_16)
                                                         clknet_1_1__leaf_clk (net)
                      0.030967    0.000022    0.267927 ^ _272_/CLK (sky130_fd_sc_hd__dfstp_1)
                                  0.250000    0.517927   clock uncertainty
                                  0.000000    0.517927   clock reconvergence pessimism
                                  0.151866    0.669793   library removal time
                                              0.669793   data required time
---------------------------------------------------------------------------------------------
                                              0.669793   data required time
                                             -4.375062   data arrival time
---------------------------------------------------------------------------------------------
                                              3.705269   slack (MET)


Startpoint: _272_ (rising edge-triggered flip-flop clocked by clk)
Endpoint: i2c_scl (output port clocked by clk)
Path Group: clk
Path Type: min

Fanout         Cap        Slew       Delay        Time   Description
---------------------------------------------------------------------------------------------
                                  0.000000    0.000000   clock clk (rise edge)
                                  0.000000    0.000000   clock source latency
     1    0.009492    0.049149    0.032360    0.032360 ^ clk (in)
                                                         clk (net)
                      0.049150    0.000000    0.032360 ^ clkbuf_0_clk/A (sky130_fd_sc_hd__clkbuf_16)
     2    0.017181    0.039445    0.124287    0.156647 ^ clkbuf_0_clk/X (sky130_fd_sc_hd__clkbuf_16)
                                                         clknet_0_clk (net)
                      0.039445    0.000028    0.156675 ^ clkbuf_1_1__f_clk/A (sky130_fd_sc_hd__clkbuf_16)
     3    0.007261    0.030967    0.111230    0.267905 ^ clkbuf_1_1__f_clk/X (sky130_fd_sc_hd__clkbuf_16)
                                                         clknet_1_1__leaf_clk (net)
                      0.030967    0.000022    0.267927 ^ _272_/CLK (sky130_fd_sc_hd__dfstp_1)
     1    0.002619    0.027753    0.340444    0.608371 v _272_/Q (sky130_fd_sc_hd__dfstp_1)
                                                         i2c_clk (net)
                      0.027753    0.000006    0.608378 v fanout38/A (sky130_fd_sc_hd__clkbuf_2)
     7    0.020814    0.084716    0.144074    0.752452 v fanout38/X (sky130_fd_sc_hd__clkbuf_2)
                                                         net38 (net)
                      0.084716    0.000170    0.752622 v fanout34/A (sky130_fd_sc_hd__buf_2)
    10    0.027134    0.074037    0.185033    0.937656 v fanout34/X (sky130_fd_sc_hd__buf_2)
                                                         net34 (net)
                      0.074037    0.000082    0.937738 v _138_/A (sky130_fd_sc_hd__inv_2)
     2    0.011033    0.060328    0.079372    1.017110 ^ _138_/Y (sky130_fd_sc_hd__inv_2)
                                                         _025_ (net)
                      0.060328    0.000006    1.017116 ^ _187_/A (sky130_fd_sc_hd__nand2_4)
     1    0.034829    0.081955    0.087196    1.104311 v _187_/Y (sky130_fd_sc_hd__nand2_4)
                                                         i2c_scl (net)
     0    0.034829    0.081957    0.000308    1.104620 v i2c_scl (inout)
                                                         i2c_scl (net)
                                              1.104620   data arrival time

                                  0.000000    0.000000   clock clk (rise edge)
                                  0.000000    0.000000   clock network delay (propagated)
                                  0.250000    0.250000   clock uncertainty
                                  0.000000    0.250000   clock reconvergence pessimism
                                 -4.000000   -3.750000   output external delay
                                             -3.750000   data required time
---------------------------------------------------------------------------------------------
                                             -3.750000   data required time
                                             -1.104620   data arrival time
---------------------------------------------------------------------------------------------
                                              4.854620   slack (MET)


Startpoint: rst (input port clocked by clk)
Endpoint: ready (output port clocked by clk)
Path Group: clk
Path Type: min

Fanout         Cap        Slew       Delay        Time   Description
---------------------------------------------------------------------------------------------
                                  0.000000    0.000000   clock clk (rise edge)
                                  0.000000    0.000000   clock network delay (propagated)
                                  4.000000    4.000000 ^ input external delay
     1    0.002648    0.019761    0.009762    4.009761 ^ rst (in)
                                                         rst (net)
                      0.019761    0.000000    4.009761 ^ input17/A (sky130_fd_sc_hd__buf_1)
     2    0.010670    0.132224    0.134281    4.144042 ^ input17/X (sky130_fd_sc_hd__buf_1)
                                                         net17 (net)
                      0.132224    0.000050    4.144092 ^ fanout40/A (sky130_fd_sc_hd__clkbuf_4)
    10    0.045413    0.143598    0.240473    4.384565 ^ fanout40/X (sky130_fd_sc_hd__clkbuf_4)
                                                         net40 (net)
                      0.143598    0.000043    4.384608 ^ _186_/A (sky130_fd_sc_hd__nor2_1)
     1    0.002066    0.025792    0.060800    4.445408 v _186_/Y (sky130_fd_sc_hd__nor2_1)
                                                         net27 (net)
                      0.025792    0.000004    4.445412 v output27/A (sky130_fd_sc_hd__buf_2)
     1    0.034041    0.088903    0.171853    4.617265 v output27/X (sky130_fd_sc_hd__buf_2)
                                                         ready (net)
                      0.088903    0.000095    4.617360 v ready (out)
                                              4.617360   data arrival time

                                  0.000000    0.000000   clock clk (rise edge)
                                  0.000000    0.000000   clock network delay (propagated)
                                  0.250000    0.250000   clock uncertainty
                                  0.000000    0.250000   clock reconvergence pessimism
                                 -4.000000   -3.750000   output external delay
                                             -3.750000   data required time
---------------------------------------------------------------------------------------------
                                             -3.750000   data required time
                                             -4.617360   data arrival time
---------------------------------------------------------------------------------------------
                                              8.367360   slack (MET)



%OL_END_REPORT
%OL_CREATE_REPORT max.rpt

===========================================================================
report_checks -path_delay max (Setup)
============================================================================
======================= nom_tt_025C_1v80 Corner ===================================

Startpoint: rst (input port clocked by clk)
Endpoint: ready (output port clocked by clk)
Path Group: clk
Path Type: max

Fanout         Cap        Slew       Delay        Time   Description
---------------------------------------------------------------------------------------------
                                  0.000000    0.000000   clock clk (rise edge)
                                  0.000000    0.000000   clock network delay (propagated)
                                  4.000000    4.000000 v input external delay
     1    0.002472    0.007875    0.003859    4.003859 v rst (in)
                                                         rst (net)
                      0.007875    0.000000    4.003859 v input17/A (sky130_fd_sc_hd__buf_1)
     2    0.010060    0.064766    0.104897    4.108756 v input17/X (sky130_fd_sc_hd__buf_1)
                                                         net17 (net)
                      0.064766    0.000047    4.108802 v fanout40/A (sky130_fd_sc_hd__clkbuf_4)
    10    0.042322    0.093760    0.204124    4.312927 v fanout40/X (sky130_fd_sc_hd__clkbuf_4)
                                                         net40 (net)
                      0.093760    0.000040    4.312966 v _186_/A (sky130_fd_sc_hd__nor2_1)
     1    0.002226    0.070646    0.107248    4.420215 ^ _186_/Y (sky130_fd_sc_hd__nor2_1)
                                                         net27 (net)
                      0.070646    0.000004    4.420219 ^ output27/A (sky130_fd_sc_hd__buf_2)
     1    0.034041    0.169121    0.207182    4.627401 ^ output27/X (sky130_fd_sc_hd__buf_2)
                                                         ready (net)
                      0.169121    0.000095    4.627496 ^ ready (out)
                                              4.627496   data arrival time

                                 20.000000   20.000000   clock clk (rise edge)
                                  0.000000   20.000000   clock network delay (propagated)
                                 -0.250000   19.750002   clock uncertainty
                                  0.000000   19.750002   clock reconvergence pessimism
                                 -4.000000   15.750001   output external delay
                                             15.750001   data required time
---------------------------------------------------------------------------------------------
                                             15.750001   data required time
                                             -4.627496   data arrival time
---------------------------------------------------------------------------------------------
                                             11.122505   slack (MET)


Startpoint: _272_ (rising edge-triggered flip-flop clocked by clk)
Endpoint: i2c_scl (output port clocked by clk)
Path Group: clk
Path Type: max

Fanout         Cap        Slew       Delay        Time   Description
---------------------------------------------------------------------------------------------
                                  0.000000    0.000000   clock clk (rise edge)
                                  0.000000    0.000000   clock source latency
     1    0.009492    0.049149    0.032360    0.032360 ^ clk (in)
                                                         clk (net)
                      0.049150    0.000000    0.032360 ^ clkbuf_0_clk/A (sky130_fd_sc_hd__clkbuf_16)
     2    0.017181    0.039445    0.124287    0.156647 ^ clkbuf_0_clk/X (sky130_fd_sc_hd__clkbuf_16)
                                                         clknet_0_clk (net)
                      0.039445    0.000028    0.156675 ^ clkbuf_1_1__f_clk/A (sky130_fd_sc_hd__clkbuf_16)
     3    0.007261    0.030967    0.111230    0.267905 ^ clkbuf_1_1__f_clk/X (sky130_fd_sc_hd__clkbuf_16)
                                                         clknet_1_1__leaf_clk (net)
                      0.030967    0.000022    0.267927 ^ _272_/CLK (sky130_fd_sc_hd__dfstp_1)
     1    0.002849    0.047217    0.487296    0.755223 ^ _272_/Q (sky130_fd_sc_hd__dfstp_1)
                                                         i2c_clk (net)
                      0.047217    0.000007    0.755230 ^ fanout38/A (sky130_fd_sc_hd__clkbuf_2)
     7    0.022073    0.125420    0.163448    0.918679 ^ fanout38/X (sky130_fd_sc_hd__clkbuf_2)
                                                         net38 (net)
                      0.125420    0.000181    0.918860 ^ fanout34/A (sky130_fd_sc_hd__buf_2)
    10    0.029186    0.146781    0.210921    1.129781 ^ fanout34/X (sky130_fd_sc_hd__buf_2)
                                                         net34 (net)
                      0.146781    0.000089    1.129870 ^ _138_/A (sky130_fd_sc_hd__inv_2)
     2    0.010353    0.048639    0.064984    1.194853 v _138_/Y (sky130_fd_sc_hd__inv_2)
                                                         _025_ (net)
                      0.048639    0.000006    1.194859 v _187_/A (sky130_fd_sc_hd__nand2_4)
     1    0.034829    0.116340    0.110534    1.305393 ^ _187_/Y (sky130_fd_sc_hd__nand2_4)
                                                         i2c_scl (net)
     0    0.034829    0.116342    0.000308    1.305701 ^ i2c_scl (inout)
                                                         i2c_scl (net)
                                              1.305701   data arrival time

                                 20.000000   20.000000   clock clk (rise edge)
                                  0.000000   20.000000   clock network delay (propagated)
                                 -0.250000   19.750002   clock uncertainty
                                  0.000000   19.750002   clock reconvergence pessimism
                                 -4.000000   15.750001   output external delay
                                             15.750001   data required time
---------------------------------------------------------------------------------------------
                                             15.750001   data required time
                                             -1.305701   data arrival time
---------------------------------------------------------------------------------------------
                                             14.444300   slack (MET)


Startpoint: rst (input port clocked by clk)
Endpoint: _272_ (recovery check against rising-edge clock clk)
Path Group: asynchronous
Path Type: max

Fanout         Cap        Slew       Delay        Time   Description
---------------------------------------------------------------------------------------------
                                  0.000000    0.000000   clock clk (rise edge)
                                  0.000000    0.000000   clock network delay (propagated)
                                  4.000000    4.000000 v input external delay
     1    0.002472    0.007875    0.003859    4.003859 v rst (in)
                                                         rst (net)
                      0.007875    0.000000    4.003859 v input17/A (sky130_fd_sc_hd__buf_1)
     2    0.010060    0.064766    0.104897    4.108756 v input17/X (sky130_fd_sc_hd__buf_1)
                                                         net17 (net)
                      0.064766    0.000047    4.108802 v fanout40/A (sky130_fd_sc_hd__clkbuf_4)
    10    0.042322    0.093760    0.204124    4.312927 v fanout40/X (sky130_fd_sc_hd__clkbuf_4)
                                                         net40 (net)
                      0.093760    0.000330    4.313257 v _256_/A (sky130_fd_sc_hd__inv_2)
     1    0.003842    0.036966    0.061796    4.375052 ^ _256_/Y (sky130_fd_sc_hd__inv_2)
                                                         _013_ (net)
                      0.036966    0.000010    4.375062 ^ _272_/SET_B (sky130_fd_sc_hd__dfstp_1)
                                              4.375062   data arrival time

                                 20.000000   20.000000   clock clk (rise edge)
                                  0.000000   20.000000   clock source latency
     1    0.009492    0.049149    0.032360   20.032360 ^ clk (in)
                                                         clk (net)
                      0.049150    0.000000   20.032360 ^ clkbuf_0_clk/A (sky130_fd_sc_hd__clkbuf_16)
     2    0.017181    0.039445    0.124286   20.156647 ^ clkbuf_0_clk/X (sky130_fd_sc_hd__clkbuf_16)
                                                         clknet_0_clk (net)
                      0.039445    0.000028   20.156675 ^ clkbuf_1_1__f_clk/A (sky130_fd_sc_hd__clkbuf_16)
     3    0.007261    0.030967    0.111230   20.267906 ^ clkbuf_1_1__f_clk/X (sky130_fd_sc_hd__clkbuf_16)
                                                         clknet_1_1__leaf_clk (net)
                      0.030967    0.000023   20.267929 ^ _272_/CLK (sky130_fd_sc_hd__dfstp_1)
                                 -0.250000   20.017929   clock uncertainty
                                  0.000000   20.017929   clock reconvergence pessimism
                                  0.134341   20.152269   library recovery time
                                             20.152269   data required time
---------------------------------------------------------------------------------------------
                                             20.152269   data required time
                                             -4.375062   data arrival time
---------------------------------------------------------------------------------------------
                                             15.777207   slack (MET)


Startpoint: rst (input port clocked by clk)
Endpoint: _316_ (recovery check against rising-edge clock clk)
Path Group: asynchronous
Path Type: max

Fanout         Cap        Slew       Delay        Time   Description
---------------------------------------------------------------------------------------------
                                  0.000000    0.000000   clock clk (rise edge)
                                  0.000000    0.000000   clock network delay (propagated)
                                  4.000000    4.000000 v input external delay
     1    0.002472    0.007875    0.003859    4.003859 v rst (in)
                                                         rst (net)
                      0.007875    0.000000    4.003859 v input17/A (sky130_fd_sc_hd__buf_1)
     2    0.010060    0.064766    0.104897    4.108756 v input17/X (sky130_fd_sc_hd__buf_1)
                                                         net17 (net)
                      0.064766    0.000047    4.108802 v fanout40/A (sky130_fd_sc_hd__clkbuf_4)
    10    0.042322    0.093760    0.204124    4.312927 v fanout40/X (sky130_fd_sc_hd__clkbuf_4)
                                                         net40 (net)
                      0.093760    0.000227    4.313154 v _271_/A (sky130_fd_sc_hd__inv_2)
     1    0.004896    0.039573    0.066282    4.379436 ^ _271_/Y (sky130_fd_sc_hd__inv_2)
                                                         _032_ (net)
                      0.039573    0.000032    4.379467 ^ _316_/RESET_B (sky130_fd_sc_hd__dfrtp_1)
                                              4.379467   data arrival time

                                 20.000000   20.000000   clock clk (rise edge)
                                  0.000000   20.000000   clock source latency
     1    0.009492    0.049149    0.032360   20.032360 ^ clk (in)
                                                         clk (net)
                      0.049150    0.000000   20.032360 ^ clkbuf_0_clk/A (sky130_fd_sc_hd__clkbuf_16)
     2    0.017181    0.039445    0.124286   20.156647 ^ clkbuf_0_clk/X (sky130_fd_sc_hd__clkbuf_16)
                                                         clknet_0_clk (net)
                      0.039445    0.000039   20.156685 ^ clkbuf_1_0__f_clk/A (sky130_fd_sc_hd__clkbuf_16)
     2    0.004670    0.028463    0.108120   20.264805 ^ clkbuf_1_0__f_clk/X (sky130_fd_sc_hd__clkbuf_16)
                                                         clknet_1_0__leaf_clk (net)
                      0.028463    0.000018   20.264824 ^ _316_/CLK (sky130_fd_sc_hd__dfrtp_1)
                                 -0.250000   20.014824   clock uncertainty
                                  0.000000   20.014824   clock reconvergence pessimism
                                  0.226671   20.241495   library recovery time
                                             20.241495   data required time
---------------------------------------------------------------------------------------------
                                             20.241495   data required time
                                             -4.379467   data arrival time
---------------------------------------------------------------------------------------------
                                             15.862027   slack (MET)


Startpoint: rst (input port clocked by clk)
Endpoint: _314_ (recovery check against rising-edge clock clk)
Path Group: asynchronous
Path Type: max

Fanout         Cap        Slew       Delay        Time   Description
---------------------------------------------------------------------------------------------
                                  0.000000    0.000000   clock clk (rise edge)
                                  0.000000    0.000000   clock network delay (propagated)
                                  4.000000    4.000000 v input external delay
     1    0.002472    0.007875    0.003859    4.003859 v rst (in)
                                                         rst (net)
                      0.007875    0.000000    4.003859 v input17/A (sky130_fd_sc_hd__buf_1)
     2    0.010060    0.064766    0.104897    4.108756 v input17/X (sky130_fd_sc_hd__buf_1)
                                                         net17 (net)
                      0.064766    0.000047    4.108802 v fanout40/A (sky130_fd_sc_hd__clkbuf_4)
    10    0.042322    0.093760    0.204124    4.312927 v fanout40/X (sky130_fd_sc_hd__clkbuf_4)
                                                         net40 (net)
                      0.093760    0.000306    4.313233 v _269_/A (sky130_fd_sc_hd__inv_2)
     1    0.004551    0.038451    0.065063    4.378296 ^ _269_/Y (sky130_fd_sc_hd__inv_2)
                                                         _030_ (net)
                      0.038451    0.000022    4.378318 ^ _314_/RESET_B (sky130_fd_sc_hd__dfrtp_1)
                                              4.378318   data arrival time

                                 20.000000   20.000000   clock clk (rise edge)
                                  0.000000   20.000000   clock source latency
     1    0.009492    0.049149    0.032360   20.032360 ^ clk (in)
                                                         clk (net)
                      0.049150    0.000000   20.032360 ^ clkbuf_0_clk/A (sky130_fd_sc_hd__clkbuf_16)
     2    0.017181    0.039445    0.124286   20.156647 ^ clkbuf_0_clk/X (sky130_fd_sc_hd__clkbuf_16)
                                                         clknet_0_clk (net)
                      0.039445    0.000039   20.156685 ^ clkbuf_1_0__f_clk/A (sky130_fd_sc_hd__clkbuf_16)
     2    0.004670    0.028463    0.108120   20.264805 ^ clkbuf_1_0__f_clk/X (sky130_fd_sc_hd__clkbuf_16)
                                                         clknet_1_0__leaf_clk (net)
                      0.028463    0.000009   20.264814 ^ _314_/CLK (sky130_fd_sc_hd__dfrtp_1)
                                 -0.250000   20.014814   clock uncertainty
                                  0.000000   20.014814   clock reconvergence pessimism
                                  0.226962   20.241777   library recovery time
                                             20.241777   data required time
---------------------------------------------------------------------------------------------
                                             20.241777   data required time
                                             -4.378318   data arrival time
---------------------------------------------------------------------------------------------
                                             15.863459   slack (MET)


Startpoint: rst (input port clocked by clk)
Endpoint: _315_ (recovery check against rising-edge clock clk)
Path Group: asynchronous
Path Type: max

Fanout         Cap        Slew       Delay        Time   Description
---------------------------------------------------------------------------------------------
                                  0.000000    0.000000   clock clk (rise edge)
                                  0.000000    0.000000   clock network delay (propagated)
                                  4.000000    4.000000 v input external delay
     1    0.002472    0.007875    0.003859    4.003859 v rst (in)
                                                         rst (net)
                      0.007875    0.000000    4.003859 v input17/A (sky130_fd_sc_hd__buf_1)
     2    0.010060    0.064766    0.104897    4.108756 v input17/X (sky130_fd_sc_hd__buf_1)
                                                         net17 (net)
                      0.064766    0.000047    4.108802 v fanout40/A (sky130_fd_sc_hd__clkbuf_4)
    10    0.042322    0.093760    0.204124    4.312927 v fanout40/X (sky130_fd_sc_hd__clkbuf_4)
                                                         net40 (net)
                      0.093760    0.000326    4.313253 v _270_/A (sky130_fd_sc_hd__inv_2)
     1    0.004319    0.037666    0.064184    4.377437 ^ _270_/Y (sky130_fd_sc_hd__inv_2)
                                                         _031_ (net)
                      0.037666    0.000016    4.377452 ^ _315_/RESET_B (sky130_fd_sc_hd__dfrtp_1)
                                              4.377452   data arrival time

                                 20.000000   20.000000   clock clk (rise edge)
                                  0.000000   20.000000   clock source latency
     1    0.009492    0.049149    0.032360   20.032360 ^ clk (in)
                                                         clk (net)
                      0.049150    0.000000   20.032360 ^ clkbuf_0_clk/A (sky130_fd_sc_hd__clkbuf_16)
     2    0.017181    0.039445    0.124286   20.156647 ^ clkbuf_0_clk/X (sky130_fd_sc_hd__clkbuf_16)
                                                         clknet_0_clk (net)
                      0.039445    0.000028   20.156675 ^ clkbuf_1_1__f_clk/A (sky130_fd_sc_hd__clkbuf_16)
     3    0.007261    0.030967    0.111230   20.267906 ^ clkbuf_1_1__f_clk/X (sky130_fd_sc_hd__clkbuf_16)
                                                         clknet_1_1__leaf_clk (net)
                      0.030967    0.000023   20.267929 ^ _315_/CLK (sky130_fd_sc_hd__dfrtp_1)
                                 -0.250000   20.017929   clock uncertainty
                                  0.000000   20.017929   clock reconvergence pessimism
                                  0.227933   20.245863   library recovery time
                                             20.245863   data required time
---------------------------------------------------------------------------------------------
                                             20.245863   data required time
                                             -4.377452   data arrival time
---------------------------------------------------------------------------------------------
                                             15.868409   slack (MET)


Startpoint: _272_ (rising edge-triggered flip-flop clocked by clk)
Endpoint: _272_ (rising edge-triggered flip-flop clocked by clk)
Path Group: clk
Path Type: max

Fanout         Cap        Slew       Delay        Time   Description
---------------------------------------------------------------------------------------------
                                  0.000000    0.000000   clock clk (rise edge)
                                  0.000000    0.000000   clock source latency
     1    0.009492    0.049149    0.032360    0.032360 ^ clk (in)
                                                         clk (net)
                      0.049150    0.000000    0.032360 ^ clkbuf_0_clk/A (sky130_fd_sc_hd__clkbuf_16)
     2    0.017181    0.039445    0.124287    0.156647 ^ clkbuf_0_clk/X (sky130_fd_sc_hd__clkbuf_16)
                                                         clknet_0_clk (net)
                      0.039445    0.000028    0.156675 ^ clkbuf_1_1__f_clk/A (sky130_fd_sc_hd__clkbuf_16)
     3    0.007261    0.030967    0.111230    0.267905 ^ clkbuf_1_1__f_clk/X (sky130_fd_sc_hd__clkbuf_16)
                                                         clknet_1_1__leaf_clk (net)
                      0.030967    0.000022    0.267927 ^ _272_/CLK (sky130_fd_sc_hd__dfstp_1)
     1    0.002849    0.047217    0.487296    0.755223 ^ _272_/Q (sky130_fd_sc_hd__dfstp_1)
                                                         i2c_clk (net)
                      0.047217    0.000007    0.755230 ^ fanout38/A (sky130_fd_sc_hd__clkbuf_2)
     7    0.022073    0.125420    0.163448    0.918679 ^ fanout38/X (sky130_fd_sc_hd__clkbuf_2)
                                                         net38 (net)
                      0.125420    0.000127    0.918806 ^ fanout35/A (sky130_fd_sc_hd__buf_2)
    10    0.030300    0.151960    0.214686    1.133492 ^ fanout35/X (sky130_fd_sc_hd__buf_2)
                                                         net35 (net)
                      0.151960    0.000081    1.133572 ^ _175_/A (sky130_fd_sc_hd__xnor2_1)
     1    0.002996    0.122303    0.133096    1.266669 ^ _175_/Y (sky130_fd_sc_hd__xnor2_1)
                                                         _033_ (net)
                      0.122303    0.000009    1.266678 ^ _272_/D (sky130_fd_sc_hd__dfstp_1)
                                              1.266678   data arrival time

                                 20.000000   20.000000   clock clk (rise edge)
                                  0.000000   20.000000   clock source latency
     1    0.009492    0.049149    0.032360   20.032360 ^ clk (in)
                                                         clk (net)
                      0.049150    0.000000   20.032360 ^ clkbuf_0_clk/A (sky130_fd_sc_hd__clkbuf_16)
     2    0.017181    0.039445    0.124286   20.156647 ^ clkbuf_0_clk/X (sky130_fd_sc_hd__clkbuf_16)
                                                         clknet_0_clk (net)
                      0.039445    0.000028   20.156675 ^ clkbuf_1_1__f_clk/A (sky130_fd_sc_hd__clkbuf_16)
     3    0.007261    0.030967    0.111230   20.267906 ^ clkbuf_1_1__f_clk/X (sky130_fd_sc_hd__clkbuf_16)
                                                         clknet_1_1__leaf_clk (net)
                      0.030967    0.000023   20.267929 ^ _272_/CLK (sky130_fd_sc_hd__dfstp_1)
                                 -0.250000   20.017929   clock uncertainty
                                  0.000000   20.017929   clock reconvergence pessimism
                                 -0.073265   19.944666   library setup time
                                             19.944666   data required time
---------------------------------------------------------------------------------------------
                                             19.944666   data required time
                                             -1.266678   data arrival time
---------------------------------------------------------------------------------------------
                                             18.677988   slack (MET)


Startpoint: _314_ (rising edge-triggered flip-flop clocked by clk)
Endpoint: _315_ (rising edge-triggered flip-flop clocked by clk)
Path Group: clk
Path Type: max

Fanout         Cap        Slew       Delay        Time   Description
---------------------------------------------------------------------------------------------
                                  0.000000    0.000000   clock clk (rise edge)
                                  0.000000    0.000000   clock source latency
     1    0.009492    0.049149    0.032360    0.032360 ^ clk (in)
                                                         clk (net)
                      0.049150    0.000000    0.032360 ^ clkbuf_0_clk/A (sky130_fd_sc_hd__clkbuf_16)
     2    0.017181    0.039445    0.124287    0.156647 ^ clkbuf_0_clk/X (sky130_fd_sc_hd__clkbuf_16)
                                                         clknet_0_clk (net)
                      0.039445    0.000038    0.156685 ^ clkbuf_1_0__f_clk/A (sky130_fd_sc_hd__clkbuf_16)
     2    0.004670    0.028463    0.108120    0.264805 ^ clkbuf_1_0__f_clk/X (sky130_fd_sc_hd__clkbuf_16)
                                                         clknet_1_0__leaf_clk (net)
                      0.028463    0.000008    0.264814 ^ _314_/CLK (sky130_fd_sc_hd__dfrtp_1)
     3    0.009489    0.071197    0.383614    0.648428 v _314_/Q (sky130_fd_sc_hd__dfrtp_1)
                                                         clk_counter[0] (net)
                      0.071197    0.000010    0.648438 v _189_/A (sky130_fd_sc_hd__or2_1)
     1    0.003224    0.050338    0.232983    0.881421 v _189_/X (sky130_fd_sc_hd__or2_1)
                                                         _104_ (net)
                      0.050338    0.000014    0.881435 v _190_/C1 (sky130_fd_sc_hd__o211a_1)
     1    0.003057    0.039702    0.107461    0.988896 v _190_/X (sky130_fd_sc_hd__o211a_1)
                                                         _001_ (net)
                      0.039702    0.000013    0.988909 v _315_/D (sky130_fd_sc_hd__dfrtp_1)
                                              0.988909   data arrival time

                                 20.000000   20.000000   clock clk (rise edge)
                                  0.000000   20.000000   clock source latency
     1    0.009492    0.049149    0.032360   20.032360 ^ clk (in)
                                                         clk (net)
                      0.049150    0.000000   20.032360 ^ clkbuf_0_clk/A (sky130_fd_sc_hd__clkbuf_16)
     2    0.017181    0.039445    0.124286   20.156647 ^ clkbuf_0_clk/X (sky130_fd_sc_hd__clkbuf_16)
                                                         clknet_0_clk (net)
                      0.039445    0.000028   20.156675 ^ clkbuf_1_1__f_clk/A (sky130_fd_sc_hd__clkbuf_16)
     3    0.007261    0.030967    0.111230   20.267906 ^ clkbuf_1_1__f_clk/X (sky130_fd_sc_hd__clkbuf_16)
                                                         clknet_1_1__leaf_clk (net)
                      0.030967    0.000023   20.267929 ^ _315_/CLK (sky130_fd_sc_hd__dfrtp_1)
                                 -0.250000   20.017929   clock uncertainty
                                  0.000000   20.017929   clock reconvergence pessimism
                                 -0.115171   19.902758   library setup time
                                             19.902758   data required time
---------------------------------------------------------------------------------------------
                                             19.902758   data required time
                                             -0.988909   data arrival time
---------------------------------------------------------------------------------------------
                                             18.913849   slack (MET)


Startpoint: _314_ (rising edge-triggered flip-flop clocked by clk)
Endpoint: _316_ (rising edge-triggered flip-flop clocked by clk)
Path Group: clk
Path Type: max

Fanout         Cap        Slew       Delay        Time   Description
---------------------------------------------------------------------------------------------
                                  0.000000    0.000000   clock clk (rise edge)
                                  0.000000    0.000000   clock source latency
     1    0.009492    0.049149    0.032360    0.032360 ^ clk (in)
                                                         clk (net)
                      0.049150    0.000000    0.032360 ^ clkbuf_0_clk/A (sky130_fd_sc_hd__clkbuf_16)
     2    0.017181    0.039445    0.124287    0.156647 ^ clkbuf_0_clk/X (sky130_fd_sc_hd__clkbuf_16)
                                                         clknet_0_clk (net)
                      0.039445    0.000038    0.156685 ^ clkbuf_1_0__f_clk/A (sky130_fd_sc_hd__clkbuf_16)
     2    0.004670    0.028463    0.108120    0.264805 ^ clkbuf_1_0__f_clk/X (sky130_fd_sc_hd__clkbuf_16)
                                                         clknet_1_0__leaf_clk (net)
                      0.028463    0.000008    0.264814 ^ _314_/CLK (sky130_fd_sc_hd__dfrtp_1)
     3    0.010120    0.104201    0.357761    0.622575 ^ _314_/Q (sky130_fd_sc_hd__dfrtp_1)
                                                         clk_counter[0] (net)
                      0.104201    0.000021    0.622596 ^ _188_/A (sky130_fd_sc_hd__nand2_1)
     2    0.008749    0.073904    0.095289    0.717885 v _188_/Y (sky130_fd_sc_hd__nand2_1)
                                                         _103_ (net)
                      0.073904    0.000046    0.717931 v _191_/B (sky130_fd_sc_hd__xnor2_1)
     1    0.002424    0.044234    0.127386    0.845317 v _191_/Y (sky130_fd_sc_hd__xnor2_1)
                                                         _002_ (net)
                      0.044234    0.000007    0.845324 v _316_/D (sky130_fd_sc_hd__dfrtp_1)
                                              0.845324   data arrival time

                                 20.000000   20.000000   clock clk (rise edge)
                                  0.000000   20.000000   clock source latency
     1    0.009492    0.049149    0.032360   20.032360 ^ clk (in)
                                                         clk (net)
                      0.049150    0.000000   20.032360 ^ clkbuf_0_clk/A (sky130_fd_sc_hd__clkbuf_16)
     2    0.017181    0.039445    0.124286   20.156647 ^ clkbuf_0_clk/X (sky130_fd_sc_hd__clkbuf_16)
                                                         clknet_0_clk (net)
                      0.039445    0.000039   20.156685 ^ clkbuf_1_0__f_clk/A (sky130_fd_sc_hd__clkbuf_16)
     2    0.004670    0.028463    0.108120   20.264805 ^ clkbuf_1_0__f_clk/X (sky130_fd_sc_hd__clkbuf_16)
                                                         clknet_1_0__leaf_clk (net)
                      0.028463    0.000018   20.264824 ^ _316_/CLK (sky130_fd_sc_hd__dfrtp_1)
                                 -0.250000   20.014824   clock uncertainty
                                  0.000000   20.014824   clock reconvergence pessimism
                                 -0.117723   19.897102   library setup time
                                             19.897102   data required time
---------------------------------------------------------------------------------------------
                                             19.897102   data required time
                                             -0.845324   data arrival time
---------------------------------------------------------------------------------------------
                                             19.051777   slack (MET)


Startpoint: _314_ (rising edge-triggered flip-flop clocked by clk)
Endpoint: _314_ (rising edge-triggered flip-flop clocked by clk)
Path Group: clk
Path Type: max

Fanout         Cap        Slew       Delay        Time   Description
---------------------------------------------------------------------------------------------
                                  0.000000    0.000000   clock clk (rise edge)
                                  0.000000    0.000000   clock source latency
     1    0.009492    0.049149    0.032360    0.032360 ^ clk (in)
                                                         clk (net)
                      0.049150    0.000000    0.032360 ^ clkbuf_0_clk/A (sky130_fd_sc_hd__clkbuf_16)
     2    0.017181    0.039445    0.124287    0.156647 ^ clkbuf_0_clk/X (sky130_fd_sc_hd__clkbuf_16)
                                                         clknet_0_clk (net)
                      0.039445    0.000038    0.156685 ^ clkbuf_1_0__f_clk/A (sky130_fd_sc_hd__clkbuf_16)
     2    0.004670    0.028463    0.108120    0.264805 ^ clkbuf_1_0__f_clk/X (sky130_fd_sc_hd__clkbuf_16)
                                                         clknet_1_0__leaf_clk (net)
                      0.028463    0.000008    0.264814 ^ _314_/CLK (sky130_fd_sc_hd__dfrtp_1)
     3    0.010120    0.104201    0.357761    0.622575 ^ _314_/Q (sky130_fd_sc_hd__dfrtp_1)
                                                         clk_counter[0] (net)
                      0.104201    0.000011    0.622586 ^ _142_/A (sky130_fd_sc_hd__inv_2)
     3    0.007389    0.033709    0.048967    0.671552 v _142_/Y (sky130_fd_sc_hd__inv_2)
                                                         _000_ (net)
                      0.033709    0.000017    0.671569 v _314_/D (sky130_fd_sc_hd__dfrtp_1)
                                              0.671569   data arrival time

                                 20.000000   20.000000   clock clk (rise edge)
                                  0.000000   20.000000   clock source latency
     1    0.009492    0.049149    0.032360   20.032360 ^ clk (in)
                                                         clk (net)
                      0.049150    0.000000   20.032360 ^ clkbuf_0_clk/A (sky130_fd_sc_hd__clkbuf_16)
     2    0.017181    0.039445    0.124286   20.156647 ^ clkbuf_0_clk/X (sky130_fd_sc_hd__clkbuf_16)
                                                         clknet_0_clk (net)
                      0.039445    0.000039   20.156685 ^ clkbuf_1_0__f_clk/A (sky130_fd_sc_hd__clkbuf_16)
     2    0.004670    0.028463    0.108120   20.264805 ^ clkbuf_1_0__f_clk/X (sky130_fd_sc_hd__clkbuf_16)
                                                         clknet_1_0__leaf_clk (net)
                      0.028463    0.000009   20.264814 ^ _314_/CLK (sky130_fd_sc_hd__dfrtp_1)
                                 -0.250000   20.014814   clock uncertainty
                                  0.000000   20.014814   clock reconvergence pessimism
                                 -0.113127   19.901688   library setup time
                                             19.901688   data required time
---------------------------------------------------------------------------------------------
                                             19.901688   data required time
                                             -0.671569   data arrival time
---------------------------------------------------------------------------------------------
                                             19.230118   slack (MET)



%OL_END_REPORT
%OL_CREATE_REPORT checks.rpt

===========================================================================
report_checks -unconstrained
===========================================================================
======================= nom_tt_025C_1v80 Corner ===================================

Startpoint: rst (input port clocked by clk)
Endpoint: _272_ (recovery check against rising-edge clock clk)
Path Group: asynchronous
Path Type: max

Fanout         Cap        Slew       Delay        Time   Description
---------------------------------------------------------------------------------------------
                                  0.000000    0.000000   clock clk (rise edge)
                                  0.000000    0.000000   clock network delay (propagated)
                                  4.000000    4.000000 v input external delay
     1    0.002472    0.007875    0.003859    4.003859 v rst (in)
                                                         rst (net)
                      0.007875    0.000000    4.003859 v input17/A (sky130_fd_sc_hd__buf_1)
     2    0.010060    0.064766    0.104897    4.108756 v input17/X (sky130_fd_sc_hd__buf_1)
                                                         net17 (net)
                      0.064766    0.000047    4.108802 v fanout40/A (sky130_fd_sc_hd__clkbuf_4)
    10    0.042322    0.093760    0.204124    4.312927 v fanout40/X (sky130_fd_sc_hd__clkbuf_4)
                                                         net40 (net)
                      0.093760    0.000330    4.313257 v _256_/A (sky130_fd_sc_hd__inv_2)
     1    0.003842    0.036966    0.061796    4.375052 ^ _256_/Y (sky130_fd_sc_hd__inv_2)
                                                         _013_ (net)
                      0.036966    0.000010    4.375062 ^ _272_/SET_B (sky130_fd_sc_hd__dfstp_1)
                                              4.375062   data arrival time

                                 20.000000   20.000000   clock clk (rise edge)
                                  0.000000   20.000000   clock source latency
     1    0.009492    0.049149    0.032360   20.032360 ^ clk (in)
                                                         clk (net)
                      0.049150    0.000000   20.032360 ^ clkbuf_0_clk/A (sky130_fd_sc_hd__clkbuf_16)
     2    0.017181    0.039445    0.124286   20.156647 ^ clkbuf_0_clk/X (sky130_fd_sc_hd__clkbuf_16)
                                                         clknet_0_clk (net)
                      0.039445    0.000028   20.156675 ^ clkbuf_1_1__f_clk/A (sky130_fd_sc_hd__clkbuf_16)
     3    0.007261    0.030967    0.111230   20.267906 ^ clkbuf_1_1__f_clk/X (sky130_fd_sc_hd__clkbuf_16)
                                                         clknet_1_1__leaf_clk (net)
                      0.030967    0.000023   20.267929 ^ _272_/CLK (sky130_fd_sc_hd__dfstp_1)
                                 -0.250000   20.017929   clock uncertainty
                                  0.000000   20.017929   clock reconvergence pessimism
                                  0.134341   20.152269   library recovery time
                                             20.152269   data required time
---------------------------------------------------------------------------------------------
                                             20.152269   data required time
                                             -4.375062   data arrival time
---------------------------------------------------------------------------------------------
                                             15.777207   slack (MET)


Startpoint: rst (input port clocked by clk)
Endpoint: ready (output port clocked by clk)
Path Group: clk
Path Type: max

Fanout         Cap        Slew       Delay        Time   Description
---------------------------------------------------------------------------------------------
                                  0.000000    0.000000   clock clk (rise edge)
                                  0.000000    0.000000   clock network delay (propagated)
                                  4.000000    4.000000 v input external delay
     1    0.002472    0.007875    0.003859    4.003859 v rst (in)
                                                         rst (net)
                      0.007875    0.000000    4.003859 v input17/A (sky130_fd_sc_hd__buf_1)
     2    0.010060    0.064766    0.104897    4.108756 v input17/X (sky130_fd_sc_hd__buf_1)
                                                         net17 (net)
                      0.064766    0.000047    4.108802 v fanout40/A (sky130_fd_sc_hd__clkbuf_4)
    10    0.042322    0.093760    0.204124    4.312927 v fanout40/X (sky130_fd_sc_hd__clkbuf_4)
                                                         net40 (net)
                      0.093760    0.000040    4.312966 v _186_/A (sky130_fd_sc_hd__nor2_1)
     1    0.002226    0.070646    0.107248    4.420215 ^ _186_/Y (sky130_fd_sc_hd__nor2_1)
                                                         net27 (net)
                      0.070646    0.000004    4.420219 ^ output27/A (sky130_fd_sc_hd__buf_2)
     1    0.034041    0.169121    0.207182    4.627401 ^ output27/X (sky130_fd_sc_hd__buf_2)
                                                         ready (net)
                      0.169121    0.000095    4.627496 ^ ready (out)
                                              4.627496   data arrival time

                                 20.000000   20.000000   clock clk (rise edge)
                                  0.000000   20.000000   clock network delay (propagated)
                                 -0.250000   19.750002   clock uncertainty
                                  0.000000   19.750002   clock reconvergence pessimism
                                 -4.000000   15.750001   output external delay
                                             15.750001   data required time
---------------------------------------------------------------------------------------------
                                             15.750001   data required time
                                             -4.627496   data arrival time
---------------------------------------------------------------------------------------------
                                             11.122505   slack (MET)




===========================================================================
report_checks --slack_max -0.01
============================================================================
======================= nom_tt_025C_1v80 Corner ===================================

No paths found.


===========================================================================
 report_check_types -max_slew -max_cap -max_fanout -violators
============================================================================
======================= nom_tt_025C_1v80 Corner ===================================



===========================================================================
report_parasitic_annotation -report_unannotated
============================================================================
Found 1 unannotated drivers.
 clkload0/X
Found 2 partially unannotated drivers.
 i2c_scl
 i2c_sda

===========================================================================
max slew violation count 0
Writing metric design__max_slew_violation__count__corner:nom_tt_025C_1v80: 0
max fanout violation count 0
Writing metric design__max_fanout_violation__count__corner:nom_tt_025C_1v80: 0
max cap violation count 0
Writing metric design__max_cap_violation__count__corner:nom_tt_025C_1v80: 0
============================================================================

===========================================================================
check_setup -verbose -unconstrained_endpoints -multiple_clock -no_clock -no_input_delay -loops -generated_clocks
===========================================================================
Warning: There are 41 unclocked register/latch pins.
  _273_/CLK
  _274_/CLK
  _275_/CLK
  _276_/CLK
  _277_/CLK
  _278_/CLK
  _279_/CLK
  _280_/CLK
  _281_/CLK
  _282_/CLK
  _283_/CLK
  _284_/CLK
  _285_/CLK
  _286_/CLK
  _287_/CLK
  _288_/CLK
  _289_/CLK
  _290_/CLK
  _291_/CLK
  _292_/CLK
  _293_/CLK
  _294_/CLK
  _295_/CLK
  _296_/CLK
  _297_/CLK
  _298_/CLK
  _299_/CLK
  _300_/CLK
  _301_/CLK
  _302_/CLK
  _303_/CLK
  _304_/CLK
  _305_/CLK
  _306_/CLK
  _307_/CLK
  _308_/CLK
  _309_/CLK
  _310_/CLK
  _311_/CLK
  _312_/CLK
  _313_/CLK
Warning: There are 50 unconstrained endpoints.
  data_out[0]
  data_out[1]
  data_out[2]
  data_out[3]
  data_out[4]
  data_out[5]
  data_out[6]
  data_out[7]
  i2c_sda
  _273_/D
  _274_/D
  _275_/D
  _276_/D
  _277_/D
  _278_/D
  _279_/D
  _280_/D
  _281_/D
  _282_/D
  _283_/D
  _284_/D
  _285_/D
  _286_/D
  _287_/D
  _288_/D
  _289_/D
  _290_/D
  _291_/D
  _292_/D
  _293_/D
  _294_/D
  _295_/D
  _296_/D
  _297_/D
  _298_/D
  _299_/D
  _300_/D
  _301_/D
  _302_/D
  _303_/D
  _304_/D
  _305_/D
  _306_/D
  _307_/D
  _308_/D
  _309_/D
  _310_/D
  _311_/D
  _312_/D
  _313_/D
%OL_END_REPORT
%OL_CREATE_REPORT power.rpt

===========================================================================
 report_power
============================================================================
======================= nom_tt_025C_1v80 Corner ===================================

Group                    Internal    Switching      Leakage        Total
                            Power        Power        Power        Power (Watts)
------------------------------------------------------------------------
Sequential           1.650113e-05 2.019204e-05 4.428313e-10 3.669361e-05  34.8%
Combinational        2.255092e-05 1.393834e-05 6.007910e-10 3.648985e-05  34.6%
Clock                2.750453e-05 4.716146e-06 2.035719e-10 3.222088e-05  30.6%
Macro                0.000000e+00 0.000000e+00 0.000000e+00 0.000000e+00   0.0%
Pad                  0.000000e+00 0.000000e+00 0.000000e+00 0.000000e+00   0.0%
------------------------------------------------------------------------
Total                6.655657e-05 3.884652e-05 1.247198e-09 1.054043e-04 100.0%
                            63.1%        36.9%         0.0%
Writing metric power__internal__total: 6.6556574893184e-5
Writing metric power__switching__total: 3.884652323904447e-5
Writing metric power__leakage__total: 1.2471980115336123e-9
Writing metric power__total: 0.00010540434595895931

%OL_END_REPORT
%OL_CREATE_REPORT skew.min.rpt

===========================================================================
Clock Skew (Hold)
============================================================================
Writing metric clock__skew__worst_hold__corner:nom_tt_025C_1v80: -0.25311428669445407
======================= nom_tt_025C_1v80 Corner ===================================

Clock clk
0.264814 source latency _314_/CLK ^
-0.267928 target latency _315_/CLK ^
-0.250000 clock uncertainty
0.000000 CRPR
--------------
-0.253114 hold skew

%OL_END_REPORT
%OL_CREATE_REPORT skew.max.rpt

===========================================================================
Clock Skew (Setup)
============================================================================
Writing metric clock__skew__worst_setup__corner:nom_tt_025C_1v80: 0.25310509959866545
======================= nom_tt_025C_1v80 Corner ===================================

Clock clk
0.267928 source latency _315_/CLK ^
-0.264823 target latency _316_/CLK ^
0.250000 clock uncertainty
0.000000 CRPR
--------------
0.253105 setup skew

%OL_END_REPORT
%OL_CREATE_REPORT ws.min.rpt

===========================================================================
Worst Slack (Hold)
============================================================================
Writing metric timing__hold__ws__corner:nom_tt_025C_1v80: 0.20170576890773703
nom_tt_025C_1v80: 0.20170576890773703
%OL_END_REPORT
%OL_CREATE_REPORT ws.max.rpt

===========================================================================
Worst Slack (Setup)
============================================================================
Writing metric timing__setup__ws__corner:nom_tt_025C_1v80: 11.122505009603984
nom_tt_025C_1v80: 11.122505009603984
%OL_END_REPORT
%OL_CREATE_REPORT tns.min.rpt

===========================================================================
Total Negative Slack (Hold)
============================================================================
Writing metric timing__hold__tns__corner:nom_tt_025C_1v80: 0.0
nom_tt_025C_1v80: 0.0
%OL_END_REPORT
%OL_CREATE_REPORT tns.max.rpt

===========================================================================
Total Negative Slack (Setup)
============================================================================
Writing metric timing__setup__tns__corner:nom_tt_025C_1v80: 0.0
nom_tt_025C_1v80: 0.0
%OL_END_REPORT
%OL_CREATE_REPORT wns.min.rpt

===========================================================================
Worst Negative Slack (Hold)
============================================================================
Writing metric timing__hold__wns__corner:nom_tt_025C_1v80: 0
nom_tt_025C_1v80: 0
%OL_END_REPORT
%OL_CREATE_REPORT wns.max.rpt

===========================================================================
Worst Negative Slack (Setup)
============================================================================
Writing metric timing__setup__wns__corner:nom_tt_025C_1v80: 0.0
nom_tt_025C_1v80: 0.0
%OL_END_REPORT
%OL_CREATE_REPORT violator_list.rpt

===========================================================================
Violator List
============================================================================
Writing metric timing__hold_vio__count__corner:nom_tt_025C_1v80: 0
Writing metric timing__hold_r2r__ws__corner:nom_tt_025C_1v80: 0.201706
Writing metric timing__hold_r2r_vio__count__corner:nom_tt_025C_1v80: 0
Writing metric timing__setup_vio__count__corner:nom_tt_025C_1v80: 0
Writing metric timing__setup_r2r__ws__corner:nom_tt_025C_1v80: 18.677988
Writing metric timing__setup_r2r_vio__count__corner:nom_tt_025C_1v80: 0
%OL_END_REPORT
%OL_CREATE_REPORT unpropagated.rpt
%OL_END_REPORT
%OL_CREATE_REPORT clock.rpt
Clock: clk
Sources: clk 
Generated: no
Virtual: yes
Propagated: no
Period: 20.000000

===========================================================================
report_clock_properties
============================================================================
Clock                   Period          Waveform
----------------------------------------------------
clk                  20.000000    0.000000 10.000000

===========================================================================
report_clock_latency
============================================================================
Clock clk
rise -> rise
    min     max
0.000000 0.000000 source latency
0.264814         network latency _314_/CLK
        1.133607 network latency _286_/CLK
---------------
0.264814 1.133607 latency
        0.868793 skew

rise -> fall
    min     max
0.000000 0.000000 source latency
0.752751         network latency _293_/CLK
        1.194862 network latency _295_/CLK
---------------
0.752751 1.194862 latency
        0.442111 skew

fall -> fall
    min     max
0.000000 0.000000 source latency
0.274218         network latency _314_/CLK
        0.276783 network latency _315_/CLK
---------------
0.274218 0.276783 latency
        0.002565 skew



===========================================================================
report_clock_min_period
============================================================================
clk period_min = 1.32 fmax = 756.42
%OL_END_REPORT
