Reading timing models for corner nom_tt_025C_1v80…
Reading timing library for the 'nom_tt_025C_1v80' corner at '/home/davidsales/.ciel/ciel/sky130/versions/0fe599b2afb6708d281543108caf8310912f54af/sky130A/libs.ref/sky130_fd_sc_hd/lib/sky130_fd_sc_hd__tt_025C_1v80.lib'…
Reading timing models for corner nom_ff_n40C_1v95…
Reading timing library for the 'nom_ff_n40C_1v95' corner at '/home/davidsales/.ciel/ciel/sky130/versions/0fe599b2afb6708d281543108caf8310912f54af/sky130A/libs.ref/sky130_fd_sc_hd/lib/sky130_fd_sc_hd__ff_n40C_1v95.lib'…
Reading timing models for corner nom_ss_100C_1v60…
Reading timing library for the 'nom_ss_100C_1v60' corner at '/home/davidsales/.ciel/ciel/sky130/versions/0fe599b2afb6708d281543108caf8310912f54af/sky130A/libs.ref/sky130_fd_sc_hd/lib/sky130_fd_sc_hd__ss_100C_1v60.lib'…
Reading OpenROAD database at '/home/davidsales/Documentos/Coding/Main_HDL/Synthesis/designs/i2c_master/runs/RUN_2026-02-24_21-34-25/34-openroad-cts/i2c_master_controller.odb'…
Reading design constraints file at '/nix/store/41c5n1rfapbw2k2daig2yag6mbsifckg-python3-3.11.9-env/lib/python3.11/site-packages/librelane/scripts/base.sdc'…
[INFO] Using clock clk…
[INFO] Setting output delay to: 4.0
[INFO] Setting input delay to: 4.0
[INFO] Setting load to: 0.033442
[INFO] Setting clock uncertainty to: 0.25
[INFO] Setting clock transition to: 0.1499999999999999944488848768742172978818416595458984375
[INFO] Setting timing derate to: 5%
[INFO] Setting RC values…
[INFO RSZ-0098] No setup violations found
[INFO RSZ-0046] Found 4 endpoints with hold violations.
Iteration | Resized | Buffers | Cloned Gates |   WNS   |   TNS   | Endpoint
---------------------------------------------------------------------------
        0 |       0 |       0 |            0 |   0.037 |   0.000 | _314_/D
    final |       0 |       4 |            0 |   0.119 |   0.000 | _315_/D
---------------------------------------------------------------------------
[INFO RSZ-0032] Inserted 4 hold buffers.
Placement Analysis
---------------------------------
total displacement         29.4 u
average displacement        0.1 u
max displacement            5.8 u
original HPWL            3602.6 u
legalized HPWL           3769.4 u
delta HPWL                    5 %

[INFO DPL-0020] Mirrored 90 instances
[INFO DPL-0021] HPWL before            3769.4 u
[INFO DPL-0022] HPWL after             3624.5 u
[INFO DPL-0023] HPWL delta               -3.8 %
[INFO] Setting RC values…
Setting global connections for newly added cells…
[INFO] Setting global connections...
Updating metrics…
Cell type report:                       Count       Area
  Fill cell                                50     187.68
  Tap cell                                 67      83.83
  Clock buffer                              4      82.58
  Timing Repair Buffer                     44     222.71
  Inverter                                 30     112.61
  Sequential cell                          45     998.46
  Multi-Input combinational cell          108     919.63
  Total                                   348    2607.50
Writing OpenROAD database to '/home/davidsales/Documentos/Coding/Main_HDL/Synthesis/designs/i2c_master/runs/RUN_2026-02-24_21-34-25/36-openroad-resizertimingpostcts/i2c_master_controller.odb'…
Writing netlist to '/home/davidsales/Documentos/Coding/Main_HDL/Synthesis/designs/i2c_master/runs/RUN_2026-02-24_21-34-25/36-openroad-resizertimingpostcts/i2c_master_controller.nl.v'…
Writing powered netlist to '/home/davidsales/Documentos/Coding/Main_HDL/Synthesis/designs/i2c_master/runs/RUN_2026-02-24_21-34-25/36-openroad-resizertimingpostcts/i2c_master_controller.pnl.v'…
Writing layout to '/home/davidsales/Documentos/Coding/Main_HDL/Synthesis/designs/i2c_master/runs/RUN_2026-02-24_21-34-25/36-openroad-resizertimingpostcts/i2c_master_controller.def'…
Writing timing constraints to '/home/davidsales/Documentos/Coding/Main_HDL/Synthesis/designs/i2c_master/runs/RUN_2026-02-24_21-34-25/36-openroad-resizertimingpostcts/i2c_master_controller.sdc'…
