
===========================================================================
report_checks -unconstrained
===========================================================================
======================= nom_tt_025C_1v80 Corner ===================================

Startpoint: rst (input port clocked by clk)
Endpoint: _272_ (recovery check against rising-edge clock clk)
Path Group: asynchronous
Path Type: max

Fanout         Cap        Slew       Delay        Time   Description
---------------------------------------------------------------------------------------------
                                  0.000000    0.000000   clock clk (rise edge)
                                  0.000000    0.000000   clock network delay (propagated)
                                  4.000000    4.000000 v input external delay
    20    0.094651    0.207581    0.152705    4.152705 v rst (in)
                                                         rst (net)
                      0.207591    0.000000    4.152705 v _256_/A (sky130_fd_sc_hd__inv_2)
     1    0.003499    0.056136    0.089263    4.241968 ^ _256_/Y (sky130_fd_sc_hd__inv_2)
                                                         _013_ (net)
                      0.056136    0.000002    4.241970 ^ _272_/SET_B (sky130_fd_sc_hd__dfstp_2)
                                              4.241970   data arrival time

                                 20.000000   20.000000   clock clk (rise edge)
                                  0.000000   20.000000   clock source latency
     4    0.009706    0.050100    0.033042   20.033043 ^ clk (in)
                                                         clk (net)
                      0.050101    0.000000   20.033043 ^ _272_/CLK (sky130_fd_sc_hd__dfstp_2)
                                 -0.250000   19.783043   clock uncertainty
                                  0.000000   19.783043   clock reconvergence pessimism
                                  0.136616   19.919659   library recovery time
                                             19.919659   data required time
---------------------------------------------------------------------------------------------
                                             19.919659   data required time
                                             -4.241970   data arrival time
---------------------------------------------------------------------------------------------
                                             15.677689   slack (MET)


Startpoint: rst (input port clocked by clk)
Endpoint: ready (output port clocked by clk)
Path Group: clk
Path Type: max

Fanout         Cap        Slew       Delay        Time   Description
---------------------------------------------------------------------------------------------
                                  0.000000    0.000000   clock clk (rise edge)
                                  0.000000    0.000000   clock network delay (propagated)
                                  4.000000    4.000000 v input external delay
    20    0.094651    0.207581    0.152117    4.152117 v rst (in)
                                                         rst (net)
                      0.207584    0.000000    4.152117 v _186_/A (sky130_fd_sc_hd__nor2_2)
     1    0.034356    0.383029    0.389699    4.541816 ^ _186_/Y (sky130_fd_sc_hd__nor2_2)
                                                         ready (net)
                      0.383029    0.000133    4.541950 ^ ready (out)
                                              4.541950   data arrival time

                                 20.000000   20.000000   clock clk (rise edge)
                                  0.000000   20.000000   clock network delay (propagated)
                                 -0.250000   19.750002   clock uncertainty
                                  0.000000   19.750002   clock reconvergence pessimism
                                 -4.000000   15.750001   output external delay
                                             15.750001   data required time
---------------------------------------------------------------------------------------------
                                             15.750001   data required time
                                             -4.541950   data arrival time
---------------------------------------------------------------------------------------------
                                             11.208052   slack (MET)




===========================================================================
report_checks --slack_max -0.01
============================================================================
======================= nom_tt_025C_1v80 Corner ===================================

No paths found.


===========================================================================
 report_check_types -max_slew -max_cap -max_fanout -violators
============================================================================
======================= nom_tt_025C_1v80 Corner ===================================

max slew

Pin                                        Limit        Slew       Slack
------------------------------------------------------------------------
i2c_sda                                 0.750000    0.767235   -0.017235 (VIOLATED)
_198_/A1                                0.750000    0.767235   -0.017235 (VIOLATED)
_218_/A                                 0.750000    0.767234   -0.017234 (VIOLATED)
_236_/A                                 0.750000    0.767234   -0.017234 (VIOLATED)
_227_/A0                                0.750000    0.767234   -0.017234 (VIOLATED)
_217_/A1                                0.750000    0.767233   -0.017233 (VIOLATED)
_139_/A                                 0.750000    0.767232   -0.017232 (VIOLATED)
_177_/A1                                0.750000    0.767231   -0.017231 (VIOLATED)
_317_/Z                                 0.750000    0.767231   -0.017231 (VIOLATED)

max fanout

Pin                                   Limit Fanout  Slack
---------------------------------------------------------
_272_/Q                                  10     42    -32 (VIOLATED)
rst                                      10     20    -10 (VIOLATED)
_209_/X                                  10     18     -8 (VIOLATED)
_275_/Q                                  10     12     -2 (VIOLATED)
_292_/Q                                  10     12     -2 (VIOLATED)



===========================================================================
report_parasitic_annotation -report_unannotated
============================================================================
Found 0 unannotated drivers.
Found 2 partially unannotated drivers.
 i2c_scl
 i2c_sda

===========================================================================
max slew violation count 9
Writing metric design__max_slew_violation__count__corner:nom_tt_025C_1v80: 9
max fanout violation count 5
Writing metric design__max_fanout_violation__count__corner:nom_tt_025C_1v80: 5
max cap violation count 0
Writing metric design__max_cap_violation__count__corner:nom_tt_025C_1v80: 0
============================================================================

===========================================================================
check_setup -verbose -unconstrained_endpoints -multiple_clock -no_clock -no_input_delay -loops -generated_clocks
===========================================================================
Warning: There are 41 unclocked register/latch pins.
  _273_/CLK
  _274_/CLK
  _275_/CLK
  _276_/CLK
  _277_/CLK
  _278_/CLK
  _279_/CLK
  _280_/CLK
  _281_/CLK
  _282_/CLK
  _283_/CLK
  _284_/CLK
  _285_/CLK
  _286_/CLK
  _287_/CLK
  _288_/CLK
  _289_/CLK
  _290_/CLK
  _291_/CLK
  _292_/CLK
  _293_/CLK
  _294_/CLK
  _295_/CLK
  _296_/CLK
  _297_/CLK
  _298_/CLK
  _299_/CLK
  _300_/CLK
  _301_/CLK
  _302_/CLK
  _303_/CLK
  _304_/CLK
  _305_/CLK
  _306_/CLK
  _307_/CLK
  _308_/CLK
  _309_/CLK
  _310_/CLK
  _311_/CLK
  _312_/CLK
  _313_/CLK
Warning: There are 50 unconstrained endpoints.
  data_out[0]
  data_out[1]
  data_out[2]
  data_out[3]
  data_out[4]
  data_out[5]
  data_out[6]
  data_out[7]
  i2c_sda
  _273_/D
  _274_/D
  _275_/D
  _276_/D
  _277_/D
  _278_/D
  _279_/D
  _280_/D
  _281_/D
  _282_/D
  _283_/D
  _284_/D
  _285_/D
  _286_/D
  _287_/D
  _288_/D
  _289_/D
  _290_/D
  _291_/D
  _292_/D
  _293_/D
  _294_/D
  _295_/D
  _296_/D
  _297_/D
  _298_/D
  _299_/D
  _300_/D
  _301_/D
  _302_/D
  _303_/D
  _304_/D
  _305_/D
  _306_/D
  _307_/D
  _308_/D
  _309_/D
  _310_/D
  _311_/D
  _312_/D
  _313_/D
