Clock: clk
Sources: clk 
Generated: no
Virtual: yes
Propagated: no
Period: 20.000000

===========================================================================
report_clock_properties
============================================================================
Clock                   Period          Waveform
----------------------------------------------------
clk                  20.000000    0.000000 10.000000

===========================================================================
report_clock_latency
============================================================================
Clock clk
rise -> rise
    min     max
0.000000 0.000000 source latency
0.033042         network latency _272_/CLK
        0.944711 network latency _280_/CLK
---------------
0.033042 0.944711 latency
        0.911668 skew

rise -> fall
    min     max
0.000000 0.000000 source latency
0.577874         network latency _288_/CLK
        1.018108 network latency _295_/CLK
---------------
0.577874 1.018108 latency
        0.440234 skew

fall -> fall
    min     max
0.000000 0.000000 source latency
0.014716         network latency _272_/CLK
        0.014724 network latency _314_/CLK
---------------
0.014716 0.014724 latency
        0.000008 skew



===========================================================================
report_clock_min_period
============================================================================
clk period_min = 1.40 fmax = 714.67
