Reading OpenROAD database at '/home/davidsales/Documentos/Coding/Main_HDL/Synthesis/designs/i2c_master/runs/RUN_2026-02-24_21-34-25/27-openroad-globalplacement/i2c_master_controller.odb'…
Reading library file at '/home/davidsales/.ciel/ciel/sky130/versions/0fe599b2afb6708d281543108caf8310912f54af/sky130A/libs.ref/sky130_fd_sc_hd/lib/sky130_fd_sc_hd__tt_025C_1v80.lib'…
Reading design constraints file at '/nix/store/41c5n1rfapbw2k2daig2yag6mbsifckg-python3-3.11.9-env/lib/python3.11/site-packages/librelane/scripts/base.sdc'…
[INFO] Using clock clk…
[INFO] Setting output delay to: 4.0
[INFO] Setting input delay to: 4.0
[INFO] Setting load to: 0.033442
[INFO] Setting clock uncertainty to: 0.25
[INFO] Setting clock transition to: 0.1499999999999999944488848768742172978818416595458984375
[INFO] Setting timing derate to: 5%
[INFO] Setting RC values…
[WARNING GRT-0097] No global routing found for nets.
%OL_CREATE_REPORT min.rpt

===========================================================================
report_checks -path_delay min (Hold)
============================================================================
======================= nom_tt_025C_1v80 Corner ===================================

Startpoint: _314_ (rising edge-triggered flip-flop clocked by clk)
Endpoint: _314_ (rising edge-triggered flip-flop clocked by clk)
Path Group: clk
Path Type: min

Fanout         Cap        Slew       Delay        Time   Description
---------------------------------------------------------------------------------------------
                                  0.000000    0.000000   clock clk (rise edge)
                                  0.000000    0.000000   clock source latency
     4    0.009706    0.050100    0.033051    0.033051 ^ clk (in)
                                                         clk (net)
                      0.050101    0.000000    0.033051 ^ _314_/CLK (sky130_fd_sc_hd__dfrtp_2)
     3    0.011210    0.075848    0.370934    0.403985 ^ _314_/Q (sky130_fd_sc_hd__dfrtp_2)
                                                         clk_counter[0] (net)
                      0.075848    0.000015    0.404000 ^ _142_/A (sky130_fd_sc_hd__inv_2)
     3    0.006149    0.026994    0.040231    0.444231 v _142_/Y (sky130_fd_sc_hd__inv_2)
                                                         _000_ (net)
                      0.026994    0.000004    0.444235 v _314_/D (sky130_fd_sc_hd__dfrtp_2)
                                              0.444235   data arrival time

                                  0.000000    0.000000   clock clk (rise edge)
                                  0.000000    0.000000   clock source latency
     4    0.009706    0.050100    0.033051    0.033051 ^ clk (in)
                                                         clk (net)
                      0.050101    0.000000    0.033051 ^ _314_/CLK (sky130_fd_sc_hd__dfrtp_2)
                                  0.250000    0.283051   clock uncertainty
                                  0.000000    0.283051   clock reconvergence pessimism
                                 -0.033620    0.249431   library hold time
                                              0.249431   data required time
---------------------------------------------------------------------------------------------
                                              0.249431   data required time
                                             -0.444235   data arrival time
---------------------------------------------------------------------------------------------
                                              0.194804   slack (MET)


Startpoint: _316_ (rising edge-triggered flip-flop clocked by clk)
Endpoint: _316_ (rising edge-triggered flip-flop clocked by clk)
Path Group: clk
Path Type: min

Fanout         Cap        Slew       Delay        Time   Description
---------------------------------------------------------------------------------------------
                                  0.000000    0.000000   clock clk (rise edge)
                                  0.000000    0.000000   clock source latency
     4    0.009706    0.050100    0.033051    0.033051 ^ clk (in)
                                                         clk (net)
                      0.050101    0.000000    0.033051 ^ _316_/CLK (sky130_fd_sc_hd__dfrtp_2)
     3    0.013668    0.083420    0.380651    0.413702 ^ _316_/Q (sky130_fd_sc_hd__dfrtp_2)
                                                         clk_counter[2] (net)
                      0.083420    0.000035    0.413738 ^ _191_/A (sky130_fd_sc_hd__xnor2_2)
     1    0.002332    0.027936    0.065921    0.479659 v _191_/Y (sky130_fd_sc_hd__xnor2_2)
                                                         _002_ (net)
                      0.027936    0.000004    0.479662 v _316_/D (sky130_fd_sc_hd__dfrtp_2)
                                              0.479662   data arrival time

                                  0.000000    0.000000   clock clk (rise edge)
                                  0.000000    0.000000   clock source latency
     4    0.009706    0.050100    0.033051    0.033051 ^ clk (in)
                                                         clk (net)
                      0.050101    0.000000    0.033051 ^ _316_/CLK (sky130_fd_sc_hd__dfrtp_2)
                                  0.250000    0.283051   clock uncertainty
                                  0.000000    0.283051   clock reconvergence pessimism
                                 -0.034003    0.249048   library hold time
                                              0.249048   data required time
---------------------------------------------------------------------------------------------
                                              0.249048   data required time
                                             -0.479662   data arrival time
---------------------------------------------------------------------------------------------
                                              0.230614   slack (MET)


Startpoint: _315_ (rising edge-triggered flip-flop clocked by clk)
Endpoint: _272_ (rising edge-triggered flip-flop clocked by clk)
Path Group: clk
Path Type: min

Fanout         Cap        Slew       Delay        Time   Description
---------------------------------------------------------------------------------------------
                                  0.000000    0.000000   clock clk (rise edge)
                                  0.000000    0.000000   clock source latency
     4    0.009706    0.050100    0.033051    0.033051 ^ clk (in)
                                                         clk (net)
                      0.050101    0.000000    0.033051 ^ _315_/CLK (sky130_fd_sc_hd__dfrtp_2)
     3    0.008400    0.063900    0.358840    0.391891 ^ _315_/Q (sky130_fd_sc_hd__dfrtp_2)
                                                         clk_counter[1] (net)
                      0.063900    0.000013    0.391904 ^ _174_/B (sky130_fd_sc_hd__or3_2)
     1    0.008580    0.055003    0.127988    0.519892 ^ _174_/X (sky130_fd_sc_hd__or3_2)
                                                         _097_ (net)
                      0.055003    0.000007    0.519899 ^ _175_/B (sky130_fd_sc_hd__xnor2_2)
     1    0.002312    0.026458    0.050888    0.570787 v _175_/Y (sky130_fd_sc_hd__xnor2_2)
                                                         _033_ (net)
                      0.026458    0.000001    0.570788 v _272_/D (sky130_fd_sc_hd__dfstp_2)
                                              0.570788   data arrival time

                                  0.000000    0.000000   clock clk (rise edge)
                                  0.000000    0.000000   clock source latency
     4    0.009706    0.050100    0.033042    0.033042 ^ clk (in)
                                                         clk (net)
                      0.050101    0.000000    0.033042 ^ _272_/CLK (sky130_fd_sc_hd__dfstp_2)
                                  0.250000    0.283042   clock uncertainty
                                  0.000000    0.283042   clock reconvergence pessimism
                                 -0.001450    0.281592   library hold time
                                              0.281592   data required time
---------------------------------------------------------------------------------------------
                                              0.281592   data required time
                                             -0.570788   data arrival time
---------------------------------------------------------------------------------------------
                                              0.289196   slack (MET)


Startpoint: _316_ (rising edge-triggered flip-flop clocked by clk)
Endpoint: _315_ (rising edge-triggered flip-flop clocked by clk)
Path Group: clk
Path Type: min

Fanout         Cap        Slew       Delay        Time   Description
---------------------------------------------------------------------------------------------
                                  0.000000    0.000000   clock clk (rise edge)
                                  0.000000    0.000000   clock source latency
     4    0.009706    0.050100    0.033051    0.033051 ^ clk (in)
                                                         clk (net)
                      0.050101    0.000000    0.033051 ^ _316_/CLK (sky130_fd_sc_hd__dfrtp_2)
     3    0.013668    0.083420    0.380651    0.413702 ^ _316_/Q (sky130_fd_sc_hd__dfrtp_2)
                                                         clk_counter[2] (net)
                      0.083420    0.000025    0.413728 ^ _190_/A2 (sky130_fd_sc_hd__o211a_2)
     1    0.002405    0.039669    0.162067    0.575795 ^ _190_/X (sky130_fd_sc_hd__o211a_2)
                                                         _001_ (net)
                      0.039669    0.000004    0.575799 ^ _315_/D (sky130_fd_sc_hd__dfrtp_2)
                                              0.575799   data arrival time

                                  0.000000    0.000000   clock clk (rise edge)
                                  0.000000    0.000000   clock source latency
     4    0.009706    0.050100    0.033051    0.033051 ^ clk (in)
                                                         clk (net)
                      0.050101    0.000000    0.033051 ^ _315_/CLK (sky130_fd_sc_hd__dfrtp_2)
                                  0.250000    0.283051   clock uncertainty
                                  0.000000    0.283051   clock reconvergence pessimism
                                 -0.032877    0.250174   library hold time
                                              0.250174   data required time
---------------------------------------------------------------------------------------------
                                              0.250174   data required time
                                             -0.575799   data arrival time
---------------------------------------------------------------------------------------------
                                              0.325625   slack (MET)


Startpoint: rst (input port clocked by clk)
Endpoint: _315_ (removal check against rising-edge clock clk)
Path Group: asynchronous
Path Type: min

Fanout         Cap        Slew       Delay        Time   Description
---------------------------------------------------------------------------------------------
                                  0.000000    0.000000   clock clk (rise edge)
                                  0.000000    0.000000   clock network delay (propagated)
                                  4.000000    4.000000 v input external delay
    20    0.094651    0.207581    0.152613    4.152613 v rst (in)
                                                         rst (net)
                      0.207590    0.000000    4.152613 v _270_/A (sky130_fd_sc_hd__inv_2)
     1    0.003655    0.056960    0.090504    4.243117 ^ _270_/Y (sky130_fd_sc_hd__inv_2)
                                                         _031_ (net)
                      0.056960    0.000000    4.243118 ^ _315_/RESET_B (sky130_fd_sc_hd__dfrtp_2)
                                              4.243118   data arrival time

                                  0.000000    0.000000   clock clk (rise edge)
                                  0.000000    0.000000   clock source latency
     4    0.009706    0.050100    0.033051    0.033051 ^ clk (in)
                                                         clk (net)
                      0.050101    0.000000    0.033051 ^ _315_/CLK (sky130_fd_sc_hd__dfrtp_2)
                                  0.250000    0.283051   clock uncertainty
                                  0.000000    0.283051   clock reconvergence pessimism
                                  0.324912    0.607963   library removal time
                                              0.607963   data required time
---------------------------------------------------------------------------------------------
                                              0.607963   data required time
                                             -4.243118   data arrival time
---------------------------------------------------------------------------------------------
                                              3.635156   slack (MET)


Startpoint: rst (input port clocked by clk)
Endpoint: _314_ (removal check against rising-edge clock clk)
Path Group: asynchronous
Path Type: min

Fanout         Cap        Slew       Delay        Time   Description
---------------------------------------------------------------------------------------------
                                  0.000000    0.000000   clock clk (rise edge)
                                  0.000000    0.000000   clock network delay (propagated)
                                  4.000000    4.000000 v input external delay
    20    0.094651    0.207581    0.152607    4.152607 v rst (in)
                                                         rst (net)
                      0.207590    0.000000    4.152607 v _269_/A (sky130_fd_sc_hd__inv_2)
     1    0.003682    0.057100    0.090715    4.243322 ^ _269_/Y (sky130_fd_sc_hd__inv_2)
                                                         _030_ (net)
                      0.057100    0.000001    4.243323 ^ _314_/RESET_B (sky130_fd_sc_hd__dfrtp_2)
                                              4.243323   data arrival time

                                  0.000000    0.000000   clock clk (rise edge)
                                  0.000000    0.000000   clock source latency
     4    0.009706    0.050100    0.033051    0.033051 ^ clk (in)
                                                         clk (net)
                      0.050101    0.000000    0.033051 ^ _314_/CLK (sky130_fd_sc_hd__dfrtp_2)
                                  0.250000    0.283051   clock uncertainty
                                  0.000000    0.283051   clock reconvergence pessimism
                                  0.324950    0.608001   library removal time
                                              0.608001   data required time
---------------------------------------------------------------------------------------------
                                              0.608001   data required time
                                             -4.243323   data arrival time
---------------------------------------------------------------------------------------------
                                              3.635322   slack (MET)


Startpoint: rst (input port clocked by clk)
Endpoint: _316_ (removal check against rising-edge clock clk)
Path Group: asynchronous
Path Type: min

Fanout         Cap        Slew       Delay        Time   Description
---------------------------------------------------------------------------------------------
                                  0.000000    0.000000   clock clk (rise edge)
                                  0.000000    0.000000   clock network delay (propagated)
                                  4.000000    4.000000 v input external delay
    20    0.094651    0.207581    0.152606    4.152606 v rst (in)
                                                         rst (net)
                      0.207589    0.000000    4.152606 v _271_/A (sky130_fd_sc_hd__inv_2)
     1    0.003684    0.057110    0.090731    4.243337 ^ _271_/Y (sky130_fd_sc_hd__inv_2)
                                                         _032_ (net)
                      0.057110    0.000001    4.243338 ^ _316_/RESET_B (sky130_fd_sc_hd__dfrtp_2)
                                              4.243338   data arrival time

                                  0.000000    0.000000   clock clk (rise edge)
                                  0.000000    0.000000   clock source latency
     4    0.009706    0.050100    0.033051    0.033051 ^ clk (in)
                                                         clk (net)
                      0.050101    0.000000    0.033051 ^ _316_/CLK (sky130_fd_sc_hd__dfrtp_2)
                                  0.250000    0.283051   clock uncertainty
                                  0.000000    0.283051   clock reconvergence pessimism
                                  0.324953    0.608004   library removal time
                                              0.608004   data required time
---------------------------------------------------------------------------------------------
                                              0.608004   data required time
                                             -4.243338   data arrival time
---------------------------------------------------------------------------------------------
                                              3.635334   slack (MET)


Startpoint: rst (input port clocked by clk)
Endpoint: _272_ (removal check against rising-edge clock clk)
Path Group: asynchronous
Path Type: min

Fanout         Cap        Slew       Delay        Time   Description
---------------------------------------------------------------------------------------------
                                  0.000000    0.000000   clock clk (rise edge)
                                  0.000000    0.000000   clock network delay (propagated)
                                  4.000000    4.000000 v input external delay
    20    0.094651    0.207581    0.152705    4.152705 v rst (in)
                                                         rst (net)
                      0.207591    0.000000    4.152705 v _256_/A (sky130_fd_sc_hd__inv_2)
     1    0.003499    0.056136    0.089263    4.241968 ^ _256_/Y (sky130_fd_sc_hd__inv_2)
                                                         _013_ (net)
                      0.056136    0.000002    4.241970 ^ _272_/SET_B (sky130_fd_sc_hd__dfstp_2)
                                              4.241970   data arrival time

                                  0.000000    0.000000   clock clk (rise edge)
                                  0.000000    0.000000   clock source latency
     4    0.009706    0.050100    0.033042    0.033042 ^ clk (in)
                                                         clk (net)
                      0.050101    0.000000    0.033042 ^ _272_/CLK (sky130_fd_sc_hd__dfstp_2)
                                  0.250000    0.283042   clock uncertainty
                                  0.000000    0.283042   clock reconvergence pessimism
                                  0.156645    0.439688   library removal time
                                              0.439688   data required time
---------------------------------------------------------------------------------------------
                                              0.439688   data required time
                                             -4.241970   data arrival time
---------------------------------------------------------------------------------------------
                                              3.802283   slack (MET)


Startpoint: _272_ (rising edge-triggered flip-flop clocked by clk)
Endpoint: i2c_scl (output port clocked by clk)
Path Group: clk
Path Type: min

Fanout         Cap        Slew       Delay        Time   Description
---------------------------------------------------------------------------------------------
                                  0.000000    0.000000   clock clk (rise edge)
                                  0.000000    0.000000   clock source latency
     4    0.009706    0.050100    0.033042    0.033042 ^ clk (in)
                                                         clk (net)
                      0.050101    0.000000    0.033042 ^ _272_/CLK (sky130_fd_sc_hd__dfstp_2)
    42    0.112620    0.251672    0.544713    0.577755 v _272_/Q (sky130_fd_sc_hd__dfstp_2)
                                                         i2c_clk (net)
                      0.251672    0.000221    0.577976 v _138_/A (sky130_fd_sc_hd__inv_2)
     2    0.006729    0.077698    0.120578    0.698555 ^ _138_/Y (sky130_fd_sc_hd__inv_2)
                                                         _025_ (net)
                      0.077698    0.000004    0.698559 ^ _187_/A (sky130_fd_sc_hd__nand2_2)
     1    0.034710    0.140164    0.137517    0.836076 v _187_/Y (sky130_fd_sc_hd__nand2_2)
                                                         i2c_scl (net)
     0    0.034710    0.140165    0.000285    0.836361 v i2c_scl (inout)
                                                         i2c_scl (net)
                                              0.836361   data arrival time

                                  0.000000    0.000000   clock clk (rise edge)
                                  0.000000    0.000000   clock network delay (propagated)
                                  0.250000    0.250000   clock uncertainty
                                  0.000000    0.250000   clock reconvergence pessimism
                                 -4.000000   -3.750000   output external delay
                                             -3.750000   data required time
---------------------------------------------------------------------------------------------
                                             -3.750000   data required time
                                             -0.836361   data arrival time
---------------------------------------------------------------------------------------------
                                              4.586361   slack (MET)


Startpoint: rst (input port clocked by clk)
Endpoint: ready (output port clocked by clk)
Path Group: clk
Path Type: min

Fanout         Cap        Slew       Delay        Time   Description
---------------------------------------------------------------------------------------------
                                  0.000000    0.000000   clock clk (rise edge)
                                  0.000000    0.000000   clock network delay (propagated)
                                  4.000000    4.000000 ^ input external delay
    20    0.102086    0.461309    0.317998    4.317998 ^ rst (in)
                                                         rst (net)
                      0.461311    0.000000    4.317998 ^ _186_/A (sky130_fd_sc_hd__nor2_2)
     1    0.034356    0.082802    0.194520    4.512518 v _186_/Y (sky130_fd_sc_hd__nor2_2)
                                                         ready (net)
                      0.082802    0.000133    4.512652 v ready (out)
                                              4.512652   data arrival time

                                  0.000000    0.000000   clock clk (rise edge)
                                  0.000000    0.000000   clock network delay (propagated)
                                  0.250000    0.250000   clock uncertainty
                                  0.000000    0.250000   clock reconvergence pessimism
                                 -4.000000   -3.750000   output external delay
                                             -3.750000   data required time
---------------------------------------------------------------------------------------------
                                             -3.750000   data required time
                                             -4.512652   data arrival time
---------------------------------------------------------------------------------------------
                                              8.262651   slack (MET)



%OL_END_REPORT
%OL_CREATE_REPORT max.rpt

===========================================================================
report_checks -path_delay max (Setup)
============================================================================
======================= nom_tt_025C_1v80 Corner ===================================

Startpoint: rst (input port clocked by clk)
Endpoint: ready (output port clocked by clk)
Path Group: clk
Path Type: max

Fanout         Cap        Slew       Delay        Time   Description
---------------------------------------------------------------------------------------------
                                  0.000000    0.000000   clock clk (rise edge)
                                  0.000000    0.000000   clock network delay (propagated)
                                  4.000000    4.000000 v input external delay
    20    0.094651    0.207581    0.152117    4.152117 v rst (in)
                                                         rst (net)
                      0.207584    0.000000    4.152117 v _186_/A (sky130_fd_sc_hd__nor2_2)
     1    0.034356    0.383029    0.389699    4.541816 ^ _186_/Y (sky130_fd_sc_hd__nor2_2)
                                                         ready (net)
                      0.383029    0.000133    4.541950 ^ ready (out)
                                              4.541950   data arrival time

                                 20.000000   20.000000   clock clk (rise edge)
                                  0.000000   20.000000   clock network delay (propagated)
                                 -0.250000   19.750002   clock uncertainty
                                  0.000000   19.750002   clock reconvergence pessimism
                                 -4.000000   15.750001   output external delay
                                             15.750001   data required time
---------------------------------------------------------------------------------------------
                                             15.750001   data required time
                                             -4.541950   data arrival time
---------------------------------------------------------------------------------------------
                                             11.208052   slack (MET)


Startpoint: _272_ (rising edge-triggered flip-flop clocked by clk)
Endpoint: i2c_scl (output port clocked by clk)
Path Group: clk
Path Type: max

Fanout         Cap        Slew       Delay        Time   Description
---------------------------------------------------------------------------------------------
                                  0.000000    0.000000   clock clk (rise edge)
                                  0.000000    0.000000   clock source latency
     4    0.009706    0.050100    0.033042    0.033042 ^ clk (in)
                                                         clk (net)
                      0.050101    0.000000    0.033042 ^ _272_/CLK (sky130_fd_sc_hd__dfstp_2)
    42    0.120960    0.582485    0.910597    0.943639 ^ _272_/Q (sky130_fd_sc_hd__dfstp_2)
                                                         i2c_clk (net)
                      0.582485    0.000238    0.943878 ^ _138_/A (sky130_fd_sc_hd__inv_2)
     2    0.006309    0.095037    0.074229    1.018107 v _138_/Y (sky130_fd_sc_hd__inv_2)
                                                         _025_ (net)
                      0.095037    0.000004    1.018111 v _187_/A (sky130_fd_sc_hd__nand2_2)
     1    0.034710    0.187550    0.181746    1.199856 ^ _187_/Y (sky130_fd_sc_hd__nand2_2)
                                                         i2c_scl (net)
     0    0.034710    0.187550    0.000285    1.200141 ^ i2c_scl (inout)
                                                         i2c_scl (net)
                                              1.200141   data arrival time

                                 20.000000   20.000000   clock clk (rise edge)
                                  0.000000   20.000000   clock network delay (propagated)
                                 -0.250000   19.750002   clock uncertainty
                                  0.000000   19.750002   clock reconvergence pessimism
                                 -4.000000   15.750001   output external delay
                                             15.750001   data required time
---------------------------------------------------------------------------------------------
                                             15.750001   data required time
                                             -1.200141   data arrival time
---------------------------------------------------------------------------------------------
                                             14.549859   slack (MET)


Startpoint: rst (input port clocked by clk)
Endpoint: _272_ (recovery check against rising-edge clock clk)
Path Group: asynchronous
Path Type: max

Fanout         Cap        Slew       Delay        Time   Description
---------------------------------------------------------------------------------------------
                                  0.000000    0.000000   clock clk (rise edge)
                                  0.000000    0.000000   clock network delay (propagated)
                                  4.000000    4.000000 v input external delay
    20    0.094651    0.207581    0.152705    4.152705 v rst (in)
                                                         rst (net)
                      0.207591    0.000000    4.152705 v _256_/A (sky130_fd_sc_hd__inv_2)
     1    0.003499    0.056136    0.089263    4.241968 ^ _256_/Y (sky130_fd_sc_hd__inv_2)
                                                         _013_ (net)
                      0.056136    0.000002    4.241970 ^ _272_/SET_B (sky130_fd_sc_hd__dfstp_2)
                                              4.241970   data arrival time

                                 20.000000   20.000000   clock clk (rise edge)
                                  0.000000   20.000000   clock source latency
     4    0.009706    0.050100    0.033042   20.033043 ^ clk (in)
                                                         clk (net)
                      0.050101    0.000000   20.033043 ^ _272_/CLK (sky130_fd_sc_hd__dfstp_2)
                                 -0.250000   19.783043   clock uncertainty
                                  0.000000   19.783043   clock reconvergence pessimism
                                  0.136616   19.919659   library recovery time
                                             19.919659   data required time
---------------------------------------------------------------------------------------------
                                             19.919659   data required time
                                             -4.241970   data arrival time
---------------------------------------------------------------------------------------------
                                             15.677689   slack (MET)


Startpoint: rst (input port clocked by clk)
Endpoint: _316_ (recovery check against rising-edge clock clk)
Path Group: asynchronous
Path Type: max

Fanout         Cap        Slew       Delay        Time   Description
---------------------------------------------------------------------------------------------
                                  0.000000    0.000000   clock clk (rise edge)
                                  0.000000    0.000000   clock network delay (propagated)
                                  4.000000    4.000000 v input external delay
    20    0.094651    0.207581    0.152606    4.152606 v rst (in)
                                                         rst (net)
                      0.207589    0.000000    4.152606 v _271_/A (sky130_fd_sc_hd__inv_2)
     1    0.003684    0.057110    0.090731    4.243337 ^ _271_/Y (sky130_fd_sc_hd__inv_2)
                                                         _032_ (net)
                      0.057110    0.000001    4.243338 ^ _316_/RESET_B (sky130_fd_sc_hd__dfrtp_2)
                                              4.243338   data arrival time

                                 20.000000   20.000000   clock clk (rise edge)
                                  0.000000   20.000000   clock source latency
     4    0.009706    0.050100    0.033051   20.033051 ^ clk (in)
                                                         clk (net)
                      0.050101    0.000000   20.033051 ^ _316_/CLK (sky130_fd_sc_hd__dfrtp_2)
                                 -0.250000   19.783052   clock uncertainty
                                  0.000000   19.783052   clock reconvergence pessimism
                                  0.217139   20.000191   library recovery time
                                             20.000191   data required time
---------------------------------------------------------------------------------------------
                                             20.000191   data required time
                                             -4.243338   data arrival time
---------------------------------------------------------------------------------------------
                                             15.756852   slack (MET)


Startpoint: rst (input port clocked by clk)
Endpoint: _314_ (recovery check against rising-edge clock clk)
Path Group: asynchronous
Path Type: max

Fanout         Cap        Slew       Delay        Time   Description
---------------------------------------------------------------------------------------------
                                  0.000000    0.000000   clock clk (rise edge)
                                  0.000000    0.000000   clock network delay (propagated)
                                  4.000000    4.000000 v input external delay
    20    0.094651    0.207581    0.152607    4.152607 v rst (in)
                                                         rst (net)
                      0.207590    0.000000    4.152607 v _269_/A (sky130_fd_sc_hd__inv_2)
     1    0.003682    0.057100    0.090715    4.243322 ^ _269_/Y (sky130_fd_sc_hd__inv_2)
                                                         _030_ (net)
                      0.057100    0.000001    4.243323 ^ _314_/RESET_B (sky130_fd_sc_hd__dfrtp_2)
                                              4.243323   data arrival time

                                 20.000000   20.000000   clock clk (rise edge)
                                  0.000000   20.000000   clock source latency
     4    0.009706    0.050100    0.033051   20.033051 ^ clk (in)
                                                         clk (net)
                      0.050101    0.000000   20.033051 ^ _314_/CLK (sky130_fd_sc_hd__dfrtp_2)
                                 -0.250000   19.783052   clock uncertainty
                                  0.000000   19.783052   clock reconvergence pessimism
                                  0.217142   20.000195   library recovery time
                                             20.000195   data required time
---------------------------------------------------------------------------------------------
                                             20.000195   data required time
                                             -4.243323   data arrival time
---------------------------------------------------------------------------------------------
                                             15.756872   slack (MET)


Startpoint: rst (input port clocked by clk)
Endpoint: _315_ (recovery check against rising-edge clock clk)
Path Group: asynchronous
Path Type: max

Fanout         Cap        Slew       Delay        Time   Description
---------------------------------------------------------------------------------------------
                                  0.000000    0.000000   clock clk (rise edge)
                                  0.000000    0.000000   clock network delay (propagated)
                                  4.000000    4.000000 v input external delay
    20    0.094651    0.207581    0.152613    4.152613 v rst (in)
                                                         rst (net)
                      0.207590    0.000000    4.152613 v _270_/A (sky130_fd_sc_hd__inv_2)
     1    0.003655    0.056960    0.090504    4.243117 ^ _270_/Y (sky130_fd_sc_hd__inv_2)
                                                         _031_ (net)
                      0.056960    0.000000    4.243118 ^ _315_/RESET_B (sky130_fd_sc_hd__dfrtp_2)
                                              4.243118   data arrival time

                                 20.000000   20.000000   clock clk (rise edge)
                                  0.000000   20.000000   clock source latency
     4    0.009706    0.050100    0.033051   20.033051 ^ clk (in)
                                                         clk (net)
                      0.050101    0.000000   20.033051 ^ _315_/CLK (sky130_fd_sc_hd__dfrtp_2)
                                 -0.250000   19.783052   clock uncertainty
                                  0.000000   19.783052   clock reconvergence pessimism
                                  0.217184   20.000237   library recovery time
                                             20.000237   data required time
---------------------------------------------------------------------------------------------
                                             20.000237   data required time
                                             -4.243118   data arrival time
---------------------------------------------------------------------------------------------
                                             15.757119   slack (MET)


Startpoint: _272_ (rising edge-triggered flip-flop clocked by clk)
Endpoint: _272_ (rising edge-triggered flip-flop clocked by clk)
Path Group: clk
Path Type: max

Fanout         Cap        Slew       Delay        Time   Description
---------------------------------------------------------------------------------------------
                                  0.000000    0.000000   clock clk (rise edge)
                                  0.000000    0.000000   clock source latency
     4    0.009706    0.050100    0.033042    0.033042 ^ clk (in)
                                                         clk (net)
                      0.050101    0.000000    0.033042 ^ _272_/CLK (sky130_fd_sc_hd__dfstp_2)
    42    0.120960    0.582485    0.910597    0.943639 ^ _272_/Q (sky130_fd_sc_hd__dfstp_2)
                                                         i2c_clk (net)
                      0.582485    0.000101    0.943741 ^ _175_/A (sky130_fd_sc_hd__xnor2_2)
     1    0.002567    0.107998    0.171074    1.114815 ^ _175_/Y (sky130_fd_sc_hd__xnor2_2)
                                                         _033_ (net)
                      0.107998    0.000001    1.114816 ^ _272_/D (sky130_fd_sc_hd__dfstp_2)
                                              1.114816   data arrival time

                                 20.000000   20.000000   clock clk (rise edge)
                                  0.000000   20.000000   clock source latency
     4    0.009706    0.050100    0.033042   20.033043 ^ clk (in)
                                                         clk (net)
                      0.050101    0.000000   20.033043 ^ _272_/CLK (sky130_fd_sc_hd__dfstp_2)
                                 -0.250000   19.783043   clock uncertainty
                                  0.000000   19.783043   clock reconvergence pessimism
                                 -0.067481   19.715561   library setup time
                                             19.715561   data required time
---------------------------------------------------------------------------------------------
                                             19.715561   data required time
                                             -1.114816   data arrival time
---------------------------------------------------------------------------------------------
                                             18.600744   slack (MET)


Startpoint: _314_ (rising edge-triggered flip-flop clocked by clk)
Endpoint: _315_ (rising edge-triggered flip-flop clocked by clk)
Path Group: clk
Path Type: max

Fanout         Cap        Slew       Delay        Time   Description
---------------------------------------------------------------------------------------------
                                  0.000000    0.000000   clock clk (rise edge)
                                  0.000000    0.000000   clock source latency
     4    0.009706    0.050100    0.033051    0.033051 ^ clk (in)
                                                         clk (net)
                      0.050101    0.000000    0.033051 ^ _314_/CLK (sky130_fd_sc_hd__dfrtp_2)
     3    0.010436    0.059974    0.410956    0.444007 v _314_/Q (sky130_fd_sc_hd__dfrtp_2)
                                                         clk_counter[0] (net)
                      0.059974    0.000015    0.444022 v _189_/A (sky130_fd_sc_hd__or2_2)
     1    0.002718    0.054517    0.291376    0.735398 v _189_/X (sky130_fd_sc_hd__or2_2)
                                                         _104_ (net)
                      0.054517    0.000005    0.735404 v _190_/C1 (sky130_fd_sc_hd__o211a_2)
     1    0.002349    0.039755    0.113408    0.848811 v _190_/X (sky130_fd_sc_hd__o211a_2)
                                                         _001_ (net)
                      0.039755    0.000004    0.848816 v _315_/D (sky130_fd_sc_hd__dfrtp_2)
                                              0.848816   data arrival time

                                 20.000000   20.000000   clock clk (rise edge)
                                  0.000000   20.000000   clock source latency
     4    0.009706    0.050100    0.033051   20.033051 ^ clk (in)
                                                         clk (net)
                      0.050101    0.000000   20.033051 ^ _315_/CLK (sky130_fd_sc_hd__dfrtp_2)
                                 -0.250000   19.783052   clock uncertainty
                                  0.000000   19.783052   clock reconvergence pessimism
                                 -0.112014   19.671040   library setup time
                                             19.671040   data required time
---------------------------------------------------------------------------------------------
                                             19.671040   data required time
                                             -0.848816   data arrival time
---------------------------------------------------------------------------------------------
                                             18.822222   slack (MET)


Startpoint: _314_ (rising edge-triggered flip-flop clocked by clk)
Endpoint: _316_ (rising edge-triggered flip-flop clocked by clk)
Path Group: clk
Path Type: max

Fanout         Cap        Slew       Delay        Time   Description
---------------------------------------------------------------------------------------------
                                  0.000000    0.000000   clock clk (rise edge)
                                  0.000000    0.000000   clock source latency
     4    0.009706    0.050100    0.033051    0.033051 ^ clk (in)
                                                         clk (net)
                      0.050101    0.000000    0.033051 ^ _314_/CLK (sky130_fd_sc_hd__dfrtp_2)
     3    0.011210    0.075848    0.370934    0.403985 ^ _314_/Q (sky130_fd_sc_hd__dfrtp_2)
                                                         clk_counter[0] (net)
                      0.075848    0.000014    0.403999 ^ _188_/A (sky130_fd_sc_hd__nand2_2)
     2    0.010684    0.056217    0.069497    0.473496 v _188_/Y (sky130_fd_sc_hd__nand2_2)
                                                         _103_ (net)
                      0.056217    0.000012    0.473508 v _191_/B (sky130_fd_sc_hd__xnor2_2)
     1    0.002332    0.041174    0.122633    0.596141 v _191_/Y (sky130_fd_sc_hd__xnor2_2)
                                                         _002_ (net)
                      0.041174    0.000004    0.596144 v _316_/D (sky130_fd_sc_hd__dfrtp_2)
                                              0.596144   data arrival time

                                 20.000000   20.000000   clock clk (rise edge)
                                  0.000000   20.000000   clock source latency
     4    0.009706    0.050100    0.033051   20.033051 ^ clk (in)
                                                         clk (net)
                      0.050101    0.000000   20.033051 ^ _316_/CLK (sky130_fd_sc_hd__dfrtp_2)
                                 -0.250000   19.783052   clock uncertainty
                                  0.000000   19.783052   clock reconvergence pessimism
                                 -0.112636   19.670416   library setup time
                                             19.670416   data required time
---------------------------------------------------------------------------------------------
                                             19.670416   data required time
                                             -0.596144   data arrival time
---------------------------------------------------------------------------------------------
                                             19.074272   slack (MET)


Startpoint: _314_ (rising edge-triggered flip-flop clocked by clk)
Endpoint: _314_ (rising edge-triggered flip-flop clocked by clk)
Path Group: clk
Path Type: max

Fanout         Cap        Slew       Delay        Time   Description
---------------------------------------------------------------------------------------------
                                  0.000000    0.000000   clock clk (rise edge)
                                  0.000000    0.000000   clock source latency
     4    0.009706    0.050100    0.033051    0.033051 ^ clk (in)
                                                         clk (net)
                      0.050101    0.000000    0.033051 ^ _314_/CLK (sky130_fd_sc_hd__dfrtp_2)
     3    0.010436    0.059974    0.410956    0.444007 v _314_/Q (sky130_fd_sc_hd__dfrtp_2)
                                                         clk_counter[0] (net)
                      0.059974    0.000014    0.444021 v _142_/A (sky130_fd_sc_hd__inv_2)
     3    0.006654    0.040704    0.059197    0.503218 ^ _142_/Y (sky130_fd_sc_hd__inv_2)
                                                         _000_ (net)
                      0.040704    0.000004    0.503222 ^ _314_/D (sky130_fd_sc_hd__dfrtp_2)
                                              0.503222   data arrival time

                                 20.000000   20.000000   clock clk (rise edge)
                                  0.000000   20.000000   clock source latency
     4    0.009706    0.050100    0.033051   20.033051 ^ clk (in)
                                                         clk (net)
                      0.050101    0.000000   20.033051 ^ _314_/CLK (sky130_fd_sc_hd__dfrtp_2)
                                 -0.250000   19.783052   clock uncertainty
                                  0.000000   19.783052   clock reconvergence pessimism
                                 -0.061716   19.721336   library setup time
                                             19.721336   data required time
---------------------------------------------------------------------------------------------
                                             19.721336   data required time
                                             -0.503222   data arrival time
---------------------------------------------------------------------------------------------
                                             19.218113   slack (MET)



%OL_END_REPORT
%OL_CREATE_REPORT checks.rpt

===========================================================================
report_checks -unconstrained
===========================================================================
======================= nom_tt_025C_1v80 Corner ===================================

Startpoint: rst (input port clocked by clk)
Endpoint: _272_ (recovery check against rising-edge clock clk)
Path Group: asynchronous
Path Type: max

Fanout         Cap        Slew       Delay        Time   Description
---------------------------------------------------------------------------------------------
                                  0.000000    0.000000   clock clk (rise edge)
                                  0.000000    0.000000   clock network delay (propagated)
                                  4.000000    4.000000 v input external delay
    20    0.094651    0.207581    0.152705    4.152705 v rst (in)
                                                         rst (net)
                      0.207591    0.000000    4.152705 v _256_/A (sky130_fd_sc_hd__inv_2)
     1    0.003499    0.056136    0.089263    4.241968 ^ _256_/Y (sky130_fd_sc_hd__inv_2)
                                                         _013_ (net)
                      0.056136    0.000002    4.241970 ^ _272_/SET_B (sky130_fd_sc_hd__dfstp_2)
                                              4.241970   data arrival time

                                 20.000000   20.000000   clock clk (rise edge)
                                  0.000000   20.000000   clock source latency
     4    0.009706    0.050100    0.033042   20.033043 ^ clk (in)
                                                         clk (net)
                      0.050101    0.000000   20.033043 ^ _272_/CLK (sky130_fd_sc_hd__dfstp_2)
                                 -0.250000   19.783043   clock uncertainty
                                  0.000000   19.783043   clock reconvergence pessimism
                                  0.136616   19.919659   library recovery time
                                             19.919659   data required time
---------------------------------------------------------------------------------------------
                                             19.919659   data required time
                                             -4.241970   data arrival time
---------------------------------------------------------------------------------------------
                                             15.677689   slack (MET)


Startpoint: rst (input port clocked by clk)
Endpoint: ready (output port clocked by clk)
Path Group: clk
Path Type: max

Fanout         Cap        Slew       Delay        Time   Description
---------------------------------------------------------------------------------------------
                                  0.000000    0.000000   clock clk (rise edge)
                                  0.000000    0.000000   clock network delay (propagated)
                                  4.000000    4.000000 v input external delay
    20    0.094651    0.207581    0.152117    4.152117 v rst (in)
                                                         rst (net)
                      0.207584    0.000000    4.152117 v _186_/A (sky130_fd_sc_hd__nor2_2)
     1    0.034356    0.383029    0.389699    4.541816 ^ _186_/Y (sky130_fd_sc_hd__nor2_2)
                                                         ready (net)
                      0.383029    0.000133    4.541950 ^ ready (out)
                                              4.541950   data arrival time

                                 20.000000   20.000000   clock clk (rise edge)
                                  0.000000   20.000000   clock network delay (propagated)
                                 -0.250000   19.750002   clock uncertainty
                                  0.000000   19.750002   clock reconvergence pessimism
                                 -4.000000   15.750001   output external delay
                                             15.750001   data required time
---------------------------------------------------------------------------------------------
                                             15.750001   data required time
                                             -4.541950   data arrival time
---------------------------------------------------------------------------------------------
                                             11.208052   slack (MET)




===========================================================================
report_checks --slack_max -0.01
============================================================================
======================= nom_tt_025C_1v80 Corner ===================================

No paths found.


===========================================================================
 report_check_types -max_slew -max_cap -max_fanout -violators
============================================================================
======================= nom_tt_025C_1v80 Corner ===================================

max slew

Pin                                        Limit        Slew       Slack
------------------------------------------------------------------------
i2c_sda                                 0.750000    0.767235   -0.017235 (VIOLATED)
_198_/A1                                0.750000    0.767235   -0.017235 (VIOLATED)
_218_/A                                 0.750000    0.767234   -0.017234 (VIOLATED)
_236_/A                                 0.750000    0.767234   -0.017234 (VIOLATED)
_227_/A0                                0.750000    0.767234   -0.017234 (VIOLATED)
_217_/A1                                0.750000    0.767233   -0.017233 (VIOLATED)
_139_/A                                 0.750000    0.767232   -0.017232 (VIOLATED)
_177_/A1                                0.750000    0.767231   -0.017231 (VIOLATED)
_317_/Z                                 0.750000    0.767231   -0.017231 (VIOLATED)

max fanout

Pin                                   Limit Fanout  Slack
---------------------------------------------------------
_272_/Q                                  10     42    -32 (VIOLATED)
rst                                      10     20    -10 (VIOLATED)
_209_/X                                  10     18     -8 (VIOLATED)
_275_/Q                                  10     12     -2 (VIOLATED)
_292_/Q                                  10     12     -2 (VIOLATED)



===========================================================================
report_parasitic_annotation -report_unannotated
============================================================================
Found 0 unannotated drivers.
Found 2 partially unannotated drivers.
 i2c_scl
 i2c_sda

===========================================================================
max slew violation count 9
Writing metric design__max_slew_violation__count__corner:nom_tt_025C_1v80: 9
max fanout violation count 5
Writing metric design__max_fanout_violation__count__corner:nom_tt_025C_1v80: 5
max cap violation count 0
Writing metric design__max_cap_violation__count__corner:nom_tt_025C_1v80: 0
============================================================================

===========================================================================
check_setup -verbose -unconstrained_endpoints -multiple_clock -no_clock -no_input_delay -loops -generated_clocks
===========================================================================
Warning: There are 41 unclocked register/latch pins.
  _273_/CLK
  _274_/CLK
  _275_/CLK
  _276_/CLK
  _277_/CLK
  _278_/CLK
  _279_/CLK
  _280_/CLK
  _281_/CLK
  _282_/CLK
  _283_/CLK
  _284_/CLK
  _285_/CLK
  _286_/CLK
  _287_/CLK
  _288_/CLK
  _289_/CLK
  _290_/CLK
  _291_/CLK
  _292_/CLK
  _293_/CLK
  _294_/CLK
  _295_/CLK
  _296_/CLK
  _297_/CLK
  _298_/CLK
  _299_/CLK
  _300_/CLK
  _301_/CLK
  _302_/CLK
  _303_/CLK
  _304_/CLK
  _305_/CLK
  _306_/CLK
  _307_/CLK
  _308_/CLK
  _309_/CLK
  _310_/CLK
  _311_/CLK
  _312_/CLK
  _313_/CLK
Warning: There are 50 unconstrained endpoints.
  data_out[0]
  data_out[1]
  data_out[2]
  data_out[3]
  data_out[4]
  data_out[5]
  data_out[6]
  data_out[7]
  i2c_sda
  _273_/D
  _274_/D
  _275_/D
  _276_/D
  _277_/D
  _278_/D
  _279_/D
  _280_/D
  _281_/D
  _282_/D
  _283_/D
  _284_/D
  _285_/D
  _286_/D
  _287_/D
  _288_/D
  _289_/D
  _290_/D
  _291_/D
  _292_/D
  _293_/D
  _294_/D
  _295_/D
  _296_/D
  _297_/D
  _298_/D
  _299_/D
  _300_/D
  _301_/D
  _302_/D
  _303_/D
  _304_/D
  _305_/D
  _306_/D
  _307_/D
  _308_/D
  _309_/D
  _310_/D
  _311_/D
  _312_/D
  _313_/D
%OL_END_REPORT
%OL_CREATE_REPORT power.rpt

===========================================================================
 report_power
============================================================================
======================= nom_tt_025C_1v80 Corner ===================================

Group                    Internal    Switching      Leakage        Total
                            Power        Power        Power        Power (Watts)
------------------------------------------------------------------------
Sequential           1.586058e-05 2.854317e-05 4.372794e-10 4.440418e-05  54.8%
Combinational        2.422433e-05 1.234566e-05 5.448222e-10 3.657053e-05  45.2%
Clock                0.000000e+00 0.000000e+00 1.620019e-10 1.620019e-10   0.0%
Macro                0.000000e+00 0.000000e+00 0.000000e+00 0.000000e+00   0.0%
Pad                  0.000000e+00 0.000000e+00 0.000000e+00 0.000000e+00   0.0%
------------------------------------------------------------------------
Total                4.008491e-05 4.088881e-05 1.144105e-09 8.097486e-05 100.0%
                            49.5%        50.5%         0.0%
Writing metric power__internal__total: 4.008490577689372e-5
Writing metric power__switching__total: 4.088881178176962e-5
Writing metric power__leakage__total: 1.1441053660021794e-9
Writing metric power__total: 8.097485988400877e-5

%OL_END_REPORT
%OL_CREATE_REPORT skew.min.rpt

===========================================================================
Clock Skew (Hold)
============================================================================
Writing metric clock__skew__worst_hold__corner:nom_tt_025C_1v80: -0.2500003608224932
======================= nom_tt_025C_1v80 Corner ===================================

Clock clk
0.033051 source latency _315_/CLK ^
-0.033051 target latency _316_/CLK ^
-0.250000 clock uncertainty
0.000000 CRPR
--------------
-0.250000 hold skew

%OL_END_REPORT
%OL_CREATE_REPORT skew.max.rpt

===========================================================================
Clock Skew (Setup)
============================================================================
Writing metric clock__skew__worst_setup__corner:nom_tt_025C_1v80: 0.2500086319842606
======================= nom_tt_025C_1v80 Corner ===================================

Clock clk
0.033051 source latency _314_/CLK ^
-0.033042 target latency _272_/CLK ^
0.250000 clock uncertainty
0.000000 CRPR
--------------
0.250009 setup skew

%OL_END_REPORT
%OL_CREATE_REPORT ws.min.rpt

===========================================================================
Worst Slack (Hold)
============================================================================
Writing metric timing__hold__ws__corner:nom_tt_025C_1v80: 0.19480381747977368
nom_tt_025C_1v80: 0.19480381747977368
%OL_END_REPORT
%OL_CREATE_REPORT ws.max.rpt

===========================================================================
Worst Slack (Setup)
============================================================================
Writing metric timing__setup__ws__corner:nom_tt_025C_1v80: 11.208051692873667
nom_tt_025C_1v80: 11.208051692873667
%OL_END_REPORT
%OL_CREATE_REPORT tns.min.rpt

===========================================================================
Total Negative Slack (Hold)
============================================================================
Writing metric timing__hold__tns__corner:nom_tt_025C_1v80: 0.0
nom_tt_025C_1v80: 0.0
%OL_END_REPORT
%OL_CREATE_REPORT tns.max.rpt

===========================================================================
Total Negative Slack (Setup)
============================================================================
Writing metric timing__setup__tns__corner:nom_tt_025C_1v80: 0.0
nom_tt_025C_1v80: 0.0
%OL_END_REPORT
%OL_CREATE_REPORT wns.min.rpt

===========================================================================
Worst Negative Slack (Hold)
============================================================================
Writing metric timing__hold__wns__corner:nom_tt_025C_1v80: 0
nom_tt_025C_1v80: 0
%OL_END_REPORT
%OL_CREATE_REPORT wns.max.rpt

===========================================================================
Worst Negative Slack (Setup)
============================================================================
Writing metric timing__setup__wns__corner:nom_tt_025C_1v80: 0.0
nom_tt_025C_1v80: 0.0
%OL_END_REPORT
%OL_CREATE_REPORT violator_list.rpt

===========================================================================
Violator List
============================================================================
Writing metric timing__hold_vio__count__corner:nom_tt_025C_1v80: 0
Writing metric timing__hold_r2r__ws__corner:nom_tt_025C_1v80: 0.194804
Writing metric timing__hold_r2r_vio__count__corner:nom_tt_025C_1v80: 0
Writing metric timing__setup_vio__count__corner:nom_tt_025C_1v80: 0
Writing metric timing__setup_r2r__ws__corner:nom_tt_025C_1v80: 18.600744
Writing metric timing__setup_r2r_vio__count__corner:nom_tt_025C_1v80: 0
%OL_END_REPORT
%OL_CREATE_REPORT unpropagated.rpt
%OL_END_REPORT
%OL_CREATE_REPORT clock.rpt
Clock: clk
Sources: clk 
Generated: no
Virtual: yes
Propagated: no
Period: 20.000000

===========================================================================
report_clock_properties
============================================================================
Clock                   Period          Waveform
----------------------------------------------------
clk                  20.000000    0.000000 10.000000

===========================================================================
report_clock_latency
============================================================================
Clock clk
rise -> rise
    min     max
0.000000 0.000000 source latency
0.033042         network latency _272_/CLK
        0.944711 network latency _280_/CLK
---------------
0.033042 0.944711 latency
        0.911668 skew

rise -> fall
    min     max
0.000000 0.000000 source latency
0.577874         network latency _288_/CLK
        1.018108 network latency _295_/CLK
---------------
0.577874 1.018108 latency
        0.440234 skew

fall -> fall
    min     max
0.000000 0.000000 source latency
0.014716         network latency _272_/CLK
        0.014724 network latency _314_/CLK
---------------
0.014716 0.014724 latency
        0.000008 skew



===========================================================================
report_clock_min_period
============================================================================
clk period_min = 1.40 fmax = 714.67
%OL_END_REPORT
