Clock: clk
Sources: clk 
Generated: no
Virtual: yes
Propagated: no
Period: 20.000000

===========================================================================
report_clock_properties
============================================================================
Clock                   Period          Waveform
----------------------------------------------------
clk                  20.000000    0.000000 10.000000

===========================================================================
report_clock_latency
============================================================================
Clock clk
rise -> rise
    min     max
0.000000 0.000000 source latency
0.189278         network latency _314_/CLK
        0.804638 network latency _277_/CLK
---------------
0.189278 0.804638 latency
        0.615360 skew

rise -> fall
    min     max
0.000000 0.000000 source latency
0.524126         network latency _293_/CLK
        0.829219 network latency _295_/CLK
---------------
0.524126 0.829219 latency
        0.305092 skew

fall -> fall
    min     max
0.000000 0.000000 source latency
0.189259         network latency _314_/CLK
        0.192469 network latency _315_/CLK
---------------
0.189259 0.192469 latency
        0.003210 skew



===========================================================================
report_clock_min_period
============================================================================
clk period_min = 1.62 fmax = 617.88
