Reading timing models for corner max_ff_n40C_1v95…
Reading cell library for the 'max_ff_n40C_1v95' corner at '/home/davidsales/.ciel/ciel/sky130/versions/0fe599b2afb6708d281543108caf8310912f54af/sky130A/libs.ref/sky130_fd_sc_hd/lib/sky130_fd_sc_hd__ff_n40C_1v95.lib'…
Reading top-level netlist at '/home/davidsales/Documentos/Coding/Main_HDL/Synthesis/designs/i2c_master/runs/RUN_2026-02-24_21-34-25/51-openroad-fillinsertion/i2c_master_controller.nl.v'…
Linking design 'i2c_master_controller' from netlist…
Warning: /home/davidsales/Documentos/Coding/Main_HDL/Synthesis/designs/i2c_master/runs/RUN_2026-02-24_21-34-25/51-openroad-fillinsertion/i2c_master_controller.nl.v line 950, module sky130_fd_sc_hd__tapvpwrvgnd_1 not found. Creating black box for TAP_TAPCELL_ROW_0_50.
Warning: /home/davidsales/Documentos/Coding/Main_HDL/Synthesis/designs/i2c_master/runs/RUN_2026-02-24_21-34-25/51-openroad-fillinsertion/i2c_master_controller.nl.v line 1112, module sky130_ef_sc_hd__decap_12 not found. Creating black box for FILLER_0_3.
Warning: /home/davidsales/Documentos/Coding/Main_HDL/Synthesis/designs/i2c_master/runs/RUN_2026-02-24_21-34-25/51-openroad-fillinsertion/i2c_master_controller.nl.v line 1118, module sky130_fd_sc_hd__fill_2 not found. Creating black box for FILLER_0_54.
Warning: /home/davidsales/Documentos/Coding/Main_HDL/Synthesis/designs/i2c_master/runs/RUN_2026-02-24_21-34-25/51-openroad-fillinsertion/i2c_master_controller.nl.v line 1125, module sky130_fd_sc_hd__fill_1 not found. Creating black box for FILLER_0_111.
Reading design constraints file at '/nix/store/41c5n1rfapbw2k2daig2yag6mbsifckg-python3-3.11.9-env/lib/python3.11/site-packages/librelane/scripts/base.sdc'…
[INFO] Using clock clk…
[INFO] Setting output delay to: 4.0
[INFO] Setting input delay to: 4.0
[INFO] Setting load to: 0.033442
[INFO] Setting clock uncertainty to: 0.25
[INFO] Setting clock transition to: 0.1499999999999999944488848768742172978818416595458984375
[INFO] Setting timing derate to: 5%
Reading top-level design parasitics for the 'max_ff_n40C_1v95' corner at '/home/davidsales/Documentos/Coding/Main_HDL/Synthesis/designs/i2c_master/runs/RUN_2026-02-24_21-34-25/53-openroad-rcx/max/i2c_master_controller.max.spef'…
%OL_CREATE_REPORT min.rpt

===========================================================================
report_checks -path_delay min (Hold)
============================================================================
======================= max_ff_n40C_1v95 Corner ===================================

Startpoint: _314_ (rising edge-triggered flip-flop clocked by clk)
Endpoint: _315_ (rising edge-triggered flip-flop clocked by clk)
Path Group: clk
Path Type: min

Fanout         Cap        Slew       Delay        Time   Description
---------------------------------------------------------------------------------------------
                                  0.000000    0.000000   clock clk (rise edge)
                                  0.000000    0.000000   clock source latency
     1    0.010858    0.041342    0.027363    0.027363 ^ clk (in)
                                                         clk (net)
                      0.041353    0.000000    0.027363 ^ clkbuf_0_clk/A (sky130_fd_sc_hd__clkbuf_16)
     2    0.019495    0.030869    0.086858    0.114221 ^ clkbuf_0_clk/X (sky130_fd_sc_hd__clkbuf_16)
                                                         clknet_0_clk (net)
                      0.030885    0.001052    0.115273 ^ clkbuf_1_0__f_clk/A (sky130_fd_sc_hd__clkbuf_16)
     2    0.005073    0.021044    0.073733    0.189006 ^ clkbuf_1_0__f_clk/X (sky130_fd_sc_hd__clkbuf_16)
                                                         clknet_1_0__leaf_clk (net)
                      0.021046    0.000272    0.189278 ^ _314_/CLK (sky130_fd_sc_hd__dfrtp_1)
     3    0.009265    0.070060    0.225408    0.414686 ^ _314_/Q (sky130_fd_sc_hd__dfrtp_1)
                                                         clk_counter[0] (net)
                      0.070061    0.000401    0.415088 ^ _189_/A (sky130_fd_sc_hd__or2_1)
     1    0.004468    0.039865    0.076460    0.491547 ^ _189_/X (sky130_fd_sc_hd__or2_1)
                                                         _104_ (net)
                      0.039867    0.000288    0.491835 ^ _190_/C1 (sky130_fd_sc_hd__o211a_1)
     1    0.004650    0.037465    0.072944    0.564779 ^ _190_/X (sky130_fd_sc_hd__o211a_1)
                                                         _001_ (net)
                      0.037467    0.000284    0.565063 ^ _315_/D (sky130_fd_sc_hd__dfrtp_1)
                                              0.565063   data arrival time

                                  0.000000    0.000000   clock clk (rise edge)
                                  0.000000    0.000000   clock source latency
     1    0.010858    0.041342    0.027363    0.027363 ^ clk (in)
                                                         clk (net)
                      0.041353    0.000000    0.027363 ^ clkbuf_0_clk/A (sky130_fd_sc_hd__clkbuf_16)
     2    0.019495    0.030869    0.086858    0.114221 ^ clkbuf_0_clk/X (sky130_fd_sc_hd__clkbuf_16)
                                                         clknet_0_clk (net)
                      0.030883    0.000977    0.115198 ^ clkbuf_1_1__f_clk/A (sky130_fd_sc_hd__clkbuf_16)
     3    0.009519    0.024209    0.077208    0.192405 ^ clkbuf_1_1__f_clk/X (sky130_fd_sc_hd__clkbuf_16)
                                                         clknet_1_1__leaf_clk (net)
                      0.024211    0.000548    0.192954 ^ _315_/CLK (sky130_fd_sc_hd__dfrtp_1)
                                  0.250000    0.442954   clock uncertainty
                                  0.000000    0.442954   clock reconvergence pessimism
                                 -0.020461    0.422492   library hold time
                                              0.422492   data required time
---------------------------------------------------------------------------------------------
                                              0.422492   data required time
                                             -0.565063   data arrival time
---------------------------------------------------------------------------------------------
                                              0.142571   slack (MET)


Startpoint: _314_ (rising edge-triggered flip-flop clocked by clk)
Endpoint: _316_ (rising edge-triggered flip-flop clocked by clk)
Path Group: clk
Path Type: min

Fanout         Cap        Slew       Delay        Time   Description
---------------------------------------------------------------------------------------------
                                  0.000000    0.000000   clock clk (rise edge)
                                  0.000000    0.000000   clock source latency
     1    0.010858    0.041342    0.027363    0.027363 ^ clk (in)
                                                         clk (net)
                      0.041353    0.000000    0.027363 ^ clkbuf_0_clk/A (sky130_fd_sc_hd__clkbuf_16)
     2    0.019495    0.030869    0.086858    0.114221 ^ clkbuf_0_clk/X (sky130_fd_sc_hd__clkbuf_16)
                                                         clknet_0_clk (net)
                      0.030885    0.001052    0.115273 ^ clkbuf_1_0__f_clk/A (sky130_fd_sc_hd__clkbuf_16)
     2    0.005073    0.021044    0.073733    0.189006 ^ clkbuf_1_0__f_clk/X (sky130_fd_sc_hd__clkbuf_16)
                                                         clknet_1_0__leaf_clk (net)
                      0.021046    0.000272    0.189278 ^ _314_/CLK (sky130_fd_sc_hd__dfrtp_1)
     3    0.008818    0.047748    0.240487    0.429765 v _314_/Q (sky130_fd_sc_hd__dfrtp_1)
                                                         clk_counter[0] (net)
                      0.047752    0.000439    0.430205 v _188_/A (sky130_fd_sc_hd__nand2_1)
     2    0.011559    0.084020    0.084633    0.514837 ^ _188_/Y (sky130_fd_sc_hd__nand2_1)
                                                         _103_ (net)
                      0.084032    0.000835    0.515672 ^ _191_/B (sky130_fd_sc_hd__xnor2_1)
     1    0.002754    0.023625    0.039738    0.555410 v _191_/Y (sky130_fd_sc_hd__xnor2_1)
                                                         _002_ (net)
                      0.023632    0.000186    0.555596 v _316_/D (sky130_fd_sc_hd__dfrtp_1)
                                              0.555596   data arrival time

                                  0.000000    0.000000   clock clk (rise edge)
                                  0.000000    0.000000   clock source latency
     1    0.010858    0.041342    0.027363    0.027363 ^ clk (in)
                                                         clk (net)
                      0.041353    0.000000    0.027363 ^ clkbuf_0_clk/A (sky130_fd_sc_hd__clkbuf_16)
     2    0.019495    0.030869    0.086858    0.114221 ^ clkbuf_0_clk/X (sky130_fd_sc_hd__clkbuf_16)
                                                         clknet_0_clk (net)
                      0.030885    0.001052    0.115273 ^ clkbuf_1_0__f_clk/A (sky130_fd_sc_hd__clkbuf_16)
     2    0.005073    0.021044    0.073733    0.189006 ^ clkbuf_1_0__f_clk/X (sky130_fd_sc_hd__clkbuf_16)
                                                         clknet_1_0__leaf_clk (net)
                      0.021046    0.000315    0.189321 ^ _316_/CLK (sky130_fd_sc_hd__dfrtp_1)
                                  0.250000    0.439321   clock uncertainty
                                  0.000000    0.439321   clock reconvergence pessimism
                                 -0.030642    0.408679   library hold time
                                              0.408679   data required time
---------------------------------------------------------------------------------------------
                                              0.408679   data required time
                                             -0.555596   data arrival time
---------------------------------------------------------------------------------------------
                                              0.146918   slack (MET)


Startpoint: _272_ (rising edge-triggered flip-flop clocked by clk)
Endpoint: _272_ (rising edge-triggered flip-flop clocked by clk)
Path Group: clk
Path Type: min

Fanout         Cap        Slew       Delay        Time   Description
---------------------------------------------------------------------------------------------
                                  0.000000    0.000000   clock clk (rise edge)
                                  0.000000    0.000000   clock source latency
     1    0.010858    0.041342    0.027363    0.027363 ^ clk (in)
                                                         clk (net)
                      0.041353    0.000000    0.027363 ^ clkbuf_0_clk/A (sky130_fd_sc_hd__clkbuf_16)
     2    0.019495    0.030869    0.086858    0.114221 ^ clkbuf_0_clk/X (sky130_fd_sc_hd__clkbuf_16)
                                                         clknet_0_clk (net)
                      0.030883    0.000977    0.115198 ^ clkbuf_1_1__f_clk/A (sky130_fd_sc_hd__clkbuf_16)
     3    0.009519    0.024209    0.077208    0.192405 ^ clkbuf_1_1__f_clk/X (sky130_fd_sc_hd__clkbuf_16)
                                                         clknet_1_1__leaf_clk (net)
                      0.024211    0.000544    0.192949 ^ _272_/CLK (sky130_fd_sc_hd__dfstp_1)
     1    0.003311    0.020663    0.214849    0.407798 v _272_/Q (sky130_fd_sc_hd__dfstp_1)
                                                         i2c_clk (net)
                      0.020663    0.000210    0.408008 v fanout38/A (sky130_fd_sc_hd__clkbuf_2)
     7    0.029908    0.081404    0.113084    0.521092 v fanout38/X (sky130_fd_sc_hd__clkbuf_2)
                                                         net38 (net)
                      0.081467    0.001414    0.522506 v fanout35/A (sky130_fd_sc_hd__buf_2)
    10    0.034798    0.064095    0.137618    0.660123 v fanout35/X (sky130_fd_sc_hd__buf_2)
                                                         net35 (net)
                      0.064182    0.002099    0.662222 v _175_/A (sky130_fd_sc_hd__xnor2_1)
     1    0.004179    0.027918    0.095603    0.757826 v _175_/Y (sky130_fd_sc_hd__xnor2_1)
                                                         _033_ (net)
                      0.027923    0.000358    0.758183 v _272_/D (sky130_fd_sc_hd__dfstp_1)
                                              0.758183   data arrival time

                                  0.000000    0.000000   clock clk (rise edge)
                                  0.000000    0.000000   clock source latency
     1    0.010858    0.041342    0.027363    0.027363 ^ clk (in)
                                                         clk (net)
                      0.041353    0.000000    0.027363 ^ clkbuf_0_clk/A (sky130_fd_sc_hd__clkbuf_16)
     2    0.019495    0.030869    0.086858    0.114221 ^ clkbuf_0_clk/X (sky130_fd_sc_hd__clkbuf_16)
                                                         clknet_0_clk (net)
                      0.030883    0.000977    0.115198 ^ clkbuf_1_1__f_clk/A (sky130_fd_sc_hd__clkbuf_16)
     3    0.009519    0.024209    0.077208    0.192405 ^ clkbuf_1_1__f_clk/X (sky130_fd_sc_hd__clkbuf_16)
                                                         clknet_1_1__leaf_clk (net)
                      0.024211    0.000544    0.192949 ^ _272_/CLK (sky130_fd_sc_hd__dfstp_1)
                                  0.250000    0.442949   clock uncertainty
                                  0.000000    0.442949   clock reconvergence pessimism
                                 -0.013792    0.429157   library hold time
                                              0.429157   data required time
---------------------------------------------------------------------------------------------
                                              0.429157   data required time
                                             -0.758183   data arrival time
---------------------------------------------------------------------------------------------
                                              0.329026   slack (MET)


Startpoint: _314_ (rising edge-triggered flip-flop clocked by clk)
Endpoint: _314_ (rising edge-triggered flip-flop clocked by clk)
Path Group: clk
Path Type: min

Fanout         Cap        Slew       Delay        Time   Description
---------------------------------------------------------------------------------------------
                                  0.000000    0.000000   clock clk (rise edge)
                                  0.000000    0.000000   clock source latency
     1    0.010858    0.041342    0.027363    0.027363 ^ clk (in)
                                                         clk (net)
                      0.041353    0.000000    0.027363 ^ clkbuf_0_clk/A (sky130_fd_sc_hd__clkbuf_16)
     2    0.019495    0.030869    0.086858    0.114221 ^ clkbuf_0_clk/X (sky130_fd_sc_hd__clkbuf_16)
                                                         clknet_0_clk (net)
                      0.030885    0.001052    0.115273 ^ clkbuf_1_0__f_clk/A (sky130_fd_sc_hd__clkbuf_16)
     2    0.005073    0.021044    0.073733    0.189006 ^ clkbuf_1_0__f_clk/X (sky130_fd_sc_hd__clkbuf_16)
                                                         clknet_1_0__leaf_clk (net)
                      0.021046    0.000272    0.189278 ^ _314_/CLK (sky130_fd_sc_hd__dfrtp_1)
     3    0.009265    0.070060    0.225408    0.414686 ^ _314_/Q (sky130_fd_sc_hd__dfrtp_1)
                                                         clk_counter[0] (net)
                      0.070061    0.000414    0.415101 ^ hold1/A (sky130_fd_sc_hd__dlygate4sd3_1)
     1    0.005190    0.053383    0.391923    0.807023 ^ hold1/X (sky130_fd_sc_hd__dlygate4sd3_1)
                                                         net41 (net)
                      0.053383    0.000398    0.807422 ^ _142_/A (sky130_fd_sc_hd__inv_2)
     3    0.010383    0.025399    0.028891    0.836313 v _142_/Y (sky130_fd_sc_hd__inv_2)
                                                         _000_ (net)
                      0.025418    0.000569    0.836882 v _314_/D (sky130_fd_sc_hd__dfrtp_1)
                                              0.836882   data arrival time

                                  0.000000    0.000000   clock clk (rise edge)
                                  0.000000    0.000000   clock source latency
     1    0.010858    0.041342    0.027363    0.027363 ^ clk (in)
                                                         clk (net)
                      0.041353    0.000000    0.027363 ^ clkbuf_0_clk/A (sky130_fd_sc_hd__clkbuf_16)
     2    0.019495    0.030869    0.086858    0.114221 ^ clkbuf_0_clk/X (sky130_fd_sc_hd__clkbuf_16)
                                                         clknet_0_clk (net)
                      0.030885    0.001052    0.115273 ^ clkbuf_1_0__f_clk/A (sky130_fd_sc_hd__clkbuf_16)
     2    0.005073    0.021044    0.073733    0.189006 ^ clkbuf_1_0__f_clk/X (sky130_fd_sc_hd__clkbuf_16)
                                                         clknet_1_0__leaf_clk (net)
                      0.021046    0.000272    0.189278 ^ _314_/CLK (sky130_fd_sc_hd__dfrtp_1)
                                  0.250000    0.439278   clock uncertainty
                                  0.000000    0.439278   clock reconvergence pessimism
                                 -0.031222    0.408056   library hold time
                                              0.408056   data required time
---------------------------------------------------------------------------------------------
                                              0.408056   data required time
                                             -0.836882   data arrival time
---------------------------------------------------------------------------------------------
                                              0.428826   slack (MET)


Startpoint: rst (input port clocked by clk)
Endpoint: _315_ (removal check against rising-edge clock clk)
Path Group: asynchronous
Path Type: min

Fanout         Cap        Slew       Delay        Time   Description
---------------------------------------------------------------------------------------------
                                  0.000000    0.000000   clock clk (rise edge)
                                  0.000000    0.000000   clock network delay (propagated)
                                  4.000000    4.000000 v input external delay
     1    0.002744    0.004633    0.002268    4.002268 v rst (in)
                                                         rst (net)
                      0.004636    0.000000    4.002268 v input17/A (sky130_fd_sc_hd__buf_1)
     2    0.014542    0.060790    0.081742    4.084010 v input17/X (sky130_fd_sc_hd__buf_1)
                                                         net17 (net)
                      0.060800    0.000754    4.084764 v fanout40/A (sky130_fd_sc_hd__clkbuf_4)
    10    0.050074    0.076989    0.150006    4.234769 v fanout40/X (sky130_fd_sc_hd__clkbuf_4)
                                                         net40 (net)
                      0.077385    0.004365    4.239134 v _270_/A (sky130_fd_sc_hd__inv_2)
     1    0.004646    0.030570    0.048265    4.287399 ^ _270_/Y (sky130_fd_sc_hd__inv_2)
                                                         _031_ (net)
                      0.030571    0.000253    4.287652 ^ _315_/RESET_B (sky130_fd_sc_hd__dfrtp_1)
                                              4.287652   data arrival time

                                  0.000000    0.000000   clock clk (rise edge)
                                  0.000000    0.000000   clock source latency
     1    0.010858    0.041342    0.027363    0.027363 ^ clk (in)
                                                         clk (net)
                      0.041353    0.000000    0.027363 ^ clkbuf_0_clk/A (sky130_fd_sc_hd__clkbuf_16)
     2    0.019495    0.030869    0.086858    0.114221 ^ clkbuf_0_clk/X (sky130_fd_sc_hd__clkbuf_16)
                                                         clknet_0_clk (net)
                      0.030883    0.000977    0.115198 ^ clkbuf_1_1__f_clk/A (sky130_fd_sc_hd__clkbuf_16)
     3    0.009519    0.024209    0.077208    0.192405 ^ clkbuf_1_1__f_clk/X (sky130_fd_sc_hd__clkbuf_16)
                                                         clknet_1_1__leaf_clk (net)
                      0.024211    0.000548    0.192954 ^ _315_/CLK (sky130_fd_sc_hd__dfrtp_1)
                                  0.250000    0.442954   clock uncertainty
                                  0.000000    0.442954   clock reconvergence pessimism
                                  0.196083    0.639037   library removal time
                                              0.639037   data required time
---------------------------------------------------------------------------------------------
                                              0.639037   data required time
                                             -4.287652   data arrival time
---------------------------------------------------------------------------------------------
                                              3.648616   slack (MET)


Startpoint: rst (input port clocked by clk)
Endpoint: _314_ (removal check against rising-edge clock clk)
Path Group: asynchronous
Path Type: min

Fanout         Cap        Slew       Delay        Time   Description
---------------------------------------------------------------------------------------------
                                  0.000000    0.000000   clock clk (rise edge)
                                  0.000000    0.000000   clock network delay (propagated)
                                  4.000000    4.000000 v input external delay
     1    0.002744    0.004633    0.002268    4.002268 v rst (in)
                                                         rst (net)
                      0.004636    0.000000    4.002268 v input17/A (sky130_fd_sc_hd__buf_1)
     2    0.014542    0.060790    0.081742    4.084010 v input17/X (sky130_fd_sc_hd__buf_1)
                                                         net17 (net)
                      0.060800    0.000754    4.084764 v fanout40/A (sky130_fd_sc_hd__clkbuf_4)
    10    0.050074    0.076989    0.150006    4.234769 v fanout40/X (sky130_fd_sc_hd__clkbuf_4)
                                                         net40 (net)
                      0.077362    0.004234    4.239004 v _269_/A (sky130_fd_sc_hd__inv_2)
     1    0.005124    0.031872    0.049704    4.288708 ^ _269_/Y (sky130_fd_sc_hd__inv_2)
                                                         _030_ (net)
                      0.031873    0.000288    4.288996 ^ _314_/RESET_B (sky130_fd_sc_hd__dfrtp_1)
                                              4.288996   data arrival time

                                  0.000000    0.000000   clock clk (rise edge)
                                  0.000000    0.000000   clock source latency
     1    0.010858    0.041342    0.027363    0.027363 ^ clk (in)
                                                         clk (net)
                      0.041353    0.000000    0.027363 ^ clkbuf_0_clk/A (sky130_fd_sc_hd__clkbuf_16)
     2    0.019495    0.030869    0.086858    0.114221 ^ clkbuf_0_clk/X (sky130_fd_sc_hd__clkbuf_16)
                                                         clknet_0_clk (net)
                      0.030885    0.001052    0.115273 ^ clkbuf_1_0__f_clk/A (sky130_fd_sc_hd__clkbuf_16)
     2    0.005073    0.021044    0.073733    0.189006 ^ clkbuf_1_0__f_clk/X (sky130_fd_sc_hd__clkbuf_16)
                                                         clknet_1_0__leaf_clk (net)
                      0.021046    0.000272    0.189278 ^ _314_/CLK (sky130_fd_sc_hd__dfrtp_1)
                                  0.250000    0.439278   clock uncertainty
                                  0.000000    0.439278   clock reconvergence pessimism
                                  0.195986    0.635264   library removal time
                                              0.635264   data required time
---------------------------------------------------------------------------------------------
                                              0.635264   data required time
                                             -4.288996   data arrival time
---------------------------------------------------------------------------------------------
                                              3.653732   slack (MET)


Startpoint: rst (input port clocked by clk)
Endpoint: _316_ (removal check against rising-edge clock clk)
Path Group: asynchronous
Path Type: min

Fanout         Cap        Slew       Delay        Time   Description
---------------------------------------------------------------------------------------------
                                  0.000000    0.000000   clock clk (rise edge)
                                  0.000000    0.000000   clock network delay (propagated)
                                  4.000000    4.000000 v input external delay
     1    0.002744    0.004633    0.002268    4.002268 v rst (in)
                                                         rst (net)
                      0.004636    0.000000    4.002268 v input17/A (sky130_fd_sc_hd__buf_1)
     2    0.014542    0.060790    0.081742    4.084010 v input17/X (sky130_fd_sc_hd__buf_1)
                                                         net17 (net)
                      0.060800    0.000754    4.084764 v fanout40/A (sky130_fd_sc_hd__clkbuf_4)
    10    0.050074    0.076989    0.150006    4.234769 v fanout40/X (sky130_fd_sc_hd__clkbuf_4)
                                                         net40 (net)
                      0.077291    0.003789    4.238558 v _271_/A (sky130_fd_sc_hd__inv_2)
     1    0.006439    0.035206    0.053143    4.291701 ^ _271_/Y (sky130_fd_sc_hd__inv_2)
                                                         _032_ (net)
                      0.035210    0.000383    4.292085 ^ _316_/RESET_B (sky130_fd_sc_hd__dfrtp_1)
                                              4.292085   data arrival time

                                  0.000000    0.000000   clock clk (rise edge)
                                  0.000000    0.000000   clock source latency
     1    0.010858    0.041342    0.027363    0.027363 ^ clk (in)
                                                         clk (net)
                      0.041353    0.000000    0.027363 ^ clkbuf_0_clk/A (sky130_fd_sc_hd__clkbuf_16)
     2    0.019495    0.030869    0.086858    0.114221 ^ clkbuf_0_clk/X (sky130_fd_sc_hd__clkbuf_16)
                                                         clknet_0_clk (net)
                      0.030885    0.001052    0.115273 ^ clkbuf_1_0__f_clk/A (sky130_fd_sc_hd__clkbuf_16)
     2    0.005073    0.021044    0.073733    0.189006 ^ clkbuf_1_0__f_clk/X (sky130_fd_sc_hd__clkbuf_16)
                                                         clknet_1_0__leaf_clk (net)
                      0.021046    0.000315    0.189321 ^ _316_/CLK (sky130_fd_sc_hd__dfrtp_1)
                                  0.250000    0.439321   clock uncertainty
                                  0.000000    0.439321   clock reconvergence pessimism
                                  0.196854    0.636174   library removal time
                                              0.636174   data required time
---------------------------------------------------------------------------------------------
                                              0.636174   data required time
                                             -4.292085   data arrival time
---------------------------------------------------------------------------------------------
                                              3.655910   slack (MET)


Startpoint: rst (input port clocked by clk)
Endpoint: _272_ (removal check against rising-edge clock clk)
Path Group: asynchronous
Path Type: min

Fanout         Cap        Slew       Delay        Time   Description
---------------------------------------------------------------------------------------------
                                  0.000000    0.000000   clock clk (rise edge)
                                  0.000000    0.000000   clock network delay (propagated)
                                  4.000000    4.000000 v input external delay
     1    0.002744    0.004633    0.002268    4.002268 v rst (in)
                                                         rst (net)
                      0.004636    0.000000    4.002268 v input17/A (sky130_fd_sc_hd__buf_1)
     2    0.014542    0.060790    0.081742    4.084010 v input17/X (sky130_fd_sc_hd__buf_1)
                                                         net17 (net)
                      0.060800    0.000754    4.084764 v fanout40/A (sky130_fd_sc_hd__clkbuf_4)
    10    0.050074    0.076989    0.150006    4.234769 v fanout40/X (sky130_fd_sc_hd__clkbuf_4)
                                                         net40 (net)
                      0.077387    0.004374    4.239143 v _256_/A (sky130_fd_sc_hd__inv_2)
     1    0.004282    0.029394    0.046879    4.286022 ^ _256_/Y (sky130_fd_sc_hd__inv_2)
                                                         _013_ (net)
                      0.029399    0.000226    4.286247 ^ _272_/SET_B (sky130_fd_sc_hd__dfstp_1)
                                              4.286247   data arrival time

                                  0.000000    0.000000   clock clk (rise edge)
                                  0.000000    0.000000   clock source latency
     1    0.010858    0.041342    0.027363    0.027363 ^ clk (in)
                                                         clk (net)
                      0.041353    0.000000    0.027363 ^ clkbuf_0_clk/A (sky130_fd_sc_hd__clkbuf_16)
     2    0.019495    0.030869    0.086858    0.114221 ^ clkbuf_0_clk/X (sky130_fd_sc_hd__clkbuf_16)
                                                         clknet_0_clk (net)
                      0.030883    0.000977    0.115198 ^ clkbuf_1_1__f_clk/A (sky130_fd_sc_hd__clkbuf_16)
     3    0.009519    0.024209    0.077208    0.192405 ^ clkbuf_1_1__f_clk/X (sky130_fd_sc_hd__clkbuf_16)
                                                         clknet_1_1__leaf_clk (net)
                      0.024211    0.000544    0.192949 ^ _272_/CLK (sky130_fd_sc_hd__dfstp_1)
                                  0.250000    0.442949   clock uncertainty
                                  0.000000    0.442949   clock reconvergence pessimism
                                  0.098274    0.541223   library removal time
                                              0.541223   data required time
---------------------------------------------------------------------------------------------
                                              0.541223   data required time
                                             -4.286247   data arrival time
---------------------------------------------------------------------------------------------
                                              3.745024   slack (MET)


Startpoint: _272_ (rising edge-triggered flip-flop clocked by clk)
Endpoint: i2c_scl (output port clocked by clk)
Path Group: clk
Path Type: min

Fanout         Cap        Slew       Delay        Time   Description
---------------------------------------------------------------------------------------------
                                  0.000000    0.000000   clock clk (rise edge)
                                  0.000000    0.000000   clock source latency
     1    0.010858    0.041342    0.027363    0.027363 ^ clk (in)
                                                         clk (net)
                      0.041353    0.000000    0.027363 ^ clkbuf_0_clk/A (sky130_fd_sc_hd__clkbuf_16)
     2    0.019495    0.030869    0.086858    0.114221 ^ clkbuf_0_clk/X (sky130_fd_sc_hd__clkbuf_16)
                                                         clknet_0_clk (net)
                      0.030883    0.000977    0.115198 ^ clkbuf_1_1__f_clk/A (sky130_fd_sc_hd__clkbuf_16)
     3    0.009519    0.024209    0.077208    0.192405 ^ clkbuf_1_1__f_clk/X (sky130_fd_sc_hd__clkbuf_16)
                                                         clknet_1_1__leaf_clk (net)
                      0.024211    0.000544    0.192949 ^ _272_/CLK (sky130_fd_sc_hd__dfstp_1)
     1    0.003311    0.020663    0.214849    0.407798 v _272_/Q (sky130_fd_sc_hd__dfstp_1)
                                                         i2c_clk (net)
                      0.020663    0.000210    0.408008 v fanout38/A (sky130_fd_sc_hd__clkbuf_2)
     7    0.029908    0.081404    0.113084    0.521092 v fanout38/X (sky130_fd_sc_hd__clkbuf_2)
                                                         net38 (net)
                      0.081503    0.002008    0.523100 v fanout34/A (sky130_fd_sc_hd__buf_2)
    10    0.032341    0.060529    0.134375    0.657475 v fanout34/X (sky130_fd_sc_hd__buf_2)
                                                         net34 (net)
                      0.060610    0.001977    0.659452 v _138_/A (sky130_fd_sc_hd__inv_2)
     2    0.011310    0.045847    0.059646    0.719098 ^ _138_/Y (sky130_fd_sc_hd__inv_2)
                                                         _025_ (net)
                      0.045871    0.000483    0.719581 ^ _187_/A (sky130_fd_sc_hd__nand2_4)
     1    0.035025    0.055487    0.054805    0.774386 v _187_/Y (sky130_fd_sc_hd__nand2_4)
                                                         i2c_scl (net)
     0    0.035025    0.055583    0.001859    0.776245 v i2c_scl (inout)
                                                         i2c_scl (net)
                                              0.776245   data arrival time

                                  0.000000    0.000000   clock clk (rise edge)
                                  0.000000    0.000000   clock network delay (propagated)
                                  0.250000    0.250000   clock uncertainty
                                  0.000000    0.250000   clock reconvergence pessimism
                                 -4.000000   -3.750000   output external delay
                                             -3.750000   data required time
---------------------------------------------------------------------------------------------
                                             -3.750000   data required time
                                             -0.776245   data arrival time
---------------------------------------------------------------------------------------------
                                              4.526244   slack (MET)


Startpoint: rst (input port clocked by clk)
Endpoint: ready (output port clocked by clk)
Path Group: clk
Path Type: min

Fanout         Cap        Slew       Delay        Time   Description
---------------------------------------------------------------------------------------------
                                  0.000000    0.000000   clock clk (rise edge)
                                  0.000000    0.000000   clock network delay (propagated)
                                  4.000000    4.000000 ^ input external delay
     1    0.002932    0.014390    0.007627    4.007627 ^ rst (in)
                                                         rst (net)
                      0.014392    0.000000    4.007627 ^ input17/A (sky130_fd_sc_hd__buf_1)
     2    0.015153    0.136489    0.119560    4.127187 ^ input17/X (sky130_fd_sc_hd__buf_1)
                                                         net17 (net)
                      0.136496    0.000794    4.127981 ^ fanout40/A (sky130_fd_sc_hd__clkbuf_4)
    10    0.053198    0.125479    0.180985    4.308966 ^ fanout40/X (sky130_fd_sc_hd__clkbuf_4)
                                                         net40 (net)
                      0.125561    0.002637    4.311603 ^ _186_/A (sky130_fd_sc_hd__nor2_1)
     1    0.002282    0.021531    0.031043    4.342646 v _186_/Y (sky130_fd_sc_hd__nor2_1)
                                                         net27 (net)
                      0.021531    0.000164    4.342810 v output27/A (sky130_fd_sc_hd__buf_2)
     1    0.034202    0.062693    0.113056    4.455866 v output27/X (sky130_fd_sc_hd__buf_2)
                                                         ready (net)
                      0.062750    0.001700    4.457566 v ready (out)
                                              4.457566   data arrival time

                                  0.000000    0.000000   clock clk (rise edge)
                                  0.000000    0.000000   clock network delay (propagated)
                                  0.250000    0.250000   clock uncertainty
                                  0.000000    0.250000   clock reconvergence pessimism
                                 -4.000000   -3.750000   output external delay
                                             -3.750000   data required time
---------------------------------------------------------------------------------------------
                                             -3.750000   data required time
                                             -4.457566   data arrival time
---------------------------------------------------------------------------------------------
                                              8.207565   slack (MET)



%OL_END_REPORT
%OL_CREATE_REPORT max.rpt

===========================================================================
report_checks -path_delay max (Setup)
============================================================================
======================= max_ff_n40C_1v95 Corner ===================================

Startpoint: rst (input port clocked by clk)
Endpoint: ready (output port clocked by clk)
Path Group: clk
Path Type: max

Fanout         Cap        Slew       Delay        Time   Description
---------------------------------------------------------------------------------------------
                                  0.000000    0.000000   clock clk (rise edge)
                                  0.000000    0.000000   clock network delay (propagated)
                                  4.000000    4.000000 ^ input external delay
     1    0.002932    0.014390    0.007627    4.007627 ^ rst (in)
                                                         rst (net)
                      0.014392    0.000000    4.007627 ^ input17/A (sky130_fd_sc_hd__buf_1)
     2    0.015153    0.136489    0.119560    4.127187 ^ input17/X (sky130_fd_sc_hd__buf_1)
                                                         net17 (net)
                      0.136496    0.000794    4.127981 ^ fanout40/A (sky130_fd_sc_hd__clkbuf_4)
    10    0.053198    0.125479    0.180985    4.308966 ^ fanout40/X (sky130_fd_sc_hd__clkbuf_4)
                                                         net40 (net)
                      0.125561    0.002637    4.311603 ^ _186_/A (sky130_fd_sc_hd__nor2_1)
     1    0.002282    0.034132    0.031043    4.342646 v _186_/Y (sky130_fd_sc_hd__nor2_1)
                                                         net27 (net)
                      0.034132    0.000164    4.342810 v output27/A (sky130_fd_sc_hd__buf_2)
     1    0.034202    0.062705    0.118034    4.460844 v output27/X (sky130_fd_sc_hd__buf_2)
                                                         ready (net)
                      0.062762    0.001700    4.462543 v ready (out)
                                              4.462543   data arrival time

                                 20.000000   20.000000   clock clk (rise edge)
                                  0.000000   20.000000   clock network delay (propagated)
                                 -0.250000   19.750002   clock uncertainty
                                  0.000000   19.750002   clock reconvergence pessimism
                                 -4.000000   15.750001   output external delay
                                             15.750001   data required time
---------------------------------------------------------------------------------------------
                                             15.750001   data required time
                                             -4.462543   data arrival time
---------------------------------------------------------------------------------------------
                                             11.287457   slack (MET)


Startpoint: _272_ (rising edge-triggered flip-flop clocked by clk)
Endpoint: i2c_scl (output port clocked by clk)
Path Group: clk
Path Type: max

Fanout         Cap        Slew       Delay        Time   Description
---------------------------------------------------------------------------------------------
                                  0.000000    0.000000   clock clk (rise edge)
                                  0.000000    0.000000   clock source latency
     1    0.010858    0.041342    0.027363    0.027363 ^ clk (in)
                                                         clk (net)
                      0.041353    0.000000    0.027363 ^ clkbuf_0_clk/A (sky130_fd_sc_hd__clkbuf_16)
     2    0.019495    0.030869    0.086858    0.114221 ^ clkbuf_0_clk/X (sky130_fd_sc_hd__clkbuf_16)
                                                         clknet_0_clk (net)
                      0.030883    0.000977    0.115198 ^ clkbuf_1_1__f_clk/A (sky130_fd_sc_hd__clkbuf_16)
     3    0.009519    0.024209    0.077208    0.192405 ^ clkbuf_1_1__f_clk/X (sky130_fd_sc_hd__clkbuf_16)
                                                         clknet_1_1__leaf_clk (net)
                      0.024211    0.000544    0.192949 ^ _272_/CLK (sky130_fd_sc_hd__dfstp_1)
     1    0.003540    0.036970    0.299946    0.492895 ^ _272_/Q (sky130_fd_sc_hd__dfstp_1)
                                                         i2c_clk (net)
                      0.036973    0.000228    0.493123 ^ fanout38/A (sky130_fd_sc_hd__clkbuf_2)
     7    0.031136    0.132655    0.137496    0.630620 ^ fanout38/X (sky130_fd_sc_hd__clkbuf_2)
                                                         net38 (net)
                      0.132703    0.002096    0.632715 ^ fanout34/A (sky130_fd_sc_hd__buf_2)
    10    0.034339    0.128623    0.159887    0.792602 ^ fanout34/X (sky130_fd_sc_hd__buf_2)
                                                         net34 (net)
                      0.128674    0.002107    0.794709 ^ _138_/A (sky130_fd_sc_hd__inv_2)
     2    0.010624    0.040735    0.034142    0.828851 v _138_/Y (sky130_fd_sc_hd__inv_2)
                                                         _025_ (net)
                      0.040742    0.000454    0.829305 v _187_/A (sky130_fd_sc_hd__nand2_4)
     1    0.035025    0.088305    0.081855    0.911160 ^ _187_/Y (sky130_fd_sc_hd__nand2_4)
                                                         i2c_scl (net)
     0    0.035025    0.088368    0.001862    0.913022 ^ i2c_scl (inout)
                                                         i2c_scl (net)
                                              0.913022   data arrival time

                                 20.000000   20.000000   clock clk (rise edge)
                                  0.000000   20.000000   clock network delay (propagated)
                                 -0.250000   19.750002   clock uncertainty
                                  0.000000   19.750002   clock reconvergence pessimism
                                 -4.000000   15.750001   output external delay
                                             15.750001   data required time
---------------------------------------------------------------------------------------------
                                             15.750001   data required time
                                             -0.913022   data arrival time
---------------------------------------------------------------------------------------------
                                             14.836979   slack (MET)


Startpoint: rst (input port clocked by clk)
Endpoint: _272_ (recovery check against rising-edge clock clk)
Path Group: asynchronous
Path Type: max

Fanout         Cap        Slew       Delay        Time   Description
---------------------------------------------------------------------------------------------
                                  0.000000    0.000000   clock clk (rise edge)
                                  0.000000    0.000000   clock network delay (propagated)
                                  4.000000    4.000000 v input external delay
     1    0.002744    0.004633    0.002268    4.002268 v rst (in)
                                                         rst (net)
                      0.004636    0.000000    4.002268 v input17/A (sky130_fd_sc_hd__buf_1)
     2    0.014542    0.060790    0.081742    4.084010 v input17/X (sky130_fd_sc_hd__buf_1)
                                                         net17 (net)
                      0.060800    0.000754    4.084764 v fanout40/A (sky130_fd_sc_hd__clkbuf_4)
    10    0.050074    0.076989    0.150006    4.234769 v fanout40/X (sky130_fd_sc_hd__clkbuf_4)
                                                         net40 (net)
                      0.077387    0.004374    4.239143 v _256_/A (sky130_fd_sc_hd__inv_2)
     1    0.004282    0.029394    0.046879    4.286022 ^ _256_/Y (sky130_fd_sc_hd__inv_2)
                                                         _013_ (net)
                      0.029399    0.000226    4.286247 ^ _272_/SET_B (sky130_fd_sc_hd__dfstp_1)
                                              4.286247   data arrival time

                                 20.000000   20.000000   clock clk (rise edge)
                                  0.000000   20.000000   clock source latency
     1    0.010858    0.041342    0.027363   20.027363 ^ clk (in)
                                                         clk (net)
                      0.041353    0.000000   20.027363 ^ clkbuf_0_clk/A (sky130_fd_sc_hd__clkbuf_16)
     2    0.019495    0.030869    0.086857   20.114220 ^ clkbuf_0_clk/X (sky130_fd_sc_hd__clkbuf_16)
                                                         clknet_0_clk (net)
                      0.030883    0.000979   20.115198 ^ clkbuf_1_1__f_clk/A (sky130_fd_sc_hd__clkbuf_16)
     3    0.009519    0.024209    0.077208   20.192406 ^ clkbuf_1_1__f_clk/X (sky130_fd_sc_hd__clkbuf_16)
                                                         clknet_1_1__leaf_clk (net)
                      0.024211    0.000544   20.192949 ^ _272_/CLK (sky130_fd_sc_hd__dfstp_1)
                                 -0.250000   19.942951   clock uncertainty
                                  0.000000   19.942951   clock reconvergence pessimism
                                  0.084482   20.027433   library recovery time
                                             20.027433   data required time
---------------------------------------------------------------------------------------------
                                             20.027433   data required time
                                             -4.286247   data arrival time
---------------------------------------------------------------------------------------------
                                             15.741185   slack (MET)


Startpoint: rst (input port clocked by clk)
Endpoint: _316_ (recovery check against rising-edge clock clk)
Path Group: asynchronous
Path Type: max

Fanout         Cap        Slew       Delay        Time   Description
---------------------------------------------------------------------------------------------
                                  0.000000    0.000000   clock clk (rise edge)
                                  0.000000    0.000000   clock network delay (propagated)
                                  4.000000    4.000000 v input external delay
     1    0.002744    0.004633    0.002268    4.002268 v rst (in)
                                                         rst (net)
                      0.004636    0.000000    4.002268 v input17/A (sky130_fd_sc_hd__buf_1)
     2    0.014542    0.060790    0.081742    4.084010 v input17/X (sky130_fd_sc_hd__buf_1)
                                                         net17 (net)
                      0.060800    0.000754    4.084764 v fanout40/A (sky130_fd_sc_hd__clkbuf_4)
    10    0.050074    0.076989    0.150006    4.234769 v fanout40/X (sky130_fd_sc_hd__clkbuf_4)
                                                         net40 (net)
                      0.077291    0.003789    4.238558 v _271_/A (sky130_fd_sc_hd__inv_2)
     1    0.006439    0.035206    0.053143    4.291701 ^ _271_/Y (sky130_fd_sc_hd__inv_2)
                                                         _032_ (net)
                      0.035210    0.000383    4.292085 ^ _316_/RESET_B (sky130_fd_sc_hd__dfrtp_1)
                                              4.292085   data arrival time

                                 20.000000   20.000000   clock clk (rise edge)
                                  0.000000   20.000000   clock source latency
     1    0.010858    0.041342    0.027363   20.027363 ^ clk (in)
                                                         clk (net)
                      0.041353    0.000000   20.027363 ^ clkbuf_0_clk/A (sky130_fd_sc_hd__clkbuf_16)
     2    0.019495    0.030869    0.086857   20.114220 ^ clkbuf_0_clk/X (sky130_fd_sc_hd__clkbuf_16)
                                                         clknet_0_clk (net)
                      0.030885    0.001053   20.115274 ^ clkbuf_1_0__f_clk/A (sky130_fd_sc_hd__clkbuf_16)
     2    0.005073    0.021044    0.073733   20.189007 ^ clkbuf_1_0__f_clk/X (sky130_fd_sc_hd__clkbuf_16)
                                                         clknet_1_0__leaf_clk (net)
                      0.021046    0.000314   20.189322 ^ _316_/CLK (sky130_fd_sc_hd__dfrtp_1)
                                 -0.250000   19.939322   clock uncertainty
                                  0.000000   19.939322   clock reconvergence pessimism
                                  0.141393   20.080715   library recovery time
                                             20.080715   data required time
---------------------------------------------------------------------------------------------
                                             20.080715   data required time
                                             -4.292085   data arrival time
---------------------------------------------------------------------------------------------
                                             15.788630   slack (MET)


Startpoint: rst (input port clocked by clk)
Endpoint: _314_ (recovery check against rising-edge clock clk)
Path Group: asynchronous
Path Type: max

Fanout         Cap        Slew       Delay        Time   Description
---------------------------------------------------------------------------------------------
                                  0.000000    0.000000   clock clk (rise edge)
                                  0.000000    0.000000   clock network delay (propagated)
                                  4.000000    4.000000 v input external delay
     1    0.002744    0.004633    0.002268    4.002268 v rst (in)
                                                         rst (net)
                      0.004636    0.000000    4.002268 v input17/A (sky130_fd_sc_hd__buf_1)
     2    0.014542    0.060790    0.081742    4.084010 v input17/X (sky130_fd_sc_hd__buf_1)
                                                         net17 (net)
                      0.060800    0.000754    4.084764 v fanout40/A (sky130_fd_sc_hd__clkbuf_4)
    10    0.050074    0.076989    0.150006    4.234769 v fanout40/X (sky130_fd_sc_hd__clkbuf_4)
                                                         net40 (net)
                      0.077362    0.004234    4.239004 v _269_/A (sky130_fd_sc_hd__inv_2)
     1    0.005124    0.031872    0.049704    4.288708 ^ _269_/Y (sky130_fd_sc_hd__inv_2)
                                                         _030_ (net)
                      0.031873    0.000288    4.288996 ^ _314_/RESET_B (sky130_fd_sc_hd__dfrtp_1)
                                              4.288996   data arrival time

                                 20.000000   20.000000   clock clk (rise edge)
                                  0.000000   20.000000   clock source latency
     1    0.010858    0.041342    0.027363   20.027363 ^ clk (in)
                                                         clk (net)
                      0.041353    0.000000   20.027363 ^ clkbuf_0_clk/A (sky130_fd_sc_hd__clkbuf_16)
     2    0.019495    0.030869    0.086857   20.114220 ^ clkbuf_0_clk/X (sky130_fd_sc_hd__clkbuf_16)
                                                         clknet_0_clk (net)
                      0.030885    0.001053   20.115274 ^ clkbuf_1_0__f_clk/A (sky130_fd_sc_hd__clkbuf_16)
     2    0.005073    0.021044    0.073733   20.189007 ^ clkbuf_1_0__f_clk/X (sky130_fd_sc_hd__clkbuf_16)
                                                         clknet_1_0__leaf_clk (net)
                      0.021046    0.000272   20.189278 ^ _314_/CLK (sky130_fd_sc_hd__dfrtp_1)
                                 -0.250000   19.939280   clock uncertainty
                                  0.000000   19.939280   clock reconvergence pessimism
                                  0.142019   20.081297   library recovery time
                                             20.081297   data required time
---------------------------------------------------------------------------------------------
                                             20.081297   data required time
                                             -4.288996   data arrival time
---------------------------------------------------------------------------------------------
                                             15.792301   slack (MET)


Startpoint: rst (input port clocked by clk)
Endpoint: _315_ (recovery check against rising-edge clock clk)
Path Group: asynchronous
Path Type: max

Fanout         Cap        Slew       Delay        Time   Description
---------------------------------------------------------------------------------------------
                                  0.000000    0.000000   clock clk (rise edge)
                                  0.000000    0.000000   clock network delay (propagated)
                                  4.000000    4.000000 v input external delay
     1    0.002744    0.004633    0.002268    4.002268 v rst (in)
                                                         rst (net)
                      0.004636    0.000000    4.002268 v input17/A (sky130_fd_sc_hd__buf_1)
     2    0.014542    0.060790    0.081742    4.084010 v input17/X (sky130_fd_sc_hd__buf_1)
                                                         net17 (net)
                      0.060800    0.000754    4.084764 v fanout40/A (sky130_fd_sc_hd__clkbuf_4)
    10    0.050074    0.076989    0.150006    4.234769 v fanout40/X (sky130_fd_sc_hd__clkbuf_4)
                                                         net40 (net)
                      0.077385    0.004365    4.239134 v _270_/A (sky130_fd_sc_hd__inv_2)
     1    0.004646    0.030570    0.048265    4.287399 ^ _270_/Y (sky130_fd_sc_hd__inv_2)
                                                         _031_ (net)
                      0.030571    0.000253    4.287652 ^ _315_/RESET_B (sky130_fd_sc_hd__dfrtp_1)
                                              4.287652   data arrival time

                                 20.000000   20.000000   clock clk (rise edge)
                                  0.000000   20.000000   clock source latency
     1    0.010858    0.041342    0.027363   20.027363 ^ clk (in)
                                                         clk (net)
                      0.041353    0.000000   20.027363 ^ clkbuf_0_clk/A (sky130_fd_sc_hd__clkbuf_16)
     2    0.019495    0.030869    0.086857   20.114220 ^ clkbuf_0_clk/X (sky130_fd_sc_hd__clkbuf_16)
                                                         clknet_0_clk (net)
                      0.030883    0.000979   20.115198 ^ clkbuf_1_1__f_clk/A (sky130_fd_sc_hd__clkbuf_16)
     3    0.009519    0.024209    0.077208   20.192406 ^ clkbuf_1_1__f_clk/X (sky130_fd_sc_hd__clkbuf_16)
                                                         clknet_1_1__leaf_clk (net)
                      0.024211    0.000547   20.192953 ^ _315_/CLK (sky130_fd_sc_hd__dfrtp_1)
                                 -0.250000   19.942955   clock uncertainty
                                  0.000000   19.942955   clock reconvergence pessimism
                                  0.142735   20.085690   library recovery time
                                             20.085690   data required time
---------------------------------------------------------------------------------------------
                                             20.085690   data required time
                                             -4.287652   data arrival time
---------------------------------------------------------------------------------------------
                                             15.798038   slack (MET)


Startpoint: _314_ (rising edge-triggered flip-flop clocked by clk)
Endpoint: _272_ (rising edge-triggered flip-flop clocked by clk)
Path Group: clk
Path Type: max

Fanout         Cap        Slew       Delay        Time   Description
---------------------------------------------------------------------------------------------
                                  0.000000    0.000000   clock clk (rise edge)
                                  0.000000    0.000000   clock source latency
     1    0.010858    0.041342    0.027363    0.027363 ^ clk (in)
                                                         clk (net)
                      0.041353    0.000000    0.027363 ^ clkbuf_0_clk/A (sky130_fd_sc_hd__clkbuf_16)
     2    0.019495    0.030869    0.086858    0.114221 ^ clkbuf_0_clk/X (sky130_fd_sc_hd__clkbuf_16)
                                                         clknet_0_clk (net)
                      0.030885    0.001052    0.115273 ^ clkbuf_1_0__f_clk/A (sky130_fd_sc_hd__clkbuf_16)
     2    0.005073    0.021044    0.073733    0.189006 ^ clkbuf_1_0__f_clk/X (sky130_fd_sc_hd__clkbuf_16)
                                                         clknet_1_0__leaf_clk (net)
                      0.021046    0.000272    0.189278 ^ _314_/CLK (sky130_fd_sc_hd__dfrtp_1)
     3    0.009265    0.070060    0.225408    0.414686 ^ _314_/Q (sky130_fd_sc_hd__dfrtp_1)
                                                         clk_counter[0] (net)
                      0.070061    0.000414    0.415101 ^ hold1/A (sky130_fd_sc_hd__dlygate4sd3_1)
     1    0.005190    0.053383    0.391923    0.807023 ^ hold1/X (sky130_fd_sc_hd__dlygate4sd3_1)
                                                         net41 (net)
                      0.053383    0.000398    0.807422 ^ _142_/A (sky130_fd_sc_hd__inv_2)
     3    0.010383    0.025399    0.028891    0.836313 v _142_/Y (sky130_fd_sc_hd__inv_2)
                                                         _000_ (net)
                      0.025418    0.000581    0.836894 v _174_/A (sky130_fd_sc_hd__or3_1)
     1    0.002330    0.040375    0.203387    1.040281 v _174_/X (sky130_fd_sc_hd__or3_1)
                                                         _097_ (net)
                      0.040375    0.000166    1.040447 v hold4/A (sky130_fd_sc_hd__dlygate4sd3_1)
     1    0.004779    0.045407    0.373532    1.413979 v hold4/X (sky130_fd_sc_hd__dlygate4sd3_1)
                                                         net44 (net)
                      0.045407    0.000226    1.414205 v _175_/B (sky130_fd_sc_hd__xnor2_1)
     1    0.004437    0.104320    0.107336    1.521541 ^ _175_/Y (sky130_fd_sc_hd__xnor2_1)
                                                         _033_ (net)
                      0.104321    0.000388    1.521929 ^ _272_/D (sky130_fd_sc_hd__dfstp_1)
                                              1.521929   data arrival time

                                 20.000000   20.000000   clock clk (rise edge)
                                  0.000000   20.000000   clock source latency
     1    0.010858    0.041342    0.027363   20.027363 ^ clk (in)
                                                         clk (net)
                      0.041353    0.000000   20.027363 ^ clkbuf_0_clk/A (sky130_fd_sc_hd__clkbuf_16)
     2    0.019495    0.030869    0.086857   20.114220 ^ clkbuf_0_clk/X (sky130_fd_sc_hd__clkbuf_16)
                                                         clknet_0_clk (net)
                      0.030883    0.000979   20.115198 ^ clkbuf_1_1__f_clk/A (sky130_fd_sc_hd__clkbuf_16)
     3    0.009519    0.024209    0.077208   20.192406 ^ clkbuf_1_1__f_clk/X (sky130_fd_sc_hd__clkbuf_16)
                                                         clknet_1_1__leaf_clk (net)
                      0.024211    0.000544   20.192949 ^ _272_/CLK (sky130_fd_sc_hd__dfstp_1)
                                 -0.250000   19.942951   clock uncertainty
                                  0.000000   19.942951   clock reconvergence pessimism
                                 -0.039459   19.903490   library setup time
                                             19.903490   data required time
---------------------------------------------------------------------------------------------
                                             19.903490   data required time
                                             -1.521929   data arrival time
---------------------------------------------------------------------------------------------
                                             18.381561   slack (MET)


Startpoint: _314_ (rising edge-triggered flip-flop clocked by clk)
Endpoint: _315_ (rising edge-triggered flip-flop clocked by clk)
Path Group: clk
Path Type: max

Fanout         Cap        Slew       Delay        Time   Description
---------------------------------------------------------------------------------------------
                                  0.000000    0.000000   clock clk (rise edge)
                                  0.000000    0.000000   clock source latency
     1    0.010858    0.041342    0.027363    0.027363 ^ clk (in)
                                                         clk (net)
                      0.041353    0.000000    0.027363 ^ clkbuf_0_clk/A (sky130_fd_sc_hd__clkbuf_16)
     2    0.019495    0.030869    0.086858    0.114221 ^ clkbuf_0_clk/X (sky130_fd_sc_hd__clkbuf_16)
                                                         clknet_0_clk (net)
                      0.030885    0.001052    0.115273 ^ clkbuf_1_0__f_clk/A (sky130_fd_sc_hd__clkbuf_16)
     2    0.005073    0.021044    0.073733    0.189006 ^ clkbuf_1_0__f_clk/X (sky130_fd_sc_hd__clkbuf_16)
                                                         clknet_1_0__leaf_clk (net)
                      0.021046    0.000272    0.189278 ^ _314_/CLK (sky130_fd_sc_hd__dfrtp_1)
     3    0.009265    0.070060    0.225408    0.414686 ^ _314_/Q (sky130_fd_sc_hd__dfrtp_1)
                                                         clk_counter[0] (net)
                      0.070061    0.000414    0.415101 ^ hold1/A (sky130_fd_sc_hd__dlygate4sd3_1)
     1    0.005190    0.053383    0.391923    0.807023 ^ hold1/X (sky130_fd_sc_hd__dlygate4sd3_1)
                                                         net41 (net)
                      0.053383    0.000398    0.807422 ^ _142_/A (sky130_fd_sc_hd__inv_2)
     3    0.010383    0.025399    0.028891    0.836313 v _142_/Y (sky130_fd_sc_hd__inv_2)
                                                         _000_ (net)
                      0.025429    0.000715    0.837028 v _190_/A1 (sky130_fd_sc_hd__o211a_1)
     1    0.004623    0.033881    0.142057    0.979085 v _190_/X (sky130_fd_sc_hd__o211a_1)
                                                         _001_ (net)
                      0.033906    0.000282    0.979366 v _315_/D (sky130_fd_sc_hd__dfrtp_1)
                                              0.979366   data arrival time

                                 20.000000   20.000000   clock clk (rise edge)
                                  0.000000   20.000000   clock source latency
     1    0.010858    0.041342    0.027363   20.027363 ^ clk (in)
                                                         clk (net)
                      0.041353    0.000000   20.027363 ^ clkbuf_0_clk/A (sky130_fd_sc_hd__clkbuf_16)
     2    0.019495    0.030869    0.086857   20.114220 ^ clkbuf_0_clk/X (sky130_fd_sc_hd__clkbuf_16)
                                                         clknet_0_clk (net)
                      0.030883    0.000979   20.115198 ^ clkbuf_1_1__f_clk/A (sky130_fd_sc_hd__clkbuf_16)
     3    0.009519    0.024209    0.077208   20.192406 ^ clkbuf_1_1__f_clk/X (sky130_fd_sc_hd__clkbuf_16)
                                                         clknet_1_1__leaf_clk (net)
                      0.024211    0.000547   20.192953 ^ _315_/CLK (sky130_fd_sc_hd__dfrtp_1)
                                 -0.250000   19.942955   clock uncertainty
                                  0.000000   19.942955   clock reconvergence pessimism
                                 -0.073875   19.869080   library setup time
                                             19.869080   data required time
---------------------------------------------------------------------------------------------
                                             19.869080   data required time
                                             -0.979366   data arrival time
---------------------------------------------------------------------------------------------
                                             18.889713   slack (MET)


Startpoint: _316_ (rising edge-triggered flip-flop clocked by clk)
Endpoint: _316_ (rising edge-triggered flip-flop clocked by clk)
Path Group: clk
Path Type: max

Fanout         Cap        Slew       Delay        Time   Description
---------------------------------------------------------------------------------------------
                                  0.000000    0.000000   clock clk (rise edge)
                                  0.000000    0.000000   clock source latency
     1    0.010858    0.041342    0.027363    0.027363 ^ clk (in)
                                                         clk (net)
                      0.041353    0.000000    0.027363 ^ clkbuf_0_clk/A (sky130_fd_sc_hd__clkbuf_16)
     2    0.019495    0.030869    0.086858    0.114221 ^ clkbuf_0_clk/X (sky130_fd_sc_hd__clkbuf_16)
                                                         clknet_0_clk (net)
                      0.030885    0.001052    0.115273 ^ clkbuf_1_0__f_clk/A (sky130_fd_sc_hd__clkbuf_16)
     2    0.005073    0.021044    0.073733    0.189006 ^ clkbuf_1_0__f_clk/X (sky130_fd_sc_hd__clkbuf_16)
                                                         clknet_1_0__leaf_clk (net)
                      0.021046    0.000315    0.189321 ^ _316_/CLK (sky130_fd_sc_hd__dfrtp_1)
     2    0.006977    0.041438    0.233773    0.423094 v _316_/Q (sky130_fd_sc_hd__dfrtp_1)
                                                         clk_counter[2] (net)
                      0.041442    0.000448    0.423541 v hold2/A (sky130_fd_sc_hd__dlygate4sd3_1)
     2    0.009633    0.061109    0.395012    0.818554 v hold2/X (sky130_fd_sc_hd__dlygate4sd3_1)
                                                         net42 (net)
                      0.061109    0.000342    0.818896 v _191_/A (sky130_fd_sc_hd__xnor2_1)
     1    0.002754    0.032788    0.089046    0.907942 v _191_/Y (sky130_fd_sc_hd__xnor2_1)
                                                         _002_ (net)
                      0.032788    0.000186    0.908128 v _316_/D (sky130_fd_sc_hd__dfrtp_1)
                                              0.908128   data arrival time

                                 20.000000   20.000000   clock clk (rise edge)
                                  0.000000   20.000000   clock source latency
     1    0.010858    0.041342    0.027363   20.027363 ^ clk (in)
                                                         clk (net)
                      0.041353    0.000000   20.027363 ^ clkbuf_0_clk/A (sky130_fd_sc_hd__clkbuf_16)
     2    0.019495    0.030869    0.086857   20.114220 ^ clkbuf_0_clk/X (sky130_fd_sc_hd__clkbuf_16)
                                                         clknet_0_clk (net)
                      0.030885    0.001053   20.115274 ^ clkbuf_1_0__f_clk/A (sky130_fd_sc_hd__clkbuf_16)
     2    0.005073    0.021044    0.073733   20.189007 ^ clkbuf_1_0__f_clk/X (sky130_fd_sc_hd__clkbuf_16)
                                                         clknet_1_0__leaf_clk (net)
                      0.021046    0.000314   20.189322 ^ _316_/CLK (sky130_fd_sc_hd__dfrtp_1)
                                 -0.250000   19.939322   clock uncertainty
                                  0.000000   19.939322   clock reconvergence pessimism
                                 -0.073780   19.865541   library setup time
                                             19.865541   data required time
---------------------------------------------------------------------------------------------
                                             19.865541   data required time
                                             -0.908128   data arrival time
---------------------------------------------------------------------------------------------
                                             18.957413   slack (MET)


Startpoint: _314_ (rising edge-triggered flip-flop clocked by clk)
Endpoint: _314_ (rising edge-triggered flip-flop clocked by clk)
Path Group: clk
Path Type: max

Fanout         Cap        Slew       Delay        Time   Description
---------------------------------------------------------------------------------------------
                                  0.000000    0.000000   clock clk (rise edge)
                                  0.000000    0.000000   clock source latency
     1    0.010858    0.041342    0.027363    0.027363 ^ clk (in)
                                                         clk (net)
                      0.041353    0.000000    0.027363 ^ clkbuf_0_clk/A (sky130_fd_sc_hd__clkbuf_16)
     2    0.019495    0.030869    0.086858    0.114221 ^ clkbuf_0_clk/X (sky130_fd_sc_hd__clkbuf_16)
                                                         clknet_0_clk (net)
                      0.030885    0.001052    0.115273 ^ clkbuf_1_0__f_clk/A (sky130_fd_sc_hd__clkbuf_16)
     2    0.005073    0.021044    0.073733    0.189006 ^ clkbuf_1_0__f_clk/X (sky130_fd_sc_hd__clkbuf_16)
                                                         clknet_1_0__leaf_clk (net)
                      0.021046    0.000272    0.189278 ^ _314_/CLK (sky130_fd_sc_hd__dfrtp_1)
     3    0.009265    0.070060    0.225408    0.414686 ^ _314_/Q (sky130_fd_sc_hd__dfrtp_1)
                                                         clk_counter[0] (net)
                      0.070061    0.000414    0.415101 ^ hold1/A (sky130_fd_sc_hd__dlygate4sd3_1)
     1    0.005190    0.053383    0.391923    0.807023 ^ hold1/X (sky130_fd_sc_hd__dlygate4sd3_1)
                                                         net41 (net)
                      0.053383    0.000398    0.807422 ^ _142_/A (sky130_fd_sc_hd__inv_2)
     3    0.010383    0.025399    0.028891    0.836313 v _142_/Y (sky130_fd_sc_hd__inv_2)
                                                         _000_ (net)
                      0.025418    0.000569    0.836882 v _314_/D (sky130_fd_sc_hd__dfrtp_1)
                                              0.836882   data arrival time

                                 20.000000   20.000000   clock clk (rise edge)
                                  0.000000   20.000000   clock source latency
     1    0.010858    0.041342    0.027363   20.027363 ^ clk (in)
                                                         clk (net)
                      0.041353    0.000000   20.027363 ^ clkbuf_0_clk/A (sky130_fd_sc_hd__clkbuf_16)
     2    0.019495    0.030869    0.086857   20.114220 ^ clkbuf_0_clk/X (sky130_fd_sc_hd__clkbuf_16)
                                                         clknet_0_clk (net)
                      0.030885    0.001053   20.115274 ^ clkbuf_1_0__f_clk/A (sky130_fd_sc_hd__clkbuf_16)
     2    0.005073    0.021044    0.073733   20.189007 ^ clkbuf_1_0__f_clk/X (sky130_fd_sc_hd__clkbuf_16)
                                                         clknet_1_0__leaf_clk (net)
                      0.021046    0.000272   20.189278 ^ _314_/CLK (sky130_fd_sc_hd__dfrtp_1)
                                 -0.250000   19.939280   clock uncertainty
                                  0.000000   19.939280   clock reconvergence pessimism
                                 -0.071147   19.868132   library setup time
                                             19.868132   data required time
---------------------------------------------------------------------------------------------
                                             19.868132   data required time
                                             -0.836882   data arrival time
---------------------------------------------------------------------------------------------
                                             19.031250   slack (MET)



%OL_END_REPORT
%OL_CREATE_REPORT checks.rpt

===========================================================================
report_checks -unconstrained
===========================================================================
======================= max_ff_n40C_1v95 Corner ===================================

Startpoint: rst (input port clocked by clk)
Endpoint: _272_ (recovery check against rising-edge clock clk)
Path Group: asynchronous
Path Type: max

Fanout         Cap        Slew       Delay        Time   Description
---------------------------------------------------------------------------------------------
                                  0.000000    0.000000   clock clk (rise edge)
                                  0.000000    0.000000   clock network delay (propagated)
                                  4.000000    4.000000 v input external delay
     1    0.002744    0.004633    0.002268    4.002268 v rst (in)
                                                         rst (net)
                      0.004636    0.000000    4.002268 v input17/A (sky130_fd_sc_hd__buf_1)
     2    0.014542    0.060790    0.081742    4.084010 v input17/X (sky130_fd_sc_hd__buf_1)
                                                         net17 (net)
                      0.060800    0.000754    4.084764 v fanout40/A (sky130_fd_sc_hd__clkbuf_4)
    10    0.050074    0.076989    0.150006    4.234769 v fanout40/X (sky130_fd_sc_hd__clkbuf_4)
                                                         net40 (net)
                      0.077387    0.004374    4.239143 v _256_/A (sky130_fd_sc_hd__inv_2)
     1    0.004282    0.029394    0.046879    4.286022 ^ _256_/Y (sky130_fd_sc_hd__inv_2)
                                                         _013_ (net)
                      0.029399    0.000226    4.286247 ^ _272_/SET_B (sky130_fd_sc_hd__dfstp_1)
                                              4.286247   data arrival time

                                 20.000000   20.000000   clock clk (rise edge)
                                  0.000000   20.000000   clock source latency
     1    0.010858    0.041342    0.027363   20.027363 ^ clk (in)
                                                         clk (net)
                      0.041353    0.000000   20.027363 ^ clkbuf_0_clk/A (sky130_fd_sc_hd__clkbuf_16)
     2    0.019495    0.030869    0.086857   20.114220 ^ clkbuf_0_clk/X (sky130_fd_sc_hd__clkbuf_16)
                                                         clknet_0_clk (net)
                      0.030883    0.000979   20.115198 ^ clkbuf_1_1__f_clk/A (sky130_fd_sc_hd__clkbuf_16)
     3    0.009519    0.024209    0.077208   20.192406 ^ clkbuf_1_1__f_clk/X (sky130_fd_sc_hd__clkbuf_16)
                                                         clknet_1_1__leaf_clk (net)
                      0.024211    0.000544   20.192949 ^ _272_/CLK (sky130_fd_sc_hd__dfstp_1)
                                 -0.250000   19.942951   clock uncertainty
                                  0.000000   19.942951   clock reconvergence pessimism
                                  0.084482   20.027433   library recovery time
                                             20.027433   data required time
---------------------------------------------------------------------------------------------
                                             20.027433   data required time
                                             -4.286247   data arrival time
---------------------------------------------------------------------------------------------
                                             15.741185   slack (MET)


Startpoint: rst (input port clocked by clk)
Endpoint: ready (output port clocked by clk)
Path Group: clk
Path Type: max

Fanout         Cap        Slew       Delay        Time   Description
---------------------------------------------------------------------------------------------
                                  0.000000    0.000000   clock clk (rise edge)
                                  0.000000    0.000000   clock network delay (propagated)
                                  4.000000    4.000000 ^ input external delay
     1    0.002932    0.014390    0.007627    4.007627 ^ rst (in)
                                                         rst (net)
                      0.014392    0.000000    4.007627 ^ input17/A (sky130_fd_sc_hd__buf_1)
     2    0.015153    0.136489    0.119560    4.127187 ^ input17/X (sky130_fd_sc_hd__buf_1)
                                                         net17 (net)
                      0.136496    0.000794    4.127981 ^ fanout40/A (sky130_fd_sc_hd__clkbuf_4)
    10    0.053198    0.125479    0.180985    4.308966 ^ fanout40/X (sky130_fd_sc_hd__clkbuf_4)
                                                         net40 (net)
                      0.125561    0.002637    4.311603 ^ _186_/A (sky130_fd_sc_hd__nor2_1)
     1    0.002282    0.034132    0.031043    4.342646 v _186_/Y (sky130_fd_sc_hd__nor2_1)
                                                         net27 (net)
                      0.034132    0.000164    4.342810 v output27/A (sky130_fd_sc_hd__buf_2)
     1    0.034202    0.062705    0.118034    4.460844 v output27/X (sky130_fd_sc_hd__buf_2)
                                                         ready (net)
                      0.062762    0.001700    4.462543 v ready (out)
                                              4.462543   data arrival time

                                 20.000000   20.000000   clock clk (rise edge)
                                  0.000000   20.000000   clock network delay (propagated)
                                 -0.250000   19.750002   clock uncertainty
                                  0.000000   19.750002   clock reconvergence pessimism
                                 -4.000000   15.750001   output external delay
                                             15.750001   data required time
---------------------------------------------------------------------------------------------
                                             15.750001   data required time
                                             -4.462543   data arrival time
---------------------------------------------------------------------------------------------
                                             11.287457   slack (MET)




===========================================================================
report_checks --slack_max -0.01
============================================================================
======================= max_ff_n40C_1v95 Corner ===================================

No paths found.


===========================================================================
 report_check_types -max_slew -max_cap -max_fanout -violators
============================================================================
======================= max_ff_n40C_1v95 Corner ===================================



===========================================================================
report_parasitic_annotation -report_unannotated
============================================================================
Found 1 unannotated drivers.
 clkload0/X
Found 0 partially unannotated drivers.

===========================================================================
max slew violation count 0
%OL_METRIC_I design__max_slew_violation__count__corner:max_ff_n40C_1v95 0
max fanout violation count 0
%OL_METRIC_I design__max_fanout_violation__count__corner:max_ff_n40C_1v95 0
max cap violation count 0
%OL_METRIC_I design__max_cap_violation__count__corner:max_ff_n40C_1v95 0
============================================================================

===========================================================================
check_setup -verbose -unconstrained_endpoints -multiple_clock -no_clock -no_input_delay -loops -generated_clocks
===========================================================================
Warning: There are 41 unclocked register/latch pins.
  _273_/CLK
  _274_/CLK
  _275_/CLK
  _276_/CLK
  _277_/CLK
  _278_/CLK
  _279_/CLK
  _280_/CLK
  _281_/CLK
  _282_/CLK
  _283_/CLK
  _284_/CLK
  _285_/CLK
  _286_/CLK
  _287_/CLK
  _288_/CLK
  _289_/CLK
  _290_/CLK
  _291_/CLK
  _292_/CLK
  _293_/CLK
  _294_/CLK
  _295_/CLK
  _296_/CLK
  _297_/CLK
  _298_/CLK
  _299_/CLK
  _300_/CLK
  _301_/CLK
  _302_/CLK
  _303_/CLK
  _304_/CLK
  _305_/CLK
  _306_/CLK
  _307_/CLK
  _308_/CLK
  _309_/CLK
  _310_/CLK
  _311_/CLK
  _312_/CLK
  _313_/CLK
Warning: There are 50 unconstrained endpoints.
  data_out[0]
  data_out[1]
  data_out[2]
  data_out[3]
  data_out[4]
  data_out[5]
  data_out[6]
  data_out[7]
  i2c_sda
  _273_/D
  _274_/D
  _275_/D
  _276_/D
  _277_/D
  _278_/D
  _279_/D
  _280_/D
  _281_/D
  _282_/D
  _283_/D
  _284_/D
  _285_/D
  _286_/D
  _287_/D
  _288_/D
  _289_/D
  _290_/D
  _291_/D
  _292_/D
  _293_/D
  _294_/D
  _295_/D
  _296_/D
  _297_/D
  _298_/D
  _299_/D
  _300_/D
  _301_/D
  _302_/D
  _303_/D
  _304_/D
  _305_/D
  _306_/D
  _307_/D
  _308_/D
  _309_/D
  _310_/D
  _311_/D
  _312_/D
  _313_/D
%OL_END_REPORT
%OL_CREATE_REPORT power.rpt

===========================================================================
 report_power
============================================================================
======================= max_ff_n40C_1v95 Corner ===================================

Group                    Internal    Switching      Leakage        Total
                            Power        Power        Power        Power (Watts)
------------------------------------------------------------------------
Sequential           1.655840e-05 2.940696e-05 7.221043e-10 4.596608e-05  35.7%
Combinational        2.429385e-05 2.028146e-05 1.130812e-09 4.457643e-05  34.6%
Clock                3.172160e-05 6.480811e-06 8.955162e-10 3.820331e-05  29.7%
Macro                0.000000e+00 0.000000e+00 0.000000e+00 0.000000e+00   0.0%
Pad                  0.000000e+00 0.000000e+00 0.000000e+00 0.000000e+00   0.0%
------------------------------------------------------------------------
Total                7.257386e-05 5.616924e-05 2.748435e-09 1.287458e-04 100.0%
                            56.4%        43.6%         0.0%
%OL_METRIC_F power__internal__total 7.257385732373223e-5
%OL_METRIC_F power__switching__total 5.616923590423539e-5
%OL_METRIC_F power__leakage__total 2.748434591026694e-9
%OL_METRIC_F power__total 0.00012874584353994578

%OL_END_REPORT
%OL_CREATE_REPORT skew.min.rpt

===========================================================================
Clock Skew (Hold)
============================================================================
%OL_METRIC_F clock__skew__worst_hold__corner:max_ff_n40C_1v95 -0.253675199137934
======================= max_ff_n40C_1v95 Corner ===================================

Clock clk
0.189278 source latency _314_/CLK ^
-0.192954 target latency _315_/CLK ^
-0.250000 clock uncertainty
0.000000 CRPR
--------------
-0.253675 hold skew

%OL_END_REPORT
%OL_CREATE_REPORT skew.max.rpt

===========================================================================
Clock Skew (Setup)
============================================================================
%OL_METRIC_F clock__skew__worst_setup__corner:max_ff_n40C_1v95 0.2536328996394995
======================= max_ff_n40C_1v95 Corner ===================================

Clock clk
0.192954 source latency _315_/CLK ^
-0.189321 target latency _316_/CLK ^
0.250000 clock uncertainty
0.000000 CRPR
--------------
0.253633 setup skew

%OL_END_REPORT
%OL_CREATE_REPORT ws.min.rpt

===========================================================================
Worst Slack (Hold)
============================================================================
%OL_METRIC_F timing__hold__ws__corner:max_ff_n40C_1v95 0.1425707925405001
max_ff_n40C_1v95: 0.1425707925405001
%OL_END_REPORT
%OL_CREATE_REPORT ws.max.rpt

===========================================================================
Worst Slack (Setup)
============================================================================
%OL_METRIC_F timing__setup__ws__corner:max_ff_n40C_1v95 11.287457510375868
max_ff_n40C_1v95: 11.287457510375868
%OL_END_REPORT
%OL_CREATE_REPORT tns.min.rpt

===========================================================================
Total Negative Slack (Hold)
============================================================================
%OL_METRIC_F timing__hold__tns__corner:max_ff_n40C_1v95 0.0
max_ff_n40C_1v95: 0.0
%OL_END_REPORT
%OL_CREATE_REPORT tns.max.rpt

===========================================================================
Total Negative Slack (Setup)
============================================================================
%OL_METRIC_F timing__setup__tns__corner:max_ff_n40C_1v95 0.0
max_ff_n40C_1v95: 0.0
%OL_END_REPORT
%OL_CREATE_REPORT wns.min.rpt

===========================================================================
Worst Negative Slack (Hold)
============================================================================
%OL_METRIC_F timing__hold__wns__corner:max_ff_n40C_1v95 0
max_ff_n40C_1v95: 0
%OL_END_REPORT
%OL_CREATE_REPORT wns.max.rpt

===========================================================================
Worst Negative Slack (Setup)
============================================================================
%OL_METRIC_F timing__setup__wns__corner:max_ff_n40C_1v95 0.0
max_ff_n40C_1v95: 0.0
%OL_END_REPORT
%OL_CREATE_REPORT violator_list.rpt

===========================================================================
Violator List
============================================================================
%OL_METRIC_I timing__hold_vio__count__corner:max_ff_n40C_1v95 0
%OL_METRIC_F timing__hold_r2r__ws__corner:max_ff_n40C_1v95 0.142571
%OL_METRIC_I timing__hold_r2r_vio__count__corner:max_ff_n40C_1v95 0
%OL_METRIC_I timing__setup_vio__count__corner:max_ff_n40C_1v95 0
%OL_METRIC_F timing__setup_r2r__ws__corner:max_ff_n40C_1v95 18.381561
%OL_METRIC_I timing__setup_r2r_vio__count__corner:max_ff_n40C_1v95 0
%OL_END_REPORT
%OL_CREATE_REPORT unpropagated.rpt
%OL_END_REPORT
%OL_CREATE_REPORT clock.rpt
Clock: clk
Sources: clk 
Generated: no
Virtual: yes
Propagated: no
Period: 20.000000

===========================================================================
report_clock_properties
============================================================================
Clock                   Period          Waveform
----------------------------------------------------
clk                  20.000000    0.000000 10.000000

===========================================================================
report_clock_latency
============================================================================
Clock clk
rise -> rise
    min     max
0.000000 0.000000 source latency
0.189278         network latency _314_/CLK
        0.804638 network latency _277_/CLK
---------------
0.189278 0.804638 latency
        0.615360 skew

rise -> fall
    min     max
0.000000 0.000000 source latency
0.524126         network latency _293_/CLK
        0.829219 network latency _295_/CLK
---------------
0.524126 0.829219 latency
        0.305092 skew

fall -> fall
    min     max
0.000000 0.000000 source latency
0.189259         network latency _314_/CLK
        0.192469 network latency _315_/CLK
---------------
0.189259 0.192469 latency
        0.003210 skew



===========================================================================
report_clock_min_period
============================================================================
clk period_min = 1.62 fmax = 617.88
%OL_END_REPORT
Writing SDF files for all corners…
Removing Clock latencies before writing libs…
Writing timing models for all corners…
Writing timing models for the max_ff_n40C_1v95 corner to /home/davidsales/Documentos/Coding/Main_HDL/Synthesis/designs/i2c_master/runs/RUN_2026-02-24_21-34-25/54-openroad-stapostpnr/max_ff_n40C_1v95/i2c_master_controller__max_ff_n40C_1v95.lib…
