
===========================================================================
report_checks -unconstrained
===========================================================================
======================= nom_ff_n40C_1v95 Corner ===================================

Startpoint: rst (input port clocked by clk)
Endpoint: _272_ (recovery check against rising-edge clock clk)
Path Group: asynchronous
Path Type: max

Fanout         Cap        Slew       Delay        Time   Description
---------------------------------------------------------------------------------------------
                                  0.000000    0.000000   clock clk (rise edge)
                                  0.000000    0.000000   clock network delay (propagated)
                                  4.000000    4.000000 v input external delay
     1    0.002695    0.004567    0.002186    4.002186 v rst (in)
                                                         rst (net)
                      0.004567    0.000000    4.002186 v input17/A (sky130_fd_sc_hd__buf_1)
     2    0.013994    0.058632    0.080474    4.082660 v input17/X (sky130_fd_sc_hd__buf_1)
                                                         net17 (net)
                      0.058633    0.000335    4.082995 v fanout40/A (sky130_fd_sc_hd__clkbuf_4)
    10    0.048987    0.074990    0.149444    4.232440 v fanout40/X (sky130_fd_sc_hd__clkbuf_4)
                                                         net40 (net)
                      0.075052    0.001929    4.234369 v _256_/A (sky130_fd_sc_hd__inv_2)
     1    0.004206    0.028717    0.045980    4.280349 ^ _256_/Y (sky130_fd_sc_hd__inv_2)
                                                         _013_ (net)
                      0.028717    0.000091    4.280440 ^ _272_/SET_B (sky130_fd_sc_hd__dfstp_1)
                                              4.280440   data arrival time

                                 20.000000   20.000000   clock clk (rise edge)
                                  0.000000   20.000000   clock source latency
     1    0.010564    0.040446    0.026523   20.026524 ^ clk (in)
                                                         clk (net)
                      0.040450    0.000000   20.026524 ^ clkbuf_0_clk/A (sky130_fd_sc_hd__clkbuf_16)
     2    0.019154    0.030619    0.086569   20.113092 ^ clkbuf_0_clk/X (sky130_fd_sc_hd__clkbuf_16)
                                                         clknet_0_clk (net)
                      0.030620    0.000409   20.113501 ^ clkbuf_1_1__f_clk/A (sky130_fd_sc_hd__clkbuf_16)
     3    0.009147    0.023951    0.076941   20.190441 ^ clkbuf_1_1__f_clk/X (sky130_fd_sc_hd__clkbuf_16)
                                                         clknet_1_1__leaf_clk (net)
                      0.023952    0.000224   20.190666 ^ _272_/CLK (sky130_fd_sc_hd__dfstp_1)
                                 -0.250000   19.940666   clock uncertainty
                                  0.000000   19.940666   clock reconvergence pessimism
                                  0.084435   20.025103   library recovery time
                                             20.025103   data required time
---------------------------------------------------------------------------------------------
                                             20.025103   data required time
                                             -4.280440   data arrival time
---------------------------------------------------------------------------------------------
                                             15.744663   slack (MET)


Startpoint: rst (input port clocked by clk)
Endpoint: ready (output port clocked by clk)
Path Group: clk
Path Type: max

Fanout         Cap        Slew       Delay        Time   Description
---------------------------------------------------------------------------------------------
                                  0.000000    0.000000   clock clk (rise edge)
                                  0.000000    0.000000   clock network delay (propagated)
                                  4.000000    4.000000 ^ input external delay
     1    0.002883    0.014212    0.007458    4.007458 ^ rst (in)
                                                         rst (net)
                      0.014212    0.000000    4.007458 ^ input17/A (sky130_fd_sc_hd__buf_1)
     2    0.014605    0.131764    0.116635    4.124093 ^ input17/X (sky130_fd_sc_hd__buf_1)
                                                         net17 (net)
                      0.131765    0.000353    4.124446 ^ fanout40/A (sky130_fd_sc_hd__clkbuf_4)
    10    0.052111    0.122514    0.179956    4.304402 ^ fanout40/X (sky130_fd_sc_hd__clkbuf_4)
                                                         net40 (net)
                      0.122521    0.001047    4.305449 ^ _186_/A (sky130_fd_sc_hd__nor2_1)
     1    0.002234    0.033565    0.030890    4.336339 v _186_/Y (sky130_fd_sc_hd__nor2_1)
                                                         net27 (net)
                      0.033566    0.000063    4.336401 v output27/A (sky130_fd_sc_hd__buf_2)
     1    0.034164    0.062643    0.118473    4.454875 v output27/X (sky130_fd_sc_hd__buf_2)
                                                         ready (net)
                      0.062651    0.000706    4.455581 v ready (out)
                                              4.455581   data arrival time

                                 20.000000   20.000000   clock clk (rise edge)
                                  0.000000   20.000000   clock network delay (propagated)
                                 -0.250000   19.750002   clock uncertainty
                                  0.000000   19.750002   clock reconvergence pessimism
                                 -4.000000   15.750001   output external delay
                                             15.750001   data required time
---------------------------------------------------------------------------------------------
                                             15.750001   data required time
                                             -4.455581   data arrival time
---------------------------------------------------------------------------------------------
                                             11.294420   slack (MET)




===========================================================================
report_checks --slack_max -0.01
============================================================================
======================= nom_ff_n40C_1v95 Corner ===================================

No paths found.


===========================================================================
 report_check_types -max_slew -max_cap -max_fanout -violators
============================================================================
======================= nom_ff_n40C_1v95 Corner ===================================



===========================================================================
report_parasitic_annotation -report_unannotated
============================================================================
Found 1 unannotated drivers.
 clkload0/X
Found 0 partially unannotated drivers.

===========================================================================
max slew violation count 0
max fanout violation count 0
max cap violation count 0
============================================================================

===========================================================================
check_setup -verbose -unconstrained_endpoints -multiple_clock -no_clock -no_input_delay -loops -generated_clocks
===========================================================================
Warning: There are 41 unclocked register/latch pins.
  _273_/CLK
  _274_/CLK
  _275_/CLK
  _276_/CLK
  _277_/CLK
  _278_/CLK
  _279_/CLK
  _280_/CLK
  _281_/CLK
  _282_/CLK
  _283_/CLK
  _284_/CLK
  _285_/CLK
  _286_/CLK
  _287_/CLK
  _288_/CLK
  _289_/CLK
  _290_/CLK
  _291_/CLK
  _292_/CLK
  _293_/CLK
  _294_/CLK
  _295_/CLK
  _296_/CLK
  _297_/CLK
  _298_/CLK
  _299_/CLK
  _300_/CLK
  _301_/CLK
  _302_/CLK
  _303_/CLK
  _304_/CLK
  _305_/CLK
  _306_/CLK
  _307_/CLK
  _308_/CLK
  _309_/CLK
  _310_/CLK
  _311_/CLK
  _312_/CLK
  _313_/CLK
Warning: There are 50 unconstrained endpoints.
  data_out[0]
  data_out[1]
  data_out[2]
  data_out[3]
  data_out[4]
  data_out[5]
  data_out[6]
  data_out[7]
  i2c_sda
  _273_/D
  _274_/D
  _275_/D
  _276_/D
  _277_/D
  _278_/D
  _279_/D
  _280_/D
  _281_/D
  _282_/D
  _283_/D
  _284_/D
  _285_/D
  _286_/D
  _287_/D
  _288_/D
  _289_/D
  _290_/D
  _291_/D
  _292_/D
  _293_/D
  _294_/D
  _295_/D
  _296_/D
  _297_/D
  _298_/D
  _299_/D
  _300_/D
  _301_/D
  _302_/D
  _303_/D
  _304_/D
  _305_/D
  _306_/D
  _307_/D
  _308_/D
  _309_/D
  _310_/D
  _311_/D
  _312_/D
  _313_/D
