
===========================================================================
report_checks -path_delay min (Hold)
============================================================================
======================= nom_ff_n40C_1v95 Corner ===================================

Startpoint: _314_ (rising edge-triggered flip-flop clocked by clk)
Endpoint: _315_ (rising edge-triggered flip-flop clocked by clk)
Path Group: clk
Path Type: min

Fanout         Cap        Slew       Delay        Time   Description
---------------------------------------------------------------------------------------------
                                  0.000000    0.000000   clock clk (rise edge)
                                  0.000000    0.000000   clock source latency
     1    0.010564    0.040446    0.026524    0.026524 ^ clk (in)
                                                         clk (net)
                      0.040450    0.000000    0.026524 ^ clkbuf_0_clk/A (sky130_fd_sc_hd__clkbuf_16)
     2    0.019154    0.030619    0.086569    0.113093 ^ clkbuf_0_clk/X (sky130_fd_sc_hd__clkbuf_16)
                                                         clknet_0_clk (net)
                      0.030621    0.000465    0.113558 ^ clkbuf_1_0__f_clk/A (sky130_fd_sc_hd__clkbuf_16)
     2    0.004955    0.020957    0.073582    0.187140 ^ clkbuf_1_0__f_clk/X (sky130_fd_sc_hd__clkbuf_16)
                                                         clknet_1_0__leaf_clk (net)
                      0.020957    0.000102    0.187242 ^ _314_/CLK (sky130_fd_sc_hd__dfrtp_1)
     3    0.008912    0.067856    0.223833    0.411075 ^ _314_/Q (sky130_fd_sc_hd__dfrtp_1)
                                                         clk_counter[0] (net)
                      0.067856    0.000157    0.411232 ^ _189_/A (sky130_fd_sc_hd__or2_1)
     1    0.004272    0.038578    0.075201    0.486433 ^ _189_/X (sky130_fd_sc_hd__or2_1)
                                                         _104_ (net)
                      0.038578    0.000142    0.486576 ^ _190_/C1 (sky130_fd_sc_hd__o211a_1)
     1    0.004487    0.036553    0.071958    0.558533 ^ _190_/X (sky130_fd_sc_hd__o211a_1)
                                                         _001_ (net)
                      0.036553    0.000145    0.558678 ^ _315_/D (sky130_fd_sc_hd__dfrtp_1)
                                              0.558678   data arrival time

                                  0.000000    0.000000   clock clk (rise edge)
                                  0.000000    0.000000   clock source latency
     1    0.010564    0.040446    0.026524    0.026524 ^ clk (in)
                                                         clk (net)
                      0.040450    0.000000    0.026524 ^ clkbuf_0_clk/A (sky130_fd_sc_hd__clkbuf_16)
     2    0.019154    0.030619    0.086569    0.113093 ^ clkbuf_0_clk/X (sky130_fd_sc_hd__clkbuf_16)
                                                         clknet_0_clk (net)
                      0.030620    0.000408    0.113501 ^ clkbuf_1_1__f_clk/A (sky130_fd_sc_hd__clkbuf_16)
     3    0.009147    0.023951    0.076941    0.190441 ^ clkbuf_1_1__f_clk/X (sky130_fd_sc_hd__clkbuf_16)
                                                         clknet_1_1__leaf_clk (net)
                      0.023952    0.000227    0.190669 ^ _315_/CLK (sky130_fd_sc_hd__dfrtp_1)
                                  0.250000    0.440669   clock uncertainty
                                  0.000000    0.440669   clock reconvergence pessimism
                                 -0.020399    0.420270   library hold time
                                              0.420270   data required time
---------------------------------------------------------------------------------------------
                                              0.420270   data required time
                                             -0.558678   data arrival time
---------------------------------------------------------------------------------------------
                                              0.138408   slack (MET)


Startpoint: _314_ (rising edge-triggered flip-flop clocked by clk)
Endpoint: _316_ (rising edge-triggered flip-flop clocked by clk)
Path Group: clk
Path Type: min

Fanout         Cap        Slew       Delay        Time   Description
---------------------------------------------------------------------------------------------
                                  0.000000    0.000000   clock clk (rise edge)
                                  0.000000    0.000000   clock source latency
     1    0.010564    0.040446    0.026524    0.026524 ^ clk (in)
                                                         clk (net)
                      0.040450    0.000000    0.026524 ^ clkbuf_0_clk/A (sky130_fd_sc_hd__clkbuf_16)
     2    0.019154    0.030619    0.086569    0.113093 ^ clkbuf_0_clk/X (sky130_fd_sc_hd__clkbuf_16)
                                                         clknet_0_clk (net)
                      0.030621    0.000465    0.113558 ^ clkbuf_1_0__f_clk/A (sky130_fd_sc_hd__clkbuf_16)
     2    0.004955    0.020957    0.073582    0.187140 ^ clkbuf_1_0__f_clk/X (sky130_fd_sc_hd__clkbuf_16)
                                                         clknet_1_0__leaf_clk (net)
                      0.020957    0.000102    0.187242 ^ _314_/CLK (sky130_fd_sc_hd__dfrtp_1)
     3    0.008465    0.046411    0.239330    0.426572 v _314_/Q (sky130_fd_sc_hd__dfrtp_1)
                                                         clk_counter[0] (net)
                      0.046411    0.000202    0.426774 v _188_/A (sky130_fd_sc_hd__nand2_1)
     2    0.011155    0.081312    0.082521    0.509295 ^ _188_/Y (sky130_fd_sc_hd__nand2_1)
                                                         _103_ (net)
                      0.081314    0.000353    0.509648 ^ _191_/B (sky130_fd_sc_hd__xnor2_1)
     1    0.002688    0.023371    0.039190    0.548838 v _191_/Y (sky130_fd_sc_hd__xnor2_1)
                                                         _002_ (net)
                      0.023371    0.000079    0.548917 v _316_/D (sky130_fd_sc_hd__dfrtp_1)
                                              0.548917   data arrival time

                                  0.000000    0.000000   clock clk (rise edge)
                                  0.000000    0.000000   clock source latency
     1    0.010564    0.040446    0.026524    0.026524 ^ clk (in)
                                                         clk (net)
                      0.040450    0.000000    0.026524 ^ clkbuf_0_clk/A (sky130_fd_sc_hd__clkbuf_16)
     2    0.019154    0.030619    0.086569    0.113093 ^ clkbuf_0_clk/X (sky130_fd_sc_hd__clkbuf_16)
                                                         clknet_0_clk (net)
                      0.030621    0.000465    0.113558 ^ clkbuf_1_0__f_clk/A (sky130_fd_sc_hd__clkbuf_16)
     2    0.004955    0.020957    0.073582    0.187140 ^ clkbuf_1_0__f_clk/X (sky130_fd_sc_hd__clkbuf_16)
                                                         clknet_1_0__leaf_clk (net)
                      0.020957    0.000127    0.187267 ^ _316_/CLK (sky130_fd_sc_hd__dfrtp_1)
                                  0.250000    0.437267   clock uncertainty
                                  0.000000    0.437267   clock reconvergence pessimism
                                 -0.030566    0.406701   library hold time
                                              0.406701   data required time
---------------------------------------------------------------------------------------------
                                              0.406701   data required time
                                             -0.548917   data arrival time
---------------------------------------------------------------------------------------------
                                              0.142216   slack (MET)


Startpoint: _272_ (rising edge-triggered flip-flop clocked by clk)
Endpoint: _272_ (rising edge-triggered flip-flop clocked by clk)
Path Group: clk
Path Type: min

Fanout         Cap        Slew       Delay        Time   Description
---------------------------------------------------------------------------------------------
                                  0.000000    0.000000   clock clk (rise edge)
                                  0.000000    0.000000   clock source latency
     1    0.010564    0.040446    0.026524    0.026524 ^ clk (in)
                                                         clk (net)
                      0.040450    0.000000    0.026524 ^ clkbuf_0_clk/A (sky130_fd_sc_hd__clkbuf_16)
     2    0.019154    0.030619    0.086569    0.113093 ^ clkbuf_0_clk/X (sky130_fd_sc_hd__clkbuf_16)
                                                         clknet_0_clk (net)
                      0.030620    0.000408    0.113501 ^ clkbuf_1_1__f_clk/A (sky130_fd_sc_hd__clkbuf_16)
     3    0.009147    0.023951    0.076941    0.190441 ^ clkbuf_1_1__f_clk/X (sky130_fd_sc_hd__clkbuf_16)
                                                         clknet_1_1__leaf_clk (net)
                      0.023952    0.000224    0.190666 ^ _272_/CLK (sky130_fd_sc_hd__dfstp_1)
     1    0.003245    0.020463    0.214577    0.405242 v _272_/Q (sky130_fd_sc_hd__dfstp_1)
                                                         i2c_clk (net)
                      0.020463    0.000096    0.405338 v fanout38/A (sky130_fd_sc_hd__clkbuf_2)
     7    0.028111    0.076681    0.110760    0.516098 v fanout38/X (sky130_fd_sc_hd__clkbuf_2)
                                                         net38 (net)
                      0.076685    0.000586    0.516685 v fanout35/A (sky130_fd_sc_hd__buf_2)
    10    0.033606    0.061944    0.135050    0.651735 v fanout35/X (sky130_fd_sc_hd__buf_2)
                                                         net35 (net)
                      0.061959    0.000908    0.652642 v _175_/A (sky130_fd_sc_hd__xnor2_1)
     1    0.003981    0.027171    0.094003    0.746646 v _175_/Y (sky130_fd_sc_hd__xnor2_1)
                                                         _033_ (net)
                      0.027171    0.000158    0.746804 v _272_/D (sky130_fd_sc_hd__dfstp_1)
                                              0.746804   data arrival time

                                  0.000000    0.000000   clock clk (rise edge)
                                  0.000000    0.000000   clock source latency
     1    0.010564    0.040446    0.026524    0.026524 ^ clk (in)
                                                         clk (net)
                      0.040450    0.000000    0.026524 ^ clkbuf_0_clk/A (sky130_fd_sc_hd__clkbuf_16)
     2    0.019154    0.030619    0.086569    0.113093 ^ clkbuf_0_clk/X (sky130_fd_sc_hd__clkbuf_16)
                                                         clknet_0_clk (net)
                      0.030620    0.000408    0.113501 ^ clkbuf_1_1__f_clk/A (sky130_fd_sc_hd__clkbuf_16)
     3    0.009147    0.023951    0.076941    0.190441 ^ clkbuf_1_1__f_clk/X (sky130_fd_sc_hd__clkbuf_16)
                                                         clknet_1_1__leaf_clk (net)
                      0.023952    0.000224    0.190666 ^ _272_/CLK (sky130_fd_sc_hd__dfstp_1)
                                  0.250000    0.440666   clock uncertainty
                                  0.000000    0.440666   clock reconvergence pessimism
                                 -0.013612    0.427054   library hold time
                                              0.427054   data required time
---------------------------------------------------------------------------------------------
                                              0.427054   data required time
                                             -0.746804   data arrival time
---------------------------------------------------------------------------------------------
                                              0.319750   slack (MET)


Startpoint: _314_ (rising edge-triggered flip-flop clocked by clk)
Endpoint: _314_ (rising edge-triggered flip-flop clocked by clk)
Path Group: clk
Path Type: min

Fanout         Cap        Slew       Delay        Time   Description
---------------------------------------------------------------------------------------------
                                  0.000000    0.000000   clock clk (rise edge)
                                  0.000000    0.000000   clock source latency
     1    0.010564    0.040446    0.026524    0.026524 ^ clk (in)
                                                         clk (net)
                      0.040450    0.000000    0.026524 ^ clkbuf_0_clk/A (sky130_fd_sc_hd__clkbuf_16)
     2    0.019154    0.030619    0.086569    0.113093 ^ clkbuf_0_clk/X (sky130_fd_sc_hd__clkbuf_16)
                                                         clknet_0_clk (net)
                      0.030621    0.000465    0.113558 ^ clkbuf_1_0__f_clk/A (sky130_fd_sc_hd__clkbuf_16)
     2    0.004955    0.020957    0.073582    0.187140 ^ clkbuf_1_0__f_clk/X (sky130_fd_sc_hd__clkbuf_16)
                                                         clknet_1_0__leaf_clk (net)
                      0.020957    0.000102    0.187242 ^ _314_/CLK (sky130_fd_sc_hd__dfrtp_1)
     3    0.008912    0.067856    0.223833    0.411075 ^ _314_/Q (sky130_fd_sc_hd__dfrtp_1)
                                                         clk_counter[0] (net)
                      0.067856    0.000164    0.411239 ^ hold1/A (sky130_fd_sc_hd__dlygate4sd3_1)
     1    0.005150    0.053163    0.391471    0.802710 ^ hold1/X (sky130_fd_sc_hd__dlygate4sd3_1)
                                                         net41 (net)
                      0.053163    0.000154    0.802864 ^ _142_/A (sky130_fd_sc_hd__inv_2)
     3    0.010006    0.024638    0.028516    0.831380 v _142_/Y (sky130_fd_sc_hd__inv_2)
                                                         _000_ (net)
                      0.024641    0.000230    0.831610 v _314_/D (sky130_fd_sc_hd__dfrtp_1)
                                              0.831610   data arrival time

                                  0.000000    0.000000   clock clk (rise edge)
                                  0.000000    0.000000   clock source latency
     1    0.010564    0.040446    0.026524    0.026524 ^ clk (in)
                                                         clk (net)
                      0.040450    0.000000    0.026524 ^ clkbuf_0_clk/A (sky130_fd_sc_hd__clkbuf_16)
     2    0.019154    0.030619    0.086569    0.113093 ^ clkbuf_0_clk/X (sky130_fd_sc_hd__clkbuf_16)
                                                         clknet_0_clk (net)
                      0.030621    0.000465    0.113558 ^ clkbuf_1_0__f_clk/A (sky130_fd_sc_hd__clkbuf_16)
     2    0.004955    0.020957    0.073582    0.187140 ^ clkbuf_1_0__f_clk/X (sky130_fd_sc_hd__clkbuf_16)
                                                         clknet_1_0__leaf_clk (net)
                      0.020957    0.000102    0.187242 ^ _314_/CLK (sky130_fd_sc_hd__dfrtp_1)
                                  0.250000    0.437242   clock uncertainty
                                  0.000000    0.437242   clock reconvergence pessimism
                                 -0.030979    0.406263   library hold time
                                              0.406263   data required time
---------------------------------------------------------------------------------------------
                                              0.406263   data required time
                                             -0.831610   data arrival time
---------------------------------------------------------------------------------------------
                                              0.425347   slack (MET)


Startpoint: rst (input port clocked by clk)
Endpoint: _315_ (removal check against rising-edge clock clk)
Path Group: asynchronous
Path Type: min

Fanout         Cap        Slew       Delay        Time   Description
---------------------------------------------------------------------------------------------
                                  0.000000    0.000000   clock clk (rise edge)
                                  0.000000    0.000000   clock network delay (propagated)
                                  4.000000    4.000000 v input external delay
     1    0.002695    0.004567    0.002186    4.002186 v rst (in)
                                                         rst (net)
                      0.004567    0.000000    4.002186 v input17/A (sky130_fd_sc_hd__buf_1)
     2    0.013994    0.058632    0.080474    4.082660 v input17/X (sky130_fd_sc_hd__buf_1)
                                                         net17 (net)
                      0.058633    0.000335    4.082995 v fanout40/A (sky130_fd_sc_hd__clkbuf_4)
    10    0.048987    0.074990    0.149444    4.232440 v fanout40/X (sky130_fd_sc_hd__clkbuf_4)
                                                         net40 (net)
                      0.075051    0.001922    4.234362 v _270_/A (sky130_fd_sc_hd__inv_2)
     1    0.004528    0.029723    0.047196    4.281558 ^ _270_/Y (sky130_fd_sc_hd__inv_2)
                                                         _031_ (net)
                      0.029723    0.000102    4.281660 ^ _315_/RESET_B (sky130_fd_sc_hd__dfrtp_1)
                                              4.281660   data arrival time

                                  0.000000    0.000000   clock clk (rise edge)
                                  0.000000    0.000000   clock source latency
     1    0.010564    0.040446    0.026524    0.026524 ^ clk (in)
                                                         clk (net)
                      0.040450    0.000000    0.026524 ^ clkbuf_0_clk/A (sky130_fd_sc_hd__clkbuf_16)
     2    0.019154    0.030619    0.086569    0.113093 ^ clkbuf_0_clk/X (sky130_fd_sc_hd__clkbuf_16)
                                                         clknet_0_clk (net)
                      0.030620    0.000408    0.113501 ^ clkbuf_1_1__f_clk/A (sky130_fd_sc_hd__clkbuf_16)
     3    0.009147    0.023951    0.076941    0.190441 ^ clkbuf_1_1__f_clk/X (sky130_fd_sc_hd__clkbuf_16)
                                                         clknet_1_1__leaf_clk (net)
                      0.023952    0.000227    0.190669 ^ _315_/CLK (sky130_fd_sc_hd__dfrtp_1)
                                  0.250000    0.440669   clock uncertainty
                                  0.000000    0.440669   clock reconvergence pessimism
                                  0.195827    0.636496   library removal time
                                              0.636496   data required time
---------------------------------------------------------------------------------------------
                                              0.636496   data required time
                                             -4.281660   data arrival time
---------------------------------------------------------------------------------------------
                                              3.645164   slack (MET)


Startpoint: rst (input port clocked by clk)
Endpoint: _314_ (removal check against rising-edge clock clk)
Path Group: asynchronous
Path Type: min

Fanout         Cap        Slew       Delay        Time   Description
---------------------------------------------------------------------------------------------
                                  0.000000    0.000000   clock clk (rise edge)
                                  0.000000    0.000000   clock network delay (propagated)
                                  4.000000    4.000000 v input external delay
     1    0.002695    0.004567    0.002186    4.002186 v rst (in)
                                                         rst (net)
                      0.004567    0.000000    4.002186 v input17/A (sky130_fd_sc_hd__buf_1)
     2    0.013994    0.058632    0.080474    4.082660 v input17/X (sky130_fd_sc_hd__buf_1)
                                                         net17 (net)
                      0.058633    0.000335    4.082995 v fanout40/A (sky130_fd_sc_hd__clkbuf_4)
    10    0.048987    0.074990    0.149444    4.232440 v fanout40/X (sky130_fd_sc_hd__clkbuf_4)
                                                         net40 (net)
                      0.075047    0.001856    4.234296 v _269_/A (sky130_fd_sc_hd__inv_2)
     1    0.004965    0.031000    0.048634    4.282930 ^ _269_/Y (sky130_fd_sc_hd__inv_2)
                                                         _030_ (net)
                      0.031001    0.000124    4.283054 ^ _314_/RESET_B (sky130_fd_sc_hd__dfrtp_1)
                                              4.283054   data arrival time

                                  0.000000    0.000000   clock clk (rise edge)
                                  0.000000    0.000000   clock source latency
     1    0.010564    0.040446    0.026524    0.026524 ^ clk (in)
                                                         clk (net)
                      0.040450    0.000000    0.026524 ^ clkbuf_0_clk/A (sky130_fd_sc_hd__clkbuf_16)
     2    0.019154    0.030619    0.086569    0.113093 ^ clkbuf_0_clk/X (sky130_fd_sc_hd__clkbuf_16)
                                                         clknet_0_clk (net)
                      0.030621    0.000465    0.113558 ^ clkbuf_1_0__f_clk/A (sky130_fd_sc_hd__clkbuf_16)
     2    0.004955    0.020957    0.073582    0.187140 ^ clkbuf_1_0__f_clk/X (sky130_fd_sc_hd__clkbuf_16)
                                                         clknet_1_0__leaf_clk (net)
                      0.020957    0.000102    0.187242 ^ _314_/CLK (sky130_fd_sc_hd__dfrtp_1)
                                  0.250000    0.437242   clock uncertainty
                                  0.000000    0.437242   clock reconvergence pessimism
                                  0.195746    0.632988   library removal time
                                              0.632988   data required time
---------------------------------------------------------------------------------------------
                                              0.632988   data required time
                                             -4.283054   data arrival time
---------------------------------------------------------------------------------------------
                                              3.650066   slack (MET)


Startpoint: rst (input port clocked by clk)
Endpoint: _316_ (removal check against rising-edge clock clk)
Path Group: asynchronous
Path Type: min

Fanout         Cap        Slew       Delay        Time   Description
---------------------------------------------------------------------------------------------
                                  0.000000    0.000000   clock clk (rise edge)
                                  0.000000    0.000000   clock network delay (propagated)
                                  4.000000    4.000000 v input external delay
     1    0.002695    0.004567    0.002186    4.002186 v rst (in)
                                                         rst (net)
                      0.004567    0.000000    4.002186 v input17/A (sky130_fd_sc_hd__buf_1)
     2    0.013994    0.058632    0.080474    4.082660 v input17/X (sky130_fd_sc_hd__buf_1)
                                                         net17 (net)
                      0.058633    0.000335    4.082995 v fanout40/A (sky130_fd_sc_hd__clkbuf_4)
    10    0.048987    0.074990    0.149444    4.232440 v fanout40/X (sky130_fd_sc_hd__clkbuf_4)
                                                         net40 (net)
                      0.075033    0.001634    4.234074 v _271_/A (sky130_fd_sc_hd__inv_2)
     1    0.006175    0.034078    0.051803    4.285877 ^ _271_/Y (sky130_fd_sc_hd__inv_2)
                                                         _032_ (net)
                      0.034080    0.000178    4.286055 ^ _316_/RESET_B (sky130_fd_sc_hd__dfrtp_1)
                                              4.286055   data arrival time

                                  0.000000    0.000000   clock clk (rise edge)
                                  0.000000    0.000000   clock source latency
     1    0.010564    0.040446    0.026524    0.026524 ^ clk (in)
                                                         clk (net)
                      0.040450    0.000000    0.026524 ^ clkbuf_0_clk/A (sky130_fd_sc_hd__clkbuf_16)
     2    0.019154    0.030619    0.086569    0.113093 ^ clkbuf_0_clk/X (sky130_fd_sc_hd__clkbuf_16)
                                                         clknet_0_clk (net)
                      0.030621    0.000465    0.113558 ^ clkbuf_1_0__f_clk/A (sky130_fd_sc_hd__clkbuf_16)
     2    0.004955    0.020957    0.073582    0.187140 ^ clkbuf_1_0__f_clk/X (sky130_fd_sc_hd__clkbuf_16)
                                                         clknet_1_0__leaf_clk (net)
                      0.020957    0.000127    0.187267 ^ _316_/CLK (sky130_fd_sc_hd__dfrtp_1)
                                  0.250000    0.437267   clock uncertainty
                                  0.000000    0.437267   clock reconvergence pessimism
                                  0.196548    0.633814   library removal time
                                              0.633814   data required time
---------------------------------------------------------------------------------------------
                                              0.633814   data required time
                                             -4.286055   data arrival time
---------------------------------------------------------------------------------------------
                                              3.652241   slack (MET)


Startpoint: rst (input port clocked by clk)
Endpoint: _272_ (removal check against rising-edge clock clk)
Path Group: asynchronous
Path Type: min

Fanout         Cap        Slew       Delay        Time   Description
---------------------------------------------------------------------------------------------
                                  0.000000    0.000000   clock clk (rise edge)
                                  0.000000    0.000000   clock network delay (propagated)
                                  4.000000    4.000000 v input external delay
     1    0.002695    0.004567    0.002186    4.002186 v rst (in)
                                                         rst (net)
                      0.004567    0.000000    4.002186 v input17/A (sky130_fd_sc_hd__buf_1)
     2    0.013994    0.058632    0.080474    4.082660 v input17/X (sky130_fd_sc_hd__buf_1)
                                                         net17 (net)
                      0.058633    0.000335    4.082995 v fanout40/A (sky130_fd_sc_hd__clkbuf_4)
    10    0.048987    0.074990    0.149444    4.232440 v fanout40/X (sky130_fd_sc_hd__clkbuf_4)
                                                         net40 (net)
                      0.075052    0.001929    4.234369 v _256_/A (sky130_fd_sc_hd__inv_2)
     1    0.004206    0.028717    0.045980    4.280349 ^ _256_/Y (sky130_fd_sc_hd__inv_2)
                                                         _013_ (net)
                      0.028717    0.000091    4.280440 ^ _272_/SET_B (sky130_fd_sc_hd__dfstp_1)
                                              4.280440   data arrival time

                                  0.000000    0.000000   clock clk (rise edge)
                                  0.000000    0.000000   clock source latency
     1    0.010564    0.040446    0.026524    0.026524 ^ clk (in)
                                                         clk (net)
                      0.040450    0.000000    0.026524 ^ clkbuf_0_clk/A (sky130_fd_sc_hd__clkbuf_16)
     2    0.019154    0.030619    0.086569    0.113093 ^ clkbuf_0_clk/X (sky130_fd_sc_hd__clkbuf_16)
                                                         clknet_0_clk (net)
                      0.030620    0.000408    0.113501 ^ clkbuf_1_1__f_clk/A (sky130_fd_sc_hd__clkbuf_16)
     3    0.009147    0.023951    0.076941    0.190441 ^ clkbuf_1_1__f_clk/X (sky130_fd_sc_hd__clkbuf_16)
                                                         clknet_1_1__leaf_clk (net)
                      0.023952    0.000224    0.190666 ^ _272_/CLK (sky130_fd_sc_hd__dfstp_1)
                                  0.250000    0.440666   clock uncertainty
                                  0.000000    0.440666   clock reconvergence pessimism
                                  0.098224    0.538890   library removal time
                                              0.538890   data required time
---------------------------------------------------------------------------------------------
                                              0.538890   data required time
                                             -4.280440   data arrival time
---------------------------------------------------------------------------------------------
                                              3.741549   slack (MET)


Startpoint: _272_ (rising edge-triggered flip-flop clocked by clk)
Endpoint: i2c_scl (output port clocked by clk)
Path Group: clk
Path Type: min

Fanout         Cap        Slew       Delay        Time   Description
---------------------------------------------------------------------------------------------
                                  0.000000    0.000000   clock clk (rise edge)
                                  0.000000    0.000000   clock source latency
     1    0.010564    0.040446    0.026524    0.026524 ^ clk (in)
                                                         clk (net)
                      0.040450    0.000000    0.026524 ^ clkbuf_0_clk/A (sky130_fd_sc_hd__clkbuf_16)
     2    0.019154    0.030619    0.086569    0.113093 ^ clkbuf_0_clk/X (sky130_fd_sc_hd__clkbuf_16)
                                                         clknet_0_clk (net)
                      0.030620    0.000408    0.113501 ^ clkbuf_1_1__f_clk/A (sky130_fd_sc_hd__clkbuf_16)
     3    0.009147    0.023951    0.076941    0.190441 ^ clkbuf_1_1__f_clk/X (sky130_fd_sc_hd__clkbuf_16)
                                                         clknet_1_1__leaf_clk (net)
                      0.023952    0.000224    0.190666 ^ _272_/CLK (sky130_fd_sc_hd__dfstp_1)
     1    0.003245    0.020463    0.214577    0.405242 v _272_/Q (sky130_fd_sc_hd__dfstp_1)
                                                         i2c_clk (net)
                      0.020463    0.000096    0.405338 v fanout38/A (sky130_fd_sc_hd__clkbuf_2)
     7    0.028111    0.076681    0.110760    0.516098 v fanout38/X (sky130_fd_sc_hd__clkbuf_2)
                                                         net38 (net)
                      0.076691    0.000878    0.516977 v fanout34/A (sky130_fd_sc_hd__buf_2)
    10    0.031525    0.058919    0.132304    0.649281 v fanout34/X (sky130_fd_sc_hd__buf_2)
                                                         net34 (net)
                      0.058931    0.000815    0.650096 v _138_/A (sky130_fd_sc_hd__inv_2)
     2    0.011263    0.045353    0.059051    0.709146 ^ _138_/Y (sky130_fd_sc_hd__inv_2)
                                                         _025_ (net)
                      0.045353    0.000205    0.709352 ^ _187_/A (sky130_fd_sc_hd__nand2_4)
     1    0.034914    0.055006    0.055169    0.764521 v _187_/Y (sky130_fd_sc_hd__nand2_4)
                                                         i2c_scl (net)
     0    0.034914    0.055030    0.000932    0.765453 v i2c_scl (inout)
                                                         i2c_scl (net)
                                              0.765453   data arrival time

                                  0.000000    0.000000   clock clk (rise edge)
                                  0.000000    0.000000   clock network delay (propagated)
                                  0.250000    0.250000   clock uncertainty
                                  0.000000    0.250000   clock reconvergence pessimism
                                 -4.000000   -3.750000   output external delay
                                             -3.750000   data required time
---------------------------------------------------------------------------------------------
                                             -3.750000   data required time
                                             -0.765453   data arrival time
---------------------------------------------------------------------------------------------
                                              4.515452   slack (MET)


Startpoint: rst (input port clocked by clk)
Endpoint: ready (output port clocked by clk)
Path Group: clk
Path Type: min

Fanout         Cap        Slew       Delay        Time   Description
---------------------------------------------------------------------------------------------
                                  0.000000    0.000000   clock clk (rise edge)
                                  0.000000    0.000000   clock network delay (propagated)
                                  4.000000    4.000000 ^ input external delay
     1    0.002883    0.014212    0.007458    4.007458 ^ rst (in)
                                                         rst (net)
                      0.014212    0.000000    4.007458 ^ input17/A (sky130_fd_sc_hd__buf_1)
     2    0.014605    0.131764    0.116635    4.124093 ^ input17/X (sky130_fd_sc_hd__buf_1)
                                                         net17 (net)
                      0.131765    0.000353    4.124446 ^ fanout40/A (sky130_fd_sc_hd__clkbuf_4)
    10    0.052111    0.122514    0.179956    4.304402 ^ fanout40/X (sky130_fd_sc_hd__clkbuf_4)
                                                         net40 (net)
                      0.122521    0.001047    4.305449 ^ _186_/A (sky130_fd_sc_hd__nor2_1)
     1    0.002234    0.021199    0.030890    4.336339 v _186_/Y (sky130_fd_sc_hd__nor2_1)
                                                         net27 (net)
                      0.021199    0.000063    4.336401 v output27/A (sky130_fd_sc_hd__buf_2)
     1    0.034164    0.062629    0.113605    4.450006 v output27/X (sky130_fd_sc_hd__buf_2)
                                                         ready (net)
                      0.062637    0.000706    4.450712 v ready (out)
                                              4.450712   data arrival time

                                  0.000000    0.000000   clock clk (rise edge)
                                  0.000000    0.000000   clock network delay (propagated)
                                  0.250000    0.250000   clock uncertainty
                                  0.000000    0.250000   clock reconvergence pessimism
                                 -4.000000   -3.750000   output external delay
                                             -3.750000   data required time
---------------------------------------------------------------------------------------------
                                             -3.750000   data required time
                                             -4.450712   data arrival time
---------------------------------------------------------------------------------------------
                                              8.200712   slack (MET)



