
===========================================================================
report_checks -unconstrained
===========================================================================
======================= max_tt_025C_1v80 Corner ===================================

Startpoint: rst (input port clocked by clk)
Endpoint: _272_ (recovery check against rising-edge clock clk)
Path Group: asynchronous
Path Type: max

Fanout         Cap        Slew       Delay        Time   Description
---------------------------------------------------------------------------------------------
                                  0.000000    0.000000   clock clk (rise edge)
                                  0.000000    0.000000   clock network delay (propagated)
                                  4.000000    4.000000 v input external delay
     1    0.002689    0.008360    0.004285    4.004285 v rst (in)
                                                         rst (net)
                      0.008366    0.000000    4.004285 v input17/A (sky130_fd_sc_hd__buf_1)
     2    0.014502    0.089603    0.123245    4.127530 v input17/X (sky130_fd_sc_hd__buf_1)
                                                         net17 (net)
                      0.089608    0.000751    4.128282 v fanout40/A (sky130_fd_sc_hd__clkbuf_4)
    10    0.049903    0.108483    0.224448    4.352729 v fanout40/X (sky130_fd_sc_hd__clkbuf_4)
                                                         net40 (net)
                      0.108715    0.004372    4.357101 v _256_/A (sky130_fd_sc_hd__inv_2)
     1    0.004197    0.040436    0.068952    4.426053 ^ _256_/Y (sky130_fd_sc_hd__inv_2)
                                                         _013_ (net)
                      0.040436    0.000221    4.426274 ^ _272_/SET_B (sky130_fd_sc_hd__dfstp_1)
                                              4.426274   data arrival time

                                 20.000000   20.000000   clock clk (rise edge)
                                  0.000000   20.000000   clock source latency
     1    0.010789    0.054984    0.036751   20.036751 ^ clk (in)
                                                         clk (net)
                      0.054993    0.000000   20.036751 ^ clkbuf_0_clk/A (sky130_fd_sc_hd__clkbuf_16)
     2    0.019357    0.041291    0.128136   20.164886 ^ clkbuf_0_clk/X (sky130_fd_sc_hd__clkbuf_16)
                                                         clknet_0_clk (net)
                      0.041298    0.000970   20.165857 ^ clkbuf_1_1__f_clk/A (sky130_fd_sc_hd__clkbuf_16)
     3    0.009330    0.032773    0.113790   20.279648 ^ clkbuf_1_1__f_clk/X (sky130_fd_sc_hd__clkbuf_16)
                                                         clknet_1_1__leaf_clk (net)
                      0.032775    0.000531   20.280178 ^ _272_/CLK (sky130_fd_sc_hd__dfstp_1)
                                 -0.250000   20.030178   clock uncertainty
                                  0.000000   20.030178   clock reconvergence pessimism
                                  0.134513   20.164692   library recovery time
                                             20.164692   data required time
---------------------------------------------------------------------------------------------
                                             20.164692   data required time
                                             -4.426274   data arrival time
---------------------------------------------------------------------------------------------
                                             15.738419   slack (MET)


Startpoint: rst (input port clocked by clk)
Endpoint: ready (output port clocked by clk)
Path Group: clk
Path Type: max

Fanout         Cap        Slew       Delay        Time   Description
---------------------------------------------------------------------------------------------
                                  0.000000    0.000000   clock clk (rise edge)
                                  0.000000    0.000000   clock network delay (propagated)
                                  4.000000    4.000000 ^ input external delay
     1    0.002865    0.020010    0.010589    4.010589 ^ rst (in)
                                                         rst (net)
                      0.020010    0.000000    4.010589 ^ input17/A (sky130_fd_sc_hd__buf_1)
     2    0.015112    0.182793    0.168719    4.179308 ^ input17/X (sky130_fd_sc_hd__buf_1)
                                                         net17 (net)
                      0.182798    0.000790    4.180099 ^ fanout40/A (sky130_fd_sc_hd__clkbuf_4)
    10    0.052994    0.163575    0.270904    4.451003 ^ fanout40/X (sky130_fd_sc_hd__clkbuf_4)
                                                         net40 (net)
                      0.163619    0.002629    4.453632 ^ _186_/A (sky130_fd_sc_hd__nor2_1)
     1    0.002210    0.043222    0.064422    4.518054 v _186_/Y (sky130_fd_sc_hd__nor2_1)
                                                         net27 (net)
                      0.043223    0.000158    4.518212 v output27/A (sky130_fd_sc_hd__buf_2)
     1    0.034202    0.089812    0.178384    4.696596 v output27/X (sky130_fd_sc_hd__buf_2)
                                                         ready (net)
                      0.089850    0.001701    4.698298 v ready (out)
                                              4.698298   data arrival time

                                 20.000000   20.000000   clock clk (rise edge)
                                  0.000000   20.000000   clock network delay (propagated)
                                 -0.250000   19.750002   clock uncertainty
                                  0.000000   19.750002   clock reconvergence pessimism
                                 -4.000000   15.750001   output external delay
                                             15.750001   data required time
---------------------------------------------------------------------------------------------
                                             15.750001   data required time
                                             -4.698298   data arrival time
---------------------------------------------------------------------------------------------
                                             11.051703   slack (MET)




===========================================================================
report_checks --slack_max -0.01
============================================================================
======================= max_tt_025C_1v80 Corner ===================================

No paths found.


===========================================================================
 report_check_types -max_slew -max_cap -max_fanout -violators
============================================================================
======================= max_tt_025C_1v80 Corner ===================================



===========================================================================
report_parasitic_annotation -report_unannotated
============================================================================
Found 1 unannotated drivers.
 clkload0/X
Found 0 partially unannotated drivers.

===========================================================================
max slew violation count 0
max fanout violation count 0
max cap violation count 0
============================================================================

===========================================================================
check_setup -verbose -unconstrained_endpoints -multiple_clock -no_clock -no_input_delay -loops -generated_clocks
===========================================================================
Warning: There are 41 unclocked register/latch pins.
  _273_/CLK
  _274_/CLK
  _275_/CLK
  _276_/CLK
  _277_/CLK
  _278_/CLK
  _279_/CLK
  _280_/CLK
  _281_/CLK
  _282_/CLK
  _283_/CLK
  _284_/CLK
  _285_/CLK
  _286_/CLK
  _287_/CLK
  _288_/CLK
  _289_/CLK
  _290_/CLK
  _291_/CLK
  _292_/CLK
  _293_/CLK
  _294_/CLK
  _295_/CLK
  _296_/CLK
  _297_/CLK
  _298_/CLK
  _299_/CLK
  _300_/CLK
  _301_/CLK
  _302_/CLK
  _303_/CLK
  _304_/CLK
  _305_/CLK
  _306_/CLK
  _307_/CLK
  _308_/CLK
  _309_/CLK
  _310_/CLK
  _311_/CLK
  _312_/CLK
  _313_/CLK
Warning: There are 50 unconstrained endpoints.
  data_out[0]
  data_out[1]
  data_out[2]
  data_out[3]
  data_out[4]
  data_out[5]
  data_out[6]
  data_out[7]
  i2c_sda
  _273_/D
  _274_/D
  _275_/D
  _276_/D
  _277_/D
  _278_/D
  _279_/D
  _280_/D
  _281_/D
  _282_/D
  _283_/D
  _284_/D
  _285_/D
  _286_/D
  _287_/D
  _288_/D
  _289_/D
  _290_/D
  _291_/D
  _292_/D
  _293_/D
  _294_/D
  _295_/D
  _296_/D
  _297_/D
  _298_/D
  _299_/D
  _300_/D
  _301_/D
  _302_/D
  _303_/D
  _304_/D
  _305_/D
  _306_/D
  _307_/D
  _308_/D
  _309_/D
  _310_/D
  _311_/D
  _312_/D
  _313_/D
