Clock: clk
Sources: clk 
Generated: no
Virtual: yes
Propagated: no
Period: 20.000000

===========================================================================
report_clock_properties
============================================================================
Clock                   Period          Waveform
----------------------------------------------------
clk                  20.000000    0.000000 10.000000

===========================================================================
report_clock_latency
============================================================================
Clock clk
rise -> rise
    min     max
0.000000 0.000000 source latency
0.275242         network latency _314_/CLK
        1.218165 network latency _277_/CLK
---------------
0.275242 1.218165 latency
        0.942923 skew

rise -> fall
    min     max
0.000000 0.000000 source latency
0.794459         network latency _293_/CLK
        1.277043 network latency _295_/CLK
---------------
0.794459 1.277043 latency
        0.482584 skew

fall -> fall
    min     max
0.000000 0.000000 source latency
0.281085         network latency _314_/CLK
        0.285363 network latency _315_/CLK
---------------
0.281085 0.285363 latency
        0.004277 skew



===========================================================================
report_clock_min_period
============================================================================
clk period_min = 2.37 fmax = 421.76
