Reading timing models for corner max_tt_025C_1v80…
Reading cell library for the 'max_tt_025C_1v80' corner at '/home/davidsales/.ciel/ciel/sky130/versions/0fe599b2afb6708d281543108caf8310912f54af/sky130A/libs.ref/sky130_fd_sc_hd/lib/sky130_fd_sc_hd__tt_025C_1v80.lib'…
Reading top-level netlist at '/home/davidsales/Documentos/Coding/Main_HDL/Synthesis/designs/i2c_master/runs/RUN_2026-02-24_21-34-25/51-openroad-fillinsertion/i2c_master_controller.nl.v'…
Linking design 'i2c_master_controller' from netlist…
Warning: /home/davidsales/Documentos/Coding/Main_HDL/Synthesis/designs/i2c_master/runs/RUN_2026-02-24_21-34-25/51-openroad-fillinsertion/i2c_master_controller.nl.v line 950, module sky130_fd_sc_hd__tapvpwrvgnd_1 not found. Creating black box for TAP_TAPCELL_ROW_0_50.
Warning: /home/davidsales/Documentos/Coding/Main_HDL/Synthesis/designs/i2c_master/runs/RUN_2026-02-24_21-34-25/51-openroad-fillinsertion/i2c_master_controller.nl.v line 1112, module sky130_ef_sc_hd__decap_12 not found. Creating black box for FILLER_0_3.
Warning: /home/davidsales/Documentos/Coding/Main_HDL/Synthesis/designs/i2c_master/runs/RUN_2026-02-24_21-34-25/51-openroad-fillinsertion/i2c_master_controller.nl.v line 1118, module sky130_fd_sc_hd__fill_2 not found. Creating black box for FILLER_0_54.
Warning: /home/davidsales/Documentos/Coding/Main_HDL/Synthesis/designs/i2c_master/runs/RUN_2026-02-24_21-34-25/51-openroad-fillinsertion/i2c_master_controller.nl.v line 1125, module sky130_fd_sc_hd__fill_1 not found. Creating black box for FILLER_0_111.
Reading design constraints file at '/nix/store/41c5n1rfapbw2k2daig2yag6mbsifckg-python3-3.11.9-env/lib/python3.11/site-packages/librelane/scripts/base.sdc'…
[INFO] Using clock clk…
[INFO] Setting output delay to: 4.0
[INFO] Setting input delay to: 4.0
[INFO] Setting load to: 0.033442
[INFO] Setting clock uncertainty to: 0.25
[INFO] Setting clock transition to: 0.1499999999999999944488848768742172978818416595458984375
[INFO] Setting timing derate to: 5%
Reading top-level design parasitics for the 'max_tt_025C_1v80' corner at '/home/davidsales/Documentos/Coding/Main_HDL/Synthesis/designs/i2c_master/runs/RUN_2026-02-24_21-34-25/53-openroad-rcx/max/i2c_master_controller.max.spef'…
%OL_CREATE_REPORT min.rpt

===========================================================================
report_checks -path_delay min (Hold)
============================================================================
======================= max_tt_025C_1v80 Corner ===================================

Startpoint: _314_ (rising edge-triggered flip-flop clocked by clk)
Endpoint: _316_ (rising edge-triggered flip-flop clocked by clk)
Path Group: clk
Path Type: min

Fanout         Cap        Slew       Delay        Time   Description
---------------------------------------------------------------------------------------------
                                  0.000000    0.000000   clock clk (rise edge)
                                  0.000000    0.000000   clock source latency
     1    0.010789    0.054984    0.036750    0.036750 ^ clk (in)
                                                         clk (net)
                      0.054993    0.000000    0.036750 ^ clkbuf_0_clk/A (sky130_fd_sc_hd__clkbuf_16)
     2    0.019357    0.041291    0.128136    0.164887 ^ clkbuf_0_clk/X (sky130_fd_sc_hd__clkbuf_16)
                                                         clknet_0_clk (net)
                      0.041299    0.001045    0.165932 ^ clkbuf_1_0__f_clk/A (sky130_fd_sc_hd__clkbuf_16)
     2    0.004913    0.028690    0.109048    0.274979 ^ clkbuf_1_0__f_clk/X (sky130_fd_sc_hd__clkbuf_16)
                                                         clknet_1_0__leaf_clk (net)
                      0.028691    0.000263    0.275242 ^ _314_/CLK (sky130_fd_sc_hd__dfrtp_1)
     3    0.008612    0.066258    0.378877    0.654119 v _314_/Q (sky130_fd_sc_hd__dfrtp_1)
                                                         clk_counter[0] (net)
                      0.066260    0.000434    0.654553 v _188_/A (sky130_fd_sc_hd__nand2_1)
     2    0.011510    0.112337    0.117111    0.771664 ^ _188_/Y (sky130_fd_sc_hd__nand2_1)
                                                         _103_ (net)
                      0.112347    0.000833    0.772497 ^ _191_/B (sky130_fd_sc_hd__xnor2_1)
     1    0.002644    0.036076    0.072280    0.844777 v _191_/Y (sky130_fd_sc_hd__xnor2_1)
                                                         _002_ (net)
                      0.036076    0.000177    0.844954 v _316_/D (sky130_fd_sc_hd__dfrtp_1)
                                              0.844954   data arrival time

                                  0.000000    0.000000   clock clk (rise edge)
                                  0.000000    0.000000   clock source latency
     1    0.010789    0.054984    0.036750    0.036750 ^ clk (in)
                                                         clk (net)
                      0.054993    0.000000    0.036750 ^ clkbuf_0_clk/A (sky130_fd_sc_hd__clkbuf_16)
     2    0.019357    0.041291    0.128136    0.164887 ^ clkbuf_0_clk/X (sky130_fd_sc_hd__clkbuf_16)
                                                         clknet_0_clk (net)
                      0.041299    0.001045    0.165932 ^ clkbuf_1_0__f_clk/A (sky130_fd_sc_hd__clkbuf_16)
     2    0.004913    0.028690    0.109048    0.274979 ^ clkbuf_1_0__f_clk/X (sky130_fd_sc_hd__clkbuf_16)
                                                         clknet_1_0__leaf_clk (net)
                      0.028691    0.000305    0.275284 ^ _316_/CLK (sky130_fd_sc_hd__dfrtp_1)
                                  0.250000    0.525284   clock uncertainty
                                  0.000000    0.525284   clock reconvergence pessimism
                                 -0.045862    0.479422   library hold time
                                              0.479422   data required time
---------------------------------------------------------------------------------------------
                                              0.479422   data required time
                                             -0.844954   data arrival time
---------------------------------------------------------------------------------------------
                                              0.365532   slack (MET)


Startpoint: _314_ (rising edge-triggered flip-flop clocked by clk)
Endpoint: _315_ (rising edge-triggered flip-flop clocked by clk)
Path Group: clk
Path Type: min

Fanout         Cap        Slew       Delay        Time   Description
---------------------------------------------------------------------------------------------
                                  0.000000    0.000000   clock clk (rise edge)
                                  0.000000    0.000000   clock source latency
     1    0.010789    0.054984    0.036750    0.036750 ^ clk (in)
                                                         clk (net)
                      0.054993    0.000000    0.036750 ^ clkbuf_0_clk/A (sky130_fd_sc_hd__clkbuf_16)
     2    0.019357    0.041291    0.128136    0.164887 ^ clkbuf_0_clk/X (sky130_fd_sc_hd__clkbuf_16)
                                                         clknet_0_clk (net)
                      0.041299    0.001045    0.165932 ^ clkbuf_1_0__f_clk/A (sky130_fd_sc_hd__clkbuf_16)
     2    0.004913    0.028690    0.109048    0.274979 ^ clkbuf_1_0__f_clk/X (sky130_fd_sc_hd__clkbuf_16)
                                                         clknet_1_0__leaf_clk (net)
                      0.028691    0.000263    0.275242 ^ _314_/CLK (sky130_fd_sc_hd__dfrtp_1)
     3    0.009042    0.092878    0.350840    0.626083 ^ _314_/Q (sky130_fd_sc_hd__dfrtp_1)
                                                         clk_counter[0] (net)
                      0.092878    0.000387    0.626469 ^ _189_/A (sky130_fd_sc_hd__or2_1)
     1    0.004388    0.053260    0.116740    0.743210 ^ _189_/X (sky130_fd_sc_hd__or2_1)
                                                         _104_ (net)
                      0.053261    0.000281    0.743491 ^ _190_/C1 (sky130_fd_sc_hd__o211a_1)
     1    0.004570    0.053404    0.141907    0.885397 ^ _190_/X (sky130_fd_sc_hd__o211a_1)
                                                         _001_ (net)
                      0.053404    0.000277    0.885674 ^ _315_/D (sky130_fd_sc_hd__dfrtp_1)
                                              0.885674   data arrival time

                                  0.000000    0.000000   clock clk (rise edge)
                                  0.000000    0.000000   clock source latency
     1    0.010789    0.054984    0.036750    0.036750 ^ clk (in)
                                                         clk (net)
                      0.054993    0.000000    0.036750 ^ clkbuf_0_clk/A (sky130_fd_sc_hd__clkbuf_16)
     2    0.019357    0.041291    0.128136    0.164887 ^ clkbuf_0_clk/X (sky130_fd_sc_hd__clkbuf_16)
                                                         clknet_0_clk (net)
                      0.041298    0.000970    0.165857 ^ clkbuf_1_1__f_clk/A (sky130_fd_sc_hd__clkbuf_16)
     3    0.009330    0.032773    0.113790    0.279647 ^ clkbuf_1_1__f_clk/X (sky130_fd_sc_hd__clkbuf_16)
                                                         clknet_1_1__leaf_clk (net)
                      0.032775    0.000535    0.280181 ^ _315_/CLK (sky130_fd_sc_hd__dfrtp_1)
                                  0.250000    0.530181   clock uncertainty
                                  0.000000    0.530181   clock reconvergence pessimism
                                 -0.038199    0.491982   library hold time
                                              0.491982   data required time
---------------------------------------------------------------------------------------------
                                              0.491982   data required time
                                             -0.885674   data arrival time
---------------------------------------------------------------------------------------------
                                              0.393692   slack (MET)


Startpoint: _272_ (rising edge-triggered flip-flop clocked by clk)
Endpoint: _272_ (rising edge-triggered flip-flop clocked by clk)
Path Group: clk
Path Type: min

Fanout         Cap        Slew       Delay        Time   Description
---------------------------------------------------------------------------------------------
                                  0.000000    0.000000   clock clk (rise edge)
                                  0.000000    0.000000   clock source latency
     1    0.010789    0.054984    0.036750    0.036750 ^ clk (in)
                                                         clk (net)
                      0.054993    0.000000    0.036750 ^ clkbuf_0_clk/A (sky130_fd_sc_hd__clkbuf_16)
     2    0.019357    0.041291    0.128136    0.164887 ^ clkbuf_0_clk/X (sky130_fd_sc_hd__clkbuf_16)
                                                         clknet_0_clk (net)
                      0.041298    0.000970    0.165857 ^ clkbuf_1_1__f_clk/A (sky130_fd_sc_hd__clkbuf_16)
     3    0.009330    0.032773    0.113790    0.279647 ^ clkbuf_1_1__f_clk/X (sky130_fd_sc_hd__clkbuf_16)
                                                         clknet_1_1__leaf_clk (net)
                      0.032775    0.000530    0.280177 ^ _272_/CLK (sky130_fd_sc_hd__dfstp_1)
     1    0.003273    0.029193    0.344477    0.624654 v _272_/Q (sky130_fd_sc_hd__dfstp_1)
                                                         i2c_clk (net)
                      0.029193    0.000207    0.624860 v fanout38/A (sky130_fd_sc_hd__clkbuf_2)
     7    0.029440    0.115324    0.166608    0.791468 v fanout38/X (sky130_fd_sc_hd__clkbuf_2)
                                                         net38 (net)
                      0.115340    0.001391    0.792859 v fanout35/A (sky130_fd_sc_hd__buf_2)
    10    0.034062    0.089143    0.210571    1.003430 v fanout35/X (sky130_fd_sc_hd__buf_2)
                                                         net35 (net)
                      0.089201    0.002060    1.005489 v _175_/A (sky130_fd_sc_hd__xnor2_1)
     1    0.004153    0.043566    0.146993    1.152482 v _175_/Y (sky130_fd_sc_hd__xnor2_1)
                                                         _033_ (net)
                      0.043568    0.000355    1.152837 v _272_/D (sky130_fd_sc_hd__dfstp_1)
                                              1.152837   data arrival time

                                  0.000000    0.000000   clock clk (rise edge)
                                  0.000000    0.000000   clock source latency
     1    0.010789    0.054984    0.036750    0.036750 ^ clk (in)
                                                         clk (net)
                      0.054993    0.000000    0.036750 ^ clkbuf_0_clk/A (sky130_fd_sc_hd__clkbuf_16)
     2    0.019357    0.041291    0.128136    0.164887 ^ clkbuf_0_clk/X (sky130_fd_sc_hd__clkbuf_16)
                                                         clknet_0_clk (net)
                      0.041298    0.000970    0.165857 ^ clkbuf_1_1__f_clk/A (sky130_fd_sc_hd__clkbuf_16)
     3    0.009330    0.032773    0.113790    0.279647 ^ clkbuf_1_1__f_clk/X (sky130_fd_sc_hd__clkbuf_16)
                                                         clknet_1_1__leaf_clk (net)
                      0.032775    0.000530    0.280177 ^ _272_/CLK (sky130_fd_sc_hd__dfstp_1)
                                  0.250000    0.530177   clock uncertainty
                                  0.000000    0.530177   clock reconvergence pessimism
                                 -0.015897    0.514280   library hold time
                                              0.514280   data required time
---------------------------------------------------------------------------------------------
                                              0.514280   data required time
                                             -1.152837   data arrival time
---------------------------------------------------------------------------------------------
                                              0.638556   slack (MET)


Startpoint: _314_ (rising edge-triggered flip-flop clocked by clk)
Endpoint: _314_ (rising edge-triggered flip-flop clocked by clk)
Path Group: clk
Path Type: min

Fanout         Cap        Slew       Delay        Time   Description
---------------------------------------------------------------------------------------------
                                  0.000000    0.000000   clock clk (rise edge)
                                  0.000000    0.000000   clock source latency
     1    0.010789    0.054984    0.036750    0.036750 ^ clk (in)
                                                         clk (net)
                      0.054993    0.000000    0.036750 ^ clkbuf_0_clk/A (sky130_fd_sc_hd__clkbuf_16)
     2    0.019357    0.041291    0.128136    0.164887 ^ clkbuf_0_clk/X (sky130_fd_sc_hd__clkbuf_16)
                                                         clknet_0_clk (net)
                      0.041299    0.001045    0.165932 ^ clkbuf_1_0__f_clk/A (sky130_fd_sc_hd__clkbuf_16)
     2    0.004913    0.028690    0.109048    0.274979 ^ clkbuf_1_0__f_clk/X (sky130_fd_sc_hd__clkbuf_16)
                                                         clknet_1_0__leaf_clk (net)
                      0.028691    0.000263    0.275242 ^ _314_/CLK (sky130_fd_sc_hd__dfrtp_1)
     3    0.009042    0.092878    0.350840    0.626083 ^ _314_/Q (sky130_fd_sc_hd__dfrtp_1)
                                                         clk_counter[0] (net)
                      0.092878    0.000399    0.626482 ^ hold1/A (sky130_fd_sc_hd__dlygate4sd3_1)
     1    0.005180    0.073611    0.568098    1.194580 ^ hold1/X (sky130_fd_sc_hd__dlygate4sd3_1)
                                                         net41 (net)
                      0.073611    0.000397    1.194977 ^ _142_/A (sky130_fd_sc_hd__inv_2)
     3    0.010162    0.033471    0.048261    1.243238 v _142_/Y (sky130_fd_sc_hd__inv_2)
                                                         _000_ (net)
                      0.033495    0.000555    1.243794 v _314_/D (sky130_fd_sc_hd__dfrtp_1)
                                              1.243794   data arrival time

                                  0.000000    0.000000   clock clk (rise edge)
                                  0.000000    0.000000   clock source latency
     1    0.010789    0.054984    0.036750    0.036750 ^ clk (in)
                                                         clk (net)
                      0.054993    0.000000    0.036750 ^ clkbuf_0_clk/A (sky130_fd_sc_hd__clkbuf_16)
     2    0.019357    0.041291    0.128136    0.164887 ^ clkbuf_0_clk/X (sky130_fd_sc_hd__clkbuf_16)
                                                         clknet_0_clk (net)
                      0.041299    0.001045    0.165932 ^ clkbuf_1_0__f_clk/A (sky130_fd_sc_hd__clkbuf_16)
     2    0.004913    0.028690    0.109048    0.274979 ^ clkbuf_1_0__f_clk/X (sky130_fd_sc_hd__clkbuf_16)
                                                         clknet_1_0__leaf_clk (net)
                      0.028691    0.000263    0.275242 ^ _314_/CLK (sky130_fd_sc_hd__dfrtp_1)
                                  0.250000    0.525242   clock uncertainty
                                  0.000000    0.525242   clock reconvergence pessimism
                                 -0.044811    0.480431   library hold time
                                              0.480431   data required time
---------------------------------------------------------------------------------------------
                                              0.480431   data required time
                                             -1.243794   data arrival time
---------------------------------------------------------------------------------------------
                                              0.763363   slack (MET)


Startpoint: rst (input port clocked by clk)
Endpoint: _315_ (removal check against rising-edge clock clk)
Path Group: asynchronous
Path Type: min

Fanout         Cap        Slew       Delay        Time   Description
---------------------------------------------------------------------------------------------
                                  0.000000    0.000000   clock clk (rise edge)
                                  0.000000    0.000000   clock network delay (propagated)
                                  4.000000    4.000000 v input external delay
     1    0.002689    0.008360    0.004285    4.004285 v rst (in)
                                                         rst (net)
                      0.008366    0.000000    4.004285 v input17/A (sky130_fd_sc_hd__buf_1)
     2    0.014502    0.089603    0.123245    4.127530 v input17/X (sky130_fd_sc_hd__buf_1)
                                                         net17 (net)
                      0.089608    0.000751    4.128282 v fanout40/A (sky130_fd_sc_hd__clkbuf_4)
    10    0.049903    0.108483    0.224448    4.352729 v fanout40/X (sky130_fd_sc_hd__clkbuf_4)
                                                         net40 (net)
                      0.108714    0.004362    4.357092 v _270_/A (sky130_fd_sc_hd__inv_2)
     1    0.004657    0.042046    0.070962    4.428053 ^ _270_/Y (sky130_fd_sc_hd__inv_2)
                                                         _031_ (net)
                      0.042047    0.000254    4.428307 ^ _315_/RESET_B (sky130_fd_sc_hd__dfrtp_1)
                                              4.428307   data arrival time

                                  0.000000    0.000000   clock clk (rise edge)
                                  0.000000    0.000000   clock source latency
     1    0.010789    0.054984    0.036750    0.036750 ^ clk (in)
                                                         clk (net)
                      0.054993    0.000000    0.036750 ^ clkbuf_0_clk/A (sky130_fd_sc_hd__clkbuf_16)
     2    0.019357    0.041291    0.128136    0.164887 ^ clkbuf_0_clk/X (sky130_fd_sc_hd__clkbuf_16)
                                                         clknet_0_clk (net)
                      0.041298    0.000970    0.165857 ^ clkbuf_1_1__f_clk/A (sky130_fd_sc_hd__clkbuf_16)
     3    0.009330    0.032773    0.113790    0.279647 ^ clkbuf_1_1__f_clk/X (sky130_fd_sc_hd__clkbuf_16)
                                                         clknet_1_1__leaf_clk (net)
                      0.032775    0.000535    0.280181 ^ _315_/CLK (sky130_fd_sc_hd__dfrtp_1)
                                  0.250000    0.530181   clock uncertainty
                                  0.000000    0.530181   clock reconvergence pessimism
                                  0.316103    0.846285   library removal time
                                              0.846285   data required time
---------------------------------------------------------------------------------------------
                                              0.846285   data required time
                                             -4.428307   data arrival time
---------------------------------------------------------------------------------------------
                                              3.582022   slack (MET)


Startpoint: rst (input port clocked by clk)
Endpoint: _314_ (removal check against rising-edge clock clk)
Path Group: asynchronous
Path Type: min

Fanout         Cap        Slew       Delay        Time   Description
---------------------------------------------------------------------------------------------
                                  0.000000    0.000000   clock clk (rise edge)
                                  0.000000    0.000000   clock network delay (propagated)
                                  4.000000    4.000000 v input external delay
     1    0.002689    0.008360    0.004285    4.004285 v rst (in)
                                                         rst (net)
                      0.008366    0.000000    4.004285 v input17/A (sky130_fd_sc_hd__buf_1)
     2    0.014502    0.089603    0.123245    4.127530 v input17/X (sky130_fd_sc_hd__buf_1)
                                                         net17 (net)
                      0.089608    0.000751    4.128282 v fanout40/A (sky130_fd_sc_hd__clkbuf_4)
    10    0.049903    0.108483    0.224448    4.352729 v fanout40/X (sky130_fd_sc_hd__clkbuf_4)
                                                         net40 (net)
                      0.108699    0.004231    4.356961 v _269_/A (sky130_fd_sc_hd__inv_2)
     1    0.005135    0.043480    0.072701    4.429661 ^ _269_/Y (sky130_fd_sc_hd__inv_2)
                                                         _030_ (net)
                      0.043481    0.000289    4.429950 ^ _314_/RESET_B (sky130_fd_sc_hd__dfrtp_1)
                                              4.429950   data arrival time

                                  0.000000    0.000000   clock clk (rise edge)
                                  0.000000    0.000000   clock source latency
     1    0.010789    0.054984    0.036750    0.036750 ^ clk (in)
                                                         clk (net)
                      0.054993    0.000000    0.036750 ^ clkbuf_0_clk/A (sky130_fd_sc_hd__clkbuf_16)
     2    0.019357    0.041291    0.128136    0.164887 ^ clkbuf_0_clk/X (sky130_fd_sc_hd__clkbuf_16)
                                                         clknet_0_clk (net)
                      0.041299    0.001045    0.165932 ^ clkbuf_1_0__f_clk/A (sky130_fd_sc_hd__clkbuf_16)
     2    0.004913    0.028690    0.109048    0.274979 ^ clkbuf_1_0__f_clk/X (sky130_fd_sc_hd__clkbuf_16)
                                                         clknet_1_0__leaf_clk (net)
                      0.028691    0.000263    0.275242 ^ _314_/CLK (sky130_fd_sc_hd__dfrtp_1)
                                  0.250000    0.525242   clock uncertainty
                                  0.000000    0.525242   clock reconvergence pessimism
                                  0.315385    0.840627   library removal time
                                              0.840627   data required time
---------------------------------------------------------------------------------------------
                                              0.840627   data required time
                                             -4.429950   data arrival time
---------------------------------------------------------------------------------------------
                                              3.589323   slack (MET)


Startpoint: rst (input port clocked by clk)
Endpoint: _316_ (removal check against rising-edge clock clk)
Path Group: asynchronous
Path Type: min

Fanout         Cap        Slew       Delay        Time   Description
---------------------------------------------------------------------------------------------
                                  0.000000    0.000000   clock clk (rise edge)
                                  0.000000    0.000000   clock network delay (propagated)
                                  4.000000    4.000000 v input external delay
     1    0.002689    0.008360    0.004285    4.004285 v rst (in)
                                                         rst (net)
                      0.008366    0.000000    4.004285 v input17/A (sky130_fd_sc_hd__buf_1)
     2    0.014502    0.089603    0.123245    4.127530 v input17/X (sky130_fd_sc_hd__buf_1)
                                                         net17 (net)
                      0.089608    0.000751    4.128282 v fanout40/A (sky130_fd_sc_hd__clkbuf_4)
    10    0.049903    0.108483    0.224448    4.352729 v fanout40/X (sky130_fd_sc_hd__clkbuf_4)
                                                         net40 (net)
                      0.108652    0.003784    4.356514 v _271_/A (sky130_fd_sc_hd__inv_2)
     1    0.006450    0.047507    0.077472    4.433985 ^ _271_/Y (sky130_fd_sc_hd__inv_2)
                                                         _032_ (net)
                      0.047510    0.000384    4.434370 ^ _316_/RESET_B (sky130_fd_sc_hd__dfrtp_1)
                                              4.434370   data arrival time

                                  0.000000    0.000000   clock clk (rise edge)
                                  0.000000    0.000000   clock source latency
     1    0.010789    0.054984    0.036750    0.036750 ^ clk (in)
                                                         clk (net)
                      0.054993    0.000000    0.036750 ^ clkbuf_0_clk/A (sky130_fd_sc_hd__clkbuf_16)
     2    0.019357    0.041291    0.128136    0.164887 ^ clkbuf_0_clk/X (sky130_fd_sc_hd__clkbuf_16)
                                                         clknet_0_clk (net)
                      0.041299    0.001045    0.165932 ^ clkbuf_1_0__f_clk/A (sky130_fd_sc_hd__clkbuf_16)
     2    0.004913    0.028690    0.109048    0.274979 ^ clkbuf_1_0__f_clk/X (sky130_fd_sc_hd__clkbuf_16)
                                                         clknet_1_0__leaf_clk (net)
                      0.028691    0.000305    0.275284 ^ _316_/CLK (sky130_fd_sc_hd__dfrtp_1)
                                  0.250000    0.525284   clock uncertainty
                                  0.000000    0.525284   clock reconvergence pessimism
                                  0.316494    0.841777   library removal time
                                              0.841777   data required time
---------------------------------------------------------------------------------------------
                                              0.841777   data required time
                                             -4.434370   data arrival time
---------------------------------------------------------------------------------------------
                                              3.592592   slack (MET)


Startpoint: rst (input port clocked by clk)
Endpoint: _272_ (removal check against rising-edge clock clk)
Path Group: asynchronous
Path Type: min

Fanout         Cap        Slew       Delay        Time   Description
---------------------------------------------------------------------------------------------
                                  0.000000    0.000000   clock clk (rise edge)
                                  0.000000    0.000000   clock network delay (propagated)
                                  4.000000    4.000000 v input external delay
     1    0.002689    0.008360    0.004285    4.004285 v rst (in)
                                                         rst (net)
                      0.008366    0.000000    4.004285 v input17/A (sky130_fd_sc_hd__buf_1)
     2    0.014502    0.089603    0.123245    4.127530 v input17/X (sky130_fd_sc_hd__buf_1)
                                                         net17 (net)
                      0.089608    0.000751    4.128282 v fanout40/A (sky130_fd_sc_hd__clkbuf_4)
    10    0.049903    0.108483    0.224448    4.352729 v fanout40/X (sky130_fd_sc_hd__clkbuf_4)
                                                         net40 (net)
                      0.108715    0.004372    4.357101 v _256_/A (sky130_fd_sc_hd__inv_2)
     1    0.004197    0.040436    0.068952    4.426053 ^ _256_/Y (sky130_fd_sc_hd__inv_2)
                                                         _013_ (net)
                      0.040436    0.000221    4.426274 ^ _272_/SET_B (sky130_fd_sc_hd__dfstp_1)
                                              4.426274   data arrival time

                                  0.000000    0.000000   clock clk (rise edge)
                                  0.000000    0.000000   clock source latency
     1    0.010789    0.054984    0.036750    0.036750 ^ clk (in)
                                                         clk (net)
                      0.054993    0.000000    0.036750 ^ clkbuf_0_clk/A (sky130_fd_sc_hd__clkbuf_16)
     2    0.019357    0.041291    0.128136    0.164887 ^ clkbuf_0_clk/X (sky130_fd_sc_hd__clkbuf_16)
                                                         clknet_0_clk (net)
                      0.041298    0.000970    0.165857 ^ clkbuf_1_1__f_clk/A (sky130_fd_sc_hd__clkbuf_16)
     3    0.009330    0.032773    0.113790    0.279647 ^ clkbuf_1_1__f_clk/X (sky130_fd_sc_hd__clkbuf_16)
                                                         clknet_1_1__leaf_clk (net)
                      0.032775    0.000530    0.280177 ^ _272_/CLK (sky130_fd_sc_hd__dfstp_1)
                                  0.250000    0.530177   clock uncertainty
                                  0.000000    0.530177   clock reconvergence pessimism
                                  0.152055    0.682232   library removal time
                                              0.682232   data required time
---------------------------------------------------------------------------------------------
                                              0.682232   data required time
                                             -4.426274   data arrival time
---------------------------------------------------------------------------------------------
                                              3.744041   slack (MET)


Startpoint: _272_ (rising edge-triggered flip-flop clocked by clk)
Endpoint: i2c_scl (output port clocked by clk)
Path Group: clk
Path Type: min

Fanout         Cap        Slew       Delay        Time   Description
---------------------------------------------------------------------------------------------
                                  0.000000    0.000000   clock clk (rise edge)
                                  0.000000    0.000000   clock source latency
     1    0.010789    0.054984    0.036750    0.036750 ^ clk (in)
                                                         clk (net)
                      0.054993    0.000000    0.036750 ^ clkbuf_0_clk/A (sky130_fd_sc_hd__clkbuf_16)
     2    0.019357    0.041291    0.128136    0.164887 ^ clkbuf_0_clk/X (sky130_fd_sc_hd__clkbuf_16)
                                                         clknet_0_clk (net)
                      0.041298    0.000970    0.165857 ^ clkbuf_1_1__f_clk/A (sky130_fd_sc_hd__clkbuf_16)
     3    0.009330    0.032773    0.113790    0.279647 ^ clkbuf_1_1__f_clk/X (sky130_fd_sc_hd__clkbuf_16)
                                                         clknet_1_1__leaf_clk (net)
                      0.032775    0.000530    0.280177 ^ _272_/CLK (sky130_fd_sc_hd__dfstp_1)
     1    0.003273    0.029193    0.344477    0.624654 v _272_/Q (sky130_fd_sc_hd__dfstp_1)
                                                         i2c_clk (net)
                      0.029193    0.000207    0.624860 v fanout38/A (sky130_fd_sc_hd__clkbuf_2)
     7    0.029440    0.115324    0.166608    0.791468 v fanout38/X (sky130_fd_sc_hd__clkbuf_2)
                                                         net38 (net)
                      0.115361    0.001978    0.793446 v fanout34/A (sky130_fd_sc_hd__buf_2)
    10    0.031787    0.084317    0.206164    0.999610 v fanout34/X (sky130_fd_sc_hd__buf_2)
                                                         net34 (net)
                      0.084370    0.001945    1.001554 v _138_/A (sky130_fd_sc_hd__inv_2)
     2    0.011211    0.060969    0.084202    1.085756 ^ _138_/Y (sky130_fd_sc_hd__inv_2)
                                                         _025_ (net)
                      0.060972    0.000480    1.086236 ^ _187_/A (sky130_fd_sc_hd__nand2_4)
     1    0.035025    0.082646    0.086675    1.172911 v _187_/Y (sky130_fd_sc_hd__nand2_4)
                                                         i2c_scl (net)
     0    0.035025    0.082709    0.001861    1.174772 v i2c_scl (inout)
                                                         i2c_scl (net)
                                              1.174772   data arrival time

                                  0.000000    0.000000   clock clk (rise edge)
                                  0.000000    0.000000   clock network delay (propagated)
                                  0.250000    0.250000   clock uncertainty
                                  0.000000    0.250000   clock reconvergence pessimism
                                 -4.000000   -3.750000   output external delay
                                             -3.750000   data required time
---------------------------------------------------------------------------------------------
                                             -3.750000   data required time
                                             -1.174772   data arrival time
---------------------------------------------------------------------------------------------
                                              4.924772   slack (MET)


Startpoint: rst (input port clocked by clk)
Endpoint: ready (output port clocked by clk)
Path Group: clk
Path Type: min

Fanout         Cap        Slew       Delay        Time   Description
---------------------------------------------------------------------------------------------
                                  0.000000    0.000000   clock clk (rise edge)
                                  0.000000    0.000000   clock network delay (propagated)
                                  4.000000    4.000000 v input external delay
     1    0.002689    0.008360    0.004285    4.004285 v rst (in)
                                                         rst (net)
                      0.008366    0.000000    4.004285 v input17/A (sky130_fd_sc_hd__buf_1)
     2    0.014502    0.089603    0.123245    4.127530 v input17/X (sky130_fd_sc_hd__buf_1)
                                                         net17 (net)
                      0.089608    0.000751    4.128282 v fanout40/A (sky130_fd_sc_hd__clkbuf_4)
    10    0.049903    0.108483    0.224448    4.352729 v fanout40/X (sky130_fd_sc_hd__clkbuf_4)
                                                         net40 (net)
                      0.108549    0.002472    4.355202 v _186_/A (sky130_fd_sc_hd__nor2_1)
     1    0.002370    0.069573    0.114452    4.469653 ^ _186_/Y (sky130_fd_sc_hd__nor2_1)
                                                         net27 (net)
                      0.069573    0.000171    4.469825 ^ output27/A (sky130_fd_sc_hd__buf_2)
     1    0.034202    0.170166    0.206186    4.676011 ^ output27/X (sky130_fd_sc_hd__buf_2)
                                                         ready (net)
                      0.170241    0.001704    4.677714 ^ ready (out)
                                              4.677714   data arrival time

                                  0.000000    0.000000   clock clk (rise edge)
                                  0.000000    0.000000   clock network delay (propagated)
                                  0.250000    0.250000   clock uncertainty
                                  0.000000    0.250000   clock reconvergence pessimism
                                 -4.000000   -3.750000   output external delay
                                             -3.750000   data required time
---------------------------------------------------------------------------------------------
                                             -3.750000   data required time
                                             -4.677714   data arrival time
---------------------------------------------------------------------------------------------
                                              8.427714   slack (MET)



%OL_END_REPORT
%OL_CREATE_REPORT max.rpt

===========================================================================
report_checks -path_delay max (Setup)
============================================================================
======================= max_tt_025C_1v80 Corner ===================================

Startpoint: rst (input port clocked by clk)
Endpoint: ready (output port clocked by clk)
Path Group: clk
Path Type: max

Fanout         Cap        Slew       Delay        Time   Description
---------------------------------------------------------------------------------------------
                                  0.000000    0.000000   clock clk (rise edge)
                                  0.000000    0.000000   clock network delay (propagated)
                                  4.000000    4.000000 ^ input external delay
     1    0.002865    0.020010    0.010589    4.010589 ^ rst (in)
                                                         rst (net)
                      0.020010    0.000000    4.010589 ^ input17/A (sky130_fd_sc_hd__buf_1)
     2    0.015112    0.182793    0.168719    4.179308 ^ input17/X (sky130_fd_sc_hd__buf_1)
                                                         net17 (net)
                      0.182798    0.000790    4.180099 ^ fanout40/A (sky130_fd_sc_hd__clkbuf_4)
    10    0.052994    0.163575    0.270904    4.451003 ^ fanout40/X (sky130_fd_sc_hd__clkbuf_4)
                                                         net40 (net)
                      0.163619    0.002629    4.453632 ^ _186_/A (sky130_fd_sc_hd__nor2_1)
     1    0.002210    0.043222    0.064422    4.518054 v _186_/Y (sky130_fd_sc_hd__nor2_1)
                                                         net27 (net)
                      0.043223    0.000158    4.518212 v output27/A (sky130_fd_sc_hd__buf_2)
     1    0.034202    0.089812    0.178384    4.696596 v output27/X (sky130_fd_sc_hd__buf_2)
                                                         ready (net)
                      0.089850    0.001701    4.698298 v ready (out)
                                              4.698298   data arrival time

                                 20.000000   20.000000   clock clk (rise edge)
                                  0.000000   20.000000   clock network delay (propagated)
                                 -0.250000   19.750002   clock uncertainty
                                  0.000000   19.750002   clock reconvergence pessimism
                                 -4.000000   15.750001   output external delay
                                             15.750001   data required time
---------------------------------------------------------------------------------------------
                                             15.750001   data required time
                                             -4.698298   data arrival time
---------------------------------------------------------------------------------------------
                                             11.051703   slack (MET)


Startpoint: _272_ (rising edge-triggered flip-flop clocked by clk)
Endpoint: i2c_scl (output port clocked by clk)
Path Group: clk
Path Type: max

Fanout         Cap        Slew       Delay        Time   Description
---------------------------------------------------------------------------------------------
                                  0.000000    0.000000   clock clk (rise edge)
                                  0.000000    0.000000   clock source latency
     1    0.010789    0.054984    0.036750    0.036750 ^ clk (in)
                                                         clk (net)
                      0.054993    0.000000    0.036750 ^ clkbuf_0_clk/A (sky130_fd_sc_hd__clkbuf_16)
     2    0.019357    0.041291    0.128136    0.164887 ^ clkbuf_0_clk/X (sky130_fd_sc_hd__clkbuf_16)
                                                         clknet_0_clk (net)
                      0.041298    0.000970    0.165857 ^ clkbuf_1_1__f_clk/A (sky130_fd_sc_hd__clkbuf_16)
     3    0.009330    0.032773    0.113790    0.279647 ^ clkbuf_1_1__f_clk/X (sky130_fd_sc_hd__clkbuf_16)
                                                         clknet_1_1__leaf_clk (net)
                      0.032775    0.000530    0.280177 ^ _272_/CLK (sky130_fd_sc_hd__dfstp_1)
     1    0.003503    0.049615    0.492968    0.773145 ^ _272_/Q (sky130_fd_sc_hd__dfstp_1)
                                                         i2c_clk (net)
                      0.049615    0.000225    0.773370 ^ fanout38/A (sky130_fd_sc_hd__clkbuf_2)
     7    0.030699    0.170585    0.193674    0.967045 ^ fanout38/X (sky130_fd_sc_hd__clkbuf_2)
                                                         net38 (net)
                      0.170621    0.002066    0.969111 ^ fanout34/A (sky130_fd_sc_hd__buf_2)
    10    0.033839    0.168309    0.237152    1.206263 ^ fanout34/X (sky130_fd_sc_hd__buf_2)
                                                         net34 (net)
                      0.168334    0.002077    1.208340 ^ _138_/A (sky130_fd_sc_hd__inv_2)
     2    0.010531    0.052698    0.068342    1.276682 v _138_/Y (sky130_fd_sc_hd__inv_2)
                                                         _025_ (net)
                      0.052701    0.000451    1.277133 v _187_/A (sky130_fd_sc_hd__nand2_4)
     1    0.035025    0.116943    0.111623    1.388756 ^ _187_/Y (sky130_fd_sc_hd__nand2_4)
                                                         i2c_scl (net)
     0    0.035025    0.116989    0.001863    1.390618 ^ i2c_scl (inout)
                                                         i2c_scl (net)
                                              1.390618   data arrival time

                                 20.000000   20.000000   clock clk (rise edge)
                                  0.000000   20.000000   clock network delay (propagated)
                                 -0.250000   19.750002   clock uncertainty
                                  0.000000   19.750002   clock reconvergence pessimism
                                 -4.000000   15.750001   output external delay
                                             15.750001   data required time
---------------------------------------------------------------------------------------------
                                             15.750001   data required time
                                             -1.390618   data arrival time
---------------------------------------------------------------------------------------------
                                             14.359383   slack (MET)


Startpoint: rst (input port clocked by clk)
Endpoint: _272_ (recovery check against rising-edge clock clk)
Path Group: asynchronous
Path Type: max

Fanout         Cap        Slew       Delay        Time   Description
---------------------------------------------------------------------------------------------
                                  0.000000    0.000000   clock clk (rise edge)
                                  0.000000    0.000000   clock network delay (propagated)
                                  4.000000    4.000000 v input external delay
     1    0.002689    0.008360    0.004285    4.004285 v rst (in)
                                                         rst (net)
                      0.008366    0.000000    4.004285 v input17/A (sky130_fd_sc_hd__buf_1)
     2    0.014502    0.089603    0.123245    4.127530 v input17/X (sky130_fd_sc_hd__buf_1)
                                                         net17 (net)
                      0.089608    0.000751    4.128282 v fanout40/A (sky130_fd_sc_hd__clkbuf_4)
    10    0.049903    0.108483    0.224448    4.352729 v fanout40/X (sky130_fd_sc_hd__clkbuf_4)
                                                         net40 (net)
                      0.108715    0.004372    4.357101 v _256_/A (sky130_fd_sc_hd__inv_2)
     1    0.004197    0.040436    0.068952    4.426053 ^ _256_/Y (sky130_fd_sc_hd__inv_2)
                                                         _013_ (net)
                      0.040436    0.000221    4.426274 ^ _272_/SET_B (sky130_fd_sc_hd__dfstp_1)
                                              4.426274   data arrival time

                                 20.000000   20.000000   clock clk (rise edge)
                                  0.000000   20.000000   clock source latency
     1    0.010789    0.054984    0.036751   20.036751 ^ clk (in)
                                                         clk (net)
                      0.054993    0.000000   20.036751 ^ clkbuf_0_clk/A (sky130_fd_sc_hd__clkbuf_16)
     2    0.019357    0.041291    0.128136   20.164886 ^ clkbuf_0_clk/X (sky130_fd_sc_hd__clkbuf_16)
                                                         clknet_0_clk (net)
                      0.041298    0.000970   20.165857 ^ clkbuf_1_1__f_clk/A (sky130_fd_sc_hd__clkbuf_16)
     3    0.009330    0.032773    0.113790   20.279648 ^ clkbuf_1_1__f_clk/X (sky130_fd_sc_hd__clkbuf_16)
                                                         clknet_1_1__leaf_clk (net)
                      0.032775    0.000531   20.280178 ^ _272_/CLK (sky130_fd_sc_hd__dfstp_1)
                                 -0.250000   20.030178   clock uncertainty
                                  0.000000   20.030178   clock reconvergence pessimism
                                  0.134513   20.164692   library recovery time
                                             20.164692   data required time
---------------------------------------------------------------------------------------------
                                             20.164692   data required time
                                             -4.426274   data arrival time
---------------------------------------------------------------------------------------------
                                             15.738419   slack (MET)


Startpoint: rst (input port clocked by clk)
Endpoint: _316_ (recovery check against rising-edge clock clk)
Path Group: asynchronous
Path Type: max

Fanout         Cap        Slew       Delay        Time   Description
---------------------------------------------------------------------------------------------
                                  0.000000    0.000000   clock clk (rise edge)
                                  0.000000    0.000000   clock network delay (propagated)
                                  4.000000    4.000000 v input external delay
     1    0.002689    0.008360    0.004285    4.004285 v rst (in)
                                                         rst (net)
                      0.008366    0.000000    4.004285 v input17/A (sky130_fd_sc_hd__buf_1)
     2    0.014502    0.089603    0.123245    4.127530 v input17/X (sky130_fd_sc_hd__buf_1)
                                                         net17 (net)
                      0.089608    0.000751    4.128282 v fanout40/A (sky130_fd_sc_hd__clkbuf_4)
    10    0.049903    0.108483    0.224448    4.352729 v fanout40/X (sky130_fd_sc_hd__clkbuf_4)
                                                         net40 (net)
                      0.108652    0.003784    4.356514 v _271_/A (sky130_fd_sc_hd__inv_2)
     1    0.006450    0.047507    0.077472    4.433985 ^ _271_/Y (sky130_fd_sc_hd__inv_2)
                                                         _032_ (net)
                      0.047510    0.000384    4.434370 ^ _316_/RESET_B (sky130_fd_sc_hd__dfrtp_1)
                                              4.434370   data arrival time

                                 20.000000   20.000000   clock clk (rise edge)
                                  0.000000   20.000000   clock source latency
     1    0.010789    0.054984    0.036751   20.036751 ^ clk (in)
                                                         clk (net)
                      0.054993    0.000000   20.036751 ^ clkbuf_0_clk/A (sky130_fd_sc_hd__clkbuf_16)
     2    0.019357    0.041291    0.128136   20.164886 ^ clkbuf_0_clk/X (sky130_fd_sc_hd__clkbuf_16)
                                                         clknet_0_clk (net)
                      0.041299    0.001044   20.165932 ^ clkbuf_1_0__f_clk/A (sky130_fd_sc_hd__clkbuf_16)
     2    0.004913    0.028690    0.109047   20.274979 ^ clkbuf_1_0__f_clk/X (sky130_fd_sc_hd__clkbuf_16)
                                                         clknet_1_0__leaf_clk (net)
                      0.028691    0.000306   20.275284 ^ _316_/CLK (sky130_fd_sc_hd__dfrtp_1)
                                 -0.250000   20.025286   clock uncertainty
                                  0.000000   20.025286   clock reconvergence pessimism
                                  0.224681   20.249966   library recovery time
                                             20.249966   data required time
---------------------------------------------------------------------------------------------
                                             20.249966   data required time
                                             -4.434370   data arrival time
---------------------------------------------------------------------------------------------
                                             15.815597   slack (MET)


Startpoint: rst (input port clocked by clk)
Endpoint: _314_ (recovery check against rising-edge clock clk)
Path Group: asynchronous
Path Type: max

Fanout         Cap        Slew       Delay        Time   Description
---------------------------------------------------------------------------------------------
                                  0.000000    0.000000   clock clk (rise edge)
                                  0.000000    0.000000   clock network delay (propagated)
                                  4.000000    4.000000 v input external delay
     1    0.002689    0.008360    0.004285    4.004285 v rst (in)
                                                         rst (net)
                      0.008366    0.000000    4.004285 v input17/A (sky130_fd_sc_hd__buf_1)
     2    0.014502    0.089603    0.123245    4.127530 v input17/X (sky130_fd_sc_hd__buf_1)
                                                         net17 (net)
                      0.089608    0.000751    4.128282 v fanout40/A (sky130_fd_sc_hd__clkbuf_4)
    10    0.049903    0.108483    0.224448    4.352729 v fanout40/X (sky130_fd_sc_hd__clkbuf_4)
                                                         net40 (net)
                      0.108699    0.004231    4.356961 v _269_/A (sky130_fd_sc_hd__inv_2)
     1    0.005135    0.043480    0.072701    4.429661 ^ _269_/Y (sky130_fd_sc_hd__inv_2)
                                                         _030_ (net)
                      0.043481    0.000289    4.429950 ^ _314_/RESET_B (sky130_fd_sc_hd__dfrtp_1)
                                              4.429950   data arrival time

                                 20.000000   20.000000   clock clk (rise edge)
                                  0.000000   20.000000   clock source latency
     1    0.010789    0.054984    0.036751   20.036751 ^ clk (in)
                                                         clk (net)
                      0.054993    0.000000   20.036751 ^ clkbuf_0_clk/A (sky130_fd_sc_hd__clkbuf_16)
     2    0.019357    0.041291    0.128136   20.164886 ^ clkbuf_0_clk/X (sky130_fd_sc_hd__clkbuf_16)
                                                         clknet_0_clk (net)
                      0.041299    0.001044   20.165932 ^ clkbuf_1_0__f_clk/A (sky130_fd_sc_hd__clkbuf_16)
     2    0.004913    0.028690    0.109047   20.274979 ^ clkbuf_1_0__f_clk/X (sky130_fd_sc_hd__clkbuf_16)
                                                         clknet_1_0__leaf_clk (net)
                      0.028691    0.000265   20.275244 ^ _314_/CLK (sky130_fd_sc_hd__dfrtp_1)
                                 -0.250000   20.025244   clock uncertainty
                                  0.000000   20.025244   clock reconvergence pessimism
                                  0.225727   20.250971   library recovery time
                                             20.250971   data required time
---------------------------------------------------------------------------------------------
                                             20.250971   data required time
                                             -4.429950   data arrival time
---------------------------------------------------------------------------------------------
                                             15.821021   slack (MET)


Startpoint: rst (input port clocked by clk)
Endpoint: _315_ (recovery check against rising-edge clock clk)
Path Group: asynchronous
Path Type: max

Fanout         Cap        Slew       Delay        Time   Description
---------------------------------------------------------------------------------------------
                                  0.000000    0.000000   clock clk (rise edge)
                                  0.000000    0.000000   clock network delay (propagated)
                                  4.000000    4.000000 v input external delay
     1    0.002689    0.008360    0.004285    4.004285 v rst (in)
                                                         rst (net)
                      0.008366    0.000000    4.004285 v input17/A (sky130_fd_sc_hd__buf_1)
     2    0.014502    0.089603    0.123245    4.127530 v input17/X (sky130_fd_sc_hd__buf_1)
                                                         net17 (net)
                      0.089608    0.000751    4.128282 v fanout40/A (sky130_fd_sc_hd__clkbuf_4)
    10    0.049903    0.108483    0.224448    4.352729 v fanout40/X (sky130_fd_sc_hd__clkbuf_4)
                                                         net40 (net)
                      0.108714    0.004362    4.357092 v _270_/A (sky130_fd_sc_hd__inv_2)
     1    0.004657    0.042046    0.070962    4.428053 ^ _270_/Y (sky130_fd_sc_hd__inv_2)
                                                         _031_ (net)
                      0.042047    0.000254    4.428307 ^ _315_/RESET_B (sky130_fd_sc_hd__dfrtp_1)
                                              4.428307   data arrival time

                                 20.000000   20.000000   clock clk (rise edge)
                                  0.000000   20.000000   clock source latency
     1    0.010789    0.054984    0.036751   20.036751 ^ clk (in)
                                                         clk (net)
                      0.054993    0.000000   20.036751 ^ clkbuf_0_clk/A (sky130_fd_sc_hd__clkbuf_16)
     2    0.019357    0.041291    0.128136   20.164886 ^ clkbuf_0_clk/X (sky130_fd_sc_hd__clkbuf_16)
                                                         clknet_0_clk (net)
                      0.041298    0.000970   20.165857 ^ clkbuf_1_1__f_clk/A (sky130_fd_sc_hd__clkbuf_16)
     3    0.009330    0.032773    0.113790   20.279648 ^ clkbuf_1_1__f_clk/X (sky130_fd_sc_hd__clkbuf_16)
                                                         clknet_1_1__leaf_clk (net)
                      0.032775    0.000535   20.280182 ^ _315_/CLK (sky130_fd_sc_hd__dfrtp_1)
                                 -0.250000   20.030182   clock uncertainty
                                  0.000000   20.030182   clock reconvergence pessimism
                                  0.227350   20.257534   library recovery time
                                             20.257534   data required time
---------------------------------------------------------------------------------------------
                                             20.257534   data required time
                                             -4.428307   data arrival time
---------------------------------------------------------------------------------------------
                                             15.829226   slack (MET)


Startpoint: _314_ (rising edge-triggered flip-flop clocked by clk)
Endpoint: _272_ (rising edge-triggered flip-flop clocked by clk)
Path Group: clk
Path Type: max

Fanout         Cap        Slew       Delay        Time   Description
---------------------------------------------------------------------------------------------
                                  0.000000    0.000000   clock clk (rise edge)
                                  0.000000    0.000000   clock source latency
     1    0.010789    0.054984    0.036750    0.036750 ^ clk (in)
                                                         clk (net)
                      0.054993    0.000000    0.036750 ^ clkbuf_0_clk/A (sky130_fd_sc_hd__clkbuf_16)
     2    0.019357    0.041291    0.128136    0.164887 ^ clkbuf_0_clk/X (sky130_fd_sc_hd__clkbuf_16)
                                                         clknet_0_clk (net)
                      0.041299    0.001045    0.165932 ^ clkbuf_1_0__f_clk/A (sky130_fd_sc_hd__clkbuf_16)
     2    0.004913    0.028690    0.109048    0.274979 ^ clkbuf_1_0__f_clk/X (sky130_fd_sc_hd__clkbuf_16)
                                                         clknet_1_0__leaf_clk (net)
                      0.028691    0.000263    0.275242 ^ _314_/CLK (sky130_fd_sc_hd__dfrtp_1)
     3    0.009042    0.092878    0.350840    0.626083 ^ _314_/Q (sky130_fd_sc_hd__dfrtp_1)
                                                         clk_counter[0] (net)
                      0.092878    0.000399    0.626482 ^ hold1/A (sky130_fd_sc_hd__dlygate4sd3_1)
     1    0.005180    0.073611    0.568098    1.194580 ^ hold1/X (sky130_fd_sc_hd__dlygate4sd3_1)
                                                         net41 (net)
                      0.073611    0.000397    1.194977 ^ _142_/A (sky130_fd_sc_hd__inv_2)
     3    0.010162    0.033471    0.048261    1.243238 v _142_/Y (sky130_fd_sc_hd__inv_2)
                                                         _000_ (net)
                      0.033496    0.000568    1.243806 v _174_/A (sky130_fd_sc_hd__or3_1)
     1    0.002221    0.060702    0.351851    1.595657 v _174_/X (sky130_fd_sc_hd__or3_1)
                                                         _097_ (net)
                      0.060702    0.000157    1.595814 v hold4/A (sky130_fd_sc_hd__dlygate4sd3_1)
     1    0.004805    0.062897    0.569293    2.165107 v hold4/X (sky130_fd_sc_hd__dlygate4sd3_1)
                                                         net44 (net)
                      0.062897    0.000227    2.165334 v _175_/B (sky130_fd_sc_hd__xnor2_1)
     1    0.004408    0.146149    0.157349    2.322683 ^ _175_/Y (sky130_fd_sc_hd__xnor2_1)
                                                         _033_ (net)
                      0.146149    0.000384    2.323068 ^ _272_/D (sky130_fd_sc_hd__dfstp_1)
                                              2.323068   data arrival time

                                 20.000000   20.000000   clock clk (rise edge)
                                  0.000000   20.000000   clock source latency
     1    0.010789    0.054984    0.036751   20.036751 ^ clk (in)
                                                         clk (net)
                      0.054993    0.000000   20.036751 ^ clkbuf_0_clk/A (sky130_fd_sc_hd__clkbuf_16)
     2    0.019357    0.041291    0.128136   20.164886 ^ clkbuf_0_clk/X (sky130_fd_sc_hd__clkbuf_16)
                                                         clknet_0_clk (net)
                      0.041298    0.000970   20.165857 ^ clkbuf_1_1__f_clk/A (sky130_fd_sc_hd__clkbuf_16)
     3    0.009330    0.032773    0.113790   20.279648 ^ clkbuf_1_1__f_clk/X (sky130_fd_sc_hd__clkbuf_16)
                                                         clknet_1_1__leaf_clk (net)
                      0.032775    0.000531   20.280178 ^ _272_/CLK (sky130_fd_sc_hd__dfstp_1)
                                 -0.250000   20.030178   clock uncertainty
                                  0.000000   20.030178   clock reconvergence pessimism
                                 -0.078127   19.952053   library setup time
                                             19.952053   data required time
---------------------------------------------------------------------------------------------
                                             19.952053   data required time
                                             -2.323068   data arrival time
---------------------------------------------------------------------------------------------
                                             17.628984   slack (MET)


Startpoint: _316_ (rising edge-triggered flip-flop clocked by clk)
Endpoint: _315_ (rising edge-triggered flip-flop clocked by clk)
Path Group: clk
Path Type: max

Fanout         Cap        Slew       Delay        Time   Description
---------------------------------------------------------------------------------------------
                                  0.000000    0.000000   clock clk (rise edge)
                                  0.000000    0.000000   clock source latency
     1    0.010789    0.054984    0.036750    0.036750 ^ clk (in)
                                                         clk (net)
                      0.054993    0.000000    0.036750 ^ clkbuf_0_clk/A (sky130_fd_sc_hd__clkbuf_16)
     2    0.019357    0.041291    0.128136    0.164887 ^ clkbuf_0_clk/X (sky130_fd_sc_hd__clkbuf_16)
                                                         clknet_0_clk (net)
                      0.041299    0.001045    0.165932 ^ clkbuf_1_0__f_clk/A (sky130_fd_sc_hd__clkbuf_16)
     2    0.004913    0.028690    0.109048    0.274979 ^ clkbuf_1_0__f_clk/X (sky130_fd_sc_hd__clkbuf_16)
                                                         clknet_1_0__leaf_clk (net)
                      0.028691    0.000305    0.275284 ^ _316_/CLK (sky130_fd_sc_hd__dfrtp_1)
     2    0.006759    0.057665    0.368873    0.644157 v _316_/Q (sky130_fd_sc_hd__dfrtp_1)
                                                         clk_counter[2] (net)
                      0.057737    0.000432    0.644589 v hold2/A (sky130_fd_sc_hd__dlygate4sd3_1)
     2    0.009629    0.084946    0.597830    1.242418 v hold2/X (sky130_fd_sc_hd__dlygate4sd3_1)
                                                         net42 (net)
                      0.084946    0.000388    1.242807 v _190_/A2 (sky130_fd_sc_hd__o211a_1)
     1    0.004513    0.046282    0.224481    1.467287 v _190_/X (sky130_fd_sc_hd__o211a_1)
                                                         _001_ (net)
                      0.046310    0.000272    1.467559 v _315_/D (sky130_fd_sc_hd__dfrtp_1)
                                              1.467559   data arrival time

                                 20.000000   20.000000   clock clk (rise edge)
                                  0.000000   20.000000   clock source latency
     1    0.010789    0.054984    0.036751   20.036751 ^ clk (in)
                                                         clk (net)
                      0.054993    0.000000   20.036751 ^ clkbuf_0_clk/A (sky130_fd_sc_hd__clkbuf_16)
     2    0.019357    0.041291    0.128136   20.164886 ^ clkbuf_0_clk/X (sky130_fd_sc_hd__clkbuf_16)
                                                         clknet_0_clk (net)
                      0.041298    0.000970   20.165857 ^ clkbuf_1_1__f_clk/A (sky130_fd_sc_hd__clkbuf_16)
     3    0.009330    0.032773    0.113790   20.279648 ^ clkbuf_1_1__f_clk/X (sky130_fd_sc_hd__clkbuf_16)
                                                         clknet_1_1__leaf_clk (net)
                      0.032775    0.000535   20.280182 ^ _315_/CLK (sky130_fd_sc_hd__dfrtp_1)
                                 -0.250000   20.030182   clock uncertainty
                                  0.000000   20.030182   clock reconvergence pessimism
                                 -0.117643   19.912540   library setup time
                                             19.912540   data required time
---------------------------------------------------------------------------------------------
                                             19.912540   data required time
                                             -1.467559   data arrival time
---------------------------------------------------------------------------------------------
                                             18.444981   slack (MET)


Startpoint: _316_ (rising edge-triggered flip-flop clocked by clk)
Endpoint: _316_ (rising edge-triggered flip-flop clocked by clk)
Path Group: clk
Path Type: max

Fanout         Cap        Slew       Delay        Time   Description
---------------------------------------------------------------------------------------------
                                  0.000000    0.000000   clock clk (rise edge)
                                  0.000000    0.000000   clock source latency
     1    0.010789    0.054984    0.036750    0.036750 ^ clk (in)
                                                         clk (net)
                      0.054993    0.000000    0.036750 ^ clkbuf_0_clk/A (sky130_fd_sc_hd__clkbuf_16)
     2    0.019357    0.041291    0.128136    0.164887 ^ clkbuf_0_clk/X (sky130_fd_sc_hd__clkbuf_16)
                                                         clknet_0_clk (net)
                      0.041299    0.001045    0.165932 ^ clkbuf_1_0__f_clk/A (sky130_fd_sc_hd__clkbuf_16)
     2    0.004913    0.028690    0.109048    0.274979 ^ clkbuf_1_0__f_clk/X (sky130_fd_sc_hd__clkbuf_16)
                                                         clknet_1_0__leaf_clk (net)
                      0.028691    0.000305    0.275284 ^ _316_/CLK (sky130_fd_sc_hd__dfrtp_1)
     2    0.006759    0.057665    0.368873    0.644157 v _316_/Q (sky130_fd_sc_hd__dfrtp_1)
                                                         clk_counter[2] (net)
                      0.057737    0.000432    0.644589 v hold2/A (sky130_fd_sc_hd__dlygate4sd3_1)
     2    0.009629    0.084946    0.597830    1.242418 v hold2/X (sky130_fd_sc_hd__dlygate4sd3_1)
                                                         net42 (net)
                      0.084946    0.000342    1.242761 v _191_/A (sky130_fd_sc_hd__xnor2_1)
     1    0.002644    0.045757    0.136189    1.378950 v _191_/Y (sky130_fd_sc_hd__xnor2_1)
                                                         _002_ (net)
                      0.045757    0.000177    1.379127 v _316_/D (sky130_fd_sc_hd__dfrtp_1)
                                              1.379127   data arrival time

                                 20.000000   20.000000   clock clk (rise edge)
                                  0.000000   20.000000   clock source latency
     1    0.010789    0.054984    0.036751   20.036751 ^ clk (in)
                                                         clk (net)
                      0.054993    0.000000   20.036751 ^ clkbuf_0_clk/A (sky130_fd_sc_hd__clkbuf_16)
     2    0.019357    0.041291    0.128136   20.164886 ^ clkbuf_0_clk/X (sky130_fd_sc_hd__clkbuf_16)
                                                         clknet_0_clk (net)
                      0.041299    0.001044   20.165932 ^ clkbuf_1_0__f_clk/A (sky130_fd_sc_hd__clkbuf_16)
     2    0.004913    0.028690    0.109047   20.274979 ^ clkbuf_1_0__f_clk/X (sky130_fd_sc_hd__clkbuf_16)
                                                         clknet_1_0__leaf_clk (net)
                      0.028691    0.000306   20.275284 ^ _316_/CLK (sky130_fd_sc_hd__dfrtp_1)
                                 -0.250000   20.025286   clock uncertainty
                                  0.000000   20.025286   clock reconvergence pessimism
                                 -0.118336   19.906950   library setup time
                                             19.906950   data required time
---------------------------------------------------------------------------------------------
                                             19.906950   data required time
                                             -1.379127   data arrival time
---------------------------------------------------------------------------------------------
                                             18.527822   slack (MET)


Startpoint: _314_ (rising edge-triggered flip-flop clocked by clk)
Endpoint: _314_ (rising edge-triggered flip-flop clocked by clk)
Path Group: clk
Path Type: max

Fanout         Cap        Slew       Delay        Time   Description
---------------------------------------------------------------------------------------------
                                  0.000000    0.000000   clock clk (rise edge)
                                  0.000000    0.000000   clock source latency
     1    0.010789    0.054984    0.036750    0.036750 ^ clk (in)
                                                         clk (net)
                      0.054993    0.000000    0.036750 ^ clkbuf_0_clk/A (sky130_fd_sc_hd__clkbuf_16)
     2    0.019357    0.041291    0.128136    0.164887 ^ clkbuf_0_clk/X (sky130_fd_sc_hd__clkbuf_16)
                                                         clknet_0_clk (net)
                      0.041299    0.001045    0.165932 ^ clkbuf_1_0__f_clk/A (sky130_fd_sc_hd__clkbuf_16)
     2    0.004913    0.028690    0.109048    0.274979 ^ clkbuf_1_0__f_clk/X (sky130_fd_sc_hd__clkbuf_16)
                                                         clknet_1_0__leaf_clk (net)
                      0.028691    0.000263    0.275242 ^ _314_/CLK (sky130_fd_sc_hd__dfrtp_1)
     3    0.008612    0.066258    0.378877    0.654119 v _314_/Q (sky130_fd_sc_hd__dfrtp_1)
                                                         clk_counter[0] (net)
                      0.066259    0.000374    0.654493 v hold1/A (sky130_fd_sc_hd__dlygate4sd3_1)
     1    0.004814    0.062983    0.571805    1.226297 v hold1/X (sky130_fd_sc_hd__dlygate4sd3_1)
                                                         net41 (net)
                      0.062983    0.000368    1.226666 v _142_/A (sky130_fd_sc_hd__inv_2)
     3    0.010652    0.055953    0.072931    1.299597 ^ _142_/Y (sky130_fd_sc_hd__inv_2)
                                                         _000_ (net)
                      0.055982    0.000578    1.300175 ^ _314_/D (sky130_fd_sc_hd__dfrtp_1)
                                              1.300175   data arrival time

                                 20.000000   20.000000   clock clk (rise edge)
                                  0.000000   20.000000   clock source latency
     1    0.010789    0.054984    0.036751   20.036751 ^ clk (in)
                                                         clk (net)
                      0.054993    0.000000   20.036751 ^ clkbuf_0_clk/A (sky130_fd_sc_hd__clkbuf_16)
     2    0.019357    0.041291    0.128136   20.164886 ^ clkbuf_0_clk/X (sky130_fd_sc_hd__clkbuf_16)
                                                         clknet_0_clk (net)
                      0.041299    0.001044   20.165932 ^ clkbuf_1_0__f_clk/A (sky130_fd_sc_hd__clkbuf_16)
     2    0.004913    0.028690    0.109047   20.274979 ^ clkbuf_1_0__f_clk/X (sky130_fd_sc_hd__clkbuf_16)
                                                         clknet_1_0__leaf_clk (net)
                      0.028691    0.000265   20.275244 ^ _314_/CLK (sky130_fd_sc_hd__dfrtp_1)
                                 -0.250000   20.025244   clock uncertainty
                                  0.000000   20.025244   clock reconvergence pessimism
                                 -0.064823   19.960421   library setup time
                                             19.960421   data required time
---------------------------------------------------------------------------------------------
                                             19.960421   data required time
                                             -1.300175   data arrival time
---------------------------------------------------------------------------------------------
                                             18.660246   slack (MET)



%OL_END_REPORT
%OL_CREATE_REPORT checks.rpt

===========================================================================
report_checks -unconstrained
===========================================================================
======================= max_tt_025C_1v80 Corner ===================================

Startpoint: rst (input port clocked by clk)
Endpoint: _272_ (recovery check against rising-edge clock clk)
Path Group: asynchronous
Path Type: max

Fanout         Cap        Slew       Delay        Time   Description
---------------------------------------------------------------------------------------------
                                  0.000000    0.000000   clock clk (rise edge)
                                  0.000000    0.000000   clock network delay (propagated)
                                  4.000000    4.000000 v input external delay
     1    0.002689    0.008360    0.004285    4.004285 v rst (in)
                                                         rst (net)
                      0.008366    0.000000    4.004285 v input17/A (sky130_fd_sc_hd__buf_1)
     2    0.014502    0.089603    0.123245    4.127530 v input17/X (sky130_fd_sc_hd__buf_1)
                                                         net17 (net)
                      0.089608    0.000751    4.128282 v fanout40/A (sky130_fd_sc_hd__clkbuf_4)
    10    0.049903    0.108483    0.224448    4.352729 v fanout40/X (sky130_fd_sc_hd__clkbuf_4)
                                                         net40 (net)
                      0.108715    0.004372    4.357101 v _256_/A (sky130_fd_sc_hd__inv_2)
     1    0.004197    0.040436    0.068952    4.426053 ^ _256_/Y (sky130_fd_sc_hd__inv_2)
                                                         _013_ (net)
                      0.040436    0.000221    4.426274 ^ _272_/SET_B (sky130_fd_sc_hd__dfstp_1)
                                              4.426274   data arrival time

                                 20.000000   20.000000   clock clk (rise edge)
                                  0.000000   20.000000   clock source latency
     1    0.010789    0.054984    0.036751   20.036751 ^ clk (in)
                                                         clk (net)
                      0.054993    0.000000   20.036751 ^ clkbuf_0_clk/A (sky130_fd_sc_hd__clkbuf_16)
     2    0.019357    0.041291    0.128136   20.164886 ^ clkbuf_0_clk/X (sky130_fd_sc_hd__clkbuf_16)
                                                         clknet_0_clk (net)
                      0.041298    0.000970   20.165857 ^ clkbuf_1_1__f_clk/A (sky130_fd_sc_hd__clkbuf_16)
     3    0.009330    0.032773    0.113790   20.279648 ^ clkbuf_1_1__f_clk/X (sky130_fd_sc_hd__clkbuf_16)
                                                         clknet_1_1__leaf_clk (net)
                      0.032775    0.000531   20.280178 ^ _272_/CLK (sky130_fd_sc_hd__dfstp_1)
                                 -0.250000   20.030178   clock uncertainty
                                  0.000000   20.030178   clock reconvergence pessimism
                                  0.134513   20.164692   library recovery time
                                             20.164692   data required time
---------------------------------------------------------------------------------------------
                                             20.164692   data required time
                                             -4.426274   data arrival time
---------------------------------------------------------------------------------------------
                                             15.738419   slack (MET)


Startpoint: rst (input port clocked by clk)
Endpoint: ready (output port clocked by clk)
Path Group: clk
Path Type: max

Fanout         Cap        Slew       Delay        Time   Description
---------------------------------------------------------------------------------------------
                                  0.000000    0.000000   clock clk (rise edge)
                                  0.000000    0.000000   clock network delay (propagated)
                                  4.000000    4.000000 ^ input external delay
     1    0.002865    0.020010    0.010589    4.010589 ^ rst (in)
                                                         rst (net)
                      0.020010    0.000000    4.010589 ^ input17/A (sky130_fd_sc_hd__buf_1)
     2    0.015112    0.182793    0.168719    4.179308 ^ input17/X (sky130_fd_sc_hd__buf_1)
                                                         net17 (net)
                      0.182798    0.000790    4.180099 ^ fanout40/A (sky130_fd_sc_hd__clkbuf_4)
    10    0.052994    0.163575    0.270904    4.451003 ^ fanout40/X (sky130_fd_sc_hd__clkbuf_4)
                                                         net40 (net)
                      0.163619    0.002629    4.453632 ^ _186_/A (sky130_fd_sc_hd__nor2_1)
     1    0.002210    0.043222    0.064422    4.518054 v _186_/Y (sky130_fd_sc_hd__nor2_1)
                                                         net27 (net)
                      0.043223    0.000158    4.518212 v output27/A (sky130_fd_sc_hd__buf_2)
     1    0.034202    0.089812    0.178384    4.696596 v output27/X (sky130_fd_sc_hd__buf_2)
                                                         ready (net)
                      0.089850    0.001701    4.698298 v ready (out)
                                              4.698298   data arrival time

                                 20.000000   20.000000   clock clk (rise edge)
                                  0.000000   20.000000   clock network delay (propagated)
                                 -0.250000   19.750002   clock uncertainty
                                  0.000000   19.750002   clock reconvergence pessimism
                                 -4.000000   15.750001   output external delay
                                             15.750001   data required time
---------------------------------------------------------------------------------------------
                                             15.750001   data required time
                                             -4.698298   data arrival time
---------------------------------------------------------------------------------------------
                                             11.051703   slack (MET)




===========================================================================
report_checks --slack_max -0.01
============================================================================
======================= max_tt_025C_1v80 Corner ===================================

No paths found.


===========================================================================
 report_check_types -max_slew -max_cap -max_fanout -violators
============================================================================
======================= max_tt_025C_1v80 Corner ===================================



===========================================================================
report_parasitic_annotation -report_unannotated
============================================================================
Found 1 unannotated drivers.
 clkload0/X
Found 0 partially unannotated drivers.

===========================================================================
max slew violation count 0
%OL_METRIC_I design__max_slew_violation__count__corner:max_tt_025C_1v80 0
max fanout violation count 0
%OL_METRIC_I design__max_fanout_violation__count__corner:max_tt_025C_1v80 0
max cap violation count 0
%OL_METRIC_I design__max_cap_violation__count__corner:max_tt_025C_1v80 0
============================================================================

===========================================================================
check_setup -verbose -unconstrained_endpoints -multiple_clock -no_clock -no_input_delay -loops -generated_clocks
===========================================================================
Warning: There are 41 unclocked register/latch pins.
  _273_/CLK
  _274_/CLK
  _275_/CLK
  _276_/CLK
  _277_/CLK
  _278_/CLK
  _279_/CLK
  _280_/CLK
  _281_/CLK
  _282_/CLK
  _283_/CLK
  _284_/CLK
  _285_/CLK
  _286_/CLK
  _287_/CLK
  _288_/CLK
  _289_/CLK
  _290_/CLK
  _291_/CLK
  _292_/CLK
  _293_/CLK
  _294_/CLK
  _295_/CLK
  _296_/CLK
  _297_/CLK
  _298_/CLK
  _299_/CLK
  _300_/CLK
  _301_/CLK
  _302_/CLK
  _303_/CLK
  _304_/CLK
  _305_/CLK
  _306_/CLK
  _307_/CLK
  _308_/CLK
  _309_/CLK
  _310_/CLK
  _311_/CLK
  _312_/CLK
  _313_/CLK
Warning: There are 50 unconstrained endpoints.
  data_out[0]
  data_out[1]
  data_out[2]
  data_out[3]
  data_out[4]
  data_out[5]
  data_out[6]
  data_out[7]
  i2c_sda
  _273_/D
  _274_/D
  _275_/D
  _276_/D
  _277_/D
  _278_/D
  _279_/D
  _280_/D
  _281_/D
  _282_/D
  _283_/D
  _284_/D
  _285_/D
  _286_/D
  _287_/D
  _288_/D
  _289_/D
  _290_/D
  _291_/D
  _292_/D
  _293_/D
  _294_/D
  _295_/D
  _296_/D
  _297_/D
  _298_/D
  _299_/D
  _300_/D
  _301_/D
  _302_/D
  _303_/D
  _304_/D
  _305_/D
  _306_/D
  _307_/D
  _308_/D
  _309_/D
  _310_/D
  _311_/D
  _312_/D
  _313_/D
%OL_END_REPORT
%OL_CREATE_REPORT power.rpt

===========================================================================
 report_power
============================================================================
======================= max_tt_025C_1v80 Corner ===================================

Group                    Internal    Switching      Leakage        Total
                            Power        Power        Power        Power (Watts)
------------------------------------------------------------------------
Sequential           1.602085e-05 2.456652e-05 4.428901e-10 4.058781e-05  35.9%
Combinational        2.264804e-05 1.692787e-05 6.224352e-10 3.957653e-05  35.0%
Clock                2.756875e-05 5.443217e-06 6.280185e-10 3.301259e-05  29.2%
Macro                0.000000e+00 0.000000e+00 0.000000e+00 0.000000e+00   0.0%
Pad                  0.000000e+00 0.000000e+00 0.000000e+00 0.000000e+00   0.0%
------------------------------------------------------------------------
Total                6.623764e-05 4.693759e-05 1.693345e-09 1.131769e-04 100.0%
                            58.5%        41.5%         0.0%
%OL_METRIC_F power__internal__total 6.623764056712389e-5
%OL_METRIC_F power__switching__total 4.693759183282964e-5
%OL_METRIC_F power__leakage__total 1.6933451307821201e-9
%OL_METRIC_F power__total 0.00011317693133605644

%OL_END_REPORT
%OL_CREATE_REPORT skew.min.rpt

===========================================================================
Clock Skew (Hold)
============================================================================
%OL_METRIC_F clock__skew__worst_hold__corner:max_tt_025C_1v80 -0.2549393546206762
======================= max_tt_025C_1v80 Corner ===================================

Clock clk
0.275242 source latency _314_/CLK ^
-0.280181 target latency _315_/CLK ^
-0.250000 clock uncertainty
0.000000 CRPR
--------------
-0.254939 hold skew

%OL_END_REPORT
%OL_CREATE_REPORT skew.max.rpt

===========================================================================
Clock Skew (Setup)
============================================================================
%OL_METRIC_F clock__skew__worst_setup__corner:max_tt_025C_1v80 0.2548977212560753
======================= max_tt_025C_1v80 Corner ===================================

Clock clk
0.280181 source latency _315_/CLK ^
-0.275284 target latency _316_/CLK ^
0.250000 clock uncertainty
0.000000 CRPR
--------------
0.254898 setup skew

%OL_END_REPORT
%OL_CREATE_REPORT ws.min.rpt

===========================================================================
Worst Slack (Hold)
============================================================================
%OL_METRIC_F timing__hold__ws__corner:max_tt_025C_1v80 0.36553161532236605
max_tt_025C_1v80: 0.36553161532236605
%OL_END_REPORT
%OL_CREATE_REPORT ws.max.rpt

===========================================================================
Worst Slack (Setup)
============================================================================
%OL_METRIC_F timing__setup__ws__corner:max_tt_025C_1v80 11.051703864875195
max_tt_025C_1v80: 11.051703864875195
%OL_END_REPORT
%OL_CREATE_REPORT tns.min.rpt

===========================================================================
Total Negative Slack (Hold)
============================================================================
%OL_METRIC_F timing__hold__tns__corner:max_tt_025C_1v80 0.0
max_tt_025C_1v80: 0.0
%OL_END_REPORT
%OL_CREATE_REPORT tns.max.rpt

===========================================================================
Total Negative Slack (Setup)
============================================================================
%OL_METRIC_F timing__setup__tns__corner:max_tt_025C_1v80 0.0
max_tt_025C_1v80: 0.0
%OL_END_REPORT
%OL_CREATE_REPORT wns.min.rpt

===========================================================================
Worst Negative Slack (Hold)
============================================================================
%OL_METRIC_F timing__hold__wns__corner:max_tt_025C_1v80 0
max_tt_025C_1v80: 0
%OL_END_REPORT
%OL_CREATE_REPORT wns.max.rpt

===========================================================================
Worst Negative Slack (Setup)
============================================================================
%OL_METRIC_F timing__setup__wns__corner:max_tt_025C_1v80 0.0
max_tt_025C_1v80: 0.0
%OL_END_REPORT
%OL_CREATE_REPORT violator_list.rpt

===========================================================================
Violator List
============================================================================
%OL_METRIC_I timing__hold_vio__count__corner:max_tt_025C_1v80 0
%OL_METRIC_F timing__hold_r2r__ws__corner:max_tt_025C_1v80 0.365532
%OL_METRIC_I timing__hold_r2r_vio__count__corner:max_tt_025C_1v80 0
%OL_METRIC_I timing__setup_vio__count__corner:max_tt_025C_1v80 0
%OL_METRIC_F timing__setup_r2r__ws__corner:max_tt_025C_1v80 17.628984
%OL_METRIC_I timing__setup_r2r_vio__count__corner:max_tt_025C_1v80 0
%OL_END_REPORT
%OL_CREATE_REPORT unpropagated.rpt
%OL_END_REPORT
%OL_CREATE_REPORT clock.rpt
Clock: clk
Sources: clk 
Generated: no
Virtual: yes
Propagated: no
Period: 20.000000

===========================================================================
report_clock_properties
============================================================================
Clock                   Period          Waveform
----------------------------------------------------
clk                  20.000000    0.000000 10.000000

===========================================================================
report_clock_latency
============================================================================
Clock clk
rise -> rise
    min     max
0.000000 0.000000 source latency
0.275242         network latency _314_/CLK
        1.218165 network latency _277_/CLK
---------------
0.275242 1.218165 latency
        0.942923 skew

rise -> fall
    min     max
0.000000 0.000000 source latency
0.794459         network latency _293_/CLK
        1.277043 network latency _295_/CLK
---------------
0.794459 1.277043 latency
        0.482584 skew

fall -> fall
    min     max
0.000000 0.000000 source latency
0.281085         network latency _314_/CLK
        0.285363 network latency _315_/CLK
---------------
0.281085 0.285363 latency
        0.004277 skew



===========================================================================
report_clock_min_period
============================================================================
clk period_min = 2.37 fmax = 421.76
%OL_END_REPORT
Writing SDF files for all corners…
Removing Clock latencies before writing libs…
Writing timing models for all corners…
Writing timing models for the max_tt_025C_1v80 corner to /home/davidsales/Documentos/Coding/Main_HDL/Synthesis/designs/i2c_master/runs/RUN_2026-02-24_21-34-25/54-openroad-stapostpnr/max_tt_025C_1v80/i2c_master_controller__max_tt_025C_1v80.lib…
